<?xml version="1.0" encoding="UTF-8"?>
<coverage generated="1717546684058" clover="3.2.0">
  <project timestamp="1717546684058" name="All files">
    <metrics statements="1116" coveredstatements="986" conditionals="918" coveredconditionals="678" methods="190" coveredmethods="162" elements="2224" coveredelements="1826" complexity="0" loc="1116" ncloc="1116" packages="6" files="35" classes="35"/>
    <package name="plugins.pokedex-data-plugin.dex">
      <metrics statements="588" coveredstatements="543" conditionals="451" coveredconditionals="342" methods="91" coveredmethods="85"/>
      <file name="ability.js" path="/home/aarcon/Desktop/Personal/Lumi/luminescent-team/plugins/pokedex-data-plugin/dex/ability.js">
        <metrics statements="22" coveredstatements="22" conditionals="35" coveredconditionals="29" methods="6" coveredmethods="6"/>
        <line num="1" count="4" type="stmt"/>
        <line num="2" count="4" type="stmt"/>
        <line num="5" count="2" type="cond" truecount="1" falsecount="1"/>
        <line num="6" count="2" type="cond" truecount="2" falsecount="0"/>
        <line num="7" count="2" type="cond" truecount="4" falsecount="0"/>
        <line num="8" count="1" type="stmt"/>
        <line num="12" count="2" type="cond" truecount="1" falsecount="1"/>
        <line num="13" count="2" type="cond" truecount="1" falsecount="1"/>
        <line num="15" count="270" type="stmt"/>
        <line num="17" count="2" type="cond" truecount="2" falsecount="0"/>
        <line num="18" count="1" type="stmt"/>
        <line num="22" count="26951" type="cond" truecount="2" falsecount="0"/>
        <line num="23" count="26951" type="cond" truecount="2" falsecount="0"/>
        <line num="24" count="26951" type="cond" truecount="4" falsecount="0"/>
        <line num="25" count="26950" type="stmt"/>
        <line num="29" count="2" type="cond" truecount="1" falsecount="1"/>
        <line num="30" count="2" type="stmt"/>
        <line num="31" count="2" type="cond" truecount="5" falsecount="0"/>
        <line num="32" count="1" type="stmt"/>
        <line num="33" count="2" type="stmt"/>
        <line num="36" count="1" type="stmt"/>
        <line num="39" count="4" type="stmt"/>
      </file>
      <file name="data.js" path="/home/aarcon/Desktop/Personal/Lumi/luminescent-team/plugins/pokedex-data-plugin/dex/data.js">
        <metrics statements="24" coveredstatements="24" conditionals="0" coveredconditionals="0" methods="0" coveredmethods="0"/>
        <line num="2" count="10" type="stmt"/>
        <line num="3" count="10" type="stmt"/>
        <line num="4" count="10" type="stmt"/>
        <line num="5" count="10" type="stmt"/>
        <line num="6" count="10" type="stmt"/>
        <line num="7" count="10" type="stmt"/>
        <line num="8" count="10" type="stmt"/>
        <line num="11" count="10" type="stmt"/>
        <line num="12" count="10" type="stmt"/>
        <line num="13" count="10" type="stmt"/>
        <line num="14" count="10" type="stmt"/>
        <line num="15" count="10" type="stmt"/>
        <line num="16" count="10" type="stmt"/>
        <line num="19" count="10" type="stmt"/>
        <line num="20" count="10" type="stmt"/>
        <line num="21" count="10" type="stmt"/>
        <line num="22" count="10" type="stmt"/>
        <line num="23" count="10" type="stmt"/>
        <line num="24" count="10" type="stmt"/>
        <line num="25" count="10" type="stmt"/>
        <line num="28" count="10" type="stmt"/>
        <line num="29" count="10" type="stmt"/>
        <line num="30" count="10" type="stmt"/>
        <line num="32" count="10" type="stmt"/>
      </file>
      <file name="data3.js" path="/home/aarcon/Desktop/Personal/Lumi/luminescent-team/plugins/pokedex-data-plugin/dex/data3.js">
        <metrics statements="24" coveredstatements="24" conditionals="0" coveredconditionals="0" methods="0" coveredmethods="0"/>
        <line num="2" count="8" type="stmt"/>
        <line num="3" count="8" type="stmt"/>
        <line num="4" count="8" type="stmt"/>
        <line num="5" count="8" type="stmt"/>
        <line num="6" count="8" type="stmt"/>
        <line num="7" count="8" type="stmt"/>
        <line num="8" count="8" type="stmt"/>
        <line num="11" count="8" type="stmt"/>
        <line num="12" count="8" type="stmt"/>
        <line num="13" count="8" type="stmt"/>
        <line num="14" count="8" type="stmt"/>
        <line num="15" count="8" type="stmt"/>
        <line num="16" count="8" type="stmt"/>
        <line num="19" count="8" type="stmt"/>
        <line num="20" count="8" type="stmt"/>
        <line num="21" count="8" type="stmt"/>
        <line num="22" count="8" type="stmt"/>
        <line num="23" count="8" type="stmt"/>
        <line num="24" count="8" type="stmt"/>
        <line num="25" count="8" type="stmt"/>
        <line num="28" count="8" type="stmt"/>
        <line num="29" count="8" type="stmt"/>
        <line num="30" count="8" type="stmt"/>
        <line num="32" count="8" type="stmt"/>
      </file>
      <file name="details.js" path="/home/aarcon/Desktop/Personal/Lumi/luminescent-team/plugins/pokedex-data-plugin/dex/details.js">
        <metrics statements="22" coveredstatements="22" conditionals="16" coveredconditionals="12" methods="2" coveredmethods="2"/>
        <line num="1" count="2" type="stmt"/>
        <line num="2" count="2" type="stmt"/>
        <line num="4" count="2" type="stmt"/>
        <line num="5" count="2" type="stmt"/>
        <line num="6" count="2" type="stmt"/>
        <line num="9" count="2" type="cond" truecount="1" falsecount="1"/>
        <line num="10" count="2" type="cond" truecount="2" falsecount="0"/>
        <line num="12" count="2" type="cond" truecount="2" falsecount="0"/>
        <line num="14" count="1" type="stmt"/>
        <line num="15" count="1" type="stmt"/>
        <line num="16" count="1" type="stmt"/>
        <line num="18" count="1" type="stmt"/>
        <line num="19" count="1" type="stmt"/>
        <line num="20" count="1" type="stmt"/>
        <line num="24" count="2" type="cond" truecount="1" falsecount="1"/>
        <line num="25" count="2" type="cond" truecount="2" falsecount="0"/>
        <line num="27" count="2" type="cond" truecount="2" falsecount="0"/>
        <line num="29" count="1" type="stmt"/>
        <line num="30" count="1" type="stmt"/>
        <line num="32" count="1" type="stmt"/>
        <line num="33" count="1" type="stmt"/>
        <line num="36" count="2" type="stmt"/>
      </file>
      <file name="egggroup.js" path="/home/aarcon/Desktop/Personal/Lumi/luminescent-team/plugins/pokedex-data-plugin/dex/egggroup.js">
        <metrics statements="30" coveredstatements="30" conditionals="30" coveredconditionals="27" methods="6" coveredmethods="6"/>
        <line num="1" count="4" type="stmt"/>
        <line num="2" count="4" type="stmt"/>
        <line num="4" count="4" type="stmt"/>
        <line num="23" count="4" type="stmt"/>
        <line num="24" count="5864" type="stmt"/>
        <line num="26" count="4" type="stmt"/>
        <line num="27" count="6116" type="stmt"/>
        <line num="30" count="4" type="stmt"/>
        <line num="33" count="8990" type="cond" truecount="2" falsecount="0"/>
        <line num="34" count="8990" type="cond" truecount="5" falsecount="0"/>
        <line num="35" count="2" type="stmt"/>
        <line num="37" count="8988" type="stmt"/>
        <line num="38" count="8988" type="stmt"/>
        <line num="39" count="8988" type="stmt"/>
        <line num="40" count="8988" type="cond" truecount="2" falsecount="0"/>
        <line num="44" count="11608" type="cond" truecount="5" falsecount="0"/>
        <line num="45" count="7" type="stmt"/>
        <line num="46" count="11601" type="stmt"/>
        <line num="51" count="11980" type="cond" truecount="2" falsecount="0"/>
        <line num="52" count="92" type="stmt"/>
        <line num="55" count="11980" type="cond" truecount="2" falsecount="0"/>
        <line num="56" count="32" type="stmt"/>
        <line num="59" count="11980" type="stmt"/>
        <line num="60" count="11980" type="stmt"/>
        <line num="61" count="11980" type="stmt"/>
        <line num="65" count="12" type="cond" truecount="5" falsecount="0"/>
        <line num="66" count="6" type="stmt"/>
        <line num="67" count="6" type="cond" truecount="2" falsecount="0"/>
        <line num="68" count="6" type="stmt"/>
        <line num="71" count="4" type="stmt"/>
      </file>
      <file name="evolution.js" path="/home/aarcon/Desktop/Personal/Lumi/luminescent-team/plugins/pokedex-data-plugin/dex/evolution.js">
        <metrics statements="71" coveredstatements="62" conditionals="42" coveredconditionals="27" methods="6" coveredmethods="4"/>
        <line num="1" count="3" type="stmt"/>
        <line num="2" count="3" type="stmt"/>
        <line num="3" count="3" type="stmt"/>
        <line num="4" count="3" type="stmt"/>
        <line num="5" count="3" type="stmt"/>
        <line num="8" count="916" type="cond" truecount="1" falsecount="1"/>
        <line num="9" count="0" type="stmt"/>
        <line num="11" count="916" type="cond" truecount="1" falsecount="1"/>
        <line num="12" count="0" type="stmt"/>
        <line num="14" count="916" type="stmt"/>
        <line num="15" count="916" type="stmt"/>
        <line num="16" count="916" type="stmt"/>
        <line num="17" count="916" type="cond" truecount="2" falsecount="0"/>
        <line num="18" count="577" type="stmt"/>
        <line num="19" count="577" type="stmt"/>
        <line num="21" count="339" type="stmt"/>
        <line num="22" count="339" type="stmt"/>
        <line num="24" count="0" type="stmt"/>
        <line num="27" count="339" type="cond" truecount="2" falsecount="0"/>
        <line num="28" count="38" type="stmt"/>
        <line num="29" count="38" type="cond" truecount="2" falsecount="0"/>
        <line num="30" count="4" type="stmt"/>
        <line num="36" count="38" type="cond" truecount="2" falsecount="0"/>
        <line num="37" count="3" type="stmt"/>
        <line num="42" count="35" type="cond" truecount="2" falsecount="0"/>
        <line num="43" count="31" type="stmt"/>
        <line num="49" count="4" type="stmt"/>
        <line num="56" count="301" type="stmt"/>
        <line num="59" count="916" type="stmt"/>
        <line num="63" count="22710" type="cond" truecount="3" falsecount="1"/>
        <line num="64" count="0" type="stmt"/>
        <line num="67" count="22710" type="cond" truecount="2" falsecount="0"/>
        <line num="69" count="22710" type="stmt"/>
        <line num="70" count="22710" type="cond" truecount="1" falsecount="1"/>
        <line num="71" count="0" type="stmt"/>
        <line num="74" count="22710" type="cond" truecount="2" falsecount="0"/>
        <line num="76" count="22710" type="stmt"/>
        <line num="78" count="22710" type="stmt"/>
        <line num="81" count="11567" type="stmt"/>
        <line num="83" count="22710" type="stmt"/>
        <line num="87" count="0" type="cond" truecount="0" falsecount="2"/>
        <line num="88" count="0" type="stmt"/>
        <line num="93" count="0" type="stmt"/>
        <line num="97" count="22710" type="cond" truecount="2" falsecount="0"/>
        <line num="98" count="22710" type="stmt"/>
        <line num="100" count="22710" type="cond" truecount="1" falsecount="1"/>
        <line num="101" count="0" type="stmt"/>
        <line num="104" count="22710" type="stmt"/>
        <line num="105" count="38418" type="stmt"/>
        <line num="106" count="38418" type="stmt"/>
        <line num="107" count="38418" type="stmt"/>
        <line num="108" count="38418" type="stmt"/>
        <line num="109" count="38418" type="stmt"/>
        <line num="110" count="38418" type="stmt"/>
        <line num="112" count="38418" type="stmt"/>
        <line num="113" count="71481" type="stmt"/>
        <line num="114" count="71481" type="stmt"/>
        <line num="115" count="71481" type="stmt"/>
        <line num="116" count="71481" type="stmt"/>
        <line num="117" count="71481" type="stmt"/>
        <line num="119" count="71481" type="stmt"/>
        <line num="120" count="71481" type="cond" truecount="2" falsecount="0"/>
        <line num="121" count="13146" type="stmt"/>
        <line num="122" count="13146" type="stmt"/>
        <line num="123" count="13146" type="stmt"/>
        <line num="124" count="13146" type="stmt"/>
        <line num="125" count="13146" type="stmt"/>
        <line num="128" count="38418" type="cond" truecount="2" falsecount="0"/>
        <line num="129" count="12413" type="stmt"/>
        <line num="138" count="10297" type="stmt"/>
        <line num="141" count="3" type="stmt"/>
      </file>
      <file name="evolutionConstants.js" path="/home/aarcon/Desktop/Personal/Lumi/luminescent-team/plugins/pokedex-data-plugin/dex/evolutionConstants.js">
        <metrics statements="8" coveredstatements="8" conditionals="0" coveredconditionals="0" methods="0" coveredmethods="0"/>
        <line num="1" count="3" type="stmt"/>
        <line num="2" count="3" type="stmt"/>
        <line num="3" count="3" type="stmt"/>
        <line num="4" count="3" type="stmt"/>
        <line num="5" count="3" type="stmt"/>
        <line num="7" count="3" type="stmt"/>
        <line num="9" count="3" type="stmt"/>
        <line num="372" count="3" type="stmt"/>
      </file>
      <file name="functions.js" path="/home/aarcon/Desktop/Personal/Lumi/luminescent-team/plugins/pokedex-data-plugin/dex/functions.js">
        <metrics statements="39" coveredstatements="39" conditionals="43" coveredconditionals="38" methods="14" coveredmethods="14"/>
        <line num="1" count="5" type="stmt"/>
        <line num="2" count="5" type="stmt"/>
        <line num="5" count="5" type="stmt"/>
        <line num="6" count="5" type="stmt"/>
        <line num="9" count="14977" type="cond" truecount="2" falsecount="0"/>
        <line num="10" count="10186" type="stmt"/>
        <line num="13" count="14977" type="stmt"/>
        <line num="14" count="14977" type="stmt"/>
        <line num="18" count="5" type="cond" truecount="2" falsecount="0"/>
        <line num="19" count="5" type="cond" truecount="2" falsecount="0"/>
        <line num="22" count="5" type="cond" truecount="0" falsecount="1"/>
        <line num="23" count="63711" type="cond" truecount="2" falsecount="0"/>
        <line num="24" count="1020180" type="stmt"/>
        <line num="27" count="5" type="cond" truecount="0" falsecount="1"/>
        <line num="28" count="8983" type="cond" truecount="2" falsecount="0"/>
        <line num="29" count="8983" type="stmt"/>
        <line num="33" count="4" type="cond" truecount="2" falsecount="0"/>
        <line num="34" count="3" type="cond" truecount="2" falsecount="0"/>
        <line num="35" count="2" type="cond" truecount="2" falsecount="0"/>
        <line num="36" count="1" type="stmt"/>
        <line num="40" count="63716" type="stmt"/>
        <line num="41" count="63716" type="stmt"/>
        <line num="42" count="63716" type="stmt"/>
        <line num="46" count="1" type="stmt"/>
        <line num="50" count="8999" type="cond" truecount="2" falsecount="0"/>
        <line num="51" count="8064" type="cond" truecount="2" falsecount="0"/>
        <line num="52" count="7257" type="cond" truecount="2" falsecount="0"/>
        <line num="53" count="5688" type="cond" truecount="2" falsecount="0"/>
        <line num="54" count="4176" type="cond" truecount="2" falsecount="0"/>
        <line num="55" count="2733" type="stmt"/>
        <line num="59" count="71485" type="cond" truecount="2" falsecount="0"/>
        <line num="60" count="71485" type="cond" truecount="2" falsecount="0"/>
        <line num="61" count="65144619" type="cond" truecount="2" falsecount="0"/>
        <line num="65" count="73" type="stmt"/>
        <line num="69" count="8983" type="cond" truecount="2" falsecount="0"/>
        <line num="70" count="8983" type="stmt"/>
        <line num="71" count="23005" type="stmt"/>
        <line num="72" count="8983" type="stmt"/>
        <line num="75" count="5" type="stmt"/>
      </file>
      <file name="info.js" path="/home/aarcon/Desktop/Personal/Lumi/luminescent-team/plugins/pokedex-data-plugin/dex/info.js">
        <metrics statements="14" coveredstatements="10" conditionals="5" coveredconditionals="0" methods="1" coveredmethods="0"/>
        <line num="1" count="1" type="stmt"/>
        <line num="2" count="1" type="stmt"/>
        <line num="3" count="1" type="stmt"/>
        <line num="4" count="1" type="stmt"/>
        <line num="5" count="1" type="stmt"/>
        <line num="6" count="1" type="stmt"/>
        <line num="7" count="1" type="stmt"/>
        <line num="9" count="1" type="stmt"/>
        <line num="10" count="1" type="stmt"/>
        <line num="13" count="0" type="cond" truecount="0" falsecount="2"/>
        <line num="14" count="0" type="stmt"/>
        <line num="15" count="0" type="stmt"/>
        <line num="17" count="0" type="stmt"/>
        <line num="47" count="1" type="stmt"/>
      </file>
      <file name="item.js" path="/home/aarcon/Desktop/Personal/Lumi/luminescent-team/plugins/pokedex-data-plugin/dex/item.js">
        <metrics statements="21" coveredstatements="17" conditionals="17" coveredconditionals="11" methods="6" coveredmethods="4"/>
        <line num="1" count="3" type="stmt"/>
        <line num="2" count="3" type="stmt"/>
        <line num="5" count="3" type="cond" truecount="2" falsecount="0"/>
        <line num="6" count="2" type="cond" truecount="1" falsecount="1"/>
        <line num="7" count="2" type="cond" truecount="1" falsecount="1"/>
        <line num="8" count="0" type="stmt"/>
        <line num="9" count="2072" type="stmt"/>
        <line num="10" count="2" type="cond" truecount="2" falsecount="0"/>
        <line num="11" count="1" type="stmt"/>
        <line num="15" count="27392" type="cond" truecount="2" falsecount="0"/>
        <line num="16" count="27392" type="cond" truecount="1" falsecount="1"/>
        <line num="17" count="0" type="stmt"/>
        <line num="19" count="27392" type="stmt"/>
        <line num="20" count="27392" type="stmt"/>
        <line num="21" count="27392" type="stmt"/>
        <line num="23" count="0" type="stmt"/>
        <line num="25" count="27392" type="stmt"/>
        <line num="29" count="1239" type="stmt"/>
        <line num="30" count="1239" type="stmt"/>
        <line num="34" count="0" type="stmt"/>
        <line num="36" count="3" type="stmt"/>
      </file>
      <file name="moves.js" path="/home/aarcon/Desktop/Personal/Lumi/luminescent-team/plugins/pokedex-data-plugin/dex/moves.js">
        <metrics statements="161" coveredstatements="151" conditionals="151" coveredconditionals="115" methods="26" coveredmethods="26"/>
        <line num="12" count="4" type="stmt"/>
        <line num="22" count="4" type="stmt"/>
        <line num="23" count="4" type="stmt"/>
        <line num="25" count="4" type="stmt"/>
        <line num="26" count="4" type="stmt"/>
        <line num="33" count="8" type="cond" truecount="5" falsecount="0"/>
        <line num="34" count="3" type="stmt"/>
        <line num="37" count="5" type="cond" truecount="4" falsecount="0"/>
        <line num="38" count="2" type="stmt"/>
        <line num="40" count="3" type="cond" truecount="1" falsecount="1"/>
        <line num="42" count="3" type="stmt"/>
        <line num="43" count="63" type="cond" truecount="2" falsecount="0"/>
        <line num="44" count="33" type="stmt"/>
        <line num="46" count="3" type="cond" truecount="1" falsecount="1"/>
        <line num="47" count="0" type="stmt"/>
        <line num="49" count="3" type="stmt"/>
        <line num="51" count="3" type="cond" truecount="4" falsecount="4"/>
        <line num="53" count="3" type="stmt"/>
        <line num="57" count="64" type="cond" truecount="4" falsecount="0"/>
        <line num="58" count="290" type="stmt"/>
        <line num="62" count="44" type="cond" truecount="1" falsecount="1"/>
        <line num="64" count="44" type="cond" truecount="2" falsecount="0"/>
        <line num="65" count="1" type="stmt"/>
        <line num="68" count="43" type="stmt"/>
        <line num="69" count="17764" type="stmt"/>
        <line num="70" count="17764" type="stmt"/>
        <line num="71" count="17764" type="stmt"/>
        <line num="72" count="17764" type="cond" truecount="4" falsecount="0"/>
        <line num="73" count="41" type="stmt"/>
        <line num="77" count="2" type="stmt"/>
        <line num="81" count="123708" type="cond" truecount="1" falsecount="1"/>
        <line num="82" count="123708" type="stmt"/>
        <line num="84" count="123708" type="stmt"/>
        <line num="85" count="5814525" type="cond" truecount="2" falsecount="0"/>
        <line num="86" count="123708" type="stmt"/>
        <line num="90" count="0" type="stmt"/>
        <line num="94" count="59" type="cond" truecount="2" falsecount="0"/>
        <line num="95" count="59" type="cond" truecount="2" falsecount="0"/>
        <line num="96" count="1" type="stmt"/>
        <line num="98" count="58" type="cond" truecount="2" falsecount="0"/>
        <line num="99" count="1" type="stmt"/>
        <line num="101" count="57" type="stmt"/>
        <line num="102" count="57" type="cond" truecount="1" falsecount="1"/>
        <line num="104" count="57" type="cond" truecount="1" falsecount="1"/>
        <line num="105" count="0" type="stmt"/>
        <line num="108" count="57" type="cond" truecount="1" falsecount="1"/>
        <line num="109" count="0" type="stmt"/>
        <line num="112" count="57" type="stmt"/>
        <line num="116" count="625031" type="cond" truecount="2" falsecount="0"/>
        <line num="117" count="625031" type="cond" truecount="2" falsecount="0"/>
        <line num="118" count="625031" type="stmt"/>
        <line num="119" count="625031" type="stmt"/>
        <line num="120" count="625031" type="stmt"/>
        <line num="121" count="625031" type="stmt"/>
        <line num="122" count="625031" type="stmt"/>
        <line num="123" count="625031" type="stmt"/>
        <line num="125" count="625031" type="cond" truecount="1" falsecount="1"/>
        <line num="126" count="625031" type="stmt"/>
        <line num="127" count="625031" type="stmt"/>
        <line num="129" count="625031" type="stmt"/>
        <line num="142" count="8986" type="cond" truecount="2" falsecount="0"/>
        <line num="143" count="8986" type="cond" truecount="2" falsecount="0"/>
        <line num="144" count="8986" type="cond" truecount="4" falsecount="0"/>
        <line num="145" count="8985" type="stmt"/>
        <line num="146" count="8985" type="stmt"/>
        <line num="147" count="6734991" type="cond" truecount="3" falsecount="1"/>
        <line num="148" count="20240" type="stmt"/>
        <line num="155" count="625031" type="cond" truecount="2" falsecount="0"/>
        <line num="156" count="625031" type="stmt"/>
        <line num="157" count="625031" type="stmt"/>
        <line num="158" count="1405462" type="stmt"/>
        <line num="160" count="625031" type="stmt"/>
        <line num="164" count="8981" type="cond" truecount="1" falsecount="1"/>
        <line num="165" count="0" type="stmt"/>
        <line num="167" count="8981" type="cond" truecount="2" falsecount="0"/>
        <line num="169" count="8981" type="cond" truecount="2" falsecount="0"/>
        <line num="170" count="4397" type="stmt"/>
        <line num="171" count="4397" type="stmt"/>
        <line num="173" count="4397" type="stmt"/>
        <line num="174" count="140704" type="stmt"/>
        <line num="176" count="4397" type="stmt"/>
        <line num="177" count="140704" type="stmt"/>
        <line num="179" count="4397" type="stmt"/>
        <line num="180" count="140704" type="stmt"/>
        <line num="182" count="4397" type="stmt"/>
        <line num="183" count="140704" type="stmt"/>
        <line num="186" count="4397" type="stmt"/>
        <line num="188" count="4584" type="cond" truecount="1" falsecount="1"/>
        <line num="190" count="4584" type="stmt"/>
        <line num="191" count="4584" type="stmt"/>
        <line num="192" count="4584" type="stmt"/>
        <line num="193" count="4584" type="stmt"/>
        <line num="195" count="4584" type="stmt"/>
        <line num="200" count="8986" type="cond" truecount="2" falsecount="0"/>
        <line num="201" count="5" type="stmt"/>
        <line num="203" count="8981" type="stmt"/>
        <line num="205" count="8981" type="cond" truecount="2" falsecount="0"/>
        <line num="206" count="4397" type="cond" truecount="1" falsecount="1"/>
        <line num="208" count="4397" type="stmt"/>
        <line num="209" count="4397" type="stmt"/>
        <line num="210" count="461685" type="stmt"/>
        <line num="212" count="461685" type="stmt"/>
        <line num="213" count="461685" type="stmt"/>
        <line num="215" count="461685" type="cond" truecount="2" falsecount="0"/>
        <line num="216" count="278673" type="stmt"/>
        <line num="220" count="4397" type="stmt"/>
        <line num="222" count="4584" type="cond" truecount="1" falsecount="1"/>
        <line num="223" count="0" type="stmt"/>
        <line num="226" count="123708" type="stmt"/>
        <line num="227" count="4584" type="stmt"/>
        <line num="232" count="4584" type="cond" truecount="1" falsecount="1"/>
        <line num="233" count="0" type="stmt"/>
        <line num="236" count="4584" type="stmt"/>
        <line num="238" count="4584" type="stmt"/>
        <line num="239" count="18336" type="cond" truecount="3" falsecount="1"/>
        <line num="240" count="0" type="stmt"/>
        <line num="243" count="18336" type="stmt"/>
        <line num="247" count="4584" type="stmt"/>
        <line num="248" count="0" type="stmt"/>
        <line num="251" count="4584" type="stmt"/>
        <line num="255" count="4584" type="stmt"/>
        <line num="257" count="4584" type="stmt"/>
        <line num="258" count="585192" type="stmt"/>
        <line num="260" count="585192" type="cond" truecount="2" falsecount="0"/>
        <line num="261" count="461316" type="stmt"/>
        <line num="264" count="123876" type="cond" truecount="2" falsecount="0"/>
        <line num="265" count="168" type="stmt"/>
        <line num="268" count="123708" type="stmt"/>
        <line num="269" count="123708" type="stmt"/>
        <line num="272" count="4584" type="stmt"/>
        <line num="276" count="18336" type="cond" truecount="3" falsecount="1"/>
        <line num="277" count="0" type="stmt"/>
        <line num="280" count="18336" type="stmt"/>
        <line num="281" count="18336" type="stmt"/>
        <line num="284" count="18336" type="stmt"/>
        <line num="285" count="186453" type="stmt"/>
        <line num="288" count="18336" type="stmt"/>
        <line num="292" count="8990" type="cond" truecount="2" falsecount="0"/>
        <line num="293" count="8990" type="cond" truecount="4" falsecount="0"/>
        <line num="294" count="8987" type="cond" truecount="1" falsecount="1"/>
        <line num="298" count="38" type="cond" truecount="2" falsecount="0"/>
        <line num="299" count="38" type="cond" truecount="3" falsecount="1"/>
        <line num="300" count="950" type="stmt"/>
        <line num="301" count="38" type="cond" truecount="2" falsecount="0"/>
        <line num="302" count="4" type="stmt"/>
        <line num="303" count="4" type="stmt"/>
        <line num="305" count="34" type="stmt"/>
        <line num="306" count="34" type="stmt"/>
        <line num="310" count="8983" type="stmt"/>
        <line num="312" count="8983" type="stmt"/>
        <line num="313" count="8983" type="stmt"/>
        <line num="314" count="159660" type="stmt"/>
        <line num="317" count="8983" type="stmt"/>
        <line num="321" count="8987" type="cond" truecount="2" falsecount="0"/>
        <line num="322" count="8987" type="cond" truecount="2" falsecount="0"/>
        <line num="323" count="8982" type="cond" truecount="2" falsecount="0"/>
        <line num="324" count="4184" type="cond" truecount="2" falsecount="0"/>
        <line num="325" count="3217" type="stmt"/>
        <line num="326" count="42746" type="stmt"/>
        <line num="331" count="3217" type="stmt"/>
        <line num="334" count="4" type="stmt"/>
      </file>
      <file name="name.js" path="/home/aarcon/Desktop/Personal/Lumi/luminescent-team/plugins/pokedex-data-plugin/dex/name.js">
        <metrics statements="92" coveredstatements="74" conditionals="99" coveredconditionals="74" methods="15" coveredmethods="14"/>
        <line num="1" count="5" type="stmt"/>
        <line num="2" count="5" type="stmt"/>
        <line num="3" count="5" type="stmt"/>
        <line num="4" count="5" type="stmt"/>
        <line num="6" count="5" type="stmt"/>
        <line num="7" count="7330" type="stmt"/>
        <line num="9" count="5" type="stmt"/>
        <line num="10" count="7645" type="stmt"/>
        <line num="14" count="14979" type="cond" truecount="2" falsecount="0"/>
        <line num="15" count="14979" type="cond" truecount="2" falsecount="0"/>
        <line num="17" count="14979" type="stmt"/>
        <line num="18" count="14979" type="stmt"/>
        <line num="19" count="14979" type="cond" truecount="2" falsecount="0"/>
        <line num="20" count="10189" type="stmt"/>
        <line num="21" count="10189" type="stmt"/>
        <line num="22" count="10189" type="cond" truecount="4" falsecount="0"/>
        <line num="23" count="10188" type="cond" truecount="2" falsecount="0"/>
        <line num="27" count="591" type="cond" truecount="2" falsecount="0"/>
        <line num="28" count="65" type="stmt"/>
        <line num="29" count="65" type="stmt"/>
        <line num="31" count="526" type="stmt"/>
        <line num="32" count="526" type="stmt"/>
        <line num="34" count="9597" type="stmt"/>
        <line num="35" count="9597" type="stmt"/>
        <line num="39" count="4791" type="stmt"/>
        <line num="40" count="4790" type="stmt"/>
        <line num="41" count="4790" type="stmt"/>
        <line num="43" count="4790" type="cond" truecount="4" falsecount="0"/>
        <line num="47" count="4790" type="stmt"/>
        <line num="48" count="4790" type="cond" truecount="4" falsecount="0"/>
        <line num="49" count="4740" type="cond" truecount="2" falsecount="0"/>
        <line num="50" count="2570" type="stmt"/>
        <line num="51" count="2570" type="stmt"/>
        <line num="53" count="2170" type="stmt"/>
        <line num="54" count="2170" type="stmt"/>
        <line num="57" count="50" type="stmt"/>
        <line num="58" count="50" type="stmt"/>
        <line num="60" count="1" type="stmt"/>
        <line num="65" count="2" type="cond" truecount="1" falsecount="1"/>
        <line num="69" count="61781" type="cond" truecount="2" falsecount="0"/>
        <line num="73" count="5" type="cond" truecount="1" falsecount="1"/>
        <line num="74" count="1507" type="stmt"/>
        <line num="75" count="5" type="cond" truecount="2" falsecount="0"/>
        <line num="79" count="64" type="cond" truecount="2" falsecount="0"/>
        <line num="80" count="37" type="cond" truecount="7" falsecount="0"/>
        <line num="82" count="6" type="stmt"/>
        <line num="84" count="6" type="stmt"/>
        <line num="86" count="6" type="stmt"/>
        <line num="88" count="6" type="stmt"/>
        <line num="90" count="6" type="stmt"/>
        <line num="92" count="6" type="stmt"/>
        <line num="94" count="1" type="stmt"/>
        <line num="97" count="27" type="cond" truecount="7" falsecount="0"/>
        <line num="99" count="1" type="stmt"/>
        <line num="101" count="6" type="stmt"/>
        <line num="103" count="1" type="stmt"/>
        <line num="105" count="6" type="stmt"/>
        <line num="107" count="6" type="stmt"/>
        <line num="109" count="6" type="stmt"/>
        <line num="111" count="1" type="stmt"/>
        <line num="117" count="7" type="cond" truecount="2" falsecount="0"/>
        <line num="118" count="5" type="cond" truecount="1" falsecount="1"/>
        <line num="119" count="2055" type="stmt"/>
        <line num="123" count="5" type="cond" truecount="4" falsecount="0"/>
        <line num="124" count="3" type="cond" truecount="2" falsecount="0"/>
        <line num="125" count="3" type="stmt"/>
        <line num="129" count="8995" type="cond" truecount="2" falsecount="0"/>
        <line num="130" count="30813" type="cond" truecount="2" falsecount="0"/>
        <line num="136" count="0" type="stmt"/>
        <line num="137" count="0" type="stmt"/>
        <line num="141" count="0" type="stmt"/>
        <line num="143" count="0" type="cond" truecount="0" falsecount="2"/>
        <line num="144" count="0" type="stmt"/>
        <line num="147" count="0" type="cond" truecount="0" falsecount="4"/>
        <line num="149" count="0" type="stmt"/>
        <line num="150" count="0" type="cond" truecount="0" falsecount="2"/>
        <line num="151" count="0" type="stmt"/>
        <line num="155" count="0" type="stmt"/>
        <line num="156" count="0" type="stmt"/>
        <line num="157" count="0" type="cond" truecount="0" falsecount="2"/>
        <line num="158" count="0" type="stmt"/>
        <line num="162" count="0" type="stmt"/>
        <line num="165" count="0" type="cond" truecount="0" falsecount="4"/>
        <line num="167" count="0" type="stmt"/>
        <line num="168" count="0" type="stmt"/>
        <line num="172" count="0" type="stmt"/>
        <line num="176" count="13774" type="cond" truecount="2" falsecount="0"/>
        <line num="177" count="13774" type="cond" truecount="2" falsecount="0"/>
        <line num="179" count="13774" type="stmt"/>
        <line num="180" count="13773" type="stmt"/>
        <line num="181" count="13773" type="stmt"/>
        <line num="184" count="5" type="stmt"/>
      </file>
      <file name="nameConstants.js" path="/home/aarcon/Desktop/Personal/Lumi/luminescent-team/plugins/pokedex-data-plugin/dex/nameConstants.js">
        <metrics statements="4" coveredstatements="4" conditionals="0" coveredconditionals="0" methods="0" coveredmethods="0"/>
        <line num="1" count="5" type="stmt"/>
        <line num="21" count="5" type="stmt"/>
        <line num="37" count="5" type="stmt"/>
        <line num="59" count="5" type="stmt"/>
      </file>
      <file name="nature.js" path="/home/aarcon/Desktop/Personal/Lumi/luminescent-team/plugins/pokedex-data-plugin/dex/nature.js">
        <metrics statements="7" coveredstatements="7" conditionals="5" coveredconditionals="4" methods="3" coveredmethods="3"/>
        <line num="1" count="1" type="stmt"/>
        <line num="4" count="3" type="cond" truecount="2" falsecount="0"/>
        <line num="5" count="26" type="stmt"/>
        <line num="6" count="2" type="cond" truecount="2" falsecount="0"/>
        <line num="7" count="1" type="stmt"/>
        <line num="11" count="1" type="stmt"/>
        <line num="14" count="1" type="stmt"/>
      </file>
      <file name="pokemon.js" path="/home/aarcon/Desktop/Personal/Lumi/luminescent-team/plugins/pokedex-data-plugin/dex/pokemon.js">
        <metrics statements="43" coveredstatements="43" conditionals="3" coveredconditionals="2" methods="4" coveredmethods="4"/>
        <line num="1" count="3" type="stmt"/>
        <line num="2" count="3" type="stmt"/>
        <line num="3" count="3" type="stmt"/>
        <line num="4" count="3" type="stmt"/>
        <line num="5" count="3" type="stmt"/>
        <line num="6" count="3" type="stmt"/>
        <line num="7" count="3" type="stmt"/>
        <line num="8" count="3" type="stmt"/>
        <line num="9" count="3" type="stmt"/>
        <line num="10" count="3" type="stmt"/>
        <line num="13" count="8983" type="cond" truecount="2" falsecount="0"/>
        <line num="14" count="8983" type="stmt"/>
        <line num="15" count="8983" type="stmt"/>
        <line num="16" count="8983" type="stmt"/>
        <line num="17" count="8983" type="stmt"/>
        <line num="18" count="8983" type="stmt"/>
        <line num="19" count="8983" type="stmt"/>
        <line num="20" count="8983" type="stmt"/>
        <line num="28" count="53898" type="stmt"/>
        <line num="29" count="8983" type="stmt"/>
        <line num="30" count="8983" type="stmt"/>
        <line num="31" count="8983" type="stmt"/>
        <line num="32" count="8983" type="stmt"/>
        <line num="33" count="8983" type="stmt"/>
        <line num="34" count="8983" type="stmt"/>
        <line num="35" count="8983" type="stmt"/>
        <line num="36" count="8983" type="stmt"/>
        <line num="37" count="8983" type="stmt"/>
        <line num="39" count="8983" type="stmt"/>
        <line num="40" count="8983" type="stmt"/>
        <line num="41" count="8983" type="stmt"/>
        <line num="43" count="8983" type="stmt"/>
        <line num="45" count="8983" type="stmt"/>
        <line num="51" count="11593" type="stmt"/>
        <line num="52" count="8983" type="stmt"/>
        <line num="53" count="52567" type="stmt"/>
        <line num="59" count="8983" type="stmt"/>
        <line num="60" count="8983" type="stmt"/>
        <line num="62" count="8983" type="stmt"/>
        <line num="63" count="8983" type="stmt"/>
        <line num="64" count="8983" type="stmt"/>
        <line num="66" count="8983" type="stmt"/>
        <line num="98" count="3" type="stmt"/>
      </file>
      <file name="types.js" path="/home/aarcon/Desktop/Personal/Lumi/luminescent-team/plugins/pokedex-data-plugin/dex/types.js">
        <metrics statements="6" coveredstatements="6" conditionals="5" coveredconditionals="3" methods="2" coveredmethods="2"/>
        <line num="1" count="4" type="stmt"/>
        <line num="4" count="17975" type="stmt"/>
        <line num="5" count="17975" type="cond" truecount="1" falsecount="1"/>
        <line num="6" count="17975" type="stmt"/>
        <line num="10" count="2" type="cond" truecount="2" falsecount="0"/>
        <line num="15" count="4" type="stmt"/>
      </file>
    </package>
    <package name="src.components.Pokedex">
      <metrics statements="13" coveredstatements="13" conditionals="18" coveredconditionals="18" methods="2" coveredmethods="2"/>
      <file name="PokemonAbilities.jsx" path="/home/aarcon/Desktop/Personal/Lumi/luminescent-team/src/components/Pokedex/PokemonAbilities.jsx">
        <metrics statements="13" coveredstatements="13" conditionals="18" coveredconditionals="18" methods="2" coveredmethods="2"/>
        <line num="5" count="1" type="stmt"/>
        <line num="6" count="5" type="cond" truecount="2" falsecount="0"/>
        <line num="7" count="5" type="cond" truecount="2" falsecount="0"/>
        <line num="8" count="5" type="cond" truecount="2" falsecount="0"/>
        <line num="10" count="5" type="cond" truecount="2" falsecount="0"/>
        <line num="11" count="1" type="stmt"/>
        <line num="18" count="4" type="cond" truecount="2" falsecount="0"/>
        <line num="19" count="1" type="stmt"/>
        <line num="27" count="3" type="cond" truecount="2" falsecount="0"/>
        <line num="28" count="2" type="stmt"/>
        <line num="36" count="1" type="stmt"/>
        <line num="45" count="1" type="stmt"/>
        <line num="46" count="10" type="stmt"/>
      </file>
    </package>
    <package name="src.components.Pokedex2">
      <metrics statements="19" coveredstatements="17" conditionals="18" coveredconditionals="18" methods="4" coveredmethods="2"/>
      <file name="PokemonAbilities.jsx" path="/home/aarcon/Desktop/Personal/Lumi/luminescent-team/src/components/Pokedex2/PokemonAbilities.jsx">
        <metrics statements="19" coveredstatements="17" conditionals="18" coveredconditionals="18" methods="4" coveredmethods="2"/>
        <line num="7" count="1" type="stmt"/>
        <line num="8" count="5" type="cond" truecount="2" falsecount="0"/>
        <line num="9" count="5" type="cond" truecount="2" falsecount="0"/>
        <line num="10" count="5" type="cond" truecount="2" falsecount="0"/>
        <line num="12" count="5" type="cond" truecount="2" falsecount="0"/>
        <line num="13" count="1" type="stmt"/>
        <line num="20" count="4" type="cond" truecount="2" falsecount="0"/>
        <line num="21" count="1" type="stmt"/>
        <line num="29" count="3" type="cond" truecount="2" falsecount="0"/>
        <line num="30" count="2" type="stmt"/>
        <line num="38" count="1" type="stmt"/>
        <line num="47" count="1" type="stmt"/>
        <line num="48" count="10" type="stmt"/>
        <line num="49" count="10" type="stmt"/>
        <line num="51" count="10" type="stmt"/>
        <line num="52" count="0" type="stmt"/>
        <line num="55" count="10" type="stmt"/>
        <line num="56" count="0" type="stmt"/>
        <line num="58" count="10" type="stmt"/>
      </file>
    </package>
    <package name="src.components.common">
      <metrics statements="16" coveredstatements="13" conditionals="10" coveredconditionals="4" methods="6" coveredmethods="4"/>
      <file name="GlobalState.jsx" path="/home/aarcon/Desktop/Personal/Lumi/luminescent-team/src/components/common/GlobalState.jsx">
        <metrics statements="16" coveredstatements="13" conditionals="10" coveredconditionals="4" methods="6" coveredmethods="4"/>
        <line num="3" count="1" type="stmt"/>
        <line num="5" count="1" type="stmt"/>
        <line num="6" count="5" type="stmt"/>
        <line num="8" count="5" type="cond" truecount="1" falsecount="1"/>
        <line num="9" count="5" type="cond" truecount="2" falsecount="0"/>
        <line num="12" count="5" type="stmt"/>
        <line num="14" count="5" type="stmt"/>
        <line num="17" count="5" type="stmt"/>
        <line num="18" count="0" type="cond" truecount="0" falsecount="4"/>
        <line num="19" count="0" type="stmt"/>
        <line num="26" count="5" type="stmt"/>
        <line num="33" count="1" type="stmt"/>
        <line num="34" count="10" type="stmt"/>
        <line num="35" count="10" type="cond" truecount="1" falsecount="1"/>
        <line num="36" count="0" type="stmt"/>
        <line num="38" count="10" type="stmt"/>
      </file>
    </package>
    <package name="src.core">
      <metrics statements="55" coveredstatements="54" conditionals="32" coveredconditionals="25" methods="11" coveredmethods="11"/>
      <file name="genderRatioConverter.js" path="/home/aarcon/Desktop/Personal/Lumi/luminescent-team/src/core/genderRatioConverter.js">
        <metrics statements="14" coveredstatements="13" conditionals="6" coveredconditionals="5" methods="1" coveredmethods="1"/>
        <line num="1" count="1" type="stmt"/>
        <line num="2" count="7" type="cond" truecount="2" falsecount="0"/>
        <line num="3" count="1" type="stmt"/>
        <line num="5" count="6" type="cond" truecount="2" falsecount="0"/>
        <line num="6" count="5" type="stmt"/>
        <line num="7" count="5" type="stmt"/>
        <line num="8" count="5" type="stmt"/>
        <line num="9" count="5" type="stmt"/>
        <line num="10" count="5" type="stmt"/>
        <line num="11" count="5" type="stmt"/>
        <line num="12" count="5" type="stmt"/>
        <line num="17" count="1" type="cond" truecount="1" falsecount="1"/>
        <line num="18" count="1" type="stmt"/>
        <line num="20" count="0" type="stmt"/>
      </file>
      <file name="pokemonFormSelector.js" path="/home/aarcon/Desktop/Personal/Lumi/luminescent-team/src/core/pokemonFormSelector.js">
        <metrics statements="22" coveredstatements="22" conditionals="16" coveredconditionals="14" methods="5" coveredmethods="5"/>
        <line num="4" count="1" type="stmt"/>
        <line num="6" count="1" type="stmt"/>
        <line num="7" count="1466" type="cond" truecount="2" falsecount="0"/>
        <line num="8" count="1011" type="stmt"/>
        <line num="11" count="1466" type="cond" truecount="2" falsecount="0"/>
        <line num="12" count="1466" type="cond" truecount="2" falsecount="0"/>
        <line num="13" count="1466" type="stmt"/>
        <line num="15" count="1466" type="stmt"/>
        <line num="18" count="1" type="stmt"/>
        <line num="19" count="1529" type="cond" truecount="2" falsecount="0"/>
        <line num="20" count="1026" type="stmt"/>
        <line num="23" count="1529" type="cond" truecount="2" falsecount="0"/>
        <line num="24" count="1529" type="cond" truecount="2" falsecount="0"/>
        <line num="25" count="1529" type="stmt"/>
        <line num="27" count="1529" type="stmt"/>
        <line num="30" count="1" type="cond" truecount="1" falsecount="0"/>
        <line num="31" count="6" type="cond" truecount="1" falsecount="1"/>
        <line num="32" count="32" type="stmt"/>
        <line num="35" count="1" type="cond" truecount="0" falsecount="1"/>
        <line num="36" count="7" type="stmt"/>
        <line num="37" count="7" type="stmt"/>
        <line num="38" count="7" type="stmt"/>
      </file>
      <file name="pokemonStatCalculation.js" path="/home/aarcon/Desktop/Personal/Lumi/luminescent-team/src/core/pokemonStatCalculation.js">
        <metrics statements="19" coveredstatements="19" conditionals="10" coveredconditionals="6" methods="5" coveredmethods="5"/>
        <line num="1" count="1" type="stmt"/>
        <line num="7" count="1" type="stmt"/>
        <line num="12" count="1" type="stmt"/>
        <line num="17" count="1" type="cond" truecount="0" falsecount="2"/>
        <line num="18" count="16" type="cond" truecount="2" falsecount="0"/>
        <line num="19" count="8" type="cond" truecount="1" falsecount="1"/>
        <line num="20" count="8" type="stmt"/>
        <line num="24" count="8" type="stmt"/>
        <line num="26" count="8" type="cond" truecount="3" falsecount="1"/>
        <line num="27" count="8" type="stmt"/>
        <line num="30" count="8" type="stmt"/>
        <line num="33" count="1" type="stmt"/>
        <line num="34" count="4" type="stmt"/>
        <line num="37" count="1" type="stmt"/>
        <line num="38" count="4" type="stmt"/>
        <line num="41" count="1" type="stmt"/>
        <line num="42" count="4" type="stmt"/>
        <line num="45" count="1" type="stmt"/>
        <line num="46" count="4" type="stmt"/>
      </file>
    </package>
    <package name="src.utils.dex">
      <metrics statements="425" coveredstatements="346" conditionals="389" coveredconditionals="271" methods="76" coveredmethods="58"/>
      <file name="ability.js" path="/home/aarcon/Desktop/Personal/Lumi/luminescent-team/src/utils/dex/ability.js">
        <metrics statements="21" coveredstatements="21" conditionals="35" coveredconditionals="30" methods="6" coveredmethods="6"/>
        <line num="1" count="2" type="stmt"/>
        <line num="2" count="2" type="stmt"/>
        <line num="5" count="2" type="cond" truecount="1" falsecount="1"/>
        <line num="6" count="2" type="cond" truecount="2" falsecount="0"/>
        <line num="7" count="2" type="cond" truecount="4" falsecount="0"/>
        <line num="8" count="1" type="stmt"/>
        <line num="12" count="12" type="cond" truecount="1" falsecount="1"/>
        <line num="13" count="12" type="cond" truecount="2" falsecount="0"/>
        <line num="15" count="679" type="stmt"/>
        <line num="17" count="12" type="cond" truecount="2" falsecount="0"/>
        <line num="18" count="11" type="stmt"/>
        <line num="22" count="2" type="cond" truecount="1" falsecount="1"/>
        <line num="23" count="2" type="cond" truecount="2" falsecount="0"/>
        <line num="24" count="2" type="cond" truecount="4" falsecount="0"/>
        <line num="25" count="1" type="stmt"/>
        <line num="29" count="12" type="cond" truecount="2" falsecount="0"/>
        <line num="30" count="12" type="stmt"/>
        <line num="31" count="12" type="cond" truecount="5" falsecount="0"/>
        <line num="32" count="11" type="stmt"/>
        <line num="33" count="22" type="stmt"/>
        <line num="36" count="11" type="stmt"/>
      </file>
      <file name="data.js" path="/home/aarcon/Desktop/Personal/Lumi/luminescent-team/src/utils/dex/data.js">
        <metrics statements="24" coveredstatements="24" conditionals="0" coveredconditionals="0" methods="0" coveredmethods="0"/>
        <line num="2" count="13" type="stmt"/>
        <line num="3" count="13" type="stmt"/>
        <line num="4" count="13" type="stmt"/>
        <line num="5" count="13" type="stmt"/>
        <line num="6" count="13" type="stmt"/>
        <line num="7" count="13" type="stmt"/>
        <line num="8" count="13" type="stmt"/>
        <line num="11" count="13" type="stmt"/>
        <line num="12" count="13" type="stmt"/>
        <line num="13" count="13" type="stmt"/>
        <line num="14" count="13" type="stmt"/>
        <line num="15" count="13" type="stmt"/>
        <line num="16" count="13" type="stmt"/>
        <line num="19" count="13" type="stmt"/>
        <line num="20" count="13" type="stmt"/>
        <line num="21" count="13" type="stmt"/>
        <line num="22" count="13" type="stmt"/>
        <line num="23" count="13" type="stmt"/>
        <line num="24" count="13" type="stmt"/>
        <line num="25" count="13" type="stmt"/>
        <line num="28" count="13" type="stmt"/>
        <line num="29" count="13" type="stmt"/>
        <line num="30" count="13" type="stmt"/>
        <line num="32" count="13" type="stmt"/>
      </file>
      <file name="data3.js" path="/home/aarcon/Desktop/Personal/Lumi/luminescent-team/src/utils/dex/data3.js">
        <metrics statements="24" coveredstatements="24" conditionals="0" coveredconditionals="0" methods="0" coveredmethods="0"/>
        <line num="2" count="11" type="stmt"/>
        <line num="3" count="11" type="stmt"/>
        <line num="4" count="11" type="stmt"/>
        <line num="5" count="11" type="stmt"/>
        <line num="6" count="11" type="stmt"/>
        <line num="7" count="11" type="stmt"/>
        <line num="8" count="11" type="stmt"/>
        <line num="11" count="11" type="stmt"/>
        <line num="12" count="11" type="stmt"/>
        <line num="13" count="11" type="stmt"/>
        <line num="14" count="11" type="stmt"/>
        <line num="15" count="11" type="stmt"/>
        <line num="16" count="11" type="stmt"/>
        <line num="19" count="11" type="stmt"/>
        <line num="20" count="11" type="stmt"/>
        <line num="21" count="11" type="stmt"/>
        <line num="22" count="11" type="stmt"/>
        <line num="23" count="11" type="stmt"/>
        <line num="24" count="11" type="stmt"/>
        <line num="25" count="11" type="stmt"/>
        <line num="28" count="11" type="stmt"/>
        <line num="29" count="11" type="stmt"/>
        <line num="30" count="11" type="stmt"/>
        <line num="32" count="11" type="stmt"/>
      </file>
      <file name="details.js" path="/home/aarcon/Desktop/Personal/Lumi/luminescent-team/src/utils/dex/details.js">
        <metrics statements="19" coveredstatements="19" conditionals="16" coveredconditionals="12" methods="2" coveredmethods="2"/>
        <line num="4" count="1" type="stmt"/>
        <line num="5" count="1" type="stmt"/>
        <line num="6" count="1" type="stmt"/>
        <line num="9" count="2" type="cond" truecount="1" falsecount="1"/>
        <line num="10" count="2" type="cond" truecount="2" falsecount="0"/>
        <line num="12" count="2" type="cond" truecount="2" falsecount="0"/>
        <line num="14" count="1" type="stmt"/>
        <line num="15" count="1" type="stmt"/>
        <line num="16" count="1" type="stmt"/>
        <line num="18" count="1" type="stmt"/>
        <line num="19" count="1" type="stmt"/>
        <line num="20" count="1" type="stmt"/>
        <line num="24" count="2" type="cond" truecount="1" falsecount="1"/>
        <line num="25" count="2" type="cond" truecount="2" falsecount="0"/>
        <line num="27" count="2" type="cond" truecount="2" falsecount="0"/>
        <line num="29" count="1" type="stmt"/>
        <line num="30" count="1" type="stmt"/>
        <line num="32" count="1" type="stmt"/>
        <line num="33" count="1" type="stmt"/>
      </file>
      <file name="egggroup.js" path="/home/aarcon/Desktop/Personal/Lumi/luminescent-team/src/utils/dex/egggroup.js">
        <metrics statements="25" coveredstatements="25" conditionals="30" coveredconditionals="26" methods="4" coveredmethods="4"/>
        <line num="4" count="1" type="stmt"/>
        <line num="23" count="1" type="stmt"/>
        <line num="24" count="1" type="stmt"/>
        <line num="25" count="1" type="stmt"/>
        <line num="28" count="7" type="cond" truecount="5" falsecount="0"/>
        <line num="29" count="2" type="stmt"/>
        <line num="31" count="5" type="cond" truecount="1" falsecount="1"/>
        <line num="32" count="5" type="stmt"/>
        <line num="33" count="5" type="stmt"/>
        <line num="34" count="5" type="stmt"/>
        <line num="35" count="5" type="cond" truecount="2" falsecount="0"/>
        <line num="39" count="15" type="cond" truecount="5" falsecount="0"/>
        <line num="40" count="7" type="stmt"/>
        <line num="41" count="8" type="stmt"/>
        <line num="46" count="2995" type="cond" truecount="2" falsecount="0"/>
        <line num="47" count="23" type="stmt"/>
        <line num="50" count="2995" type="cond" truecount="2" falsecount="0"/>
        <line num="51" count="8" type="stmt"/>
        <line num="54" count="2995" type="stmt"/>
        <line num="55" count="2995" type="stmt"/>
        <line num="56" count="2995" type="stmt"/>
        <line num="60" count="12" type="cond" truecount="5" falsecount="0"/>
        <line num="61" count="6" type="stmt"/>
        <line num="62" count="6" type="cond" truecount="2" falsecount="0"/>
        <line num="63" count="6" type="stmt"/>
      </file>
      <file name="evolution.js" path="/home/aarcon/Desktop/Personal/Lumi/luminescent-team/src/utils/dex/evolution.js">
        <metrics statements="54" coveredstatements="46" conditionals="37" coveredconditionals="28" methods="6" coveredmethods="4"/>
        <line num="8" count="3" type="cond" truecount="1" falsecount="1"/>
        <line num="9" count="0" type="stmt"/>
        <line num="11" count="3" type="cond" truecount="5" falsecount="0"/>
        <line num="12" count="2" type="stmt"/>
        <line num="13" count="2" type="stmt"/>
        <line num="14" count="2" type="stmt"/>
        <line num="15" count="2" type="cond" truecount="1" falsecount="1"/>
        <line num="16" count="0" type="stmt"/>
        <line num="17" count="0" type="stmt"/>
        <line num="18" count="2" type="cond" truecount="2" falsecount="0"/>
        <line num="19" count="1" type="stmt"/>
        <line num="20" count="1" type="stmt"/>
        <line num="22" count="2" type="stmt"/>
        <line num="26" count="276" type="cond" truecount="4" falsecount="0"/>
        <line num="27" count="2" type="stmt"/>
        <line num="30" count="274" type="cond" truecount="2" falsecount="0"/>
        <line num="32" count="274" type="stmt"/>
        <line num="33" count="274" type="cond" truecount="1" falsecount="1"/>
        <line num="34" count="0" type="stmt"/>
        <line num="37" count="274" type="cond" truecount="2" falsecount="0"/>
        <line num="39" count="274" type="stmt"/>
        <line num="41" count="274" type="stmt"/>
        <line num="44" count="210" type="stmt"/>
        <line num="46" count="274" type="stmt"/>
        <line num="50" count="0" type="cond" truecount="0" falsecount="2"/>
        <line num="51" count="0" type="stmt"/>
        <line num="56" count="0" type="stmt"/>
        <line num="60" count="274" type="cond" truecount="2" falsecount="0"/>
        <line num="61" count="274" type="stmt"/>
        <line num="63" count="274" type="cond" truecount="1" falsecount="1"/>
        <line num="64" count="0" type="stmt"/>
        <line num="67" count="274" type="stmt"/>
        <line num="68" count="539" type="stmt"/>
        <line num="69" count="539" type="stmt"/>
        <line num="70" count="539" type="stmt"/>
        <line num="71" count="539" type="stmt"/>
        <line num="72" count="539" type="stmt"/>
        <line num="73" count="539" type="stmt"/>
        <line num="75" count="539" type="stmt"/>
        <line num="76" count="1500" type="stmt"/>
        <line num="77" count="1500" type="stmt"/>
        <line num="78" count="1500" type="stmt"/>
        <line num="79" count="1500" type="stmt"/>
        <line num="80" count="1500" type="stmt"/>
        <line num="82" count="1500" type="stmt"/>
        <line num="83" count="1500" type="cond" truecount="2" falsecount="0"/>
        <line num="84" count="256" type="stmt"/>
        <line num="85" count="256" type="stmt"/>
        <line num="86" count="256" type="stmt"/>
        <line num="87" count="256" type="stmt"/>
        <line num="88" count="256" type="stmt"/>
        <line num="91" count="539" type="cond" truecount="2" falsecount="0"/>
        <line num="92" count="210" type="stmt"/>
        <line num="101" count="64" type="stmt"/>
      </file>
      <file name="evolutionConstants.js" path="/home/aarcon/Desktop/Personal/Lumi/luminescent-team/src/utils/dex/evolutionConstants.js">
        <metrics statements="2" coveredstatements="2" conditionals="0" coveredconditionals="0" methods="0" coveredmethods="0"/>
        <line num="7" count="1" type="stmt"/>
        <line num="9" count="1" type="stmt"/>
      </file>
      <file name="functions.js" path="/home/aarcon/Desktop/Personal/Lumi/luminescent-team/src/utils/dex/functions.js">
        <metrics statements="33" coveredstatements="26" conditionals="40" coveredconditionals="32" methods="13" coveredmethods="8"/>
        <line num="5" count="4" type="stmt"/>
        <line num="6" count="4" type="stmt"/>
        <line num="9" count="11982" type="cond" truecount="2" falsecount="0"/>
        <line num="10" count="8149" type="stmt"/>
        <line num="13" count="11982" type="stmt"/>
        <line num="14" count="11982" type="stmt"/>
        <line num="18" count="5" type="cond" truecount="2" falsecount="0"/>
        <line num="19" count="5" type="cond" truecount="2" falsecount="0"/>
        <line num="22" count="4" type="cond" truecount="0" falsecount="1"/>
        <line num="23" count="0" type="cond" truecount="0" falsecount="2"/>
        <line num="24" count="0" type="stmt"/>
        <line num="28" count="4" type="cond" truecount="2" falsecount="0"/>
        <line num="29" count="3" type="cond" truecount="2" falsecount="0"/>
        <line num="30" count="2" type="cond" truecount="2" falsecount="0"/>
        <line num="31" count="1" type="stmt"/>
        <line num="35" count="5" type="stmt"/>
        <line num="36" count="5" type="stmt"/>
        <line num="37" count="5" type="stmt"/>
        <line num="41" count="1" type="stmt"/>
        <line num="45" count="16" type="cond" truecount="2" falsecount="0"/>
        <line num="46" count="14" type="cond" truecount="2" falsecount="0"/>
        <line num="47" count="11" type="cond" truecount="2" falsecount="0"/>
        <line num="48" count="8" type="cond" truecount="2" falsecount="0"/>
        <line num="49" count="5" type="cond" truecount="2" falsecount="0"/>
        <line num="50" count="2" type="stmt"/>
        <line num="54" count="1504" type="cond" truecount="2" falsecount="0"/>
        <line num="55" count="1504" type="cond" truecount="2" falsecount="0"/>
        <line num="56" count="545296" type="cond" truecount="2" falsecount="0"/>
        <line num="60" count="0" type="stmt"/>
        <line num="64" count="0" type="cond" truecount="0" falsecount="2"/>
        <line num="65" count="0" type="stmt"/>
        <line num="66" count="0" type="stmt"/>
        <line num="67" count="0" type="stmt"/>
      </file>
      <file name="item.js" path="/home/aarcon/Desktop/Personal/Lumi/luminescent-team/src/utils/dex/item.js">
        <metrics statements="11" coveredstatements="10" conditionals="13" coveredconditionals="9" methods="4" coveredmethods="3"/>
        <line num="1" count="2" type="stmt"/>
        <line num="2" count="2" type="stmt"/>
        <line num="5" count="3" type="cond" truecount="2" falsecount="0"/>
        <line num="6" count="2" type="cond" truecount="1" falsecount="1"/>
        <line num="7" count="2" type="cond" truecount="1" falsecount="1"/>
        <line num="8" count="0" type="stmt"/>
        <line num="9" count="2072" type="stmt"/>
        <line num="10" count="2" type="cond" truecount="2" falsecount="0"/>
        <line num="11" count="1" type="stmt"/>
        <line num="15" count="3" type="cond" truecount="1" falsecount="1"/>
        <line num="16" count="3" type="stmt"/>
      </file>
      <file name="moves.js" path="/home/aarcon/Desktop/Personal/Lumi/luminescent-team/src/utils/dex/moves.js">
        <metrics statements="147" coveredstatements="89" conditionals="138" coveredconditionals="72" methods="24" coveredmethods="15"/>
        <line num="25" count="2" type="stmt"/>
        <line num="26" count="2" type="stmt"/>
        <line num="33" count="8" type="cond" truecount="5" falsecount="0"/>
        <line num="34" count="3" type="stmt"/>
        <line num="37" count="5" type="cond" truecount="4" falsecount="0"/>
        <line num="38" count="2" type="stmt"/>
        <line num="40" count="3" type="cond" truecount="1" falsecount="1"/>
        <line num="42" count="3" type="stmt"/>
        <line num="43" count="63" type="cond" truecount="2" falsecount="0"/>
        <line num="44" count="33" type="stmt"/>
        <line num="46" count="3" type="cond" truecount="1" falsecount="1"/>
        <line num="47" count="0" type="stmt"/>
        <line num="49" count="3" type="stmt"/>
        <line num="51" count="3" type="cond" truecount="4" falsecount="4"/>
        <line num="53" count="3" type="stmt"/>
        <line num="57" count="22" type="cond" truecount="4" falsecount="0"/>
        <line num="58" count="66" type="stmt"/>
        <line num="62" count="17" type="cond" truecount="1" falsecount="1"/>
        <line num="63" count="17" type="cond" truecount="2" falsecount="0"/>
        <line num="64" count="1" type="stmt"/>
        <line num="66" count="16" type="cond" truecount="2" falsecount="0"/>
        <line num="67" count="1" type="stmt"/>
        <line num="69" count="15" type="stmt"/>
        <line num="70" count="15" type="cond" truecount="1" falsecount="1"/>
        <line num="72" count="15" type="cond" truecount="1" falsecount="1"/>
        <line num="73" count="0" type="stmt"/>
        <line num="76" count="15" type="cond" truecount="1" falsecount="1"/>
        <line num="77" count="0" type="stmt"/>
        <line num="80" count="15" type="stmt"/>
        <line num="84" count="6" type="cond" truecount="1" falsecount="1"/>
        <line num="86" count="6" type="cond" truecount="2" falsecount="0"/>
        <line num="87" count="1" type="stmt"/>
        <line num="90" count="5" type="stmt"/>
        <line num="91" count="2087" type="stmt"/>
        <line num="92" count="2087" type="stmt"/>
        <line num="93" count="2087" type="stmt"/>
        <line num="94" count="2087" type="cond" truecount="4" falsecount="0"/>
        <line num="95" count="3" type="stmt"/>
        <line num="99" count="2" type="stmt"/>
        <line num="103" count="0" type="cond" truecount="0" falsecount="2"/>
        <line num="104" count="0" type="stmt"/>
        <line num="106" count="0" type="stmt"/>
        <line num="107" count="0" type="cond" truecount="0" falsecount="2"/>
        <line num="108" count="0" type="stmt"/>
        <line num="112" count="0" type="stmt"/>
        <line num="116" count="70" type="cond" truecount="1" falsecount="1"/>
        <line num="117" count="70" type="cond" truecount="1" falsecount="1"/>
        <line num="118" count="70" type="stmt"/>
        <line num="119" count="70" type="stmt"/>
        <line num="120" count="70" type="stmt"/>
        <line num="121" count="70" type="stmt"/>
        <line num="122" count="70" type="stmt"/>
        <line num="123" count="70" type="stmt"/>
        <line num="125" count="70" type="cond" truecount="1" falsecount="1"/>
        <line num="126" count="70" type="stmt"/>
        <line num="127" count="70" type="stmt"/>
        <line num="129" count="70" type="stmt"/>
        <line num="142" count="3" type="cond" truecount="1" falsecount="1"/>
        <line num="143" count="3" type="cond" truecount="1" falsecount="1"/>
        <line num="144" count="3" type="cond" truecount="4" falsecount="0"/>
        <line num="145" count="2" type="stmt"/>
        <line num="146" count="2" type="stmt"/>
        <line num="147" count="5" type="cond" truecount="3" falsecount="1"/>
        <line num="148" count="14" type="stmt"/>
        <line num="155" count="70" type="cond" truecount="1" falsecount="1"/>
        <line num="156" count="70" type="stmt"/>
        <line num="157" count="70" type="stmt"/>
        <line num="158" count="154" type="stmt"/>
        <line num="160" count="70" type="stmt"/>
        <line num="164" count="5" type="cond" truecount="2" falsecount="0"/>
        <line num="165" count="1" type="stmt"/>
        <line num="167" count="4" type="cond" truecount="1" falsecount="1"/>
        <line num="169" count="4" type="cond" truecount="1" falsecount="1"/>
        <line num="170" count="4" type="stmt"/>
        <line num="171" count="4" type="stmt"/>
        <line num="173" count="4" type="stmt"/>
        <line num="174" count="128" type="stmt"/>
        <line num="176" count="4" type="stmt"/>
        <line num="177" count="128" type="stmt"/>
        <line num="179" count="4" type="stmt"/>
        <line num="180" count="128" type="stmt"/>
        <line num="182" count="4" type="stmt"/>
        <line num="183" count="128" type="stmt"/>
        <line num="186" count="4" type="stmt"/>
        <line num="188" count="0" type="cond" truecount="0" falsecount="2"/>
        <line num="190" count="0" type="stmt"/>
        <line num="191" count="0" type="stmt"/>
        <line num="192" count="0" type="stmt"/>
        <line num="193" count="0" type="stmt"/>
        <line num="195" count="0" type="stmt"/>
        <line num="200" count="3" type="stmt"/>
        <line num="202" count="3" type="cond" truecount="1" falsecount="1"/>
        <line num="203" count="3" type="cond" truecount="1" falsecount="1"/>
        <line num="205" count="3" type="stmt"/>
        <line num="206" count="3" type="stmt"/>
        <line num="207" count="315" type="stmt"/>
        <line num="209" count="315" type="stmt"/>
        <line num="210" count="315" type="stmt"/>
        <line num="212" count="315" type="cond" truecount="2" falsecount="0"/>
        <line num="213" count="66" type="stmt"/>
        <line num="217" count="3" type="stmt"/>
        <line num="219" count="0" type="cond" truecount="0" falsecount="2"/>
        <line num="220" count="0" type="stmt"/>
        <line num="223" count="0" type="stmt"/>
        <line num="224" count="0" type="stmt"/>
        <line num="229" count="0" type="cond" truecount="0" falsecount="2"/>
        <line num="230" count="0" type="stmt"/>
        <line num="233" count="0" type="stmt"/>
        <line num="235" count="0" type="stmt"/>
        <line num="236" count="0" type="cond" truecount="0" falsecount="4"/>
        <line num="237" count="0" type="stmt"/>
        <line num="240" count="0" type="stmt"/>
        <line num="244" count="0" type="stmt"/>
        <line num="245" count="0" type="stmt"/>
        <line num="248" count="0" type="stmt"/>
        <line num="252" count="0" type="stmt"/>
        <line num="254" count="0" type="stmt"/>
        <line num="255" count="0" type="stmt"/>
        <line num="257" count="0" type="cond" truecount="0" falsecount="2"/>
        <line num="258" count="0" type="stmt"/>
        <line num="261" count="0" type="cond" truecount="0" falsecount="2"/>
        <line num="262" count="0" type="stmt"/>
        <line num="265" count="0" type="stmt"/>
        <line num="266" count="0" type="stmt"/>
        <line num="269" count="0" type="stmt"/>
        <line num="273" count="0" type="cond" truecount="0" falsecount="4"/>
        <line num="274" count="0" type="stmt"/>
        <line num="277" count="0" type="stmt"/>
        <line num="278" count="0" type="stmt"/>
        <line num="281" count="0" type="stmt"/>
        <line num="282" count="0" type="stmt"/>
        <line num="285" count="0" type="stmt"/>
        <line num="289" count="7" type="cond" truecount="1" falsecount="1"/>
        <line num="290" count="7" type="cond" truecount="4" falsecount="0"/>
        <line num="291" count="4" type="cond" truecount="1" falsecount="1"/>
        <line num="295" count="0" type="stmt"/>
        <line num="297" count="0" type="stmt"/>
        <line num="298" count="0" type="stmt"/>
        <line num="299" count="0" type="stmt"/>
        <line num="302" count="0" type="stmt"/>
        <line num="306" count="0" type="cond" truecount="0" falsecount="2"/>
        <line num="307" count="0" type="cond" truecount="0" falsecount="2"/>
        <line num="308" count="0" type="cond" truecount="0" falsecount="2"/>
        <line num="309" count="0" type="cond" truecount="0" falsecount="2"/>
        <line num="310" count="0" type="stmt"/>
        <line num="311" count="0" type="stmt"/>
        <line num="316" count="0" type="stmt"/>
      </file>
      <file name="name.js" path="/home/aarcon/Desktop/Personal/Lumi/luminescent-team/src/utils/dex/name.js">
        <metrics statements="54" coveredstatements="49" conditionals="70" coveredconditionals="55" methods="12" coveredmethods="11"/>
        <line num="5" count="3" type="stmt"/>
        <line num="6" count="3" type="stmt"/>
        <line num="7" count="3" type="stmt"/>
        <line num="8" count="3" type="stmt"/>
        <line num="10" count="8989" type="cond" truecount="2" falsecount="0"/>
        <line num="11" count="8989" type="cond" truecount="2" falsecount="0"/>
        <line num="13" count="8989" type="stmt"/>
        <line num="14" count="8989" type="stmt"/>
        <line num="16" count="8989" type="stmt"/>
        <line num="17" count="8989" type="cond" truecount="4" falsecount="0"/>
        <line num="18" count="6159" type="stmt"/>
        <line num="19" count="6159" type="stmt"/>
        <line num="22" count="2830" type="stmt"/>
        <line num="23" count="2830" type="cond" truecount="4" falsecount="0"/>
        <line num="24" count="2814" type="stmt"/>
        <line num="25" count="2814" type="stmt"/>
        <line num="28" count="16" type="stmt"/>
        <line num="29" count="15" type="stmt"/>
        <line num="31" count="1" type="stmt"/>
        <line num="36" count="2" type="cond" truecount="1" falsecount="1"/>
        <line num="40" count="2" type="cond" truecount="1" falsecount="1"/>
        <line num="44" count="5" type="cond" truecount="1" falsecount="1"/>
        <line num="45" count="1507" type="stmt"/>
        <line num="46" count="5" type="cond" truecount="2" falsecount="0"/>
        <line num="50" count="30" type="cond" truecount="2" falsecount="0"/>
        <line num="51" count="8" type="cond" truecount="7" falsecount="0"/>
        <line num="53" count="1" type="stmt"/>
        <line num="55" count="1" type="stmt"/>
        <line num="57" count="1" type="stmt"/>
        <line num="59" count="1" type="stmt"/>
        <line num="61" count="1" type="stmt"/>
        <line num="63" count="1" type="stmt"/>
        <line num="65" count="2" type="stmt"/>
        <line num="68" count="22" type="cond" truecount="7" falsecount="0"/>
        <line num="70" count="1" type="stmt"/>
        <line num="72" count="7" type="stmt"/>
        <line num="74" count="1" type="stmt"/>
        <line num="76" count="4" type="stmt"/>
        <line num="78" count="4" type="stmt"/>
        <line num="80" count="4" type="stmt"/>
        <line num="82" count="1" type="stmt"/>
        <line num="88" count="7" type="cond" truecount="2" falsecount="0"/>
        <line num="89" count="5" type="cond" truecount="1" falsecount="1"/>
        <line num="90" count="2055" type="stmt"/>
        <line num="94" count="5" type="cond" truecount="4" falsecount="0"/>
        <line num="95" count="3" type="cond" truecount="2" falsecount="0"/>
        <line num="96" count="3" type="stmt"/>
        <line num="100" count="13" type="cond" truecount="2" falsecount="0"/>
        <line num="101" count="41" type="cond" truecount="2" falsecount="0"/>
        <line num="105" count="0" type="cond" truecount="0" falsecount="2"/>
        <line num="106" count="0" type="cond" truecount="0" falsecount="2"/>
        <line num="108" count="0" type="stmt"/>
        <line num="109" count="0" type="stmt"/>
        <line num="110" count="0" type="stmt"/>
      </file>
      <file name="nature.js" path="/home/aarcon/Desktop/Personal/Lumi/luminescent-team/src/utils/dex/nature.js">
        <metrics statements="6" coveredstatements="6" conditionals="5" coveredconditionals="4" methods="3" coveredmethods="3"/>
        <line num="1" count="1" type="stmt"/>
        <line num="4" count="3" type="cond" truecount="2" falsecount="0"/>
        <line num="5" count="26" type="stmt"/>
        <line num="6" count="2" type="cond" truecount="2" falsecount="0"/>
        <line num="7" count="1" type="stmt"/>
        <line num="11" count="1" type="stmt"/>
      </file>
      <file name="types.js" path="/home/aarcon/Desktop/Personal/Lumi/luminescent-team/src/utils/dex/types.js">
        <metrics statements="5" coveredstatements="5" conditionals="5" coveredconditionals="3" methods="2" coveredmethods="2"/>
        <line num="1" count="2" type="stmt"/>
        <line num="4" count="6" type="stmt"/>
        <line num="5" count="6" type="cond" truecount="1" falsecount="1"/>
        <line num="6" count="6" type="stmt"/>
        <line num="10" count="2" type="cond" truecount="2" falsecount="0"/>
      </file>
    </package>
  </project>
</coverage>
