<?xml version="1.0" encoding="UTF-8"?>
<coverage generated="1717546362260" clover="3.2.0">
  <project timestamp="1717546362260" name="All files">
    <metrics statements="618" coveredstatements="597" conditionals="482" coveredconditionals="402" methods="154" coveredmethods="143" elements="1254" coveredelements="1142" complexity="0" loc="618" ncloc="618" packages="6" files="29" classes="29"/>
    <package name="__gamedata">
      <metrics statements="0" coveredstatements="0" conditionals="0" coveredconditionals="0" methods="0" coveredmethods="0"/>
      <file name="index.js" path="/home/aarcon/Desktop/Personal/Lumi/luminescent-team/__gamedata/index.js">
        <metrics statements="0" coveredstatements="0" conditionals="0" coveredconditionals="0" methods="0" coveredmethods="0"/>
      </file>
    </package>
    <package name="plugins.pokedex-data-plugin.dex">
      <metrics statements="288" coveredstatements="285" conditionals="199" coveredconditionals="165" methods="72" coveredmethods="69"/>
      <file name="ability.js" path="/home/aarcon/Desktop/Personal/Lumi/luminescent-team/plugins/pokedex-data-plugin/dex/ability.js">
        <metrics statements="17" coveredstatements="17" conditionals="23" coveredconditionals="20" methods="6" coveredmethods="6"/>
        <line num="1" count="3" type="stmt"/>
        <line num="4" count="2" type="cond" truecount="2" falsecount="0"/>
        <line num="5" count="2" type="cond" truecount="4" falsecount="0"/>
        <line num="6" count="1" type="stmt"/>
        <line num="10" count="2" type="cond" truecount="1" falsecount="1"/>
        <line num="12" count="270" type="stmt"/>
        <line num="14" count="2" type="cond" truecount="2" falsecount="0"/>
        <line num="15" count="1" type="stmt"/>
        <line num="19" count="8792" type="cond" truecount="2" falsecount="0"/>
        <line num="20" count="8792" type="cond" truecount="4" falsecount="0"/>
        <line num="21" count="8791" type="stmt"/>
        <line num="25" count="2" type="stmt"/>
        <line num="26" count="2" type="cond" truecount="5" falsecount="0"/>
        <line num="27" count="1" type="stmt"/>
        <line num="28" count="2" type="stmt"/>
        <line num="31" count="1" type="stmt"/>
        <line num="34" count="3" type="stmt"/>
      </file>
      <file name="data.js" path="/home/aarcon/Desktop/Personal/Lumi/luminescent-team/plugins/pokedex-data-plugin/dex/data.js">
        <metrics statements="23" coveredstatements="23" conditionals="0" coveredconditionals="0" methods="0" coveredmethods="0"/>
        <line num="2" count="9" type="stmt"/>
        <line num="3" count="9" type="stmt"/>
        <line num="4" count="9" type="stmt"/>
        <line num="5" count="9" type="stmt"/>
        <line num="6" count="9" type="stmt"/>
        <line num="7" count="9" type="stmt"/>
        <line num="10" count="9" type="stmt"/>
        <line num="11" count="9" type="stmt"/>
        <line num="12" count="9" type="stmt"/>
        <line num="13" count="9" type="stmt"/>
        <line num="14" count="9" type="stmt"/>
        <line num="15" count="9" type="stmt"/>
        <line num="18" count="9" type="stmt"/>
        <line num="19" count="9" type="stmt"/>
        <line num="20" count="9" type="stmt"/>
        <line num="21" count="9" type="stmt"/>
        <line num="22" count="9" type="stmt"/>
        <line num="23" count="9" type="stmt"/>
        <line num="24" count="9" type="stmt"/>
        <line num="27" count="9" type="stmt"/>
        <line num="28" count="9" type="stmt"/>
        <line num="29" count="9" type="stmt"/>
        <line num="31" count="9" type="stmt"/>
      </file>
      <file name="details.js" path="/home/aarcon/Desktop/Personal/Lumi/luminescent-team/plugins/pokedex-data-plugin/dex/details.js">
        <metrics statements="19" coveredstatements="19" conditionals="10" coveredconditionals="8" methods="2" coveredmethods="2"/>
        <line num="1" count="2" type="stmt"/>
        <line num="3" count="2" type="stmt"/>
        <line num="4" count="2" type="stmt"/>
        <line num="5" count="2" type="stmt"/>
        <line num="8" count="1466" type="cond" truecount="2" falsecount="0"/>
        <line num="10" count="1466" type="cond" truecount="2" falsecount="0"/>
        <line num="12" count="1465" type="stmt"/>
        <line num="13" count="1465" type="stmt"/>
        <line num="14" count="1465" type="stmt"/>
        <line num="16" count="1465" type="stmt"/>
        <line num="17" count="1465" type="stmt"/>
        <line num="18" count="1465" type="stmt"/>
        <line num="22" count="1466" type="cond" truecount="2" falsecount="0"/>
        <line num="24" count="1466" type="cond" truecount="2" falsecount="0"/>
        <line num="26" count="1465" type="stmt"/>
        <line num="27" count="1465" type="stmt"/>
        <line num="29" count="1465" type="stmt"/>
        <line num="30" count="1465" type="stmt"/>
        <line num="33" count="2" type="stmt"/>
      </file>
      <file name="egggroup.js" path="/home/aarcon/Desktop/Personal/Lumi/luminescent-team/plugins/pokedex-data-plugin/dex/egggroup.js">
        <metrics statements="24" coveredstatements="24" conditionals="24" coveredconditionals="21" methods="4" coveredmethods="4"/>
        <line num="1" count="2" type="stmt"/>
        <line num="3" count="2" type="stmt"/>
        <line num="22" count="2" type="stmt"/>
        <line num="23" count="2" type="stmt"/>
        <line num="26" count="1473" type="cond" truecount="5" falsecount="0"/>
        <line num="27" count="2" type="stmt"/>
        <line num="29" count="1471" type="stmt"/>
        <line num="30" count="1471" type="stmt"/>
        <line num="31" count="1471" type="stmt"/>
        <line num="32" count="1471" type="cond" truecount="2" falsecount="0"/>
        <line num="36" count="1937" type="cond" truecount="5" falsecount="0"/>
        <line num="37" count="7" type="stmt"/>
        <line num="38" count="1930" type="stmt"/>
        <line num="43" count="2932" type="cond" truecount="2" falsecount="0"/>
        <line num="44" count="24" type="stmt"/>
        <line num="47" count="2932" type="cond" truecount="2" falsecount="0"/>
        <line num="48" count="8" type="stmt"/>
        <line num="51" count="2932" type="stmt"/>
        <line num="52" count="2932" type="stmt"/>
        <line num="53" count="2932" type="stmt"/>
        <line num="57" count="6" type="cond" truecount="5" falsecount="0"/>
        <line num="58" count="3" type="stmt"/>
        <line num="59" count="3" type="stmt"/>
        <line num="62" count="2" type="stmt"/>
      </file>
      <file name="functions.js" path="/home/aarcon/Desktop/Personal/Lumi/luminescent-team/plugins/pokedex-data-plugin/dex/functions.js">
        <metrics statements="27" coveredstatements="27" conditionals="26" coveredconditionals="24" methods="11" coveredmethods="11"/>
        <line num="1" count="4" type="stmt"/>
        <line num="4" count="4" type="stmt"/>
        <line num="7" count="5866" type="cond" truecount="2" falsecount="0"/>
        <line num="8" count="4045" type="stmt"/>
        <line num="11" count="5866" type="stmt"/>
        <line num="12" count="5866" type="stmt"/>
        <line num="16" count="3" type="cond" truecount="2" falsecount="0"/>
        <line num="19" count="4" type="stmt"/>
        <line num="20" count="171185" type="stmt"/>
        <line num="23" count="4" type="stmt"/>
        <line num="24" count="1466" type="stmt"/>
        <line num="28" count="4" type="cond" truecount="2" falsecount="0"/>
        <line num="29" count="3" type="cond" truecount="2" falsecount="0"/>
        <line num="30" count="2" type="cond" truecount="2" falsecount="0"/>
        <line num="31" count="1" type="stmt"/>
        <line num="35" count="12187" type="stmt"/>
        <line num="36" count="12187" type="stmt"/>
        <line num="37" count="12187" type="stmt"/>
        <line num="41" count="1465" type="stmt"/>
        <line num="45" count="2946" type="cond" truecount="2" falsecount="0"/>
        <line num="46" count="2696" type="cond" truecount="2" falsecount="0"/>
        <line num="47" count="2438" type="cond" truecount="2" falsecount="0"/>
        <line num="48" count="1850" type="cond" truecount="2" falsecount="0"/>
        <line num="49" count="1380" type="cond" truecount="2" falsecount="0"/>
        <line num="50" count="914" type="stmt"/>
        <line num="54" count="2686" type="cond" truecount="2" falsecount="0"/>
        <line num="57" count="4" type="stmt"/>
      </file>
      <file name="info.js" path="/home/aarcon/Desktop/Personal/Lumi/luminescent-team/plugins/pokedex-data-plugin/dex/info.js">
        <metrics statements="12" coveredstatements="12" conditionals="2" coveredconditionals="0" methods="1" coveredmethods="1"/>
        <line num="1" count="1" type="stmt"/>
        <line num="2" count="1" type="stmt"/>
        <line num="3" count="1" type="stmt"/>
        <line num="4" count="1" type="stmt"/>
        <line num="5" count="1" type="stmt"/>
        <line num="6" count="1" type="stmt"/>
        <line num="7" count="1" type="stmt"/>
        <line num="9" count="1" type="stmt"/>
        <line num="12" count="1464" type="stmt"/>
        <line num="13" count="1464" type="stmt"/>
        <line num="15" count="1464" type="stmt"/>
        <line num="45" count="1" type="stmt"/>
      </file>
      <file name="item.js" path="/home/aarcon/Desktop/Personal/Lumi/luminescent-team/plugins/pokedex-data-plugin/dex/item.js">
        <metrics statements="12" coveredstatements="10" conditionals="9" coveredconditionals="5" methods="6" coveredmethods="4"/>
        <line num="1" count="2" type="stmt"/>
        <line num="4" count="3" type="cond" truecount="2" falsecount="0"/>
        <line num="5" count="2" type="cond" truecount="1" falsecount="1"/>
        <line num="6" count="0" type="stmt"/>
        <line num="7" count="2072" type="stmt"/>
        <line num="8" count="2" type="cond" truecount="2" falsecount="0"/>
        <line num="9" count="1" type="stmt"/>
        <line num="13" count="8791" type="stmt"/>
        <line num="17" count="4395" type="stmt"/>
        <line num="18" count="4395" type="stmt"/>
        <line num="22" count="0" type="stmt"/>
        <line num="24" count="2" type="stmt"/>
      </file>
      <file name="moves.js" path="/home/aarcon/Desktop/Personal/Lumi/luminescent-team/plugins/pokedex-data-plugin/dex/moves.js">
        <metrics statements="65" coveredstatements="65" conditionals="63" coveredconditionals="54" methods="20" coveredmethods="20"/>
        <line num="12" count="3" type="stmt"/>
        <line num="13" count="3" type="stmt"/>
        <line num="15" count="3" type="stmt"/>
        <line num="22" count="8" type="cond" truecount="5" falsecount="0"/>
        <line num="23" count="3" type="stmt"/>
        <line num="26" count="5" type="cond" truecount="4" falsecount="0"/>
        <line num="27" count="2" type="stmt"/>
        <line num="30" count="3" type="stmt"/>
        <line num="31" count="63" type="cond" truecount="2" falsecount="0"/>
        <line num="32" count="33" type="stmt"/>
        <line num="35" count="3" type="stmt"/>
        <line num="37" count="3" type="stmt"/>
        <line num="46" count="22" type="cond" truecount="4" falsecount="0"/>
        <line num="47" count="66" type="stmt"/>
        <line num="51" count="6" type="cond" truecount="4" falsecount="0"/>
        <line num="52" count="1074" type="stmt"/>
        <line num="53" count="4" type="cond" truecount="2" falsecount="0"/>
        <line num="54" count="3" type="stmt"/>
        <line num="58" count="17" type="cond" truecount="4" falsecount="0"/>
        <line num="60" count="16" type="stmt"/>
        <line num="61" count="16" type="cond" truecount="4" falsecount="0"/>
        <line num="62" count="1" type="stmt"/>
        <line num="65" count="15" type="stmt"/>
        <line num="69" count="203422" type="stmt"/>
        <line num="70" count="203422" type="stmt"/>
        <line num="71" count="203422" type="stmt"/>
        <line num="72" count="203422" type="stmt"/>
        <line num="73" count="203422" type="stmt"/>
        <line num="74" count="203422" type="stmt"/>
        <line num="76" count="203422" type="cond" truecount="1" falsecount="1"/>
        <line num="77" count="203422" type="stmt"/>
        <line num="78" count="203422" type="stmt"/>
        <line num="80" count="203422" type="stmt"/>
        <line num="93" count="1469" type="cond" truecount="4" falsecount="0"/>
        <line num="94" count="1468" type="stmt"/>
        <line num="95" count="1468" type="stmt"/>
        <line num="96" count="1075316" type="cond" truecount="3" falsecount="1"/>
        <line num="97" count="3108" type="stmt"/>
        <line num="104" count="203422" type="stmt"/>
        <line num="105" count="203422" type="stmt"/>
        <line num="106" count="454548" type="stmt"/>
        <line num="108" count="203422" type="stmt"/>
        <line num="112" count="2933" type="stmt"/>
        <line num="120" count="375424" type="stmt"/>
        <line num="122" count="2933" type="stmt"/>
        <line num="123" count="2933" type="stmt"/>
        <line num="124" count="375424" type="cond" truecount="2" falsecount="0"/>
        <line num="126" count="166853" type="stmt"/>
        <line num="127" count="166853" type="stmt"/>
        <line num="130" count="2933" type="stmt"/>
        <line num="134" count="1473" type="cond" truecount="4" falsecount="0"/>
        <line num="135" count="1470" type="cond" truecount="1" falsecount="1"/>
        <line num="139" count="1466" type="stmt"/>
        <line num="141" count="1466" type="stmt"/>
        <line num="142" count="1466" type="stmt"/>
        <line num="143" count="26331" type="stmt"/>
        <line num="146" count="1466" type="stmt"/>
        <line num="150" count="11736" type="stmt"/>
        <line num="154" count="1470" type="cond" truecount="2" falsecount="0"/>
        <line num="155" count="1468" type="cond" truecount="2" falsecount="0"/>
        <line num="156" count="695" type="cond" truecount="2" falsecount="0"/>
        <line num="157" count="537" type="stmt"/>
        <line num="158" count="7126" type="stmt"/>
        <line num="163" count="537" type="stmt"/>
        <line num="166" count="3" type="stmt"/>
      </file>
      <file name="name.js" path="/home/aarcon/Desktop/Personal/Lumi/luminescent-team/plugins/pokedex-data-plugin/dex/name.js">
        <metrics statements="38" coveredstatements="37" conditionals="32" coveredconditionals="26" methods="13" coveredmethods="12"/>
        <line num="1" count="4" type="stmt"/>
        <line num="2" count="4" type="stmt"/>
        <line num="4" count="4" type="stmt"/>
        <line num="6" count="5868" type="stmt"/>
        <line num="7" count="5868" type="stmt"/>
        <line num="9" count="5868" type="stmt"/>
        <line num="10" count="5868" type="cond" truecount="4" falsecount="0"/>
        <line num="11" count="4047" type="stmt"/>
        <line num="12" count="4047" type="stmt"/>
        <line num="15" count="1821" type="stmt"/>
        <line num="16" count="1821" type="cond" truecount="4" falsecount="0"/>
        <line num="17" count="1796" type="stmt"/>
        <line num="18" count="1796" type="stmt"/>
        <line num="21" count="25" type="stmt"/>
        <line num="22" count="24" type="stmt"/>
        <line num="24" count="1" type="stmt"/>
        <line num="29" count="2" type="stmt"/>
        <line num="33" count="11552" type="stmt"/>
        <line num="37" count="1507" type="stmt"/>
        <line num="38" count="5" type="cond" truecount="2" falsecount="0"/>
        <line num="42" count="32" type="cond" truecount="7" falsecount="0"/>
        <line num="44" count="5" type="stmt"/>
        <line num="46" count="5" type="stmt"/>
        <line num="48" count="5" type="stmt"/>
        <line num="50" count="5" type="stmt"/>
        <line num="52" count="5" type="stmt"/>
        <line num="54" count="5" type="stmt"/>
        <line num="56" count="2" type="stmt"/>
        <line num="61" count="7" type="cond" truecount="2" falsecount="0"/>
        <line num="62" count="2055" type="stmt"/>
        <line num="66" count="4" type="cond" truecount="4" falsecount="0"/>
        <line num="67" count="2" type="stmt"/>
        <line num="71" count="5075" type="cond" truecount="2" falsecount="0"/>
        <line num="75" count="0" type="stmt"/>
        <line num="79" count="1466" type="stmt"/>
        <line num="80" count="1466" type="stmt"/>
        <line num="81" count="1466" type="stmt"/>
        <line num="84" count="4" type="stmt"/>
      </file>
      <file name="nature.js" path="/home/aarcon/Desktop/Personal/Lumi/luminescent-team/plugins/pokedex-data-plugin/dex/nature.js">
        <metrics statements="7" coveredstatements="7" conditionals="5" coveredconditionals="4" methods="3" coveredmethods="3"/>
        <line num="1" count="1" type="stmt"/>
        <line num="4" count="3" type="cond" truecount="2" falsecount="0"/>
        <line num="5" count="26" type="stmt"/>
        <line num="6" count="2" type="cond" truecount="2" falsecount="0"/>
        <line num="7" count="1" type="stmt"/>
        <line num="11" count="1" type="stmt"/>
        <line num="14" count="1" type="stmt"/>
      </file>
      <file name="pokemon.js" path="/home/aarcon/Desktop/Personal/Lumi/luminescent-team/plugins/pokedex-data-plugin/dex/pokemon.js">
        <metrics statements="38" coveredstatements="38" conditionals="0" coveredconditionals="0" methods="4" coveredmethods="4"/>
        <line num="1" count="1" type="stmt"/>
        <line num="2" count="1" type="stmt"/>
        <line num="3" count="1" type="stmt"/>
        <line num="4" count="1" type="stmt"/>
        <line num="5" count="1" type="stmt"/>
        <line num="6" count="1" type="stmt"/>
        <line num="7" count="1" type="stmt"/>
        <line num="8" count="1" type="stmt"/>
        <line num="11" count="1466" type="stmt"/>
        <line num="12" count="1466" type="stmt"/>
        <line num="13" count="1466" type="stmt"/>
        <line num="14" count="1466" type="stmt"/>
        <line num="15" count="1466" type="stmt"/>
        <line num="16" count="1466" type="stmt"/>
        <line num="24" count="8796" type="stmt"/>
        <line num="25" count="1466" type="stmt"/>
        <line num="26" count="1466" type="stmt"/>
        <line num="27" count="1466" type="stmt"/>
        <line num="28" count="1466" type="stmt"/>
        <line num="29" count="1466" type="stmt"/>
        <line num="30" count="1466" type="stmt"/>
        <line num="31" count="1466" type="stmt"/>
        <line num="32" count="1466" type="stmt"/>
        <line num="33" count="1466" type="stmt"/>
        <line num="35" count="1466" type="stmt"/>
        <line num="36" count="1466" type="stmt"/>
        <line num="37" count="1466" type="stmt"/>
        <line num="39" count="1466" type="stmt"/>
        <line num="45" count="1922" type="stmt"/>
        <line num="46" count="1466" type="stmt"/>
        <line num="47" count="8620" type="stmt"/>
        <line num="53" count="1466" type="stmt"/>
        <line num="54" count="1466" type="stmt"/>
        <line num="56" count="1466" type="stmt"/>
        <line num="57" count="1466" type="stmt"/>
        <line num="58" count="1466" type="stmt"/>
        <line num="60" count="1466" type="stmt"/>
        <line num="89" count="1" type="stmt"/>
      </file>
      <file name="types.js" path="/home/aarcon/Desktop/Personal/Lumi/luminescent-team/plugins/pokedex-data-plugin/dex/types.js">
        <metrics statements="6" coveredstatements="6" conditionals="5" coveredconditionals="3" methods="2" coveredmethods="2"/>
        <line num="1" count="3" type="stmt"/>
        <line num="4" count="5866" type="stmt"/>
        <line num="5" count="5866" type="cond" truecount="1" falsecount="1"/>
        <line num="6" count="5866" type="stmt"/>
        <line num="10" count="2" type="cond" truecount="2" falsecount="0"/>
        <line num="15" count="3" type="stmt"/>
      </file>
    </package>
    <package name="src.components.Pokedex">
      <metrics statements="13" coveredstatements="13" conditionals="18" coveredconditionals="18" methods="2" coveredmethods="2"/>
      <file name="PokemonAbilities.jsx" path="/home/aarcon/Desktop/Personal/Lumi/luminescent-team/src/components/Pokedex/PokemonAbilities.jsx">
        <metrics statements="13" coveredstatements="13" conditionals="18" coveredconditionals="18" methods="2" coveredmethods="2"/>
        <line num="5" count="1" type="stmt"/>
        <line num="6" count="5" type="cond" truecount="2" falsecount="0"/>
        <line num="7" count="5" type="cond" truecount="2" falsecount="0"/>
        <line num="8" count="5" type="cond" truecount="2" falsecount="0"/>
        <line num="10" count="5" type="cond" truecount="2" falsecount="0"/>
        <line num="11" count="1" type="stmt"/>
        <line num="18" count="4" type="cond" truecount="2" falsecount="0"/>
        <line num="19" count="1" type="stmt"/>
        <line num="27" count="3" type="cond" truecount="2" falsecount="0"/>
        <line num="28" count="2" type="stmt"/>
        <line num="36" count="1" type="stmt"/>
        <line num="45" count="1" type="stmt"/>
        <line num="46" count="10" type="stmt"/>
      </file>
    </package>
    <package name="src.components.Pokedex2">
      <metrics statements="18" coveredstatements="16" conditionals="18" coveredconditionals="18" methods="4" coveredmethods="2"/>
      <file name="PokemonAbilities.jsx" path="/home/aarcon/Desktop/Personal/Lumi/luminescent-team/src/components/Pokedex2/PokemonAbilities.jsx">
        <metrics statements="18" coveredstatements="16" conditionals="18" coveredconditionals="18" methods="4" coveredmethods="2"/>
        <line num="6" count="1" type="stmt"/>
        <line num="7" count="5" type="cond" truecount="2" falsecount="0"/>
        <line num="8" count="5" type="cond" truecount="2" falsecount="0"/>
        <line num="9" count="5" type="cond" truecount="2" falsecount="0"/>
        <line num="11" count="5" type="cond" truecount="2" falsecount="0"/>
        <line num="12" count="1" type="stmt"/>
        <line num="19" count="4" type="cond" truecount="2" falsecount="0"/>
        <line num="20" count="1" type="stmt"/>
        <line num="28" count="3" type="cond" truecount="2" falsecount="0"/>
        <line num="29" count="2" type="stmt"/>
        <line num="37" count="1" type="stmt"/>
        <line num="46" count="1" type="stmt"/>
        <line num="47" count="10" type="stmt"/>
        <line num="49" count="10" type="stmt"/>
        <line num="50" count="0" type="stmt"/>
        <line num="53" count="10" type="stmt"/>
        <line num="54" count="0" type="stmt"/>
        <line num="56" count="10" type="stmt"/>
      </file>
    </package>
    <package name="src.core">
      <metrics statements="47" coveredstatements="46" conditionals="23" coveredconditionals="17" methods="10" coveredmethods="10"/>
      <file name="genderRatioConverter.js" path="/home/aarcon/Desktop/Personal/Lumi/luminescent-team/src/core/genderRatioConverter.js">
        <metrics statements="14" coveredstatements="13" conditionals="6" coveredconditionals="5" methods="1" coveredmethods="1"/>
        <line num="1" count="1" type="stmt"/>
        <line num="2" count="7" type="cond" truecount="2" falsecount="0"/>
        <line num="3" count="1" type="stmt"/>
        <line num="5" count="6" type="cond" truecount="2" falsecount="0"/>
        <line num="6" count="5" type="stmt"/>
        <line num="7" count="5" type="stmt"/>
        <line num="8" count="5" type="stmt"/>
        <line num="9" count="5" type="stmt"/>
        <line num="10" count="5" type="stmt"/>
        <line num="11" count="5" type="stmt"/>
        <line num="12" count="5" type="stmt"/>
        <line num="17" count="1" type="cond" truecount="1" falsecount="1"/>
        <line num="18" count="1" type="stmt"/>
        <line num="20" count="0" type="stmt"/>
      </file>
      <file name="pokemonFormSelector.js" path="/home/aarcon/Desktop/Personal/Lumi/luminescent-team/src/core/pokemonFormSelector.js">
        <metrics statements="14" coveredstatements="14" conditionals="7" coveredconditionals="6" methods="4" coveredmethods="4"/>
        <line num="3" count="1" type="stmt"/>
        <line num="5" count="1" type="stmt"/>
        <line num="6" count="1466" type="cond" truecount="2" falsecount="0"/>
        <line num="7" count="1011" type="stmt"/>
        <line num="10" count="1466" type="cond" truecount="2" falsecount="0"/>
        <line num="11" count="1466" type="cond" truecount="2" falsecount="0"/>
        <line num="12" count="1466" type="stmt"/>
        <line num="14" count="1466" type="stmt"/>
        <line num="17" count="1" type="stmt"/>
        <line num="18" count="5075" type="stmt"/>
        <line num="21" count="1" type="cond" truecount="0" falsecount="1"/>
        <line num="22" count="1473" type="stmt"/>
        <line num="23" count="1473" type="stmt"/>
        <line num="24" count="1473" type="stmt"/>
      </file>
      <file name="pokemonStatCalculation.js" path="/home/aarcon/Desktop/Personal/Lumi/luminescent-team/src/core/pokemonStatCalculation.js">
        <metrics statements="19" coveredstatements="19" conditionals="10" coveredconditionals="6" methods="5" coveredmethods="5"/>
        <line num="1" count="1" type="stmt"/>
        <line num="7" count="1" type="stmt"/>
        <line num="12" count="1" type="stmt"/>
        <line num="17" count="1" type="cond" truecount="0" falsecount="2"/>
        <line num="18" count="16" type="cond" truecount="2" falsecount="0"/>
        <line num="19" count="8" type="cond" truecount="1" falsecount="1"/>
        <line num="20" count="8" type="stmt"/>
        <line num="24" count="8" type="stmt"/>
        <line num="26" count="8" type="cond" truecount="3" falsecount="1"/>
        <line num="27" count="8" type="stmt"/>
        <line num="30" count="8" type="stmt"/>
        <line num="33" count="1" type="stmt"/>
        <line num="34" count="4" type="stmt"/>
        <line num="37" count="1" type="stmt"/>
        <line num="38" count="4" type="stmt"/>
        <line num="41" count="1" type="stmt"/>
        <line num="42" count="4" type="stmt"/>
        <line num="45" count="1" type="stmt"/>
        <line num="46" count="4" type="stmt"/>
      </file>
    </package>
    <package name="src.utils.dex">
      <metrics statements="252" coveredstatements="237" conditionals="224" coveredconditionals="184" methods="66" coveredmethods="60"/>
      <file name="ability.js" path="/home/aarcon/Desktop/Personal/Lumi/luminescent-team/src/utils/dex/ability.js">
        <metrics statements="16" coveredstatements="16" conditionals="23" coveredconditionals="20" methods="6" coveredmethods="6"/>
        <line num="1" count="2" type="stmt"/>
        <line num="4" count="2" type="cond" truecount="2" falsecount="0"/>
        <line num="5" count="2" type="cond" truecount="4" falsecount="0"/>
        <line num="6" count="1" type="stmt"/>
        <line num="10" count="12" type="cond" truecount="1" falsecount="1"/>
        <line num="12" count="679" type="stmt"/>
        <line num="14" count="12" type="cond" truecount="2" falsecount="0"/>
        <line num="15" count="11" type="stmt"/>
        <line num="19" count="2" type="cond" truecount="2" falsecount="0"/>
        <line num="20" count="2" type="cond" truecount="4" falsecount="0"/>
        <line num="21" count="1" type="stmt"/>
        <line num="25" count="12" type="stmt"/>
        <line num="26" count="12" type="cond" truecount="5" falsecount="0"/>
        <line num="27" count="11" type="stmt"/>
        <line num="28" count="22" type="stmt"/>
        <line num="31" count="11" type="stmt"/>
      </file>
      <file name="details.js" path="/home/aarcon/Desktop/Personal/Lumi/luminescent-team/src/utils/dex/details.js">
        <metrics statements="17" coveredstatements="17" conditionals="10" coveredconditionals="8" methods="2" coveredmethods="2"/>
        <line num="3" count="1" type="stmt"/>
        <line num="4" count="1" type="stmt"/>
        <line num="5" count="1" type="stmt"/>
        <line num="8" count="2" type="cond" truecount="2" falsecount="0"/>
        <line num="10" count="2" type="cond" truecount="2" falsecount="0"/>
        <line num="12" count="1" type="stmt"/>
        <line num="13" count="1" type="stmt"/>
        <line num="14" count="1" type="stmt"/>
        <line num="16" count="1" type="stmt"/>
        <line num="17" count="1" type="stmt"/>
        <line num="18" count="1" type="stmt"/>
        <line num="22" count="2" type="cond" truecount="2" falsecount="0"/>
        <line num="24" count="2" type="cond" truecount="2" falsecount="0"/>
        <line num="26" count="1" type="stmt"/>
        <line num="27" count="1" type="stmt"/>
        <line num="29" count="1" type="stmt"/>
        <line num="30" count="1" type="stmt"/>
      </file>
      <file name="egggroup.js" path="/home/aarcon/Desktop/Personal/Lumi/luminescent-team/src/utils/dex/egggroup.js">
        <metrics statements="22" coveredstatements="22" conditionals="24" coveredconditionals="21" methods="4" coveredmethods="4"/>
        <line num="3" count="1" type="stmt"/>
        <line num="22" count="1" type="stmt"/>
        <line num="23" count="1" type="stmt"/>
        <line num="26" count="7" type="cond" truecount="5" falsecount="0"/>
        <line num="27" count="2" type="stmt"/>
        <line num="29" count="5" type="stmt"/>
        <line num="30" count="5" type="stmt"/>
        <line num="31" count="5" type="stmt"/>
        <line num="32" count="5" type="cond" truecount="2" falsecount="0"/>
        <line num="36" count="15" type="cond" truecount="5" falsecount="0"/>
        <line num="37" count="7" type="stmt"/>
        <line num="38" count="8" type="stmt"/>
        <line num="43" count="1466" type="cond" truecount="2" falsecount="0"/>
        <line num="44" count="12" type="stmt"/>
        <line num="47" count="1466" type="cond" truecount="2" falsecount="0"/>
        <line num="48" count="4" type="stmt"/>
        <line num="51" count="1466" type="stmt"/>
        <line num="52" count="1466" type="stmt"/>
        <line num="53" count="1466" type="stmt"/>
        <line num="57" count="6" type="cond" truecount="5" falsecount="0"/>
        <line num="58" count="3" type="stmt"/>
        <line num="59" count="3" type="stmt"/>
      </file>
      <file name="evolution.js" path="/home/aarcon/Desktop/Personal/Lumi/luminescent-team/src/utils/dex/evolution.js">
        <metrics statements="50" coveredstatements="43" conditionals="26" coveredconditionals="21" methods="6" coveredmethods="4"/>
        <line num="7" count="3" type="cond" truecount="1" falsecount="1"/>
        <line num="8" count="0" type="stmt"/>
        <line num="10" count="3" type="cond" truecount="5" falsecount="0"/>
        <line num="11" count="2" type="stmt"/>
        <line num="12" count="2" type="stmt"/>
        <line num="13" count="2" type="stmt"/>
        <line num="14" count="2" type="cond" truecount="1" falsecount="1"/>
        <line num="15" count="0" type="stmt"/>
        <line num="16" count="0" type="stmt"/>
        <line num="18" count="2" type="stmt"/>
        <line num="19" count="2" type="stmt"/>
        <line num="21" count="2" type="stmt"/>
        <line num="25" count="218" type="cond" truecount="4" falsecount="0"/>
        <line num="26" count="2" type="stmt"/>
        <line num="29" count="216" type="stmt"/>
        <line num="30" count="216" type="cond" truecount="1" falsecount="1"/>
        <line num="31" count="0" type="stmt"/>
        <line num="34" count="216" type="cond" truecount="2" falsecount="0"/>
        <line num="36" count="216" type="stmt"/>
        <line num="38" count="216" type="stmt"/>
        <line num="41" count="167" type="stmt"/>
        <line num="43" count="216" type="stmt"/>
        <line num="47" count="0" type="stmt"/>
        <line num="52" count="0" type="stmt"/>
        <line num="56" count="216" type="stmt"/>
        <line num="58" count="216" type="cond" truecount="1" falsecount="1"/>
        <line num="59" count="0" type="stmt"/>
        <line num="62" count="216" type="stmt"/>
        <line num="63" count="416" type="stmt"/>
        <line num="64" count="416" type="stmt"/>
        <line num="65" count="416" type="stmt"/>
        <line num="66" count="416" type="stmt"/>
        <line num="67" count="416" type="stmt"/>
        <line num="68" count="416" type="stmt"/>
        <line num="70" count="416" type="stmt"/>
        <line num="71" count="1358" type="stmt"/>
        <line num="72" count="1358" type="stmt"/>
        <line num="73" count="1358" type="stmt"/>
        <line num="74" count="1358" type="stmt"/>
        <line num="75" count="1358" type="stmt"/>
        <line num="77" count="1358" type="stmt"/>
        <line num="78" count="1358" type="cond" truecount="2" falsecount="0"/>
        <line num="79" count="213" type="stmt"/>
        <line num="80" count="213" type="stmt"/>
        <line num="81" count="213" type="stmt"/>
        <line num="82" count="213" type="stmt"/>
        <line num="83" count="213" type="stmt"/>
        <line num="86" count="416" type="cond" truecount="2" falsecount="0"/>
        <line num="87" count="167" type="stmt"/>
        <line num="96" count="49" type="stmt"/>
      </file>
      <file name="evolutionConstants.js" path="/home/aarcon/Desktop/Personal/Lumi/luminescent-team/src/utils/dex/evolutionConstants.js">
        <metrics statements="2" coveredstatements="2" conditionals="0" coveredconditionals="0" methods="0" coveredmethods="0"/>
        <line num="7" count="1" type="stmt"/>
        <line num="9" count="1" type="stmt"/>
      </file>
      <file name="functions.js" path="/home/aarcon/Desktop/Personal/Lumi/luminescent-team/src/utils/dex/functions.js">
        <metrics statements="25" coveredstatements="22" conditionals="26" coveredconditionals="24" methods="11" coveredmethods="9"/>
        <line num="5" count="4" type="stmt"/>
        <line num="8" count="5866" type="cond" truecount="2" falsecount="0"/>
        <line num="9" count="4045" type="stmt"/>
        <line num="12" count="5866" type="stmt"/>
        <line num="13" count="5866" type="stmt"/>
        <line num="17" count="3" type="cond" truecount="2" falsecount="0"/>
        <line num="21" count="4" type="cond" truecount="2" falsecount="0"/>
        <line num="22" count="3" type="cond" truecount="2" falsecount="0"/>
        <line num="23" count="2" type="cond" truecount="2" falsecount="0"/>
        <line num="24" count="1" type="stmt"/>
        <line num="28" count="5" type="stmt"/>
        <line num="29" count="5" type="stmt"/>
        <line num="30" count="5" type="stmt"/>
        <line num="34" count="1" type="stmt"/>
        <line num="38" count="16" type="cond" truecount="2" falsecount="0"/>
        <line num="39" count="14" type="cond" truecount="2" falsecount="0"/>
        <line num="40" count="11" type="cond" truecount="2" falsecount="0"/>
        <line num="41" count="8" type="cond" truecount="2" falsecount="0"/>
        <line num="42" count="5" type="cond" truecount="2" falsecount="0"/>
        <line num="43" count="2" type="stmt"/>
        <line num="47" count="460267" type="cond" truecount="2" falsecount="0"/>
        <line num="51" count="2" type="stmt"/>
        <line num="55" count="0" type="stmt"/>
        <line num="56" count="0" type="stmt"/>
        <line num="57" count="0" type="stmt"/>
      </file>
      <file name="item.js" path="/home/aarcon/Desktop/Personal/Lumi/luminescent-team/src/utils/dex/item.js">
        <metrics statements="8" coveredstatements="7" conditionals="7" coveredconditionals="5" methods="4" coveredmethods="3"/>
        <line num="1" count="2" type="stmt"/>
        <line num="4" count="3" type="cond" truecount="2" falsecount="0"/>
        <line num="5" count="2" type="cond" truecount="1" falsecount="1"/>
        <line num="6" count="0" type="stmt"/>
        <line num="7" count="2072" type="stmt"/>
        <line num="8" count="2" type="cond" truecount="2" falsecount="0"/>
        <line num="9" count="1" type="stmt"/>
        <line num="13" count="3" type="stmt"/>
      </file>
      <file name="moves.js" path="/home/aarcon/Desktop/Personal/Lumi/luminescent-team/src/utils/dex/moves.js">
        <metrics statements="66" coveredstatements="65" conditionals="66" coveredconditionals="52" methods="16" coveredmethods="16"/>
        <line num="14" count="2" type="stmt"/>
        <line num="15" count="2" type="stmt"/>
        <line num="22" count="8" type="cond" truecount="5" falsecount="0"/>
        <line num="23" count="3" type="stmt"/>
        <line num="26" count="5" type="cond" truecount="4" falsecount="0"/>
        <line num="27" count="2" type="stmt"/>
        <line num="30" count="3" type="stmt"/>
        <line num="31" count="63" type="cond" truecount="2" falsecount="0"/>
        <line num="32" count="33" type="stmt"/>
        <line num="34" count="3" type="cond" truecount="1" falsecount="1"/>
        <line num="35" count="0" type="stmt"/>
        <line num="37" count="3" type="stmt"/>
        <line num="39" count="3" type="cond" truecount="4" falsecount="4"/>
        <line num="41" count="3" type="stmt"/>
        <line num="45" count="22" type="cond" truecount="4" falsecount="0"/>
        <line num="46" count="66" type="stmt"/>
        <line num="50" count="6" type="cond" truecount="4" falsecount="0"/>
        <line num="51" count="1074" type="stmt"/>
        <line num="52" count="4" type="cond" truecount="2" falsecount="0"/>
        <line num="53" count="3" type="stmt"/>
        <line num="57" count="17" type="cond" truecount="4" falsecount="0"/>
        <line num="59" count="16" type="stmt"/>
        <line num="60" count="16" type="cond" truecount="4" falsecount="0"/>
        <line num="61" count="1" type="stmt"/>
        <line num="64" count="15" type="stmt"/>
        <line num="68" count="70" type="stmt"/>
        <line num="69" count="70" type="stmt"/>
        <line num="70" count="70" type="stmt"/>
        <line num="71" count="70" type="stmt"/>
        <line num="72" count="70" type="stmt"/>
        <line num="73" count="70" type="stmt"/>
        <line num="75" count="70" type="cond" truecount="1" falsecount="1"/>
        <line num="76" count="70" type="stmt"/>
        <line num="77" count="70" type="stmt"/>
        <line num="79" count="70" type="stmt"/>
        <line num="91" count="3" type="cond" truecount="4" falsecount="0"/>
        <line num="92" count="2" type="stmt"/>
        <line num="93" count="2" type="stmt"/>
        <line num="94" count="5" type="cond" truecount="3" falsecount="1"/>
        <line num="95" count="14" type="stmt"/>
        <line num="102" count="70" type="stmt"/>
        <line num="103" count="70" type="stmt"/>
        <line num="104" count="154" type="stmt"/>
        <line num="106" count="70" type="stmt"/>
        <line num="110" count="5" type="stmt"/>
        <line num="111" count="5" type="stmt"/>
        <line num="113" count="5" type="stmt"/>
        <line num="114" count="160" type="stmt"/>
        <line num="116" count="5" type="stmt"/>
        <line num="117" count="160" type="stmt"/>
        <line num="119" count="5" type="stmt"/>
        <line num="120" count="160" type="stmt"/>
        <line num="122" count="5" type="stmt"/>
        <line num="123" count="160" type="stmt"/>
        <line num="126" count="5" type="stmt"/>
        <line num="130" count="3" type="stmt"/>
        <line num="132" count="3" type="stmt"/>
        <line num="133" count="3" type="stmt"/>
        <line num="134" count="315" type="stmt"/>
        <line num="136" count="315" type="stmt"/>
        <line num="137" count="315" type="stmt"/>
        <line num="139" count="315" type="cond" truecount="2" falsecount="0"/>
        <line num="140" count="66" type="stmt"/>
        <line num="144" count="3" type="stmt"/>
        <line num="148" count="7" type="cond" truecount="4" falsecount="0"/>
        <line num="149" count="4" type="cond" truecount="1" falsecount="1"/>
      </file>
      <file name="name.js" path="/home/aarcon/Desktop/Personal/Lumi/luminescent-team/src/utils/dex/name.js">
        <metrics statements="35" coveredstatements="32" conditionals="32" coveredconditionals="26" methods="12" coveredmethods="11"/>
        <line num="4" count="3" type="stmt"/>
        <line num="5" count="3" type="stmt"/>
        <line num="7" count="4402" type="stmt"/>
        <line num="8" count="4402" type="stmt"/>
        <line num="10" count="4402" type="stmt"/>
        <line num="11" count="4402" type="cond" truecount="4" falsecount="0"/>
        <line num="12" count="3036" type="stmt"/>
        <line num="13" count="3036" type="stmt"/>
        <line num="16" count="1366" type="stmt"/>
        <line num="17" count="1366" type="cond" truecount="4" falsecount="0"/>
        <line num="18" count="1347" type="stmt"/>
        <line num="19" count="1347" type="stmt"/>
        <line num="22" count="19" type="stmt"/>
        <line num="23" count="18" type="stmt"/>
        <line num="25" count="1" type="stmt"/>
        <line num="30" count="2" type="stmt"/>
        <line num="34" count="2" type="stmt"/>
        <line num="38" count="1507" type="stmt"/>
        <line num="39" count="5" type="cond" truecount="2" falsecount="0"/>
        <line num="43" count="26" type="cond" truecount="7" falsecount="0"/>
        <line num="45" count="4" type="stmt"/>
        <line num="47" count="4" type="stmt"/>
        <line num="49" count="4" type="stmt"/>
        <line num="51" count="4" type="stmt"/>
        <line num="53" count="4" type="stmt"/>
        <line num="55" count="4" type="stmt"/>
        <line num="57" count="2" type="stmt"/>
        <line num="62" count="7" type="cond" truecount="2" falsecount="0"/>
        <line num="63" count="2055" type="stmt"/>
        <line num="67" count="4" type="cond" truecount="4" falsecount="0"/>
        <line num="68" count="2" type="stmt"/>
        <line num="72" count="35" type="cond" truecount="2" falsecount="0"/>
        <line num="76" count="0" type="stmt"/>
        <line num="77" count="0" type="stmt"/>
        <line num="78" count="0" type="stmt"/>
      </file>
      <file name="nature.js" path="/home/aarcon/Desktop/Personal/Lumi/luminescent-team/src/utils/dex/nature.js">
        <metrics statements="6" coveredstatements="6" conditionals="5" coveredconditionals="4" methods="3" coveredmethods="3"/>
        <line num="1" count="1" type="stmt"/>
        <line num="4" count="3" type="cond" truecount="2" falsecount="0"/>
        <line num="5" count="26" type="stmt"/>
        <line num="6" count="2" type="cond" truecount="2" falsecount="0"/>
        <line num="7" count="1" type="stmt"/>
        <line num="11" count="1" type="stmt"/>
      </file>
      <file name="types.js" path="/home/aarcon/Desktop/Personal/Lumi/luminescent-team/src/utils/dex/types.js">
        <metrics statements="5" coveredstatements="5" conditionals="5" coveredconditionals="3" methods="2" coveredmethods="2"/>
        <line num="1" count="2" type="stmt"/>
        <line num="4" count="6" type="stmt"/>
        <line num="5" count="6" type="cond" truecount="1" falsecount="1"/>
        <line num="6" count="6" type="stmt"/>
        <line num="10" count="2" type="cond" truecount="2" falsecount="0"/>
      </file>
    </package>
  </project>
</coverage>
