{"/home/aarcon/Desktop/Personal/Lumi/luminescent-team/plugins/pokedex-data-plugin/dex/ability.js": {"path":"/home/aarcon/Desktop/Personal/Lumi/luminescent-team/plugins/pokedex-data-plugin/dex/ability.js","statementMap":{"0":{"start":{"line":1,"column":38},"end":{"line":1,"column":55}},"1":{"start":{"line":2,"column":40},"end":{"line":2,"column":58}},"2":{"start":{"line":5,"column":23},"end":{"line":5,"column":68}},"3":{"start":{"line":6,"column":24},"end":{"line":6,"column":93}},"4":{"start":{"line":7,"column":2},"end":{"line":7,"column":92}},"5":{"start":{"line":7,"column":48},"end":{"line":7,"column":92}},"6":{"start":{"line":8,"column":2},"end":{"line":8,"column":30}},"7":{"start":{"line":12,"column":2},"end":{"line":12,"column":74}},"8":{"start":{"line":12,"column":22},"end":{"line":12,"column":74}},"9":{"start":{"line":13,"column":23},"end":{"line":13,"column":68}},"10":{"start":{"line":15,"column":20},"end":{"line":15,"column":106}},"11":{"start":{"line":15,"column":65},"end":{"line":15,"column":105}},"12":{"start":{"line":17,"column":2},"end":{"line":17,"column":76}},"13":{"start":{"line":17,"column":24},"end":{"line":17,"column":76}},"14":{"start":{"line":18,"column":2},"end":{"line":18,"column":19}},"15":{"start":{"line":22,"column":23},"end":{"line":22,"column":68}},"16":{"start":{"line":23,"column":22},"end":{"line":23,"column":91}},"17":{"start":{"line":24,"column":2},"end":{"line":24,"column":88}},"18":{"start":{"line":24,"column":44},"end":{"line":24,"column":88}},"19":{"start":{"line":25,"column":2},"end":{"line":25,"column":21}},"20":{"start":{"line":29,"column":22},"end":{"line":29,"column":65}},"21":{"start":{"line":30,"column":19},"end":{"line":30,"column":64}},"22":{"start":{"line":31,"column":2},"end":{"line":31,"column":90}},"23":{"start":{"line":31,"column":76},"end":{"line":31,"column":90}},"24":{"start":{"line":32,"column":22},"end":{"line":34,"column":8}},"25":{"start":{"line":33,"column":4},"end":{"line":33,"column":56}},"26":{"start":{"line":36,"column":2},"end":{"line":36,"column":28}},"27":{"start":{"line":39,"column":0},"end":{"line":39,"column":108}}},"fnMap":{"0":{"name":"makeSmogonAbilityObject","decl":{"start":{"line":4,"column":9},"end":{"line":4,"column":32}},"loc":{"start":{"line":4,"column":62},"end":{"line":9,"column":1}},"line":4},"1":{"name":"getAbilityIdFromAbilityName","decl":{"start":{"line":11,"column":9},"end":{"line":11,"column":36}},"loc":{"start":{"line":11,"column":66},"end":{"line":19,"column":1}},"line":11},"2":{"name":"(anonymous_2)","decl":{"start":{"line":15,"column":58},"end":{"line":15,"column":59}},"loc":{"start":{"line":15,"column":65},"end":{"line":15,"column":105}},"line":15},"3":{"name":"getAbilityString","decl":{"start":{"line":21,"column":9},"end":{"line":21,"column":25}},"loc":{"start":{"line":21,"column":55},"end":{"line":26,"column":1}},"line":21},"4":{"name":"getAbilityInfo","decl":{"start":{"line":28,"column":9},"end":{"line":28,"column":23}},"loc":{"start":{"line":28,"column":42},"end":{"line":37,"column":1}},"line":28},"5":{"name":"(anonymous_5)","decl":{"start":{"line":32,"column":38},"end":{"line":32,"column":39}},"loc":{"start":{"line":32,"column":77},"end":{"line":34,"column":3}},"line":32}},"branchMap":{"0":{"loc":{"start":{"line":4,"column":33},"end":{"line":4,"column":46}},"type":"default-arg","locations":[{"start":{"line":4,"column":45},"end":{"line":4,"column":46}}],"line":4},"1":{"loc":{"start":{"line":4,"column":48},"end":{"line":4,"column":60}},"type":"default-arg","locations":[{"start":{"line":4,"column":55},"end":{"line":4,"column":60}}],"line":4},"2":{"loc":{"start":{"line":5,"column":23},"end":{"line":5,"column":68}},"type":"cond-expr","locations":[{"start":{"line":5,"column":40},"end":{"line":5,"column":52}},{"start":{"line":5,"column":55},"end":{"line":5,"column":68}}],"line":5},"3":{"loc":{"start":{"line":6,"column":24},"end":{"line":6,"column":93}},"type":"binary-expr","locations":[{"start":{"line":6,"column":24},"end":{"line":6,"column":85}},{"start":{"line":6,"column":89},"end":{"line":6,"column":93}}],"line":6},"4":{"loc":{"start":{"line":7,"column":2},"end":{"line":7,"column":92}},"type":"if","locations":[{"start":{"line":7,"column":2},"end":{"line":7,"column":92}},{"start":{},"end":{}}],"line":7},"5":{"loc":{"start":{"line":7,"column":6},"end":{"line":7,"column":46}},"type":"binary-expr","locations":[{"start":{"line":7,"column":6},"end":{"line":7,"column":28}},{"start":{"line":7,"column":32},"end":{"line":7,"column":46}}],"line":7},"6":{"loc":{"start":{"line":11,"column":52},"end":{"line":11,"column":64}},"type":"default-arg","locations":[{"start":{"line":11,"column":59},"end":{"line":11,"column":64}}],"line":11},"7":{"loc":{"start":{"line":12,"column":2},"end":{"line":12,"column":74}},"type":"if","locations":[{"start":{"line":12,"column":2},"end":{"line":12,"column":74}},{"start":{},"end":{}}],"line":12},"8":{"loc":{"start":{"line":13,"column":23},"end":{"line":13,"column":68}},"type":"cond-expr","locations":[{"start":{"line":13,"column":40},"end":{"line":13,"column":52}},{"start":{"line":13,"column":55},"end":{"line":13,"column":68}}],"line":13},"9":{"loc":{"start":{"line":17,"column":2},"end":{"line":17,"column":76}},"type":"if","locations":[{"start":{"line":17,"column":2},"end":{"line":17,"column":76}},{"start":{},"end":{}}],"line":17},"10":{"loc":{"start":{"line":21,"column":26},"end":{"line":21,"column":39}},"type":"default-arg","locations":[{"start":{"line":21,"column":38},"end":{"line":21,"column":39}}],"line":21},"11":{"loc":{"start":{"line":21,"column":41},"end":{"line":21,"column":53}},"type":"default-arg","locations":[{"start":{"line":21,"column":48},"end":{"line":21,"column":53}}],"line":21},"12":{"loc":{"start":{"line":22,"column":23},"end":{"line":22,"column":68}},"type":"cond-expr","locations":[{"start":{"line":22,"column":40},"end":{"line":22,"column":52}},{"start":{"line":22,"column":55},"end":{"line":22,"column":68}}],"line":22},"13":{"loc":{"start":{"line":23,"column":22},"end":{"line":23,"column":91}},"type":"binary-expr","locations":[{"start":{"line":23,"column":22},"end":{"line":23,"column":83}},{"start":{"line":23,"column":87},"end":{"line":23,"column":91}}],"line":23},"14":{"loc":{"start":{"line":24,"column":2},"end":{"line":24,"column":88}},"type":"if","locations":[{"start":{"line":24,"column":2},"end":{"line":24,"column":88}},{"start":{},"end":{}}],"line":24},"15":{"loc":{"start":{"line":24,"column":6},"end":{"line":24,"column":42}},"type":"binary-expr","locations":[{"start":{"line":24,"column":6},"end":{"line":24,"column":26}},{"start":{"line":24,"column":30},"end":{"line":24,"column":42}}],"line":24},"16":{"loc":{"start":{"line":28,"column":28},"end":{"line":28,"column":40}},"type":"default-arg","locations":[{"start":{"line":28,"column":35},"end":{"line":28,"column":40}}],"line":28},"17":{"loc":{"start":{"line":29,"column":22},"end":{"line":29,"column":65}},"type":"cond-expr","locations":[{"start":{"line":29,"column":39},"end":{"line":29,"column":50}},{"start":{"line":29,"column":53},"end":{"line":29,"column":65}}],"line":29},"18":{"loc":{"start":{"line":31,"column":2},"end":{"line":31,"column":90}},"type":"if","locations":[{"start":{"line":31,"column":2},"end":{"line":31,"column":90}},{"start":{},"end":{}}],"line":31},"19":{"loc":{"start":{"line":31,"column":6},"end":{"line":31,"column":74}},"type":"binary-expr","locations":[{"start":{"line":31,"column":6},"end":{"line":31,"column":23}},{"start":{"line":31,"column":27},"end":{"line":31,"column":49}},{"start":{"line":31,"column":53},"end":{"line":31,"column":74}}],"line":31}},"s":{"0":4,"1":4,"2":2,"3":2,"4":2,"5":1,"6":1,"7":2,"8":0,"9":2,"10":2,"11":270,"12":2,"13":1,"14":1,"15":26951,"16":26951,"17":26951,"18":1,"19":26950,"20":2,"21":2,"22":2,"23":1,"24":1,"25":2,"26":1,"27":4},"f":{"0":2,"1":2,"2":270,"3":26951,"4":2,"5":2},"b":{"0":[0],"1":[2],"2":[2,0],"3":[2,1],"4":[1,1],"5":[2,1],"6":[2],"7":[0,2],"8":[2,0],"9":[1,1],"10":[0],"11":[2],"12":[13193,13758],"13":[26951,1],"14":[1,26950],"15":[26951,26950],"16":[2],"17":[2,0],"18":[1,1],"19":[2,2,1]},"_coverageSchema":"1a1c01bbd47fc00a2c39e90264f33305004495a9","hash":"378024e360f5031325be205b9d8ebc308cb4ac2a"}
,"/home/aarcon/Desktop/Personal/Lumi/luminescent-team/plugins/pokedex-data-plugin/dex/data.js": {"path":"/home/aarcon/Desktop/Personal/Lumi/luminescent-team/plugins/pokedex-data-plugin/dex/data.js","statementMap":{"0":{"start":{"line":2,"column":22},"end":{"line":2,"column":71}},"1":{"start":{"line":3,"column":20},"end":{"line":3,"column":67}},"2":{"start":{"line":4,"column":22},"end":{"line":4,"column":73}},"3":{"start":{"line":5,"column":22},"end":{"line":5,"column":71}},"4":{"start":{"line":6,"column":19},"end":{"line":6,"column":64}},"5":{"start":{"line":7,"column":18},"end":{"line":7,"column":63}},"6":{"start":{"line":8,"column":22},"end":{"line":8,"column":67}},"7":{"start":{"line":11,"column":25},"end":{"line":11,"column":80}},"8":{"start":{"line":12,"column":25},"end":{"line":12,"column":80}},"9":{"start":{"line":13,"column":22},"end":{"line":13,"column":79}},"10":{"start":{"line":14,"column":22},"end":{"line":14,"column":79}},"11":{"start":{"line":15,"column":23},"end":{"line":15,"column":78}},"12":{"start":{"line":16,"column":27},"end":{"line":16,"column":89}},"13":{"start":{"line":19,"column":20},"end":{"line":19,"column":74}},"14":{"start":{"line":20,"column":21},"end":{"line":20,"column":75}},"15":{"start":{"line":21,"column":20},"end":{"line":21,"column":78}},"16":{"start":{"line":22,"column":17},"end":{"line":22,"column":72}},"17":{"start":{"line":23,"column":18},"end":{"line":23,"column":73}},"18":{"start":{"line":24,"column":17},"end":{"line":24,"column":72}},"19":{"start":{"line":25,"column":18},"end":{"line":25,"column":73}},"20":{"start":{"line":28,"column":17},"end":{"line":28,"column":61}},"21":{"start":{"line":29,"column":20},"end":{"line":29,"column":67}},"22":{"start":{"line":30,"column":19},"end":{"line":30,"column":65}},"23":{"start":{"line":32,"column":0},"end":{"line":56,"column":2}}},"fnMap":{},"branchMap":{},"s":{"0":10,"1":10,"2":10,"3":10,"4":10,"5":10,"6":10,"7":10,"8":10,"9":10,"10":10,"11":10,"12":10,"13":10,"14":10,"15":10,"16":10,"17":10,"18":10,"19":10,"20":10,"21":10,"22":10,"23":10},"f":{},"b":{},"_coverageSchema":"1a1c01bbd47fc00a2c39e90264f33305004495a9","hash":"84e5b016602f67269658d1b893b8e637ff9e5c10"}
,"/home/aarcon/Desktop/Personal/Lumi/luminescent-team/plugins/pokedex-data-plugin/dex/data3.js": {"path":"/home/aarcon/Desktop/Personal/Lumi/luminescent-team/plugins/pokedex-data-plugin/dex/data3.js","statementMap":{"0":{"start":{"line":2,"column":23},"end":{"line":2,"column":75}},"1":{"start":{"line":3,"column":21},"end":{"line":3,"column":71}},"2":{"start":{"line":4,"column":23},"end":{"line":4,"column":77}},"3":{"start":{"line":5,"column":23},"end":{"line":5,"column":75}},"4":{"start":{"line":6,"column":20},"end":{"line":6,"column":68}},"5":{"start":{"line":7,"column":19},"end":{"line":7,"column":67}},"6":{"start":{"line":8,"column":23},"end":{"line":8,"column":71}},"7":{"start":{"line":11,"column":26},"end":{"line":11,"column":84}},"8":{"start":{"line":12,"column":26},"end":{"line":12,"column":84}},"9":{"start":{"line":13,"column":23},"end":{"line":13,"column":83}},"10":{"start":{"line":14,"column":23},"end":{"line":14,"column":83}},"11":{"start":{"line":15,"column":24},"end":{"line":15,"column":82}},"12":{"start":{"line":16,"column":28},"end":{"line":16,"column":93}},"13":{"start":{"line":19,"column":21},"end":{"line":19,"column":78}},"14":{"start":{"line":20,"column":22},"end":{"line":20,"column":79}},"15":{"start":{"line":21,"column":21},"end":{"line":21,"column":82}},"16":{"start":{"line":22,"column":18},"end":{"line":22,"column":76}},"17":{"start":{"line":23,"column":19},"end":{"line":23,"column":77}},"18":{"start":{"line":24,"column":18},"end":{"line":24,"column":76}},"19":{"start":{"line":25,"column":19},"end":{"line":25,"column":77}},"20":{"start":{"line":28,"column":18},"end":{"line":28,"column":65}},"21":{"start":{"line":29,"column":21},"end":{"line":29,"column":71}},"22":{"start":{"line":30,"column":20},"end":{"line":30,"column":69}},"23":{"start":{"line":32,"column":0},"end":{"line":56,"column":2}}},"fnMap":{},"branchMap":{},"s":{"0":8,"1":8,"2":8,"3":8,"4":8,"5":8,"6":8,"7":8,"8":8,"9":8,"10":8,"11":8,"12":8,"13":8,"14":8,"15":8,"16":8,"17":8,"18":8,"19":8,"20":8,"21":8,"22":8,"23":8},"f":{},"b":{},"_coverageSchema":"1a1c01bbd47fc00a2c39e90264f33305004495a9","hash":"799b867786d50fcc759b8e28020fa10f73ed22fa"}
,"/home/aarcon/Desktop/Personal/Lumi/luminescent-team/plugins/pokedex-data-plugin/dex/details.js": {"path":"/home/aarcon/Desktop/Personal/Lumi/luminescent-team/plugins/pokedex-data-plugin/dex/details.js","statementMap":{"0":{"start":{"line":1,"column":41},"end":{"line":1,"column":58}},"1":{"start":{"line":2,"column":43},"end":{"line":2,"column":61}},"2":{"start":{"line":4,"column":19},"end":{"line":4,"column":24}},"3":{"start":{"line":5,"column":21},"end":{"line":5,"column":25}},"4":{"start":{"line":6,"column":21},"end":{"line":6,"column":29}},"5":{"start":{"line":9,"column":24},"end":{"line":9,"column":71}},"6":{"start":{"line":10,"column":23},"end":{"line":10,"column":93}},"7":{"start":{"line":12,"column":2},"end":{"line":12,"column":40}},"8":{"start":{"line":12,"column":29},"end":{"line":12,"column":40}},"9":{"start":{"line":14,"column":37},"end":{"line":14,"column":60}},"10":{"start":{"line":15,"column":17},"end":{"line":15,"column":79}},"11":{"start":{"line":16,"column":15},"end":{"line":16,"column":35}},"12":{"start":{"line":18,"column":28},"end":{"line":18,"column":45}},"13":{"start":{"line":19,"column":30},"end":{"line":19,"column":51}},"14":{"start":{"line":20,"column":2},"end":{"line":20,"column":70}},"15":{"start":{"line":24,"column":24},"end":{"line":24,"column":71}},"16":{"start":{"line":25,"column":23},"end":{"line":25,"column":93}},"17":{"start":{"line":27,"column":2},"end":{"line":27,"column":40}},"18":{"start":{"line":27,"column":29},"end":{"line":27,"column":40}},"19":{"start":{"line":29,"column":25},"end":{"line":29,"column":48}},"20":{"start":{"line":30,"column":17},"end":{"line":30,"column":48}},"21":{"start":{"line":32,"column":27},"end":{"line":32,"column":48}},"22":{"start":{"line":33,"column":2},"end":{"line":33,"column":37}},"23":{"start":{"line":36,"column":0},"end":{"line":36,"column":42}}},"fnMap":{"0":{"name":"getHeight","decl":{"start":{"line":8,"column":9},"end":{"line":8,"column":18}},"loc":{"start":{"line":8,"column":48},"end":{"line":21,"column":1}},"line":8},"1":{"name":"getWeight","decl":{"start":{"line":23,"column":9},"end":{"line":23,"column":18}},"loc":{"start":{"line":23,"column":48},"end":{"line":34,"column":1}},"line":23}},"branchMap":{"0":{"loc":{"start":{"line":8,"column":19},"end":{"line":8,"column":32}},"type":"default-arg","locations":[{"start":{"line":8,"column":31},"end":{"line":8,"column":32}}],"line":8},"1":{"loc":{"start":{"line":8,"column":34},"end":{"line":8,"column":46}},"type":"default-arg","locations":[{"start":{"line":8,"column":41},"end":{"line":8,"column":46}}],"line":8},"2":{"loc":{"start":{"line":9,"column":24},"end":{"line":9,"column":71}},"type":"cond-expr","locations":[{"start":{"line":9,"column":41},"end":{"line":9,"column":54}},{"start":{"line":9,"column":57},"end":{"line":9,"column":71}}],"line":9},"3":{"loc":{"start":{"line":10,"column":23},"end":{"line":10,"column":93}},"type":"binary-expr","locations":[{"start":{"line":10,"column":23},"end":{"line":10,"column":85}},{"start":{"line":10,"column":89},"end":{"line":10,"column":93}}],"line":10},"4":{"loc":{"start":{"line":12,"column":2},"end":{"line":12,"column":40}},"type":"if","locations":[{"start":{"line":12,"column":2},"end":{"line":12,"column":40}},{"start":{},"end":{}}],"line":12},"5":{"loc":{"start":{"line":23,"column":19},"end":{"line":23,"column":32}},"type":"default-arg","locations":[{"start":{"line":23,"column":31},"end":{"line":23,"column":32}}],"line":23},"6":{"loc":{"start":{"line":23,"column":34},"end":{"line":23,"column":46}},"type":"default-arg","locations":[{"start":{"line":23,"column":41},"end":{"line":23,"column":46}}],"line":23},"7":{"loc":{"start":{"line":24,"column":24},"end":{"line":24,"column":71}},"type":"cond-expr","locations":[{"start":{"line":24,"column":41},"end":{"line":24,"column":54}},{"start":{"line":24,"column":57},"end":{"line":24,"column":71}}],"line":24},"8":{"loc":{"start":{"line":25,"column":23},"end":{"line":25,"column":93}},"type":"binary-expr","locations":[{"start":{"line":25,"column":23},"end":{"line":25,"column":85}},{"start":{"line":25,"column":89},"end":{"line":25,"column":93}}],"line":25},"9":{"loc":{"start":{"line":27,"column":2},"end":{"line":27,"column":40}},"type":"if","locations":[{"start":{"line":27,"column":2},"end":{"line":27,"column":40}},{"start":{},"end":{}}],"line":27}},"s":{"0":2,"1":2,"2":2,"3":2,"4":2,"5":2,"6":2,"7":2,"8":1,"9":1,"10":1,"11":1,"12":1,"13":1,"14":1,"15":2,"16":2,"17":2,"18":1,"19":1,"20":1,"21":1,"22":1,"23":2},"f":{"0":2,"1":2},"b":{"0":[0],"1":[2],"2":[2,0],"3":[2,1],"4":[1,1],"5":[0],"6":[2],"7":[2,0],"8":[2,1],"9":[1,1]},"_coverageSchema":"1a1c01bbd47fc00a2c39e90264f33305004495a9","hash":"fc9bf3ed35e80d51013541ebbf3c32fe6f615b20"}
,"/home/aarcon/Desktop/Personal/Lumi/luminescent-team/plugins/pokedex-data-plugin/dex/egggroup.js": {"path":"/home/aarcon/Desktop/Personal/Lumi/luminescent-team/plugins/pokedex-data-plugin/dex/egggroup.js","statementMap":{"0":{"start":{"line":1,"column":26},"end":{"line":1,"column":43}},"1":{"start":{"line":2,"column":27},"end":{"line":2,"column":45}},"2":{"start":{"line":4,"column":19},"end":{"line":21,"column":1}},"3":{"start":{"line":23,"column":33},"end":{"line":25,"column":6}},"4":{"start":{"line":24,"column":2},"end":{"line":24,"column":71}},"5":{"start":{"line":26,"column":34},"end":{"line":28,"column":6}},"6":{"start":{"line":27,"column":2},"end":{"line":27,"column":71}},"7":{"start":{"line":30,"column":29},"end":{"line":30,"column":31}},"8":{"start":{"line":33,"column":24},"end":{"line":33,"column":71}},"9":{"start":{"line":34,"column":2},"end":{"line":35,"column":51}},"10":{"start":{"line":35,"column":4},"end":{"line":35,"column":51}},"11":{"start":{"line":37,"column":25},"end":{"line":37,"column":58}},"12":{"start":{"line":38,"column":20},"end":{"line":38,"column":45}},"13":{"start":{"line":39,"column":20},"end":{"line":39,"column":45}},"14":{"start":{"line":40,"column":2},"end":{"line":40,"column":72}},"15":{"start":{"line":44,"column":2},"end":{"line":45,"column":53}},"16":{"start":{"line":45,"column":4},"end":{"line":45,"column":53}},"17":{"start":{"line":46,"column":2},"end":{"line":46,"column":32}},"18":{"start":{"line":51,"column":2},"end":{"line":53,"column":3}},"19":{"start":{"line":52,"column":4},"end":{"line":52,"column":54}},"20":{"start":{"line":55,"column":2},"end":{"line":57,"column":3}},"21":{"start":{"line":56,"column":4},"end":{"line":56,"column":54}},"22":{"start":{"line":59,"column":2},"end":{"line":59,"column":63}},"23":{"start":{"line":60,"column":2},"end":{"line":60,"column":63}},"24":{"start":{"line":61,"column":2},"end":{"line":61,"column":20}},"25":{"start":{"line":65,"column":2},"end":{"line":66,"column":53}},"26":{"start":{"line":66,"column":4},"end":{"line":66,"column":53}},"27":{"start":{"line":67,"column":29},"end":{"line":67,"column":98}},"28":{"start":{"line":68,"column":2},"end":{"line":68,"column":52}},"29":{"start":{"line":71,"column":0},"end":{"line":71,"column":91}}},"fnMap":{"0":{"name":"(anonymous_0)","decl":{"start":{"line":23,"column":63},"end":{"line":23,"column":64}},"loc":{"start":{"line":23,"column":95},"end":{"line":25,"column":1}},"line":23},"1":{"name":"(anonymous_1)","decl":{"start":{"line":26,"column":65},"end":{"line":26,"column":66}},"loc":{"start":{"line":26,"column":97},"end":{"line":28,"column":1}},"line":26},"2":{"name":"getEggGroupViaPokemonId","decl":{"start":{"line":32,"column":9},"end":{"line":32,"column":32}},"loc":{"start":{"line":32,"column":62},"end":{"line":41,"column":1}},"line":32},"3":{"name":"getEggGroupNameById","decl":{"start":{"line":43,"column":9},"end":{"line":43,"column":28}},"loc":{"start":{"line":43,"column":45},"end":{"line":47,"column":1}},"line":43},"4":{"name":"createPokemonByEggGroupMap","decl":{"start":{"line":49,"column":9},"end":{"line":49,"column":35}},"loc":{"start":{"line":49,"column":64},"end":{"line":62,"column":1}},"line":49},"5":{"name":"getPokemonIdsInEggGroup","decl":{"start":{"line":64,"column":9},"end":{"line":64,"column":32}},"loc":{"start":{"line":64,"column":63},"end":{"line":69,"column":1}},"line":64}},"branchMap":{"0":{"loc":{"start":{"line":32,"column":33},"end":{"line":32,"column":46}},"type":"default-arg","locations":[{"start":{"line":32,"column":45},"end":{"line":32,"column":46}}],"line":32},"1":{"loc":{"start":{"line":32,"column":48},"end":{"line":32,"column":60}},"type":"default-arg","locations":[{"start":{"line":32,"column":55},"end":{"line":32,"column":60}}],"line":32},"2":{"loc":{"start":{"line":33,"column":24},"end":{"line":33,"column":71}},"type":"cond-expr","locations":[{"start":{"line":33,"column":41},"end":{"line":33,"column":54}},{"start":{"line":33,"column":57},"end":{"line":33,"column":71}}],"line":33},"3":{"loc":{"start":{"line":34,"column":2},"end":{"line":35,"column":51}},"type":"if","locations":[{"start":{"line":34,"column":2},"end":{"line":35,"column":51}},{"start":{},"end":{}}],"line":34},"4":{"loc":{"start":{"line":34,"column":6},"end":{"line":34,"column":96}},"type":"binary-expr","locations":[{"start":{"line":34,"column":6},"end":{"line":34,"column":34}},{"start":{"line":34,"column":38},"end":{"line":34,"column":51}},{"start":{"line":34,"column":55},"end":{"line":34,"column":96}}],"line":34},"5":{"loc":{"start":{"line":40,"column":9},"end":{"line":40,"column":71}},"type":"cond-expr","locations":[{"start":{"line":40,"column":35},"end":{"line":40,"column":46}},{"start":{"line":40,"column":49},"end":{"line":40,"column":71}}],"line":40},"6":{"loc":{"start":{"line":43,"column":29},"end":{"line":43,"column":43}},"type":"default-arg","locations":[{"start":{"line":43,"column":42},"end":{"line":43,"column":43}}],"line":43},"7":{"loc":{"start":{"line":44,"column":2},"end":{"line":45,"column":53}},"type":"if","locations":[{"start":{"line":44,"column":2},"end":{"line":45,"column":53}},{"start":{},"end":{}}],"line":44},"8":{"loc":{"start":{"line":44,"column":6},"end":{"line":44,"column":90}},"type":"binary-expr","locations":[{"start":{"line":44,"column":6},"end":{"line":44,"column":35}},{"start":{"line":44,"column":39},"end":{"line":44,"column":53}},{"start":{"line":44,"column":57},"end":{"line":44,"column":90}}],"line":44},"9":{"loc":{"start":{"line":51,"column":2},"end":{"line":53,"column":3}},"type":"if","locations":[{"start":{"line":51,"column":2},"end":{"line":53,"column":3}},{"start":{},"end":{}}],"line":51},"10":{"loc":{"start":{"line":55,"column":2},"end":{"line":57,"column":3}},"type":"if","locations":[{"start":{"line":55,"column":2},"end":{"line":57,"column":3}},{"start":{},"end":{}}],"line":55},"11":{"loc":{"start":{"line":64,"column":33},"end":{"line":64,"column":47}},"type":"default-arg","locations":[{"start":{"line":64,"column":46},"end":{"line":64,"column":47}}],"line":64},"12":{"loc":{"start":{"line":64,"column":49},"end":{"line":64,"column":61}},"type":"default-arg","locations":[{"start":{"line":64,"column":56},"end":{"line":64,"column":61}}],"line":64},"13":{"loc":{"start":{"line":65,"column":2},"end":{"line":66,"column":53}},"type":"if","locations":[{"start":{"line":65,"column":2},"end":{"line":66,"column":53}},{"start":{},"end":{}}],"line":65},"14":{"loc":{"start":{"line":65,"column":6},"end":{"line":65,"column":90}},"type":"binary-expr","locations":[{"start":{"line":65,"column":6},"end":{"line":65,"column":35}},{"start":{"line":65,"column":39},"end":{"line":65,"column":53}},{"start":{"line":65,"column":57},"end":{"line":65,"column":90}}],"line":65},"15":{"loc":{"start":{"line":67,"column":29},"end":{"line":67,"column":98}},"type":"cond-expr","locations":[{"start":{"line":67,"column":46},"end":{"line":67,"column":70}},{"start":{"line":67,"column":73},"end":{"line":67,"column":98}}],"line":67}},"s":{"0":4,"1":4,"2":4,"3":4,"4":5864,"5":4,"6":6116,"7":4,"8":8990,"9":8990,"10":2,"11":8988,"12":8988,"13":8988,"14":8988,"15":11608,"16":7,"17":11601,"18":11980,"19":92,"20":11980,"21":32,"22":11980,"23":11980,"24":11980,"25":12,"26":6,"27":6,"28":6,"29":4},"f":{"0":5864,"1":6116,"2":8990,"3":11608,"4":11980,"5":12},"b":{"0":[0],"1":[7],"2":[4404,4586],"3":[2,8988],"4":[8990,8989,8988],"5":[6375,2613],"6":[0],"7":[7,11601],"8":[11608,11606,11604],"9":[92,11888],"10":[32,11948],"11":[0],"12":[6],"13":[6,6],"14":[12,10,8],"15":[3,3]},"_coverageSchema":"1a1c01bbd47fc00a2c39e90264f33305004495a9","hash":"c27af0feffdad8e731522653c996f755876a081d"}
,"/home/aarcon/Desktop/Personal/Lumi/luminescent-team/plugins/pokedex-data-plugin/dex/evolution.js": {"path":"/home/aarcon/Desktop/Personal/Lumi/luminescent-team/plugins/pokedex-data-plugin/dex/evolution.js","statementMap":{"0":{"start":{"line":1,"column":26},"end":{"line":1,"column":43}},"1":{"start":{"line":2,"column":27},"end":{"line":2,"column":45}},"2":{"start":{"line":3,"column":53},"end":{"line":3,"column":84}},"3":{"start":{"line":4,"column":42},"end":{"line":4,"column":64}},"4":{"start":{"line":5,"column":43},"end":{"line":5,"column":61}},"5":{"start":{"line":8,"column":2},"end":{"line":10,"column":3}},"6":{"start":{"line":9,"column":4},"end":{"line":9,"column":14}},"7":{"start":{"line":11,"column":2},"end":{"line":13,"column":3}},"8":{"start":{"line":12,"column":4},"end":{"line":12,"column":68}},"9":{"start":{"line":14,"column":27},"end":{"line":14,"column":68}},"10":{"start":{"line":15,"column":22},"end":{"line":15,"column":47}},"11":{"start":{"line":16,"column":18},"end":{"line":16,"column":41}},"12":{"start":{"line":17,"column":2},"end":{"line":58,"column":3}},"13":{"start":{"line":18,"column":4},"end":{"line":18,"column":23}},"14":{"start":{"line":19,"column":4},"end":{"line":19,"column":85}},"15":{"start":{"line":21,"column":4},"end":{"line":25,"column":5}},"16":{"start":{"line":22,"column":6},"end":{"line":22,"column":53}},"17":{"start":{"line":24,"column":6},"end":{"line":24,"column":117}},"18":{"start":{"line":27,"column":4},"end":{"line":57,"column":5}},"19":{"start":{"line":28,"column":27},"end":{"line":28,"column":85}},"20":{"start":{"line":29,"column":6},"end":{"line":35,"column":7}},"21":{"start":{"line":30,"column":8},"end":{"line":34,"column":12}},"22":{"start":{"line":36,"column":6},"end":{"line":54,"column":7}},"23":{"start":{"line":37,"column":8},"end":{"line":41,"column":12}},"24":{"start":{"line":42,"column":13},"end":{"line":54,"column":7}},"25":{"start":{"line":43,"column":8},"end":{"line":47,"column":12}},"26":{"start":{"line":49,"column":8},"end":{"line":53,"column":12}},"27":{"start":{"line":56,"column":6},"end":{"line":56,"column":91}},"28":{"start":{"line":59,"column":2},"end":{"line":59,"column":39}},"29":{"start":{"line":63,"column":2},"end":{"line":65,"column":3}},"30":{"start":{"line":64,"column":4},"end":{"line":64,"column":52}},"31":{"start":{"line":67,"column":24},"end":{"line":67,"column":71}},"32":{"start":{"line":69,"column":18},"end":{"line":69,"column":42}},"33":{"start":{"line":70,"column":2},"end":{"line":72,"column":3}},"34":{"start":{"line":71,"column":4},"end":{"line":71,"column":67}},"35":{"start":{"line":74,"column":25},"end":{"line":74,"column":63}},"36":{"start":{"line":76,"column":20},"end":{"line":76,"column":49}},"37":{"start":{"line":78,"column":24},"end":{"line":82,"column":3}},"38":{"start":{"line":81,"column":63},"end":{"line":81,"column":112}},"39":{"start":{"line":83,"column":2},"end":{"line":83,"column":23}},"40":{"start":{"line":87,"column":24},"end":{"line":87,"column":71}},"41":{"start":{"line":88,"column":23},"end":{"line":88,"column":60}},"42":{"start":{"line":93,"column":2},"end":{"line":93,"column":46}},"43":{"start":{"line":97,"column":24},"end":{"line":97,"column":71}},"44":{"start":{"line":98,"column":27},"end":{"line":98,"column":54}},"45":{"start":{"line":100,"column":2},"end":{"line":102,"column":3}},"46":{"start":{"line":101,"column":4},"end":{"line":101,"column":16}},"47":{"start":{"line":104,"column":2},"end":{"line":137,"column":3}},"48":{"start":{"line":104,"column":15},"end":{"line":104,"column":16}},"49":{"start":{"line":105,"column":26},"end":{"line":105,"column":45}},"50":{"start":{"line":106,"column":20},"end":{"line":106,"column":22}},"51":{"start":{"line":107,"column":27},"end":{"line":107,"column":29}},"52":{"start":{"line":108,"column":18},"end":{"line":108,"column":20}},"53":{"start":{"line":109,"column":18},"end":{"line":109,"column":20}},"54":{"start":{"line":110,"column":17},"end":{"line":110,"column":19}},"55":{"start":{"line":112,"column":4},"end":{"line":127,"column":5}},"56":{"start":{"line":112,"column":17},"end":{"line":112,"column":18}},"57":{"start":{"line":113,"column":23},"end":{"line":113,"column":43}},"58":{"start":{"line":114,"column":30},"end":{"line":114,"column":50}},"59":{"start":{"line":115,"column":21},"end":{"line":115,"column":41}},"60":{"start":{"line":116,"column":21},"end":{"line":116,"column":41}},"61":{"start":{"line":117,"column":20},"end":{"line":117,"column":40}},"62":{"start":{"line":119,"column":33},"end":{"line":119,"column":84}},"63":{"start":{"line":120,"column":6},"end":{"line":126,"column":7}},"64":{"start":{"line":121,"column":8},"end":{"line":121,"column":33}},"65":{"start":{"line":122,"column":8},"end":{"line":122,"column":47}},"66":{"start":{"line":123,"column":8},"end":{"line":123,"column":29}},"67":{"start":{"line":124,"column":8},"end":{"line":124,"column":29}},"68":{"start":{"line":125,"column":8},"end":{"line":125,"column":27}},"69":{"start":{"line":128,"column":4},"end":{"line":136,"column":5}},"70":{"start":{"line":129,"column":6},"end":{"line":135,"column":8}},"71":{"start":{"line":138,"column":2},"end":{"line":138,"column":14}},"72":{"start":{"line":141,"column":0},"end":{"line":141,"column":64}}},"fnMap":{"0":{"name":"getEvolutionMethodDetail","decl":{"start":{"line":7,"column":9},"end":{"line":7,"column":33}},"loc":{"start":{"line":7,"column":101},"end":{"line":60,"column":1}},"line":7},"1":{"name":"getEvolutionTree","decl":{"start":{"line":62,"column":9},"end":{"line":62,"column":25}},"loc":{"start":{"line":62,"column":72},"end":{"line":84,"column":1}},"line":62},"2":{"name":"(anonymous_2)","decl":{"start":{"line":81,"column":39},"end":{"line":81,"column":40}},"loc":{"start":{"line":81,"column":63},"end":{"line":81,"column":112}},"line":81},"3":{"name":"checkEvolutionPath","decl":{"start":{"line":86,"column":9},"end":{"line":86,"column":27}},"loc":{"start":{"line":86,"column":76},"end":{"line":94,"column":1}},"line":86},"4":{"name":"comparePath","decl":{"start":{"line":90,"column":11},"end":{"line":90,"column":22}},"loc":{"start":{"line":90,"column":45},"end":{"line":91,"column":3}},"line":90},"5":{"name":"getEvolutionDetails","decl":{"start":{"line":96,"column":9},"end":{"line":96,"column":28}},"loc":{"start":{"line":96,"column":54},"end":{"line":139,"column":1}},"line":96}},"branchMap":{"0":{"loc":{"start":{"line":7,"column":44},"end":{"line":7,"column":63}},"type":"default-arg","locations":[{"start":{"line":7,"column":62},"end":{"line":7,"column":63}}],"line":7},"1":{"loc":{"start":{"line":7,"column":65},"end":{"line":7,"column":77}},"type":"default-arg","locations":[{"start":{"line":7,"column":72},"end":{"line":7,"column":77}}],"line":7},"2":{"loc":{"start":{"line":7,"column":86},"end":{"line":7,"column":99}},"type":"default-arg","locations":[{"start":{"line":7,"column":98},"end":{"line":7,"column":99}}],"line":7},"3":{"loc":{"start":{"line":8,"column":2},"end":{"line":10,"column":3}},"type":"if","locations":[{"start":{"line":8,"column":2},"end":{"line":10,"column":3}},{"start":{},"end":{}}],"line":8},"4":{"loc":{"start":{"line":11,"column":2},"end":{"line":13,"column":3}},"type":"if","locations":[{"start":{"line":11,"column":2},"end":{"line":13,"column":3}},{"start":{},"end":{}}],"line":11},"5":{"loc":{"start":{"line":17,"column":2},"end":{"line":58,"column":3}},"type":"if","locations":[{"start":{"line":17,"column":2},"end":{"line":58,"column":3}},{"start":{"line":20,"column":9},"end":{"line":58,"column":3}}],"line":17},"6":{"loc":{"start":{"line":27,"column":4},"end":{"line":57,"column":5}},"type":"if","locations":[{"start":{"line":27,"column":4},"end":{"line":57,"column":5}},{"start":{"line":55,"column":11},"end":{"line":57,"column":5}}],"line":27},"7":{"loc":{"start":{"line":29,"column":6},"end":{"line":35,"column":7}},"type":"if","locations":[{"start":{"line":29,"column":6},"end":{"line":35,"column":7}},{"start":{},"end":{}}],"line":29},"8":{"loc":{"start":{"line":36,"column":6},"end":{"line":54,"column":7}},"type":"if","locations":[{"start":{"line":36,"column":6},"end":{"line":54,"column":7}},{"start":{"line":42,"column":13},"end":{"line":54,"column":7}}],"line":36},"9":{"loc":{"start":{"line":42,"column":13},"end":{"line":54,"column":7}},"type":"if","locations":[{"start":{"line":42,"column":13},"end":{"line":54,"column":7}},{"start":{"line":48,"column":13},"end":{"line":54,"column":7}}],"line":42},"10":{"loc":{"start":{"line":62,"column":26},"end":{"line":62,"column":39}},"type":"default-arg","locations":[{"start":{"line":62,"column":38},"end":{"line":62,"column":39}}],"line":62},"11":{"loc":{"start":{"line":62,"column":41},"end":{"line":62,"column":56}},"type":"default-arg","locations":[{"start":{"line":62,"column":52},"end":{"line":62,"column":56}}],"line":62},"12":{"loc":{"start":{"line":62,"column":58},"end":{"line":62,"column":70}},"type":"default-arg","locations":[{"start":{"line":62,"column":65},"end":{"line":62,"column":70}}],"line":62},"13":{"loc":{"start":{"line":63,"column":2},"end":{"line":65,"column":3}},"type":"if","locations":[{"start":{"line":63,"column":2},"end":{"line":65,"column":3}},{"start":{},"end":{}}],"line":63},"14":{"loc":{"start":{"line":63,"column":6},"end":{"line":63,"column":51}},"type":"binary-expr","locations":[{"start":{"line":63,"column":6},"end":{"line":63,"column":34}},{"start":{"line":63,"column":38},"end":{"line":63,"column":51}}],"line":63},"15":{"loc":{"start":{"line":67,"column":24},"end":{"line":67,"column":71}},"type":"cond-expr","locations":[{"start":{"line":67,"column":41},"end":{"line":67,"column":54}},{"start":{"line":67,"column":57},"end":{"line":67,"column":71}}],"line":67},"16":{"loc":{"start":{"line":70,"column":2},"end":{"line":72,"column":3}},"type":"if","locations":[{"start":{"line":70,"column":2},"end":{"line":72,"column":3}},{"start":{},"end":{}}],"line":70},"17":{"loc":{"start":{"line":74,"column":25},"end":{"line":74,"column":63}},"type":"cond-expr","locations":[{"start":{"line":74,"column":36},"end":{"line":74,"column":51}},{"start":{"line":74,"column":54},"end":{"line":74,"column":63}}],"line":74},"18":{"loc":{"start":{"line":86,"column":62},"end":{"line":86,"column":74}},"type":"default-arg","locations":[{"start":{"line":86,"column":69},"end":{"line":86,"column":74}}],"line":86},"19":{"loc":{"start":{"line":87,"column":24},"end":{"line":87,"column":71}},"type":"cond-expr","locations":[{"start":{"line":87,"column":41},"end":{"line":87,"column":54}},{"start":{"line":87,"column":57},"end":{"line":87,"column":71}}],"line":87},"20":{"loc":{"start":{"line":96,"column":40},"end":{"line":96,"column":52}},"type":"default-arg","locations":[{"start":{"line":96,"column":47},"end":{"line":96,"column":52}}],"line":96},"21":{"loc":{"start":{"line":97,"column":24},"end":{"line":97,"column":71}},"type":"cond-expr","locations":[{"start":{"line":97,"column":41},"end":{"line":97,"column":54}},{"start":{"line":97,"column":57},"end":{"line":97,"column":71}}],"line":97},"22":{"loc":{"start":{"line":100,"column":2},"end":{"line":102,"column":3}},"type":"if","locations":[{"start":{"line":100,"column":2},"end":{"line":102,"column":3}},{"start":{},"end":{}}],"line":100},"23":{"loc":{"start":{"line":120,"column":6},"end":{"line":126,"column":7}},"type":"if","locations":[{"start":{"line":120,"column":6},"end":{"line":126,"column":7}},{"start":{},"end":{}}],"line":120},"24":{"loc":{"start":{"line":128,"column":4},"end":{"line":136,"column":5}},"type":"if","locations":[{"start":{"line":128,"column":4},"end":{"line":136,"column":5}},{"start":{},"end":{}}],"line":128}},"s":{"0":3,"1":3,"2":3,"3":3,"4":3,"5":916,"6":0,"7":916,"8":0,"9":916,"10":916,"11":916,"12":916,"13":577,"14":577,"15":339,"16":339,"17":0,"18":339,"19":38,"20":38,"21":4,"22":38,"23":3,"24":35,"25":31,"26":4,"27":301,"28":916,"29":22710,"30":0,"31":22710,"32":22710,"33":22710,"34":0,"35":22710,"36":22710,"37":22710,"38":11567,"39":22710,"40":0,"41":0,"42":0,"43":22710,"44":22710,"45":22710,"46":0,"47":22710,"48":22710,"49":38418,"50":38418,"51":38418,"52":38418,"53":38418,"54":38418,"55":38418,"56":38418,"57":71481,"58":71481,"59":71481,"60":71481,"61":71481,"62":71481,"63":71481,"64":13146,"65":13146,"66":13146,"67":13146,"68":13146,"69":38418,"70":12413,"71":10297,"72":3},"f":{"0":916,"1":22710,"2":11567,"3":0,"4":0,"5":22710},"b":{"0":[0],"1":[0],"2":[0],"3":[0,916],"4":[0,916],"5":[577,339],"6":[38,301],"7":[4,34],"8":[3,35],"9":[31,4],"10":[0],"11":[0],"12":[0],"13":[0,22710],"14":[22710,22710],"15":[10005,12705],"16":[0,22710],"17":[8983,13727],"18":[0],"19":[0,0],"20":[0],"21":[10005,12705],"22":[0,22710],"23":[13146,58335],"24":[12413,26005]},"_coverageSchema":"1a1c01bbd47fc00a2c39e90264f33305004495a9","hash":"4fd484715649b6fee5138ea77ee9746c7bab15fe"}
,"/home/aarcon/Desktop/Personal/Lumi/luminescent-team/plugins/pokedex-data-plugin/dex/evolutionConstants.js": {"path":"/home/aarcon/Desktop/Personal/Lumi/luminescent-team/plugins/pokedex-data-plugin/dex/evolutionConstants.js","statementMap":{"0":{"start":{"line":1,"column":26},"end":{"line":1,"column":43}},"1":{"start":{"line":2,"column":26},"end":{"line":2,"column":44}},"2":{"start":{"line":3,"column":27},"end":{"line":3,"column":44}},"3":{"start":{"line":4,"column":24},"end":{"line":4,"column":42}},"4":{"start":{"line":5,"column":22},"end":{"line":5,"column":44}},"5":{"start":{"line":7,"column":23},"end":{"line":7,"column":32}},"6":{"start":{"line":9,"column":33},"end":{"line":370,"column":1}},"7":{"start":{"line":372,"column":0},"end":{"line":372,"column":61}}},"fnMap":{},"branchMap":{},"s":{"0":3,"1":3,"2":3,"3":3,"4":3,"5":3,"6":3,"7":3},"f":{},"b":{},"_coverageSchema":"1a1c01bbd47fc00a2c39e90264f33305004495a9","hash":"aa3c186d9af4deeb83fdfe0c8aea60632a01152b"}
,"/home/aarcon/Desktop/Personal/Lumi/luminescent-team/plugins/pokedex-data-plugin/dex/functions.js": {"path":"/home/aarcon/Desktop/Personal/Lumi/luminescent-team/plugins/pokedex-data-plugin/dex/functions.js","statementMap":{"0":{"start":{"line":1,"column":46},"end":{"line":1,"column":63}},"1":{"start":{"line":2,"column":48},"end":{"line":2,"column":66}},"2":{"start":{"line":5,"column":17},"end":{"line":5,"column":65}},"3":{"start":{"line":6,"column":18},"end":{"line":6,"column":67}},"4":{"start":{"line":9,"column":2},"end":{"line":11,"column":3}},"5":{"start":{"line":10,"column":4},"end":{"line":10,"column":40}},"6":{"start":{"line":13,"column":2},"end":{"line":13,"column":57}},"7":{"start":{"line":14,"column":2},"end":{"line":14,"column":17}},"8":{"start":{"line":18,"column":18},"end":{"line":18,"column":55}},"9":{"start":{"line":19,"column":2},"end":{"line":19,"column":48}},"10":{"start":{"line":22,"column":32},"end":{"line":25,"column":1}},"11":{"start":{"line":23,"column":18},"end":{"line":23,"column":55}},"12":{"start":{"line":24,"column":2},"end":{"line":24,"column":68}},"13":{"start":{"line":24,"column":50},"end":{"line":24,"column":66}},"14":{"start":{"line":27,"column":26},"end":{"line":30,"column":1}},"15":{"start":{"line":28,"column":18},"end":{"line":28,"column":55}},"16":{"start":{"line":29,"column":2},"end":{"line":29,"column":25}},"17":{"start":{"line":33,"column":2},"end":{"line":33,"column":28}},"18":{"start":{"line":33,"column":17},"end":{"line":33,"column":28}},"19":{"start":{"line":34,"column":2},"end":{"line":34,"column":30}},"20":{"start":{"line":34,"column":19},"end":{"line":34,"column":30}},"21":{"start":{"line":35,"column":2},"end":{"line":35,"column":30}},"22":{"start":{"line":35,"column":19},"end":{"line":35,"column":30}},"23":{"start":{"line":36,"column":2},"end":{"line":36,"column":14}},"24":{"start":{"line":40,"column":23},"end":{"line":40,"column":55}},"25":{"start":{"line":41,"column":26},"end":{"line":41,"column":61}},"26":{"start":{"line":42,"column":2},"end":{"line":42,"column":61}},"27":{"start":{"line":46,"column":2},"end":{"line":46,"column":143}},"28":{"start":{"line":50,"column":2},"end":{"line":50,"column":34}},"29":{"start":{"line":50,"column":23},"end":{"line":50,"column":34}},"30":{"start":{"line":51,"column":2},"end":{"line":51,"column":34}},"31":{"start":{"line":51,"column":23},"end":{"line":51,"column":34}},"32":{"start":{"line":52,"column":2},"end":{"line":52,"column":32}},"33":{"start":{"line":52,"column":22},"end":{"line":52,"column":32}},"34":{"start":{"line":53,"column":2},"end":{"line":53,"column":32}},"35":{"start":{"line":53,"column":22},"end":{"line":53,"column":32}},"36":{"start":{"line":54,"column":2},"end":{"line":54,"column":32}},"37":{"start":{"line":54,"column":22},"end":{"line":54,"column":32}},"38":{"start":{"line":55,"column":2},"end":{"line":55,"column":12}},"39":{"start":{"line":59,"column":24},"end":{"line":59,"column":71}},"40":{"start":{"line":60,"column":19},"end":{"line":60,"column":56}},"41":{"start":{"line":61,"column":2},"end":{"line":61,"column":108}},"42":{"start":{"line":61,"column":44},"end":{"line":61,"column":102}},"43":{"start":{"line":65,"column":2},"end":{"line":65,"column":19}},"44":{"start":{"line":69,"column":22},"end":{"line":69,"column":79}},"45":{"start":{"line":70,"column":20},"end":{"line":70,"column":57}},"46":{"start":{"line":71,"column":22},"end":{"line":71,"column":77}},"47":{"start":{"line":71,"column":58},"end":{"line":71,"column":66}},"48":{"start":{"line":72,"column":2},"end":{"line":72,"column":20}},"49":{"start":{"line":75,"column":0},"end":{"line":89,"column":2}}},"fnMap":{"0":{"name":"createFormMap","decl":{"start":{"line":8,"column":9},"end":{"line":8,"column":22}},"loc":{"start":{"line":8,"column":48},"end":{"line":15,"column":1}},"line":8},"1":{"name":"getPokemonIdFromFormMap","decl":{"start":{"line":17,"column":9},"end":{"line":17,"column":32}},"loc":{"start":{"line":17,"column":71},"end":{"line":20,"column":1}},"line":17},"2":{"name":"(anonymous_2)","decl":{"start":{"line":22,"column":32},"end":{"line":22,"column":33}},"loc":{"start":{"line":22,"column":62},"end":{"line":25,"column":1}},"line":22},"3":{"name":"(anonymous_3)","decl":{"start":{"line":24,"column":35},"end":{"line":24,"column":36}},"loc":{"start":{"line":24,"column":50},"end":{"line":24,"column":66}},"line":24},"4":{"name":"(anonymous_4)","decl":{"start":{"line":27,"column":26},"end":{"line":27,"column":27}},"loc":{"start":{"line":27,"column":52},"end":{"line":30,"column":1}},"line":27},"5":{"name":"getGender","decl":{"start":{"line":32,"column":9},"end":{"line":32,"column":18}},"loc":{"start":{"line":32,"column":24},"end":{"line":37,"column":1}},"line":32},"6":{"name":"getImage","decl":{"start":{"line":39,"column":9},"end":{"line":39,"column":17}},"loc":{"start":{"line":39,"column":45},"end":{"line":43,"column":1}},"line":39},"7":{"name":"formatBaseStats","decl":{"start":{"line":45,"column":9},"end":{"line":45,"column":24}},"loc":{"start":{"line":45,"column":28},"end":{"line":47,"column":1}},"line":45},"8":{"name":"getGrassKnotPower","decl":{"start":{"line":49,"column":9},"end":{"line":49,"column":26}},"loc":{"start":{"line":49,"column":37},"end":{"line":56,"column":1}},"line":49},"9":{"name":"getPokemonIdFromMonsNoAndForm","decl":{"start":{"line":58,"column":9},"end":{"line":58,"column":38}},"loc":{"start":{"line":58,"column":69},"end":{"line":62,"column":1}},"line":58},"10":{"name":"(anonymous_10)","decl":{"start":{"line":61,"column":37},"end":{"line":61,"column":38}},"loc":{"start":{"line":61,"column":44},"end":{"line":61,"column":102}},"line":61},"11":{"name":"doNothing","decl":{"start":{"line":64,"column":9},"end":{"line":64,"column":18}},"loc":{"start":{"line":64,"column":48},"end":{"line":66,"column":1}},"line":64},"12":{"name":"getDexDescription","decl":{"start":{"line":68,"column":9},"end":{"line":68,"column":26}},"loc":{"start":{"line":68,"column":52},"end":{"line":73,"column":1}},"line":68},"13":{"name":"(anonymous_13)","decl":{"start":{"line":71,"column":50},"end":{"line":71,"column":51}},"loc":{"start":{"line":71,"column":58},"end":{"line":71,"column":66}},"line":71}},"branchMap":{"0":{"loc":{"start":{"line":9,"column":2},"end":{"line":11,"column":3}},"type":"if","locations":[{"start":{"line":9,"column":2},"end":{"line":11,"column":3}},{"start":{},"end":{}}],"line":9},"1":{"loc":{"start":{"line":17,"column":33},"end":{"line":17,"column":43}},"type":"default-arg","locations":[{"start":{"line":17,"column":42},"end":{"line":17,"column":43}}],"line":17},"2":{"loc":{"start":{"line":17,"column":45},"end":{"line":17,"column":55}},"type":"default-arg","locations":[{"start":{"line":17,"column":54},"end":{"line":17,"column":55}}],"line":17},"3":{"loc":{"start":{"line":17,"column":57},"end":{"line":17,"column":69}},"type":"default-arg","locations":[{"start":{"line":17,"column":64},"end":{"line":17,"column":69}}],"line":17},"4":{"loc":{"start":{"line":18,"column":18},"end":{"line":18,"column":55}},"type":"cond-expr","locations":[{"start":{"line":18,"column":35},"end":{"line":18,"column":43}},{"start":{"line":18,"column":46},"end":{"line":18,"column":55}}],"line":18},"5":{"loc":{"start":{"line":19,"column":9},"end":{"line":19,"column":47}},"type":"binary-expr","locations":[{"start":{"line":19,"column":9},"end":{"line":19,"column":34}},{"start":{"line":19,"column":38},"end":{"line":19,"column":47}}],"line":19},"6":{"loc":{"start":{"line":22,"column":45},"end":{"line":22,"column":57}},"type":"default-arg","locations":[{"start":{"line":22,"column":52},"end":{"line":22,"column":57}}],"line":22},"7":{"loc":{"start":{"line":23,"column":18},"end":{"line":23,"column":55}},"type":"cond-expr","locations":[{"start":{"line":23,"column":35},"end":{"line":23,"column":43}},{"start":{"line":23,"column":46},"end":{"line":23,"column":55}}],"line":23},"8":{"loc":{"start":{"line":27,"column":35},"end":{"line":27,"column":47}},"type":"default-arg","locations":[{"start":{"line":27,"column":42},"end":{"line":27,"column":47}}],"line":27},"9":{"loc":{"start":{"line":28,"column":18},"end":{"line":28,"column":55}},"type":"cond-expr","locations":[{"start":{"line":28,"column":35},"end":{"line":28,"column":43}},{"start":{"line":28,"column":46},"end":{"line":28,"column":55}}],"line":28},"10":{"loc":{"start":{"line":33,"column":2},"end":{"line":33,"column":28}},"type":"if","locations":[{"start":{"line":33,"column":2},"end":{"line":33,"column":28}},{"start":{},"end":{}}],"line":33},"11":{"loc":{"start":{"line":34,"column":2},"end":{"line":34,"column":30}},"type":"if","locations":[{"start":{"line":34,"column":2},"end":{"line":34,"column":30}},{"start":{},"end":{}}],"line":34},"12":{"loc":{"start":{"line":35,"column":2},"end":{"line":35,"column":30}},"type":"if","locations":[{"start":{"line":35,"column":2},"end":{"line":35,"column":30}},{"start":{},"end":{}}],"line":35},"13":{"loc":{"start":{"line":39,"column":18},"end":{"line":39,"column":28}},"type":"default-arg","locations":[{"start":{"line":39,"column":27},"end":{"line":39,"column":28}}],"line":39},"14":{"loc":{"start":{"line":39,"column":30},"end":{"line":39,"column":43}},"type":"default-arg","locations":[{"start":{"line":39,"column":42},"end":{"line":39,"column":43}}],"line":39},"15":{"loc":{"start":{"line":50,"column":2},"end":{"line":50,"column":34}},"type":"if","locations":[{"start":{"line":50,"column":2},"end":{"line":50,"column":34}},{"start":{},"end":{}}],"line":50},"16":{"loc":{"start":{"line":51,"column":2},"end":{"line":51,"column":34}},"type":"if","locations":[{"start":{"line":51,"column":2},"end":{"line":51,"column":34}},{"start":{},"end":{}}],"line":51},"17":{"loc":{"start":{"line":52,"column":2},"end":{"line":52,"column":32}},"type":"if","locations":[{"start":{"line":52,"column":2},"end":{"line":52,"column":32}},{"start":{},"end":{}}],"line":52},"18":{"loc":{"start":{"line":53,"column":2},"end":{"line":53,"column":32}},"type":"if","locations":[{"start":{"line":53,"column":2},"end":{"line":53,"column":32}},{"start":{},"end":{}}],"line":53},"19":{"loc":{"start":{"line":54,"column":2},"end":{"line":54,"column":32}},"type":"if","locations":[{"start":{"line":54,"column":2},"end":{"line":54,"column":32}},{"start":{},"end":{}}],"line":54},"20":{"loc":{"start":{"line":58,"column":55},"end":{"line":58,"column":67}},"type":"default-arg","locations":[{"start":{"line":58,"column":62},"end":{"line":58,"column":67}}],"line":58},"21":{"loc":{"start":{"line":59,"column":24},"end":{"line":59,"column":71}},"type":"cond-expr","locations":[{"start":{"line":59,"column":41},"end":{"line":59,"column":54}},{"start":{"line":59,"column":57},"end":{"line":59,"column":71}}],"line":59},"22":{"loc":{"start":{"line":60,"column":19},"end":{"line":60,"column":56}},"type":"cond-expr","locations":[{"start":{"line":60,"column":36},"end":{"line":60,"column":44}},{"start":{"line":60,"column":47},"end":{"line":60,"column":56}}],"line":60},"23":{"loc":{"start":{"line":61,"column":44},"end":{"line":61,"column":102}},"type":"binary-expr","locations":[{"start":{"line":61,"column":44},"end":{"line":61,"column":63}},{"start":{"line":61,"column":67},"end":{"line":61,"column":102}}],"line":61},"24":{"loc":{"start":{"line":68,"column":38},"end":{"line":68,"column":50}},"type":"default-arg","locations":[{"start":{"line":68,"column":45},"end":{"line":68,"column":50}}],"line":68},"25":{"loc":{"start":{"line":69,"column":22},"end":{"line":69,"column":79}},"type":"cond-expr","locations":[{"start":{"line":69,"column":39},"end":{"line":69,"column":57}},{"start":{"line":69,"column":60},"end":{"line":69,"column":79}}],"line":69}},"s":{"0":5,"1":5,"2":5,"3":5,"4":14977,"5":10186,"6":14977,"7":14977,"8":5,"9":5,"10":5,"11":63711,"12":63711,"13":1020180,"14":5,"15":8983,"16":8983,"17":4,"18":1,"19":3,"20":1,"21":2,"22":1,"23":1,"24":63716,"25":63716,"26":63716,"27":1,"28":8999,"29":935,"30":8064,"31":807,"32":7257,"33":1569,"34":5688,"35":1512,"36":4176,"37":1443,"38":2733,"39":71485,"40":71485,"41":71485,"42":65144619,"43":73,"44":8983,"45":8983,"46":8983,"47":23005,"48":8983,"49":5},"f":{"0":14977,"1":5,"2":63711,"3":1020180,"4":8983,"5":4,"6":63716,"7":1,"8":8999,"9":71485,"10":65144619,"11":73,"12":8983,"13":23005},"b":{"0":[10186,4791],"1":[0],"2":[0],"3":[3],"4":[3,2],"5":[5,1],"6":[0],"7":[30888,32823],"8":[0],"9":[4397,4586],"10":[1,3],"11":[1,2],"12":[1,1],"13":[1],"14":[3],"15":[935,8064],"16":[807,7257],"17":[1569,5688],"18":[1512,4176],"19":[1443,2733],"20":[3],"21":[23783,47702],"22":[23783,47702],"23":[65144619,444473],"24":[0],"25":[4397,4586]},"_coverageSchema":"1a1c01bbd47fc00a2c39e90264f33305004495a9","hash":"d970d7c6a17fce589522702efb01e73269758b6f"}
,"/home/aarcon/Desktop/Personal/Lumi/luminescent-team/plugins/pokedex-data-plugin/dex/info.js": {"path":"/home/aarcon/Desktop/Personal/Lumi/luminescent-team/plugins/pokedex-data-plugin/dex/info.js","statementMap":{"0":{"start":{"line":1,"column":29},"end":{"line":1,"column":49}},"1":{"start":{"line":2,"column":35},"end":{"line":2,"column":53}},"2":{"start":{"line":3,"column":27},"end":{"line":3,"column":44}},"3":{"start":{"line":4,"column":24},"end":{"line":4,"column":42}},"4":{"start":{"line":5,"column":33},"end":{"line":5,"column":53}},"5":{"start":{"line":6,"column":26},"end":{"line":6,"column":43}},"6":{"start":{"line":7,"column":82},"end":{"line":7,"column":104}},"7":{"start":{"line":9,"column":26},"end":{"line":9,"column":43}},"8":{"start":{"line":10,"column":27},"end":{"line":10,"column":45}},"9":{"start":{"line":13,"column":24},"end":{"line":13,"column":71}},"10":{"start":{"line":14,"column":12},"end":{"line":14,"column":45}},"11":{"start":{"line":15,"column":17},"end":{"line":15,"column":43}},"12":{"start":{"line":17,"column":2},"end":{"line":44,"column":4}},"13":{"start":{"line":47,"column":0},"end":{"line":47,"column":36}}},"fnMap":{"0":{"name":"getPokemonInfo","decl":{"start":{"line":12,"column":9},"end":{"line":12,"column":23}},"loc":{"start":{"line":12,"column":65},"end":{"line":45,"column":1}},"line":12}},"branchMap":{"0":{"loc":{"start":{"line":12,"column":24},"end":{"line":12,"column":34}},"type":"default-arg","locations":[{"start":{"line":12,"column":33},"end":{"line":12,"column":34}}],"line":12},"1":{"loc":{"start":{"line":12,"column":36},"end":{"line":12,"column":49}},"type":"default-arg","locations":[{"start":{"line":12,"column":48},"end":{"line":12,"column":49}}],"line":12},"2":{"loc":{"start":{"line":12,"column":51},"end":{"line":12,"column":63}},"type":"default-arg","locations":[{"start":{"line":12,"column":58},"end":{"line":12,"column":63}}],"line":12},"3":{"loc":{"start":{"line":13,"column":24},"end":{"line":13,"column":71}},"type":"cond-expr","locations":[{"start":{"line":13,"column":41},"end":{"line":13,"column":54}},{"start":{"line":13,"column":57},"end":{"line":13,"column":71}}],"line":13}},"s":{"0":1,"1":1,"2":1,"3":1,"4":1,"5":1,"6":1,"7":1,"8":1,"9":0,"10":0,"11":0,"12":0,"13":1},"f":{"0":0},"b":{"0":[0],"1":[0],"2":[0],"3":[0,0]},"_coverageSchema":"1a1c01bbd47fc00a2c39e90264f33305004495a9","hash":"d5226ef32ca7f292ba04b9d5f73b428e634926f3"}
,"/home/aarcon/Desktop/Personal/Lumi/luminescent-team/plugins/pokedex-data-plugin/dex/item.js": {"path":"/home/aarcon/Desktop/Personal/Lumi/luminescent-team/plugins/pokedex-data-plugin/dex/item.js","statementMap":{"0":{"start":{"line":1,"column":22},"end":{"line":1,"column":39}},"1":{"start":{"line":2,"column":23},"end":{"line":2,"column":41}},"2":{"start":{"line":5,"column":2},"end":{"line":5,"column":59}},"3":{"start":{"line":5,"column":17},"end":{"line":5,"column":59}},"4":{"start":{"line":6,"column":20},"end":{"line":6,"column":59}},"5":{"start":{"line":7,"column":2},"end":{"line":8,"column":96}},"6":{"start":{"line":8,"column":4},"end":{"line":8,"column":96}},"7":{"start":{"line":8,"column":53},"end":{"line":8,"column":94}},"8":{"start":{"line":9,"column":16},"end":{"line":9,"column":95}},"9":{"start":{"line":9,"column":58},"end":{"line":9,"column":94}},"10":{"start":{"line":10,"column":2},"end":{"line":10,"column":62}},"11":{"start":{"line":10,"column":20},"end":{"line":10,"column":62}},"12":{"start":{"line":11,"column":2},"end":{"line":11,"column":15}},"13":{"start":{"line":15,"column":20},"end":{"line":15,"column":59}},"14":{"start":{"line":16,"column":2},"end":{"line":18,"column":3}},"15":{"start":{"line":17,"column":4},"end":{"line":17,"column":45}},"16":{"start":{"line":19,"column":21},"end":{"line":19,"column":53}},"17":{"start":{"line":20,"column":2},"end":{"line":24,"column":3}},"18":{"start":{"line":21,"column":4},"end":{"line":21,"column":36}},"19":{"start":{"line":23,"column":4},"end":{"line":23,"column":108}},"20":{"start":{"line":25,"column":2},"end":{"line":25,"column":41}},"21":{"start":{"line":29,"column":24},"end":{"line":29,"column":70}},"22":{"start":{"line":30,"column":2},"end":{"line":30,"column":49}},"23":{"start":{"line":34,"column":2},"end":{"line":34,"column":36}},"24":{"start":{"line":36,"column":0},"end":{"line":36,"column":90}}},"fnMap":{"0":{"name":"getItemIdFromItemName","decl":{"start":{"line":4,"column":9},"end":{"line":4,"column":30}},"loc":{"start":{"line":4,"column":55},"end":{"line":12,"column":1}},"line":4},"1":{"name":"(anonymous_1)","decl":{"start":{"line":8,"column":46},"end":{"line":8,"column":47}},"loc":{"start":{"line":8,"column":53},"end":{"line":8,"column":94}},"line":8},"2":{"name":"(anonymous_2)","decl":{"start":{"line":9,"column":51},"end":{"line":9,"column":52}},"loc":{"start":{"line":9,"column":58},"end":{"line":9,"column":94}},"line":9},"3":{"name":"getItemString","decl":{"start":{"line":14,"column":9},"end":{"line":14,"column":22}},"loc":{"start":{"line":14,"column":49},"end":{"line":26,"column":1}},"line":14},"4":{"name":"getItemImageUrl","decl":{"start":{"line":28,"column":9},"end":{"line":28,"column":24}},"loc":{"start":{"line":28,"column":38},"end":{"line":31,"column":1}},"line":28},"5":{"name":"getTMImageUrl","decl":{"start":{"line":33,"column":9},"end":{"line":33,"column":22}},"loc":{"start":{"line":33,"column":36},"end":{"line":35,"column":1}},"line":33}},"branchMap":{"0":{"loc":{"start":{"line":4,"column":41},"end":{"line":4,"column":53}},"type":"default-arg","locations":[{"start":{"line":4,"column":48},"end":{"line":4,"column":53}}],"line":4},"1":{"loc":{"start":{"line":5,"column":2},"end":{"line":5,"column":59}},"type":"if","locations":[{"start":{"line":5,"column":2},"end":{"line":5,"column":59}},{"start":{},"end":{}}],"line":5},"2":{"loc":{"start":{"line":6,"column":20},"end":{"line":6,"column":59}},"type":"cond-expr","locations":[{"start":{"line":6,"column":37},"end":{"line":6,"column":46}},{"start":{"line":6,"column":49},"end":{"line":6,"column":59}}],"line":6},"3":{"loc":{"start":{"line":7,"column":2},"end":{"line":8,"column":96}},"type":"if","locations":[{"start":{"line":7,"column":2},"end":{"line":8,"column":96}},{"start":{},"end":{}}],"line":7},"4":{"loc":{"start":{"line":10,"column":2},"end":{"line":10,"column":62}},"type":"if","locations":[{"start":{"line":10,"column":2},"end":{"line":10,"column":62}},{"start":{},"end":{}}],"line":10},"5":{"loc":{"start":{"line":14,"column":23},"end":{"line":14,"column":33}},"type":"default-arg","locations":[{"start":{"line":14,"column":32},"end":{"line":14,"column":33}}],"line":14},"6":{"loc":{"start":{"line":14,"column":35},"end":{"line":14,"column":47}},"type":"default-arg","locations":[{"start":{"line":14,"column":42},"end":{"line":14,"column":47}}],"line":14},"7":{"loc":{"start":{"line":15,"column":20},"end":{"line":15,"column":59}},"type":"cond-expr","locations":[{"start":{"line":15,"column":37},"end":{"line":15,"column":46}},{"start":{"line":15,"column":49},"end":{"line":15,"column":59}}],"line":15},"8":{"loc":{"start":{"line":16,"column":2},"end":{"line":18,"column":3}},"type":"if","locations":[{"start":{"line":16,"column":2},"end":{"line":18,"column":3}},{"start":{},"end":{}}],"line":16},"9":{"loc":{"start":{"line":28,"column":25},"end":{"line":28,"column":36}},"type":"default-arg","locations":[{"start":{"line":28,"column":34},"end":{"line":28,"column":36}}],"line":28},"10":{"loc":{"start":{"line":33,"column":23},"end":{"line":33,"column":34}},"type":"default-arg","locations":[{"start":{"line":33,"column":32},"end":{"line":33,"column":34}}],"line":33}},"s":{"0":3,"1":3,"2":3,"3":1,"4":2,"5":2,"6":0,"7":0,"8":2,"9":2072,"10":2,"11":1,"12":1,"13":27392,"14":27392,"15":0,"16":27392,"17":27392,"18":27392,"19":0,"20":27392,"21":1239,"22":1239,"23":0,"24":3},"f":{"0":3,"1":0,"2":2072,"3":27392,"4":1239,"5":0},"b":{"0":[3],"1":[1,2],"2":[2,0],"3":[0,2],"4":[1,1],"5":[0],"6":[1],"7":[13330,14062],"8":[0,27392],"9":[0],"10":[0]},"_coverageSchema":"1a1c01bbd47fc00a2c39e90264f33305004495a9","hash":"d5ff8aad4b5446412c42a417a8b660bd110d2c8b"}
,"/home/aarcon/Desktop/Personal/Lumi/luminescent-team/plugins/pokedex-data-plugin/dex/moves.js": {"path":"/home/aarcon/Desktop/Personal/Lumi/luminescent-team/plugins/pokedex-data-plugin/dex/moves.js","statementMap":{"0":{"start":{"line":12,"column":4},"end":{"line":12,"column":21}},"1":{"start":{"line":22,"column":4},"end":{"line":22,"column":22}},"2":{"start":{"line":23,"column":45},"end":{"line":23,"column":62}},"3":{"start":{"line":25,"column":22},"end":{"line":25,"column":27}},"4":{"start":{"line":26,"column":21},"end":{"line":26,"column":24}},"5":{"start":{"line":33,"column":2},"end":{"line":35,"column":3}},"6":{"start":{"line":34,"column":4},"end":{"line":34,"column":46}},"7":{"start":{"line":37,"column":2},"end":{"line":39,"column":3}},"8":{"start":{"line":38,"column":4},"end":{"line":38,"column":37}},"9":{"start":{"line":40,"column":24},"end":{"line":40,"column":71}},"10":{"start":{"line":42,"column":20},"end":{"line":45,"column":4}},"11":{"start":{"line":43,"column":4},"end":{"line":43,"column":42}},"12":{"start":{"line":43,"column":21},"end":{"line":43,"column":42}},"13":{"start":{"line":44,"column":4},"end":{"line":44,"column":38}},"14":{"start":{"line":46,"column":2},"end":{"line":48,"column":3}},"15":{"start":{"line":47,"column":4},"end":{"line":47,"column":59}},"16":{"start":{"line":49,"column":16},"end":{"line":49,"column":71}},"17":{"start":{"line":51,"column":18},"end":{"line":51,"column":94}},"18":{"start":{"line":53,"column":2},"end":{"line":53,"column":36}},"19":{"start":{"line":57,"column":2},"end":{"line":57,"column":99}},"20":{"start":{"line":57,"column":53},"end":{"line":57,"column":99}},"21":{"start":{"line":58,"column":2},"end":{"line":58,"column":104}},"22":{"start":{"line":58,"column":50},"end":{"line":58,"column":102}},"23":{"start":{"line":62,"column":24},"end":{"line":62,"column":63}},"24":{"start":{"line":64,"column":2},"end":{"line":66,"column":3}},"25":{"start":{"line":65,"column":4},"end":{"line":65,"column":50}},"26":{"start":{"line":68,"column":2},"end":{"line":75,"column":3}},"27":{"start":{"line":68,"column":15},"end":{"line":68,"column":16}},"28":{"start":{"line":69,"column":17},"end":{"line":69,"column":51}},"29":{"start":{"line":70,"column":20},"end":{"line":70,"column":51}},"30":{"start":{"line":71,"column":35},"end":{"line":71,"column":106}},"31":{"start":{"line":72,"column":4},"end":{"line":74,"column":5}},"32":{"start":{"line":73,"column":6},"end":{"line":73,"column":15}},"33":{"start":{"line":77,"column":2},"end":{"line":77,"column":48}},"34":{"start":{"line":81,"column":21},"end":{"line":81,"column":60}},"35":{"start":{"line":82,"column":27},"end":{"line":82,"column":49}},"36":{"start":{"line":84,"column":2},"end":{"line":88,"column":3}},"37":{"start":{"line":84,"column":15},"end":{"line":84,"column":16}},"38":{"start":{"line":85,"column":4},"end":{"line":87,"column":5}},"39":{"start":{"line":86,"column":6},"end":{"line":86,"column":43}},"40":{"start":{"line":90,"column":2},"end":{"line":90,"column":14}},"41":{"start":{"line":94,"column":24},"end":{"line":94,"column":63}},"42":{"start":{"line":95,"column":2},"end":{"line":97,"column":3}},"43":{"start":{"line":96,"column":4},"end":{"line":96,"column":61}},"44":{"start":{"line":98,"column":2},"end":{"line":100,"column":3}},"45":{"start":{"line":99,"column":4},"end":{"line":99,"column":87}},"46":{"start":{"line":101,"column":19},"end":{"line":101,"column":75}},"47":{"start":{"line":102,"column":15},"end":{"line":102,"column":58}},"48":{"start":{"line":104,"column":2},"end":{"line":106,"column":3}},"49":{"start":{"line":105,"column":4},"end":{"line":105,"column":46}},"50":{"start":{"line":108,"column":2},"end":{"line":110,"column":3}},"51":{"start":{"line":109,"column":4},"end":{"line":109,"column":87}},"52":{"start":{"line":112,"column":2},"end":{"line":112,"column":14}},"53":{"start":{"line":116,"column":20},"end":{"line":116,"column":61}},"54":{"start":{"line":117,"column":20},"end":{"line":117,"column":59}},"55":{"start":{"line":118,"column":15},"end":{"line":118,"column":37}},"56":{"start":{"line":119,"column":15},"end":{"line":119,"column":24}},"57":{"start":{"line":120,"column":21},"end":{"line":120,"column":36}},"58":{"start":{"line":121,"column":16},"end":{"line":121,"column":26}},"59":{"start":{"line":122,"column":17},"end":{"line":122,"column":28}},"60":{"start":{"line":123,"column":17},"end":{"line":123,"column":28}},"61":{"start":{"line":125,"column":18},"end":{"line":125,"column":29}},"62":{"start":{"line":126,"column":28},"end":{"line":126,"column":31}},"63":{"start":{"line":127,"column":16},"end":{"line":127,"column":43}},"64":{"start":{"line":129,"column":2},"end":{"line":138,"column":4}},"65":{"start":{"line":142,"column":24},"end":{"line":142,"column":71}},"66":{"start":{"line":143,"column":24},"end":{"line":143,"column":71}},"67":{"start":{"line":144,"column":2},"end":{"line":144,"column":89}},"68":{"start":{"line":144,"column":79},"end":{"line":144,"column":89}},"69":{"start":{"line":145,"column":21},"end":{"line":145,"column":50}},"70":{"start":{"line":146,"column":17},"end":{"line":146,"column":54}},"71":{"start":{"line":147,"column":19},"end":{"line":147,"column":103}},"72":{"start":{"line":147,"column":50},"end":{"line":147,"column":88}},"73":{"start":{"line":148,"column":2},"end":{"line":151,"column":6}},"74":{"start":{"line":148,"column":35},"end":{"line":151,"column":3}},"75":{"start":{"line":155,"column":19},"end":{"line":155,"column":56}},"76":{"start":{"line":156,"column":19},"end":{"line":156,"column":64}},"77":{"start":{"line":157,"column":22},"end":{"line":159,"column":8}},"78":{"start":{"line":158,"column":4},"end":{"line":158,"column":53}},"79":{"start":{"line":160,"column":2},"end":{"line":160,"column":28}},"80":{"start":{"line":164,"column":2},"end":{"line":166,"column":3}},"81":{"start":{"line":165,"column":4},"end":{"line":165,"column":16}},"82":{"start":{"line":167,"column":24},"end":{"line":167,"column":71}},"83":{"start":{"line":169,"column":2},"end":{"line":196,"column":3}},"84":{"start":{"line":170,"column":55},"end":{"line":170,"column":88}},"85":{"start":{"line":171,"column":26},"end":{"line":171,"column":28}},"86":{"start":{"line":173,"column":4},"end":{"line":175,"column":5}},"87":{"start":{"line":173,"column":17},"end":{"line":173,"column":18}},"88":{"start":{"line":174,"column":6},"end":{"line":174,"column":54}},"89":{"start":{"line":176,"column":4},"end":{"line":178,"column":5}},"90":{"start":{"line":176,"column":17},"end":{"line":176,"column":18}},"91":{"start":{"line":177,"column":6},"end":{"line":177,"column":59}},"92":{"start":{"line":179,"column":4},"end":{"line":181,"column":5}},"93":{"start":{"line":179,"column":17},"end":{"line":179,"column":18}},"94":{"start":{"line":180,"column":6},"end":{"line":180,"column":59}},"95":{"start":{"line":182,"column":4},"end":{"line":184,"column":5}},"96":{"start":{"line":182,"column":17},"end":{"line":182,"column":18}},"97":{"start":{"line":183,"column":6},"end":{"line":183,"column":59}},"98":{"start":{"line":186,"column":4},"end":{"line":186,"column":27}},"99":{"start":{"line":188,"column":26},"end":{"line":188,"column":73}},"100":{"start":{"line":190,"column":25},"end":{"line":190,"column":58}},"101":{"start":{"line":191,"column":23},"end":{"line":191,"column":127}},"102":{"start":{"line":192,"column":25},"end":{"line":192,"column":61}},"103":{"start":{"line":193,"column":28},"end":{"line":193,"column":68}},"104":{"start":{"line":195,"column":4},"end":{"line":195,"column":27}},"105":{"start":{"line":200,"column":2},"end":{"line":202,"column":3}},"106":{"start":{"line":201,"column":4},"end":{"line":201,"column":14}},"107":{"start":{"line":203,"column":19},"end":{"line":203,"column":54}},"108":{"start":{"line":205,"column":2},"end":{"line":228,"column":3}},"109":{"start":{"line":206,"column":22},"end":{"line":206,"column":61}},"110":{"start":{"line":208,"column":21},"end":{"line":208,"column":23}},"111":{"start":{"line":209,"column":4},"end":{"line":218,"column":5}},"112":{"start":{"line":209,"column":17},"end":{"line":209,"column":18}},"113":{"start":{"line":210,"column":17},"end":{"line":210,"column":41}},"114":{"start":{"line":212,"column":31},"end":{"line":212,"column":65}},"115":{"start":{"line":213,"column":26},"end":{"line":213,"column":56}},"116":{"start":{"line":215,"column":6},"end":{"line":217,"column":7}},"117":{"start":{"line":216,"column":8},"end":{"line":216,"column":81}},"118":{"start":{"line":220,"column":4},"end":{"line":220,"column":20}},"119":{"start":{"line":222,"column":4},"end":{"line":224,"column":5}},"120":{"start":{"line":223,"column":6},"end":{"line":223,"column":16}},"121":{"start":{"line":226,"column":21},"end":{"line":226,"column":96}},"122":{"start":{"line":226,"column":43},"end":{"line":226,"column":94}},"123":{"start":{"line":227,"column":4},"end":{"line":227,"column":20}},"124":{"start":{"line":232,"column":2},"end":{"line":234,"column":3}},"125":{"start":{"line":233,"column":4},"end":{"line":233,"column":63}},"126":{"start":{"line":236,"column":22},"end":{"line":236,"column":24}},"127":{"start":{"line":238,"column":2},"end":{"line":244,"column":13}},"128":{"start":{"line":239,"column":4},"end":{"line":241,"column":5}},"129":{"start":{"line":240,"column":6},"end":{"line":240,"column":80}},"130":{"start":{"line":243,"column":4},"end":{"line":243,"column":47}},"131":{"start":{"line":247,"column":2},"end":{"line":249,"column":3}},"132":{"start":{"line":248,"column":4},"end":{"line":248,"column":27}},"133":{"start":{"line":251,"column":2},"end":{"line":251,"column":21}},"134":{"start":{"line":255,"column":18},"end":{"line":255,"column":20}},"135":{"start":{"line":257,"column":2},"end":{"line":270,"column":3}},"136":{"start":{"line":257,"column":28},"end":{"line":257,"column":29}},"137":{"start":{"line":258,"column":22},"end":{"line":258,"column":49}},"138":{"start":{"line":260,"column":4},"end":{"line":262,"column":5}},"139":{"start":{"line":261,"column":6},"end":{"line":261,"column":15}},"140":{"start":{"line":264,"column":4},"end":{"line":266,"column":5}},"141":{"start":{"line":265,"column":6},"end":{"line":265,"column":12}},"142":{"start":{"line":268,"column":22},"end":{"line":268,"column":40}},"143":{"start":{"line":269,"column":4},"end":{"line":269,"column":57}},"144":{"start":{"line":272,"column":2},"end":{"line":272,"column":17}},"145":{"start":{"line":276,"column":2},"end":{"line":278,"column":3}},"146":{"start":{"line":277,"column":4},"end":{"line":277,"column":60}},"147":{"start":{"line":280,"column":23},"end":{"line":280,"column":56}},"148":{"start":{"line":281,"column":22},"end":{"line":281,"column":54}},"149":{"start":{"line":284,"column":2},"end":{"line":286,"column":3}},"150":{"start":{"line":285,"column":4},"end":{"line":285,"column":27}},"151":{"start":{"line":288,"column":2},"end":{"line":288,"column":31}},"152":{"start":{"line":292,"column":24},"end":{"line":292,"column":71}},"153":{"start":{"line":293,"column":2},"end":{"line":293,"column":63}},"154":{"start":{"line":293,"column":53},"end":{"line":293,"column":63}},"155":{"start":{"line":294,"column":2},"end":{"line":294,"column":53}},"156":{"start":{"line":298,"column":24},"end":{"line":298,"column":71}},"157":{"start":{"line":299,"column":2},"end":{"line":299,"column":63}},"158":{"start":{"line":299,"column":53},"end":{"line":299,"column":63}},"159":{"start":{"line":300,"column":20},"end":{"line":300,"column":94}},"160":{"start":{"line":300,"column":78},"end":{"line":300,"column":93}},"161":{"start":{"line":301,"column":2},"end":{"line":304,"column":3}},"162":{"start":{"line":302,"column":4},"end":{"line":302,"column":110}},"163":{"start":{"line":303,"column":4},"end":{"line":303,"column":21}},"164":{"start":{"line":305,"column":23},"end":{"line":305,"column":75}},"165":{"start":{"line":306,"column":2},"end":{"line":306,"column":22}},"166":{"start":{"line":310,"column":19},"end":{"line":310,"column":54}},"167":{"start":{"line":312,"column":19},"end":{"line":312,"column":21}},"168":{"start":{"line":313,"column":2},"end":{"line":315,"column":3}},"169":{"start":{"line":313,"column":15},"end":{"line":313,"column":16}},"170":{"start":{"line":314,"column":4},"end":{"line":314,"column":90}},"171":{"start":{"line":317,"column":2},"end":{"line":317,"column":18}},"172":{"start":{"line":321,"column":21},"end":{"line":321,"column":62}},"173":{"start":{"line":322,"column":2},"end":{"line":322,"column":29}},"174":{"start":{"line":322,"column":19},"end":{"line":322,"column":29}},"175":{"start":{"line":323,"column":2},"end":{"line":323,"column":51}},"176":{"start":{"line":323,"column":41},"end":{"line":323,"column":51}},"177":{"start":{"line":324,"column":2},"end":{"line":324,"column":59}},"178":{"start":{"line":324,"column":49},"end":{"line":324,"column":59}},"179":{"start":{"line":325,"column":18},"end":{"line":325,"column":44}},"180":{"start":{"line":326,"column":19},"end":{"line":329,"column":5}},"181":{"start":{"line":326,"column":42},"end":{"line":329,"column":3}},"182":{"start":{"line":331,"column":2},"end":{"line":331,"column":18}},"183":{"start":{"line":334,"column":0},"end":{"line":346,"column":2}}},"fnMap":{"0":{"name":"generateMovesViaLearnset","decl":{"start":{"line":28,"column":9},"end":{"line":28,"column":33}},"loc":{"start":{"line":28,"column":63},"end":{"line":54,"column":1}},"line":28},"1":{"name":"(anonymous_1)","decl":{"start":{"line":42,"column":64},"end":{"line":42,"column":65}},"loc":{"start":{"line":42,"column":91},"end":{"line":45,"column":3}},"line":42},"2":{"name":"isMoveNameSmogonCompatible","decl":{"start":{"line":56,"column":9},"end":{"line":56,"column":35}},"loc":{"start":{"line":56,"column":48},"end":{"line":59,"column":1}},"line":56},"3":{"name":"(anonymous_3)","decl":{"start":{"line":58,"column":26},"end":{"line":58,"column":27}},"loc":{"start":{"line":58,"column":50},"end":{"line":58,"column":102}},"line":58},"4":{"name":"getMoveId","decl":{"start":{"line":61,"column":9},"end":{"line":61,"column":18}},"loc":{"start":{"line":61,"column":35},"end":{"line":78,"column":1}},"line":61},"5":{"name":"findWazaNoByMachineNo","decl":{"start":{"line":80,"column":9},"end":{"line":80,"column":30}},"loc":{"start":{"line":80,"column":48},"end":{"line":91,"column":1}},"line":80},"6":{"name":"getMoveString","decl":{"start":{"line":93,"column":9},"end":{"line":93,"column":22}},"loc":{"start":{"line":93,"column":41},"end":{"line":113,"column":1}},"line":93},"7":{"name":"getMoveProperties","decl":{"start":{"line":115,"column":9},"end":{"line":115,"column":26}},"loc":{"start":{"line":115,"column":53},"end":{"line":139,"column":1}},"line":115},"8":{"name":"getEggMoves","decl":{"start":{"line":141,"column":9},"end":{"line":141,"column":20}},"loc":{"start":{"line":141,"column":46},"end":{"line":152,"column":1}},"line":141},"9":{"name":"(anonymous_9)","decl":{"start":{"line":147,"column":43},"end":{"line":147,"column":44}},"loc":{"start":{"line":147,"column":50},"end":{"line":147,"column":88}},"line":147},"10":{"name":"(anonymous_10)","decl":{"start":{"line":148,"column":22},"end":{"line":148,"column":23}},"loc":{"start":{"line":148,"column":35},"end":{"line":151,"column":3}},"line":148},"11":{"name":"getMoveDescription","decl":{"start":{"line":154,"column":9},"end":{"line":154,"column":27}},"loc":{"start":{"line":154,"column":54},"end":{"line":161,"column":1}},"line":154},"12":{"name":"(anonymous_12)","decl":{"start":{"line":157,"column":38},"end":{"line":157,"column":39}},"loc":{"start":{"line":157,"column":74},"end":{"line":159,"column":3}},"line":157},"13":{"name":"getTMCompatibility","decl":{"start":{"line":163,"column":9},"end":{"line":163,"column":27}},"loc":{"start":{"line":163,"column":57},"end":{"line":197,"column":1}},"line":163},"14":{"name":"getTechMachineLearnset","decl":{"start":{"line":199,"column":9},"end":{"line":199,"column":31}},"loc":{"start":{"line":199,"column":61},"end":{"line":229,"column":1}},"line":199},"15":{"name":"(anonymous_15)","decl":{"start":{"line":226,"column":34},"end":{"line":226,"column":35}},"loc":{"start":{"line":226,"column":43},"end":{"line":226,"column":94}},"line":226},"16":{"name":"convertListToBinaryArray","decl":{"start":{"line":231,"column":9},"end":{"line":231,"column":33}},"loc":{"start":{"line":231,"column":47},"end":{"line":252,"column":1}},"line":231},"17":{"name":"(anonymous_17)","decl":{"start":{"line":238,"column":38},"end":{"line":238,"column":39}},"loc":{"start":{"line":238,"column":57},"end":{"line":244,"column":3}},"line":238},"18":{"name":"createMoveIdLearnset","decl":{"start":{"line":254,"column":9},"end":{"line":254,"column":29}},"loc":{"start":{"line":254,"column":49},"end":{"line":273,"column":1}},"line":254},"19":{"name":"decimalToBinaryArray","decl":{"start":{"line":275,"column":9},"end":{"line":275,"column":29}},"loc":{"start":{"line":275,"column":45},"end":{"line":289,"column":1}},"line":275},"20":{"name":"getPokemonLearnset","decl":{"start":{"line":291,"column":9},"end":{"line":291,"column":27}},"loc":{"start":{"line":291,"column":57},"end":{"line":295,"column":1}},"line":291},"21":{"name":"getMoveLevelLearned","decl":{"start":{"line":297,"column":9},"end":{"line":297,"column":28}},"loc":{"start":{"line":297,"column":70},"end":{"line":307,"column":1}},"line":297},"22":{"name":"(anonymous_22)","decl":{"start":{"line":300,"column":68},"end":{"line":300,"column":69}},"loc":{"start":{"line":300,"column":78},"end":{"line":300,"column":93}},"line":300},"23":{"name":"getLevelLearnset","decl":{"start":{"line":309,"column":9},"end":{"line":309,"column":25}},"loc":{"start":{"line":309,"column":55},"end":{"line":318,"column":1}},"line":309},"24":{"name":"getTutorMoves","decl":{"start":{"line":320,"column":9},"end":{"line":320,"column":22}},"loc":{"start":{"line":320,"column":61},"end":{"line":332,"column":1}},"line":320},"25":{"name":"(anonymous_25)","decl":{"start":{"line":326,"column":31},"end":{"line":326,"column":32}},"loc":{"start":{"line":326,"column":42},"end":{"line":329,"column":3}},"line":326}},"branchMap":{"0":{"loc":{"start":{"line":28,"column":49},"end":{"line":28,"column":61}},"type":"default-arg","locations":[{"start":{"line":28,"column":56},"end":{"line":28,"column":61}}],"line":28},"1":{"loc":{"start":{"line":33,"column":2},"end":{"line":35,"column":3}},"type":"if","locations":[{"start":{"line":33,"column":2},"end":{"line":35,"column":3}},{"start":{},"end":{}}],"line":33},"2":{"loc":{"start":{"line":33,"column":6},"end":{"line":33,"column":80}},"type":"binary-expr","locations":[{"start":{"line":33,"column":6},"end":{"line":33,"column":31}},{"start":{"line":33,"column":35},"end":{"line":33,"column":45}},{"start":{"line":33,"column":49},"end":{"line":33,"column":80}}],"line":33},"3":{"loc":{"start":{"line":37,"column":2},"end":{"line":39,"column":3}},"type":"if","locations":[{"start":{"line":37,"column":2},"end":{"line":39,"column":3}},{"start":{},"end":{}}],"line":37},"4":{"loc":{"start":{"line":37,"column":6},"end":{"line":37,"column":43}},"type":"binary-expr","locations":[{"start":{"line":37,"column":6},"end":{"line":37,"column":30}},{"start":{"line":37,"column":34},"end":{"line":37,"column":43}}],"line":37},"5":{"loc":{"start":{"line":40,"column":24},"end":{"line":40,"column":71}},"type":"cond-expr","locations":[{"start":{"line":40,"column":41},"end":{"line":40,"column":54}},{"start":{"line":40,"column":57},"end":{"line":40,"column":71}}],"line":40},"6":{"loc":{"start":{"line":43,"column":4},"end":{"line":43,"column":42}},"type":"if","locations":[{"start":{"line":43,"column":4},"end":{"line":43,"column":42}},{"start":{},"end":{}}],"line":43},"7":{"loc":{"start":{"line":46,"column":2},"end":{"line":48,"column":3}},"type":"if","locations":[{"start":{"line":46,"column":2},"end":{"line":48,"column":3}},{"start":{},"end":{}}],"line":46},"8":{"loc":{"start":{"line":51,"column":19},"end":{"line":51,"column":36}},"type":"binary-expr","locations":[{"start":{"line":51,"column":19},"end":{"line":51,"column":31}},{"start":{"line":51,"column":35},"end":{"line":51,"column":36}}],"line":51},"9":{"loc":{"start":{"line":51,"column":38},"end":{"line":51,"column":55}},"type":"binary-expr","locations":[{"start":{"line":51,"column":38},"end":{"line":51,"column":50}},{"start":{"line":51,"column":54},"end":{"line":51,"column":55}}],"line":51},"10":{"loc":{"start":{"line":51,"column":57},"end":{"line":51,"column":74}},"type":"binary-expr","locations":[{"start":{"line":51,"column":57},"end":{"line":51,"column":69}},{"start":{"line":51,"column":73},"end":{"line":51,"column":74}}],"line":51},"11":{"loc":{"start":{"line":51,"column":76},"end":{"line":51,"column":93}},"type":"binary-expr","locations":[{"start":{"line":51,"
[...]
},"end":{"line":6,"column":85}},"2":{"start":{"line":7,"column":26},"end":{"line":7,"column":57}},"3":{"start":{"line":8,"column":27},"end":{"line":8,"column":59}},"4":{"start":{"line":10,"column":23},"end":{"line":10,"column":76}},"5":{"start":{"line":11,"column":23},"end":{"line":11,"column":76}},"6":{"start":{"line":13,"column":2},"end":{"line":32,"column":3}},"7":{"start":{"line":14,"column":19},"end":{"line":14,"column":33}},"8":{"start":{"line":16,"column":25},"end":{"line":16,"column":79}},"9":{"start":{"line":17,"column":4},"end":{"line":20,"column":5}},"10":{"start":{"line":18,"column":6},"end":{"line":18,"column":40}},"11":{"start":{"line":19,"column":6},"end":{"line":19,"column":28}},"12":{"start":{"line":22,"column":30},"end":{"line":22,"column":84}},"13":{"start":{"line":23,"column":4},"end":{"line":26,"column":5}},"14":{"start":{"line":24,"column":6},"end":{"line":24,"column":45}},"15":{"start":{"line":25,"column":6},"end":{"line":25,"column":28}},"16":{"start":{"line":28,"column":4},"end":{"line":28,"column":67}},"17":{"start":{"line":29,"column":4},"end":{"line":29,"column":26}},"18":{"start":{"line":31,"column":4},"end":{"line":31,"column":47}},"19":{"start":{"line":36,"column":2},"end":{"line":36,"column":71}},"20":{"start":{"line":40,"column":2},"end":{"line":40,"column":85}},"21":{"start":{"line":44,"column":27},"end":{"line":44,"column":80}},"22":{"start":{"line":45,"column":13},"end":{"line":45,"column":73}},"23":{"start":{"line":45,"column":62},"end":{"line":45,"column":72}},"24":{"start":{"line":46,"column":2},"end":{"line":46,"column":28}},"25":{"start":{"line":50,"column":2},"end":{"line":84,"column":3}},"26":{"start":{"line":51,"column":4},"end":{"line":66,"column":5}},"27":{"start":{"line":53,"column":8},"end":{"line":53,"column":30}},"28":{"start":{"line":55,"column":8},"end":{"line":55,"column":28}},"29":{"start":{"line":57,"column":8},"end":{"line":57,"column":36}},"30":{"start":{"line":59,"column":8},"end":{"line":59,"column":28}},"31":{"start":{"line":61,"column":8},"end":{"line":61,"column":31}},"32":{"start":{"line":63,"column":8},"end":{"line":63,"column":30}},"33":{"start":{"line":65,"column":8},"end":{"line":65,"column":67}},"34":{"start":{"line":68,"column":4},"end":{"line":83,"column":5}},"35":{"start":{"line":70,"column":8},"end":{"line":70,"column":30}},"36":{"start":{"line":72,"column":8},"end":{"line":72,"column":28}},"37":{"start":{"line":74,"column":8},"end":{"line":74,"column":36}},"38":{"start":{"line":76,"column":8},"end":{"line":76,"column":28}},"39":{"start":{"line":78,"column":8},"end":{"line":78,"column":31}},"40":{"start":{"line":80,"column":8},"end":{"line":80,"column":30}},"41":{"start":{"line":82,"column":8},"end":{"line":82,"column":67}},"42":{"start":{"line":88,"column":2},"end":{"line":88,"column":30}},"43":{"start":{"line":88,"column":20},"end":{"line":88,"column":30}},"44":{"start":{"line":89,"column":23},"end":{"line":89,"column":76}},"45":{"start":{"line":90,"column":2},"end":{"line":90,"column":94}},"46":{"start":{"line":90,"column":54},"end":{"line":90,"column":92}},"47":{"start":{"line":94,"column":2},"end":{"line":94,"column":50}},"48":{"start":{"line":94,"column":40},"end":{"line":94,"column":50}},"49":{"start":{"line":95,"column":28},"end":{"line":95,"column":83}},"50":{"start":{"line":96,"column":2},"end":{"line":96,"column":58}},"51":{"start":{"line":100,"column":19},"end":{"line":100,"column":56}},"52":{"start":{"line":101,"column":2},"end":{"line":101,"column":60}},"53":{"start":{"line":101,"column":44},"end":{"line":101,"column":52}},"54":{"start":{"line":105,"column":24},"end":{"line":105,"column":71}},"55":{"start":{"line":106,"column":19},"end":{"line":106,"column":56}},"56":{"start":{"line":108,"column":20},"end":{"line":108,"column":53}},"57":{"start":{"line":109,"column":16},"end":{"line":109,"column":51}},"58":{"start":{"line":110,"column":1},"end":{"line":110,"column":25}}},"fnMap":{"0":{"name":"createPokemonMap","decl":{"start":{"line":9,"column":9},"end":{"line":9,"column":25}},"loc":{"start":{"line":9,"column":72},"end":{"line":33,"column":1}},"line":9},"1":{"name":"getFormName","decl":{"start":{"line":35,"column":9},"end":{"line":35,"column":20}},"loc":{"start":{"line":35,"column":43},"end":{"line":37,"column":1}},"line":35},"2":{"name":"getPokemonName","decl":{"start":{"line":39,"column":9},"end":{"line":39,"column":23}},"loc":{"start":{"line":39,"column":53},"end":{"line":41,"column":1}},"line":39},"3":{"name":"getPokemonIdFromName","decl":{"start":{"line":43,"column":9},"end":{"line":43,"column":29}},"loc":{"start":{"line":43,"column":58},"end":{"line":47,"column":1}},"line":43},"4":{"name":"(anonymous_4)","decl":{"start":{"line":45,"column":55},"end":{"line":45,"column":56}},"loc":{"start":{"line":45,"column":62},"end":{"line":45,"column":72}},"line":45},"5":{"name":"getFormNameOfProblematicPokemon","decl":{"start":{"line":49,"column":9},"end":{"line":49,"column":40}},"loc":{"start":{"line":49,"column":63},"end":{"line":85,"column":1}},"line":49},"6":{"name":"getPokemonMonsnoFromName","decl":{"start":{"line":87,"column":9},"end":{"line":87,"column":33}},"loc":{"start":{"line":87,"column":61},"end":{"line":91,"column":1}},"line":87},"7":{"name":"(anonymous_7)","decl":{"start":{"line":90,"column":47},"end":{"line":90,"column":48}},"loc":{"start":{"line":90,"column":54},"end":{"line":90,"column":92}},"line":90},"8":{"name":"getPokemonNames","decl":{"start":{"line":93,"column":9},"end":{"line":93,"column":24}},"loc":{"start":{"line":93,"column":53},"end":{"line":97,"column":1}},"line":93},"9":{"name":"getPokemonFormId","decl":{"start":{"line":99,"column":9},"end":{"line":99,"column":25}},"loc":{"start":{"line":99,"column":56},"end":{"line":102,"column":1}},"line":99},"10":{"name":"(anonymous_10)","decl":{"start":{"line":101,"column":37},"end":{"line":101,"column":38}},"loc":{"start":{"line":101,"column":44},"end":{"line":101,"column":52}},"line":101},"11":{"name":"getPokemonMonsNoAndFormNoFromPokemonId","decl":{"start":{"line":104,"column":9},"end":{"line":104,"column":47}},"loc":{"start":{"line":104,"column":77},"end":{"line":111,"column":1}},"line":104}},"branchMap":{"0":{"loc":{"start":{"line":9,"column":58},"end":{"line":9,"column":70}},"type":"default-arg","locations":[{"start":{"line":9,"column":65},"end":{"line":9,"column":70}}],"line":9},"1":{"loc":{"start":{"line":10,"column":23},"end":{"line":10,"column":76}},"type":"cond-expr","locations":[{"start":{"line":10,"column":40},"end":{"line":10,"column":56}},{"start":{"line":10,"column":59},"end":{"line":10,"column":76}}],"line":10},"2":{"loc":{"start":{"line":11,"column":23},"end":{"line":11,"column":76}},"type":"cond-expr","locations":[{"start":{"line":11,"column":40},"end":{"line":11,"column":56}},{"start":{"line":11,"column":59},"end":{"line":11,"column":76}}],"line":11},"3":{"loc":{"start":{"line":17,"column":4},"end":{"line":20,"column":5}},"type":"if","locations":[{"start":{"line":17,"column":4},"end":{"line":20,"column":5}},{"start":{},"end":{}}],"line":17},"4":{"loc":{"start":{"line":17,"column":8},"end":{"line":17,"column":67}},"type":"binary-expr","locations":[{"start":{"line":17,"column":8},"end":{"line":17,"column":40}},{"start":{"line":17,"column":44},"end":{"line":17,"column":67}}],"line":17},"5":{"loc":{"start":{"line":23,"column":4},"end":{"line":26,"column":5}},"type":"if","locations":[{"start":{"line":23,"column":4},"end":{"line":26,"column":5}},{"start":{},"end":{}}],"line":23},"6":{"loc":{"start":{"line":23,"column":8},"end":{"line":23,"column":77}},"type":"binary-expr","locations":[{"start":{"line":23,"column":8},"end":{"line":23,"column":45}},{"start":{"line":23,"column":49},"end":{"line":23,"column":77}}],"line":23},"7":{"loc":{"start":{"line":35,"column":21},"end":{"line":35,"column":27}},"type":"default-arg","locations":[{"start":{"line":35,"column":26},"end":{"line":35,"column":27}}],"line":35},"8":{"loc":{"start":{"line":35,"column":29},"end":{"line":35,"column":41}},"type":"default-arg","locations":[{"start":{"line":35,"column":36},"end":{"line":35,"column":41}}],"line":35},"9":{"loc":{"start":{"line":36,"column":9},"end":{"line":36,"column":70}},"type":"cond-expr","locations":[{"start":{"line":36,"column":26},"end":{"line":36,"column":46}},{"start":{"line":36,"column":49},"end":{"line":36,"column":70}}],"line":36},"10":{"loc":{"start":{"line":39,"column":24},"end":{"line":39,"column":37}},"type":"default-arg","locations":[{"start":{"line":39,"column":36},"end":{"line":39,"column":37}}],"line":39},"11":{"loc":{"start":{"line":39,"column":39},"end":{"line":39,"column":51}},"type":"default-arg","locations":[{"start":{"line":39,"column":46},"end":{"line":39,"column":51}}],"line":39},"12":{"loc":{"start":{"line":40,"column":9},"end":{"line":40,"column":84}},"type":"cond-expr","locations":[{"start":{"line":40,"column":26},"end":{"line":40,"column":53}},{"start":{"line":40,"column":56},"end":{"line":40,"column":84}}],"line":40},"13":{"loc":{"start":{"line":43,"column":30},"end":{"line":43,"column":42}},"type":"default-arg","locations":[{"start":{"line":43,"column":37},"end":{"line":43,"column":42}}],"line":43},"14":{"loc":{"start":{"line":43,"column":44},"end":{"line":43,"column":56}},"type":"default-arg","locations":[{"start":{"line":43,"column":51},"end":{"line":43,"column":56}}],"line":43},"15":{"loc":{"start":{"line":44,"column":27},"end":{"line":44,"column":80}},"type":"cond-expr","locations":[{"start":{"line":44,"column":44},"end":{"line":44,"column":60}},{"start":{"line":44,"column":63},"end":{"line":44,"column":80}}],"line":44},"16":{"loc":{"start":{"line":46,"column":9},"end":{"line":46,"column":27}},"type":"cond-expr","locations":[{"start":{"line":46,"column":21},"end":{"line":46,"column":22}},{"start":{"line":46,"column":25},"end":{"line":46,"column":27}}],"line":46},"17":{"loc":{"start":{"line":49,"column":41},"end":{"line":49,"column":47}},"type":"default-arg","locations":[{"start":{"line":49,"column":46},"end":{"line":49,"column":47}}],"line":49},"18":{"loc":{"start":{"line":49,"column":49},"end":{"line":49,"column":61}},"type":"default-arg","locations":[{"start":{"line":49,"column":56},"end":{"line":49,"column":61}}],"line":49},"19":{"loc":{"start":{"line":50,"column":2},"end":{"line":84,"column":3}},"type":"if","locations":[{"start":{"line":50,"column":2},"end":{"line":84,"column":3}},{"start":{"line":67,"column":9},"end":{"line":84,"column":3}}],"line":50},"20":{"loc":{"start":{"line":51,"column":4},"end":{"line":66,"column":5}},"type":"switch","locations":[{"start":{"line":52,"column":6},"end":{"line":53,"column":30}},{"start":{"line":54,"column":6},"end":{"line":55,"column":28}},{"start":{"line":56,"column":6},"end":{"line":57,"column":36}},{"start":{"line":58,"column":6},"end":{"line":59,"column":28}},{"start":{"line":60,"column":6},"end":{"line":61,"column":31}},{"start":{"line":62,"column":6},"end":{"line":63,"column":30}},{"start":{"line":64,"column":6},"end":{"line":65,"column":67}}],"line":51},"21":{"loc":{"start":{"line":68,"column":4},"end":{"line":83,"column":5}},"type":"switch","locations":[{"start":{"line":69,"column":6},"end":{"line":70,"column":30}},{"start":{"line":71,"column":6},"end":{"line":72,"column":28}},{"start":{"line":73,"column":6},"end":{"line":74,"column":36}},{"start":{"line":75,"column":6},"end":{"line":76,"column":28}},{"start":{"line":77,"column":6},"end":{"line":78,"column":31}},{"start":{"line":79,"column":6},"end":{"line":80,"column":30}},{"start":{"line":81,"column":6},"end":{"line":82,"column":67}}],"line":68},"22":{"loc":{"start":{"line":87,"column":47},"end":{"line":87,"column":59}},"type":"default-arg","locations":[{"start":{"line":87,"column":54},"end":{"line":87,"column":59}}],"line":87},"23":{"loc":{"start":{"line":88,"column":2},"end":{"line":88,"column":30}},"type":"if","locations":[{"start":{"line":88,"column":2},"end":{"line":88,"column":30}},{"start":{},"end":{}}],"line":88},"24":{"loc":{"start":{"line":89,"column":23},"end":{"line":89,"column":76}},"type":"cond-expr","locations":[{"start":{"line":89,"column":40},"end":{"line":89,"column":56}},{"start":{"line":89,"column":59},"end":{"line":89,"column":76}}],"line":89},"25":{"loc":{"start":{"line":93,"column":29},"end":{"line":93,"column":37}},"type":"default-arg","locations":[{"start":{"line":93,"column":36},"end":{"line":93,"column":37}}],"line":93},"26":{"loc":{"start":{"line":93,"column":39},"end":{"line":93,"column":51}},"type":"default-arg","locations":[{"start":{"line":93,"column":46},"end":{"line":93,"column":51}}],"line":93},"27":{"loc":{"start":{"line":94,"column":2},"end":{"line":94,"column":50}},"type":"if","locations":[{"start":{"line":94,"column":2},"end":{"line":94,"column":50}},{"start":{},"end":{}}],"line":94},"28":{"loc":{"start":{"line":94,"column":6},"end":{"line":94,"column":38}},"type":"binary-expr","locations":[{"start":{"line":94,"column":6},"end":{"line":94,"column":28}},{"start":{"line":94,"column":32},"end":{"line":94,"column":38}}],"line":94},"29":{"loc":{"start":{"line":95,"column":28},"end":{"line":95,"column":83}},"type":"cond-expr","locations":[{"start":{"line":95,"column":45},"end":{"line":95,"column":62}},{"start":{"line":95,"column":65},"end":{"line":95,"column":83}}],"line":95},"30":{"loc":{"start":{"line":99,"column":26},"end":{"line":99,"column":36}},"type":"default-arg","locations":[{"start":{"line":99,"column":35},"end":{"line":99,"column":36}}],"line":99},"31":{"loc":{"start":{"line":99,"column":42},"end":{"line":99,"column":54}},"type":"default-arg","locations":[{"start":{"line":99,"column":49},"end":{"line":99,"column":54}}],"line":99},"32":{"loc":{"start":{"line":100,"column":19},"end":{"line":100,"column":56}},"type":"cond-expr","locations":[{"start":{"line":100,"column":36},"end":{"line":100,"column":44}},{"start":{"line":100,"column":47},"end":{"line":100,"column":56}}],"line":100},"33":{"loc":{"start":{"line":101,"column":9},"end":{"line":101,"column":59}},"type":"binary-expr","locations":[{"start":{"line":101,"column":9},"end":{"line":101,"column":53}},{"start":{"line":101,"column":57},"end":{"line":101,"column":59}}],"line":101},"34":{"loc":{"start":{"line":104,"column":48},"end":{"line":104,"column":61}},"type":"default-arg","locations":[{"start":{"line":104,"column":60},"end":{"line":104,"column":61}}],"line":104},"35":{"loc":{"start":{"line":104,"column":63},"end":{"line":104,"column":75}},"type":"default-arg","locations":[{"start":{"line":104,"column":70},"end":{"line":104,"column":75}}],"line":104},"36":{"loc":{"start":{"line":105,"column":24},"end":{"line":105,"column":71}},"type":"cond-expr","locations":[{"start":{"line":105,"column":41},"end":{"line":105,"column":54}},{"start":{"line":105,"column":57},"end":{"line":105,"column":71}}],"line":105},"37":{"loc":{"start":{"line":106,"column":19},"end":{"line":106,"column":56}},"type":"cond-expr","locations":[{"start":{"line":106,"column":36},"end":{"line":106,"column":44}},{"start":{"line":106,"column":47},"end":{"line":106,"column":56}}],"line":106}},"s":{"0":3,"1":3,"2":3,"3":3,"4":8989,"5":8989,"6":8989,"7":8989,"8":8989,"9":8989,"10":6159,"11":6159,"12":2830,"13":2830,"14":2814,"15":2814,"16":16,"17":15,"18":1,"19":2,"20":2,"21":5,"22":5,"23":1507,"24":5,"25":30,"26":8,"27":1,"28":1,"29":1,"30":1,"31":1,"32":1,"33":2,"34":22,"35":1,"36":7,"37":1,"38":4,"39":4,"40":4,"41":1,"42":7,"43":2,"44":5,"45":5,"46":2055,"47":5,"48":2,"49":3,"50":3,"51":13,"52":13,"53":41,"54":0,"55":0,"56":0,"57":0,"58":0},"f":{"0":8989,"1":2,"2":2,"3":5,"4":1507,"5":30,"6":7,"7":2055,"8":5,"9":13,"10":41,"11":0},"b":{"0":[4],"1":[4,8985],"2":[4,8985],"3":[6159,2830],"4":[8989,6159],"5":[2814,16],"6":[2830,2829],"7":[0],"8":[2],"9":[2,0],"10":[0],"11":[2],"12":[2,0],"13":[0],"14":[5],"15":[5,0],"16":[1,4],"17":[0],"18":[7],"19":[8,22],"20":[1,1,1,1,1,1,2],"21":[1,7,1,4,4,4,1],"22":[7],"23":[2,5],"24":[5,0],"25":[4],"26":[4],"27":[2,3],"28":[5,4],"29":[2,1],"30":[0],"31":[8],"32":[10,3],"33":[13,1],"34":[0],"35":[0],"36":[0,0],"37":[0,0]},"_coverageSchema":"1a1c01bbd47fc00a2c39e90264f33305004495a9","hash":"288d1d84666373957e180e869ef3c6ef864e30b0"}
,"/home/aarcon/Desktop/Personal/Lumi/luminescent-team/src/utils/dex/nature.js": {"path":"/home/aarcon/Desktop/Personal/Lumi/luminescent-team/src/utils/dex/nature.js","statementMap":{"0":{"start":{"line":1,"column":24},"end":{"line":1,"column":41}},"1":{"start":{"line":4,"column":2},"end":{"line":4,"column":70}},"2":{"start":{"line":4,"column":21},"end":{"line":4,"column":70}},"3":{"start":{"line":5,"column":16},"end":{"line":5,"column":100}},"4":{"start":{"line":5,"column":60},"end":{"line":5,"column":99}},"5":{"start":{"line":6,"column":2},"end":{"line":6,"column":69}},"6":{"start":{"line":6,"column":20},"end":{"line":6,"column":69}},"7":{"start":{"line":7,"column":2},"end":{"line":7,"column":15}},"8":{"start":{"line":11,"column":2},"end":{"line":11,"column":67}}},"fnMap":{"0":{"name":"getNatureId","decl":{"start":{"line":3,"column":9},"end":{"line":3,"column":20}},"loc":{"start":{"line":3,"column":35},"end":{"line":8,"column":1}},"line":3},"1":{"name":"(anonymous_1)","decl":{"start":{"line":5,"column":53},"end":{"line":5,"column":54}},"loc":{"start":{"line":5,"column":60},"end":{"line":5,"column":99}},"line":5},"2":{"name":"getNatureName","decl":{"start":{"line":10,"column":9},"end":{"line":10,"column":22}},"loc":{"start":{"line":10,"column":37},"end":{"line":12,"column":1}},"line":10}},"branchMap":{"0":{"loc":{"start":{"line":4,"column":2},"end":{"line":4,"column":70}},"type":"if","locations":[{"start":{"line":4,"column":2},"end":{"line":4,"column":70}},{"start":{},"end":{}}],"line":4},"1":{"loc":{"start":{"line":6,"column":2},"end":{"line":6,"column":69}},"type":"if","locations":[{"start":{"line":6,"column":2},"end":{"line":6,"column":69}},{"start":{},"end":{}}],"line":6},"2":{"loc":{"start":{"line":10,"column":23},"end":{"line":10,"column":35}},"type":"default-arg","locations":[{"start":{"line":10,"column":34},"end":{"line":10,"column":35}}],"line":10}},"s":{"0":1,"1":3,"2":1,"3":2,"4":26,"5":2,"6":1,"7":1,"8":1},"f":{"0":3,"1":26,"2":1},"b":{"0":[1,2],"1":[1,1],"2":[0]},"_coverageSchema":"1a1c01bbd47fc00a2c39e90264f33305004495a9","hash":"892482f23e779ebca282f3c2a70a07c6de98d8ba"}
,"/home/aarcon/Desktop/Personal/Lumi/luminescent-team/src/utils/dex/types.js": {"path":"/home/aarcon/Desktop/Personal/Lumi/luminescent-team/src/utils/dex/types.js","statementMap":{"0":{"start":{"line":1,"column":21},"end":{"line":1,"column":38}},"1":{"start":{"line":4,"column":15},"end":{"line":4,"column":69}},"2":{"start":{"line":5,"column":2},"end":{"line":5,"column":50}},"3":{"start":{"line":5,"column":13},"end":{"line":5,"column":50}},"4":{"start":{"line":6,"column":2},"end":{"line":6,"column":14}},"5":{"start":{"line":10,"column":2},"end":{"line":12,"column":75}}},"fnMap":{"0":{"name":"getTypeName","decl":{"start":{"line":3,"column":9},"end":{"line":3,"column":20}},"loc":{"start":{"line":3,"column":33},"end":{"line":7,"column":1}},"line":3},"1":{"name":"getTypes","decl":{"start":{"line":9,"column":9},"end":{"line":9,"column":17}},"loc":{"start":{"line":9,"column":33},"end":{"line":13,"column":1}},"line":9}},"branchMap":{"0":{"loc":{"start":{"line":3,"column":21},"end":{"line":3,"column":31}},"type":"default-arg","locations":[{"start":{"line":3,"column":30},"end":{"line":3,"column":31}}],"line":3},"1":{"loc":{"start":{"line":5,"column":2},"end":{"line":5,"column":50}},"type":"if","locations":[{"start":{"line":5,"column":2},"end":{"line":5,"column":50}},{"start":{},"end":{}}],"line":5},"2":{"loc":{"start":{"line":10,"column":9},"end":{"line":12,"column":74}},"type":"cond-expr","locations":[{"start":{"line":11,"column":6},"end":{"line":11,"column":40}},{"start":{"line":12,"column":6},"end":{"line":12,"column":74}}],"line":10}},"s":{"0":2,"1":6,"2":6,"3":0,"4":6,"5":2},"f":{"0":6,"1":2},"b":{"0":[0],"1":[0,6],"2":[1,1]},"_coverageSchema":"1a1c01bbd47fc00a2c39e90264f33305004495a9","hash":"cd8ae700c8445f9313088f83637fcf7641a860a4"}
}
