{"/home/aarcon/Desktop/Personal/Lumi/luminescent-team/__gamedata/index.js": {"path":"/home/aarcon/Desktop/Personal/Lumi/luminescent-team/__gamedata/index.js","statementMap":{},"fnMap":{},"branchMap":{},"s":{},"f":{},"b":{},"_coverageSchema":"1a1c01bbd47fc00a2c39e90264f33305004495a9","hash":"f02b782fd4490c5e34429c503e601823b54ca050"}
,"/home/aarcon/Desktop/Personal/Lumi/luminescent-team/plugins/pokedex-data-plugin/dex/ability.js": {"path":"/home/aarcon/Desktop/Personal/Lumi/luminescent-team/plugins/pokedex-data-plugin/dex/ability.js","statementMap":{"0":{"start":{"line":1,"column":38},"end":{"line":1,"column":55}},"1":{"start":{"line":4,"column":24},"end":{"line":4,"column":93}},"2":{"start":{"line":5,"column":2},"end":{"line":5,"column":92}},"3":{"start":{"line":5,"column":48},"end":{"line":5,"column":92}},"4":{"start":{"line":6,"column":2},"end":{"line":6,"column":30}},"5":{"start":{"line":10,"column":2},"end":{"line":10,"column":74}},"6":{"start":{"line":10,"column":22},"end":{"line":10,"column":74}},"7":{"start":{"line":12,"column":20},"end":{"line":12,"column":106}},"8":{"start":{"line":12,"column":65},"end":{"line":12,"column":105}},"9":{"start":{"line":14,"column":2},"end":{"line":14,"column":76}},"10":{"start":{"line":14,"column":24},"end":{"line":14,"column":76}},"11":{"start":{"line":15,"column":2},"end":{"line":15,"column":19}},"12":{"start":{"line":19,"column":22},"end":{"line":19,"column":91}},"13":{"start":{"line":20,"column":2},"end":{"line":20,"column":88}},"14":{"start":{"line":20,"column":44},"end":{"line":20,"column":88}},"15":{"start":{"line":21,"column":2},"end":{"line":21,"column":21}},"16":{"start":{"line":25,"column":19},"end":{"line":25,"column":64}},"17":{"start":{"line":26,"column":2},"end":{"line":26,"column":90}},"18":{"start":{"line":26,"column":76},"end":{"line":26,"column":90}},"19":{"start":{"line":27,"column":22},"end":{"line":29,"column":8}},"20":{"start":{"line":28,"column":4},"end":{"line":28,"column":56}},"21":{"start":{"line":31,"column":2},"end":{"line":31,"column":28}},"22":{"start":{"line":34,"column":0},"end":{"line":34,"column":108}}},"fnMap":{"0":{"name":"makeSmogonAbilityObject","decl":{"start":{"line":3,"column":9},"end":{"line":3,"column":32}},"loc":{"start":{"line":3,"column":48},"end":{"line":7,"column":1}},"line":3},"1":{"name":"getAbilityIdFromAbilityName","decl":{"start":{"line":9,"column":9},"end":{"line":9,"column":36}},"loc":{"start":{"line":9,"column":52},"end":{"line":16,"column":1}},"line":9},"2":{"name":"(anonymous_2)","decl":{"start":{"line":12,"column":58},"end":{"line":12,"column":59}},"loc":{"start":{"line":12,"column":65},"end":{"line":12,"column":105}},"line":12},"3":{"name":"getAbilityString","decl":{"start":{"line":18,"column":9},"end":{"line":18,"column":25}},"loc":{"start":{"line":18,"column":41},"end":{"line":22,"column":1}},"line":18},"4":{"name":"getAbilityInfo","decl":{"start":{"line":24,"column":9},"end":{"line":24,"column":23}},"loc":{"start":{"line":24,"column":28},"end":{"line":32,"column":1}},"line":24},"5":{"name":"(anonymous_5)","decl":{"start":{"line":27,"column":38},"end":{"line":27,"column":39}},"loc":{"start":{"line":27,"column":77},"end":{"line":29,"column":3}},"line":27}},"branchMap":{"0":{"loc":{"start":{"line":3,"column":33},"end":{"line":3,"column":46}},"type":"default-arg","locations":[{"start":{"line":3,"column":45},"end":{"line":3,"column":46}}],"line":3},"1":{"loc":{"start":{"line":4,"column":24},"end":{"line":4,"column":93}},"type":"binary-expr","locations":[{"start":{"line":4,"column":24},"end":{"line":4,"column":85}},{"start":{"line":4,"column":89},"end":{"line":4,"column":93}}],"line":4},"2":{"loc":{"start":{"line":5,"column":2},"end":{"line":5,"column":92}},"type":"if","locations":[{"start":{"line":5,"column":2},"end":{"line":5,"column":92}},{"start":{},"end":{}}],"line":5},"3":{"loc":{"start":{"line":5,"column":6},"end":{"line":5,"column":46}},"type":"binary-expr","locations":[{"start":{"line":5,"column":6},"end":{"line":5,"column":28}},{"start":{"line":5,"column":32},"end":{"line":5,"column":46}}],"line":5},"4":{"loc":{"start":{"line":10,"column":2},"end":{"line":10,"column":74}},"type":"if","locations":[{"start":{"line":10,"column":2},"end":{"line":10,"column":74}},{"start":{},"end":{}}],"line":10},"5":{"loc":{"start":{"line":14,"column":2},"end":{"line":14,"column":76}},"type":"if","locations":[{"start":{"line":14,"column":2},"end":{"line":14,"column":76}},{"start":{},"end":{}}],"line":14},"6":{"loc":{"start":{"line":18,"column":26},"end":{"line":18,"column":39}},"type":"default-arg","locations":[{"start":{"line":18,"column":38},"end":{"line":18,"column":39}}],"line":18},"7":{"loc":{"start":{"line":19,"column":22},"end":{"line":19,"column":91}},"type":"binary-expr","locations":[{"start":{"line":19,"column":22},"end":{"line":19,"column":83}},{"start":{"line":19,"column":87},"end":{"line":19,"column":91}}],"line":19},"8":{"loc":{"start":{"line":20,"column":2},"end":{"line":20,"column":88}},"type":"if","locations":[{"start":{"line":20,"column":2},"end":{"line":20,"column":88}},{"start":{},"end":{}}],"line":20},"9":{"loc":{"start":{"line":20,"column":6},"end":{"line":20,"column":42}},"type":"binary-expr","locations":[{"start":{"line":20,"column":6},"end":{"line":20,"column":26}},{"start":{"line":20,"column":30},"end":{"line":20,"column":42}}],"line":20},"10":{"loc":{"start":{"line":26,"column":2},"end":{"line":26,"column":90}},"type":"if","locations":[{"start":{"line":26,"column":2},"end":{"line":26,"column":90}},{"start":{},"end":{}}],"line":26},"11":{"loc":{"start":{"line":26,"column":6},"end":{"line":26,"column":74}},"type":"binary-expr","locations":[{"start":{"line":26,"column":6},"end":{"line":26,"column":23}},{"start":{"line":26,"column":27},"end":{"line":26,"column":49}},{"start":{"line":26,"column":53},"end":{"line":26,"column":74}}],"line":26}},"s":{"0":3,"1":2,"2":2,"3":1,"4":1,"5":2,"6":0,"7":2,"8":270,"9":2,"10":1,"11":1,"12":8792,"13":8792,"14":1,"15":8791,"16":2,"17":2,"18":1,"19":1,"20":2,"21":1,"22":3},"f":{"0":2,"1":2,"2":270,"3":8792,"4":2,"5":2},"b":{"0":[0],"1":[2,1],"2":[1,1],"3":[2,1],"4":[0,2],"5":[1,1],"6":[0],"7":[8792,1],"8":[1,8791],"9":[8792,8791],"10":[1,1],"11":[2,2,1]},"_coverageSchema":"1a1c01bbd47fc00a2c39e90264f33305004495a9","hash":"7cf0ca0987ed52bb7bb3f01dc0740971269e37d5"}
,"/home/aarcon/Desktop/Personal/Lumi/luminescent-team/plugins/pokedex-data-plugin/dex/data.js": {"path":"/home/aarcon/Desktop/Personal/Lumi/luminescent-team/plugins/pokedex-data-plugin/dex/data.js","statementMap":{"0":{"start":{"line":2,"column":22},"end":{"line":2,"column":71}},"1":{"start":{"line":3,"column":20},"end":{"line":3,"column":67}},"2":{"start":{"line":4,"column":22},"end":{"line":4,"column":73}},"3":{"start":{"line":5,"column":22},"end":{"line":5,"column":71}},"4":{"start":{"line":6,"column":19},"end":{"line":6,"column":64}},"5":{"start":{"line":7,"column":18},"end":{"line":7,"column":63}},"6":{"start":{"line":10,"column":25},"end":{"line":10,"column":80}},"7":{"start":{"line":11,"column":25},"end":{"line":11,"column":80}},"8":{"start":{"line":12,"column":22},"end":{"line":12,"column":79}},"9":{"start":{"line":13,"column":22},"end":{"line":13,"column":79}},"10":{"start":{"line":14,"column":23},"end":{"line":14,"column":78}},"11":{"start":{"line":15,"column":27},"end":{"line":15,"column":89}},"12":{"start":{"line":18,"column":20},"end":{"line":18,"column":74}},"13":{"start":{"line":19,"column":21},"end":{"line":19,"column":75}},"14":{"start":{"line":20,"column":20},"end":{"line":20,"column":78}},"15":{"start":{"line":21,"column":17},"end":{"line":21,"column":72}},"16":{"start":{"line":22,"column":18},"end":{"line":22,"column":73}},"17":{"start":{"line":23,"column":17},"end":{"line":23,"column":72}},"18":{"start":{"line":24,"column":18},"end":{"line":24,"column":73}},"19":{"start":{"line":27,"column":17},"end":{"line":27,"column":61}},"20":{"start":{"line":28,"column":20},"end":{"line":28,"column":67}},"21":{"start":{"line":29,"column":19},"end":{"line":29,"column":65}},"22":{"start":{"line":31,"column":0},"end":{"line":54,"column":2}}},"fnMap":{},"branchMap":{},"s":{"0":9,"1":9,"2":9,"3":9,"4":9,"5":9,"6":9,"7":9,"8":9,"9":9,"10":9,"11":9,"12":9,"13":9,"14":9,"15":9,"16":9,"17":9,"18":9,"19":9,"20":9,"21":9,"22":9},"f":{},"b":{},"_coverageSchema":"1a1c01bbd47fc00a2c39e90264f33305004495a9","hash":"8951082a6c3a3a6fcac4fdadddd0de59f22bc5d5"}
,"/home/aarcon/Desktop/Personal/Lumi/luminescent-team/plugins/pokedex-data-plugin/dex/details.js": {"path":"/home/aarcon/Desktop/Personal/Lumi/luminescent-team/plugins/pokedex-data-plugin/dex/details.js","statementMap":{"0":{"start":{"line":1,"column":41},"end":{"line":1,"column":58}},"1":{"start":{"line":3,"column":19},"end":{"line":3,"column":24}},"2":{"start":{"line":4,"column":21},"end":{"line":4,"column":25}},"3":{"start":{"line":5,"column":21},"end":{"line":5,"column":29}},"4":{"start":{"line":8,"column":23},"end":{"line":8,"column":93}},"5":{"start":{"line":10,"column":2},"end":{"line":10,"column":40}},"6":{"start":{"line":10,"column":29},"end":{"line":10,"column":40}},"7":{"start":{"line":12,"column":37},"end":{"line":12,"column":60}},"8":{"start":{"line":13,"column":17},"end":{"line":13,"column":79}},"9":{"start":{"line":14,"column":15},"end":{"line":14,"column":35}},"10":{"start":{"line":16,"column":28},"end":{"line":16,"column":45}},"11":{"start":{"line":17,"column":30},"end":{"line":17,"column":51}},"12":{"start":{"line":18,"column":2},"end":{"line":18,"column":70}},"13":{"start":{"line":22,"column":23},"end":{"line":22,"column":93}},"14":{"start":{"line":24,"column":2},"end":{"line":24,"column":40}},"15":{"start":{"line":24,"column":29},"end":{"line":24,"column":40}},"16":{"start":{"line":26,"column":25},"end":{"line":26,"column":48}},"17":{"start":{"line":27,"column":17},"end":{"line":27,"column":48}},"18":{"start":{"line":29,"column":27},"end":{"line":29,"column":48}},"19":{"start":{"line":30,"column":2},"end":{"line":30,"column":37}},"20":{"start":{"line":33,"column":0},"end":{"line":33,"column":42}}},"fnMap":{"0":{"name":"getHeight","decl":{"start":{"line":7,"column":9},"end":{"line":7,"column":18}},"loc":{"start":{"line":7,"column":34},"end":{"line":19,"column":1}},"line":7},"1":{"name":"getWeight","decl":{"start":{"line":21,"column":9},"end":{"line":21,"column":18}},"loc":{"start":{"line":21,"column":34},"end":{"line":31,"column":1}},"line":21}},"branchMap":{"0":{"loc":{"start":{"line":7,"column":19},"end":{"line":7,"column":32}},"type":"default-arg","locations":[{"start":{"line":7,"column":31},"end":{"line":7,"column":32}}],"line":7},"1":{"loc":{"start":{"line":8,"column":23},"end":{"line":8,"column":93}},"type":"binary-expr","locations":[{"start":{"line":8,"column":23},"end":{"line":8,"column":85}},{"start":{"line":8,"column":89},"end":{"line":8,"column":93}}],"line":8},"2":{"loc":{"start":{"line":10,"column":2},"end":{"line":10,"column":40}},"type":"if","locations":[{"start":{"line":10,"column":2},"end":{"line":10,"column":40}},{"start":{},"end":{}}],"line":10},"3":{"loc":{"start":{"line":21,"column":19},"end":{"line":21,"column":32}},"type":"default-arg","locations":[{"start":{"line":21,"column":31},"end":{"line":21,"column":32}}],"line":21},"4":{"loc":{"start":{"line":22,"column":23},"end":{"line":22,"column":93}},"type":"binary-expr","locations":[{"start":{"line":22,"column":23},"end":{"line":22,"column":85}},{"start":{"line":22,"column":89},"end":{"line":22,"column":93}}],"line":22},"5":{"loc":{"start":{"line":24,"column":2},"end":{"line":24,"column":40}},"type":"if","locations":[{"start":{"line":24,"column":2},"end":{"line":24,"column":40}},{"start":{},"end":{}}],"line":24}},"s":{"0":2,"1":2,"2":2,"3":2,"4":1466,"5":1466,"6":1,"7":1465,"8":1465,"9":1465,"10":1465,"11":1465,"12":1465,"13":1466,"14":1466,"15":1,"16":1465,"17":1465,"18":1465,"19":1465,"20":2},"f":{"0":1466,"1":1466},"b":{"0":[0],"1":[1466,1],"2":[1,1465],"3":[0],"4":[1466,1],"5":[1,1465]},"_coverageSchema":"1a1c01bbd47fc00a2c39e90264f33305004495a9","hash":"928e522b32e56ab4b0a52ea9678d88d54434ea87"}
,"/home/aarcon/Desktop/Personal/Lumi/luminescent-team/plugins/pokedex-data-plugin/dex/egggroup.js": {"path":"/home/aarcon/Desktop/Personal/Lumi/luminescent-team/plugins/pokedex-data-plugin/dex/egggroup.js","statementMap":{"0":{"start":{"line":1,"column":26},"end":{"line":1,"column":43}},"1":{"start":{"line":3,"column":19},"end":{"line":20,"column":1}},"2":{"start":{"line":22,"column":33},"end":{"line":22,"column":94}},"3":{"start":{"line":23,"column":29},"end":{"line":23,"column":31}},"4":{"start":{"line":26,"column":2},"end":{"line":27,"column":51}},"5":{"start":{"line":27,"column":4},"end":{"line":27,"column":51}},"6":{"start":{"line":29,"column":25},"end":{"line":29,"column":58}},"7":{"start":{"line":30,"column":20},"end":{"line":30,"column":45}},"8":{"start":{"line":31,"column":20},"end":{"line":31,"column":45}},"9":{"start":{"line":32,"column":2},"end":{"line":32,"column":72}},"10":{"start":{"line":36,"column":2},"end":{"line":37,"column":53}},"11":{"start":{"line":37,"column":4},"end":{"line":37,"column":53}},"12":{"start":{"line":38,"column":2},"end":{"line":38,"column":32}},"13":{"start":{"line":43,"column":2},"end":{"line":45,"column":3}},"14":{"start":{"line":44,"column":4},"end":{"line":44,"column":54}},"15":{"start":{"line":47,"column":2},"end":{"line":49,"column":3}},"16":{"start":{"line":48,"column":4},"end":{"line":48,"column":54}},"17":{"start":{"line":51,"column":2},"end":{"line":51,"column":63}},"18":{"start":{"line":52,"column":2},"end":{"line":52,"column":63}},"19":{"start":{"line":53,"column":2},"end":{"line":53,"column":20}},"20":{"start":{"line":57,"column":2},"end":{"line":58,"column":53}},"21":{"start":{"line":58,"column":4},"end":{"line":58,"column":53}},"22":{"start":{"line":59,"column":2},"end":{"line":59,"column":58}},"23":{"start":{"line":62,"column":0},"end":{"line":62,"column":91}}},"fnMap":{"0":{"name":"getEggGroupViaPokemonId","decl":{"start":{"line":25,"column":9},"end":{"line":25,"column":32}},"loc":{"start":{"line":25,"column":48},"end":{"line":33,"column":1}},"line":25},"1":{"name":"getEggGroupNameById","decl":{"start":{"line":35,"column":9},"end":{"line":35,"column":28}},"loc":{"start":{"line":35,"column":45},"end":{"line":39,"column":1}},"line":35},"2":{"name":"createPokemonByEggGroupMap","decl":{"start":{"line":41,"column":9},"end":{"line":41,"column":35}},"loc":{"start":{"line":41,"column":64},"end":{"line":54,"column":1}},"line":41},"3":{"name":"getPokemonIdsInEggGroup","decl":{"start":{"line":56,"column":9},"end":{"line":56,"column":32}},"loc":{"start":{"line":56,"column":49},"end":{"line":60,"column":1}},"line":56}},"branchMap":{"0":{"loc":{"start":{"line":25,"column":33},"end":{"line":25,"column":46}},"type":"default-arg","locations":[{"start":{"line":25,"column":45},"end":{"line":25,"column":46}}],"line":25},"1":{"loc":{"start":{"line":26,"column":2},"end":{"line":27,"column":51}},"type":"if","locations":[{"start":{"line":26,"column":2},"end":{"line":27,"column":51}},{"start":{},"end":{}}],"line":26},"2":{"loc":{"start":{"line":26,"column":6},"end":{"line":26,"column":96}},"type":"binary-expr","locations":[{"start":{"line":26,"column":6},"end":{"line":26,"column":34}},{"start":{"line":26,"column":38},"end":{"line":26,"column":51}},{"start":{"line":26,"column":55},"end":{"line":26,"column":96}}],"line":26},"3":{"loc":{"start":{"line":32,"column":9},"end":{"line":32,"column":71}},"type":"cond-expr","locations":[{"start":{"line":32,"column":35},"end":{"line":32,"column":46}},{"start":{"line":32,"column":49},"end":{"line":32,"column":71}}],"line":32},"4":{"loc":{"start":{"line":35,"column":29},"end":{"line":35,"column":43}},"type":"default-arg","locations":[{"start":{"line":35,"column":42},"end":{"line":35,"column":43}}],"line":35},"5":{"loc":{"start":{"line":36,"column":2},"end":{"line":37,"column":53}},"type":"if","locations":[{"start":{"line":36,"column":2},"end":{"line":37,"column":53}},{"start":{},"end":{}}],"line":36},"6":{"loc":{"start":{"line":36,"column":6},"end":{"line":36,"column":90}},"type":"binary-expr","locations":[{"start":{"line":36,"column":6},"end":{"line":36,"column":35}},{"start":{"line":36,"column":39},"end":{"line":36,"column":53}},{"start":{"line":36,"column":57},"end":{"line":36,"column":90}}],"line":36},"7":{"loc":{"start":{"line":43,"column":2},"end":{"line":45,"column":3}},"type":"if","locations":[{"start":{"line":43,"column":2},"end":{"line":45,"column":3}},{"start":{},"end":{}}],"line":43},"8":{"loc":{"start":{"line":47,"column":2},"end":{"line":49,"column":3}},"type":"if","locations":[{"start":{"line":47,"column":2},"end":{"line":49,"column":3}},{"start":{},"end":{}}],"line":47},"9":{"loc":{"start":{"line":56,"column":33},"end":{"line":56,"column":47}},"type":"default-arg","locations":[{"start":{"line":56,"column":46},"end":{"line":56,"column":47}}],"line":56},"10":{"loc":{"start":{"line":57,"column":2},"end":{"line":58,"column":53}},"type":"if","locations":[{"start":{"line":57,"column":2},"end":{"line":58,"column":53}},{"start":{},"end":{}}],"line":57},"11":{"loc":{"start":{"line":57,"column":6},"end":{"line":57,"column":90}},"type":"binary-expr","locations":[{"start":{"line":57,"column":6},"end":{"line":57,"column":35}},{"start":{"line":57,"column":39},"end":{"line":57,"column":53}},{"start":{"line":57,"column":57},"end":{"line":57,"column":90}}],"line":57}},"s":{"0":2,"1":2,"2":2,"3":2,"4":1473,"5":2,"6":1471,"7":1471,"8":1471,"9":1471,"10":1937,"11":7,"12":1930,"13":2932,"14":24,"15":2932,"16":8,"17":2932,"18":2932,"19":2932,"20":6,"21":3,"22":3,"23":2},"f":{"0":1473,"1":1937,"2":2932,"3":6},"b":{"0":[0],"1":[2,1471],"2":[1473,1472,1471],"3":[1012,459],"4":[0],"5":[7,1930],"6":[1937,1935,1933],"7":[24,2908],"8":[8,2924],"9":[0],"10":[3,3],"11":[6,5,4]},"_coverageSchema":"1a1c01bbd47fc00a2c39e90264f33305004495a9","hash":"dc1cbe20d3d03357941746d3d56f4fcdf8390c83"}
,"/home/aarcon/Desktop/Personal/Lumi/luminescent-team/plugins/pokedex-data-plugin/dex/functions.js": {"path":"/home/aarcon/Desktop/Personal/Lumi/luminescent-team/plugins/pokedex-data-plugin/dex/functions.js","statementMap":{"0":{"start":{"line":1,"column":26},"end":{"line":1,"column":43}},"1":{"start":{"line":4,"column":17},"end":{"line":4,"column":65}},"2":{"start":{"line":7,"column":2},"end":{"line":9,"column":3}},"3":{"start":{"line":8,"column":4},"end":{"line":8,"column":40}},"4":{"start":{"line":11,"column":2},"end":{"line":11,"column":57}},"5":{"start":{"line":12,"column":2},"end":{"line":12,"column":17}},"6":{"start":{"line":16,"column":2},"end":{"line":16,"column":49}},"7":{"start":{"line":19,"column":32},"end":{"line":21,"column":1}},"8":{"start":{"line":20,"column":2},"end":{"line":20,"column":69}},"9":{"start":{"line":20,"column":51},"end":{"line":20,"column":67}},"10":{"start":{"line":23,"column":26},"end":{"line":25,"column":1}},"11":{"start":{"line":24,"column":2},"end":{"line":24,"column":26}},"12":{"start":{"line":28,"column":2},"end":{"line":28,"column":28}},"13":{"start":{"line":28,"column":17},"end":{"line":28,"column":28}},"14":{"start":{"line":29,"column":2},"end":{"line":29,"column":30}},"15":{"start":{"line":29,"column":19},"end":{"line":29,"column":30}},"16":{"start":{"line":30,"column":2},"end":{"line":30,"column":30}},"17":{"start":{"line":30,"column":19},"end":{"line":30,"column":30}},"18":{"start":{"line":31,"column":2},"end":{"line":31,"column":14}},"19":{"start":{"line":35,"column":23},"end":{"line":35,"column":55}},"20":{"start":{"line":36,"column":26},"end":{"line":36,"column":61}},"21":{"start":{"line":37,"column":2},"end":{"line":37,"column":61}},"22":{"start":{"line":41,"column":2},"end":{"line":41,"column":143}},"23":{"start":{"line":45,"column":2},"end":{"line":45,"column":34}},"24":{"start":{"line":45,"column":23},"end":{"line":45,"column":34}},"25":{"start":{"line":46,"column":2},"end":{"line":46,"column":34}},"26":{"start":{"line":46,"column":23},"end":{"line":46,"column":34}},"27":{"start":{"line":47,"column":2},"end":{"line":47,"column":32}},"28":{"start":{"line":47,"column":22},"end":{"line":47,"column":32}},"29":{"start":{"line":48,"column":2},"end":{"line":48,"column":32}},"30":{"start":{"line":48,"column":22},"end":{"line":48,"column":32}},"31":{"start":{"line":49,"column":2},"end":{"line":49,"column":32}},"32":{"start":{"line":49,"column":22},"end":{"line":49,"column":32}},"33":{"start":{"line":50,"column":2},"end":{"line":50,"column":12}},"34":{"start":{"line":54,"column":2},"end":{"line":54,"column":108}},"35":{"start":{"line":54,"column":44},"end":{"line":54,"column":102}},"36":{"start":{"line":57,"column":0},"end":{"line":68,"column":2}}},"fnMap":{"0":{"name":"createFormMap","decl":{"start":{"line":6,"column":9},"end":{"line":6,"column":22}},"loc":{"start":{"line":6,"column":48},"end":{"line":13,"column":1}},"line":6},"1":{"name":"getPokemonIdFromFormMap","decl":{"start":{"line":15,"column":9},"end":{"line":15,"column":32}},"loc":{"start":{"line":15,"column":57},"end":{"line":17,"column":1}},"line":15},"2":{"name":"(anonymous_2)","decl":{"start":{"line":19,"column":32},"end":{"line":19,"column":33}},"loc":{"start":{"line":19,"column":48},"end":{"line":21,"column":1}},"line":19},"3":{"name":"(anonymous_3)","decl":{"start":{"line":20,"column":36},"end":{"line":20,"column":37}},"loc":{"start":{"line":20,"column":51},"end":{"line":20,"column":67}},"line":20},"4":{"name":"(anonymous_4)","decl":{"start":{"line":23,"column":26},"end":{"line":23,"column":27}},"loc":{"start":{"line":23,"column":38},"end":{"line":25,"column":1}},"line":23},"5":{"name":"getGender","decl":{"start":{"line":27,"column":9},"end":{"line":27,"column":18}},"loc":{"start":{"line":27,"column":24},"end":{"line":32,"column":1}},"line":27},"6":{"name":"getImage","decl":{"start":{"line":34,"column":9},"end":{"line":34,"column":17}},"loc":{"start":{"line":34,"column":45},"end":{"line":38,"column":1}},"line":34},"7":{"name":"formatBaseStats","decl":{"start":{"line":40,"column":9},"end":{"line":40,"column":24}},"loc":{"start":{"line":40,"column":28},"end":{"line":42,"column":1}},"line":40},"8":{"name":"getGrassKnotPower","decl":{"start":{"line":44,"column":9},"end":{"line":44,"column":26}},"loc":{"start":{"line":44,"column":37},"end":{"line":51,"column":1}},"line":44},"9":{"name":"getPokemonIdFromMonsNoAndForm","decl":{"start":{"line":53,"column":9},"end":{"line":53,"column":38}},"loc":{"start":{"line":53,"column":55},"end":{"line":55,"column":1}},"line":53},"10":{"name":"(anonymous_10)","decl":{"start":{"line":54,"column":37},"end":{"line":54,"column":38}},"loc":{"start":{"line":54,"column":44},"end":{"line":54,"column":102}},"line":54}},"branchMap":{"0":{"loc":{"start":{"line":7,"column":2},"end":{"line":9,"column":3}},"type":"if","locations":[{"start":{"line":7,"column":2},"end":{"line":9,"column":3}},{"start":{},"end":{}}],"line":7},"1":{"loc":{"start":{"line":15,"column":33},"end":{"line":15,"column":43}},"type":"default-arg","locations":[{"start":{"line":15,"column":42},"end":{"line":15,"column":43}}],"line":15},"2":{"loc":{"start":{"line":15,"column":45},"end":{"line":15,"column":55}},"type":"default-arg","locations":[{"start":{"line":15,"column":54},"end":{"line":15,"column":55}}],"line":15},"3":{"loc":{"start":{"line":16,"column":9},"end":{"line":16,"column":48}},"type":"binary-expr","locations":[{"start":{"line":16,"column":9},"end":{"line":16,"column":35}},{"start":{"line":16,"column":39},"end":{"line":16,"column":48}}],"line":16},"4":{"loc":{"start":{"line":28,"column":2},"end":{"line":28,"column":28}},"type":"if","locations":[{"start":{"line":28,"column":2},"end":{"line":28,"column":28}},{"start":{},"end":{}}],"line":28},"5":{"loc":{"start":{"line":29,"column":2},"end":{"line":29,"column":30}},"type":"if","locations":[{"start":{"line":29,"column":2},"end":{"line":29,"column":30}},{"start":{},"end":{}}],"line":29},"6":{"loc":{"start":{"line":30,"column":2},"end":{"line":30,"column":30}},"type":"if","locations":[{"start":{"line":30,"column":2},"end":{"line":30,"column":30}},{"start":{},"end":{}}],"line":30},"7":{"loc":{"start":{"line":34,"column":18},"end":{"line":34,"column":28}},"type":"default-arg","locations":[{"start":{"line":34,"column":27},"end":{"line":34,"column":28}}],"line":34},"8":{"loc":{"start":{"line":34,"column":30},"end":{"line":34,"column":43}},"type":"default-arg","locations":[{"start":{"line":34,"column":42},"end":{"line":34,"column":43}}],"line":34},"9":{"loc":{"start":{"line":45,"column":2},"end":{"line":45,"column":34}},"type":"if","locations":[{"start":{"line":45,"column":2},"end":{"line":45,"column":34}},{"start":{},"end":{}}],"line":45},"10":{"loc":{"start":{"line":46,"column":2},"end":{"line":46,"column":34}},"type":"if","locations":[{"start":{"line":46,"column":2},"end":{"line":46,"column":34}},{"start":{},"end":{}}],"line":46},"11":{"loc":{"start":{"line":47,"column":2},"end":{"line":47,"column":32}},"type":"if","locations":[{"start":{"line":47,"column":2},"end":{"line":47,"column":32}},{"start":{},"end":{}}],"line":47},"12":{"loc":{"start":{"line":48,"column":2},"end":{"line":48,"column":32}},"type":"if","locations":[{"start":{"line":48,"column":2},"end":{"line":48,"column":32}},{"start":{},"end":{}}],"line":48},"13":{"loc":{"start":{"line":49,"column":2},"end":{"line":49,"column":32}},"type":"if","locations":[{"start":{"line":49,"column":2},"end":{"line":49,"column":32}},{"start":{},"end":{}}],"line":49},"14":{"loc":{"start":{"line":54,"column":44},"end":{"line":54,"column":102}},"type":"binary-expr","locations":[{"start":{"line":54,"column":44},"end":{"line":54,"column":63}},{"start":{"line":54,"column":67},"end":{"line":54,"column":102}}],"line":54}},"s":{"0":4,"1":4,"2":5866,"3":4045,"4":5866,"5":5866,"6":3,"7":4,"8":12182,"9":171185,"10":4,"11":1466,"12":4,"13":1,"14":3,"15":1,"16":2,"17":1,"18":1,"19":12187,"20":12187,"21":12187,"22":1465,"23":2946,"24":250,"25":2696,"26":258,"27":2438,"28":588,"29":1850,"30":470,"31":1380,"32":466,"33":914,"34":3,"35":2686,"36":4},"f":{"0":5866,"1":3,"2":12182,"3":171185,"4":1466,"5":4,"6":12187,"7":1465,"8":2946,"9":3,"10":2686},"b":{"0":[4045,1821],"1":[0],"2":[0],"3":[3,1],"4":[1,3],"5":[1,2],"6":[1,1],"7":[1],"8":[3],"9":[250,2696],"10":[258,2438],"11":[588,1850],"12":[470,1380],"13":[466,914],"14":[2686,3]},"_coverageSchema":"1a1c01bbd47fc00a2c39e90264f33305004495a9","hash":"630df8f08192f7b32acef24154122e1855e3a181"}
,"/home/aarcon/Desktop/Personal/Lumi/luminescent-team/plugins/pokedex-data-plugin/dex/info.js": {"path":"/home/aarcon/Desktop/Personal/Lumi/luminescent-team/plugins/pokedex-data-plugin/dex/info.js","statementMap":{"0":{"start":{"line":1,"column":29},"end":{"line":1,"column":49}},"1":{"start":{"line":2,"column":35},"end":{"line":2,"column":53}},"2":{"start":{"line":3,"column":27},"end":{"line":3,"column":44}},"3":{"start":{"line":4,"column":24},"end":{"line":4,"column":42}},"4":{"start":{"line":5,"column":33},"end":{"line":5,"column":53}},"5":{"start":{"line":6,"column":26},"end":{"line":6,"column":43}},"6":{"start":{"line":7,"column":82},"end":{"line":7,"column":104}},"7":{"start":{"line":9,"column":26},"end":{"line":9,"column":43}},"8":{"start":{"line":12,"column":12},"end":{"line":12,"column":45}},"9":{"start":{"line":13,"column":17},"end":{"line":13,"column":37}},"10":{"start":{"line":15,"column":2},"end":{"line":42,"column":4}},"11":{"start":{"line":45,"column":0},"end":{"line":45,"column":36}}},"fnMap":{"0":{"name":"getPokemonInfo","decl":{"start":{"line":11,"column":9},"end":{"line":11,"column":23}},"loc":{"start":{"line":11,"column":51},"end":{"line":43,"column":1}},"line":11}},"branchMap":{"0":{"loc":{"start":{"line":11,"column":24},"end":{"line":11,"column":34}},"type":"default-arg","locations":[{"start":{"line":11,"column":33},"end":{"line":11,"column":34}}],"line":11},"1":{"loc":{"start":{"line":11,"column":36},"end":{"line":11,"column":49}},"type":"default-arg","locations":[{"start":{"line":11,"column":48},"end":{"line":11,"column":49}}],"line":11}},"s":{"0":1,"1":1,"2":1,"3":1,"4":1,"5":1,"6":1,"7":1,"8":1464,"9":1464,"10":1464,"11":1},"f":{"0":1464},"b":{"0":[0],"1":[0]},"_coverageSchema":"1a1c01bbd47fc00a2c39e90264f33305004495a9","hash":"5d04763891a5679fd02546b72848bbbc9ca338ba"}
,"/home/aarcon/Desktop/Personal/Lumi/luminescent-team/plugins/pokedex-data-plugin/dex/item.js": {"path":"/home/aarcon/Desktop/Personal/Lumi/luminescent-team/plugins/pokedex-data-plugin/dex/item.js","statementMap":{"0":{"start":{"line":1,"column":22},"end":{"line":1,"column":39}},"1":{"start":{"line":4,"column":2},"end":{"line":4,"column":59}},"2":{"start":{"line":4,"column":17},"end":{"line":4,"column":59}},"3":{"start":{"line":5,"column":2},"end":{"line":6,"column":96}},"4":{"start":{"line":6,"column":4},"end":{"line":6,"column":96}},"5":{"start":{"line":6,"column":53},"end":{"line":6,"column":94}},"6":{"start":{"line":7,"column":16},"end":{"line":7,"column":95}},"7":{"start":{"line":7,"column":58},"end":{"line":7,"column":94}},"8":{"start":{"line":8,"column":2},"end":{"line":8,"column":62}},"9":{"start":{"line":8,"column":20},"end":{"line":8,"column":62}},"10":{"start":{"line":9,"column":2},"end":{"line":9,"column":15}},"11":{"start":{"line":13,"column":2},"end":{"line":13,"column":63}},"12":{"start":{"line":17,"column":24},"end":{"line":17,"column":70}},"13":{"start":{"line":18,"column":2},"end":{"line":18,"column":43}},"14":{"start":{"line":22,"column":2},"end":{"line":22,"column":36}},"15":{"start":{"line":24,"column":0},"end":{"line":24,"column":90}}},"fnMap":{"0":{"name":"getItemIdFromItemName","decl":{"start":{"line":3,"column":9},"end":{"line":3,"column":30}},"loc":{"start":{"line":3,"column":41},"end":{"line":10,"column":1}},"line":3},"1":{"name":"(anonymous_1)","decl":{"start":{"line":6,"column":46},"end":{"line":6,"column":47}},"loc":{"start":{"line":6,"column":53},"end":{"line":6,"column":94}},"line":6},"2":{"name":"(anonymous_2)","decl":{"start":{"line":7,"column":51},"end":{"line":7,"column":52}},"loc":{"start":{"line":7,"column":58},"end":{"line":7,"column":94}},"line":7},"3":{"name":"getItemString","decl":{"start":{"line":12,"column":9},"end":{"line":12,"column":22}},"loc":{"start":{"line":12,"column":35},"end":{"line":14,"column":1}},"line":12},"4":{"name":"getItemImageUrl","decl":{"start":{"line":16,"column":9},"end":{"line":16,"column":24}},"loc":{"start":{"line":16,"column":38},"end":{"line":19,"column":1}},"line":16},"5":{"name":"getTMImageUrl","decl":{"start":{"line":21,"column":9},"end":{"line":21,"column":22}},"loc":{"start":{"line":21,"column":36},"end":{"line":23,"column":1}},"line":21}},"branchMap":{"0":{"loc":{"start":{"line":4,"column":2},"end":{"line":4,"column":59}},"type":"if","locations":[{"start":{"line":4,"column":2},"end":{"line":4,"column":59}},{"start":{},"end":{}}],"line":4},"1":{"loc":{"start":{"line":5,"column":2},"end":{"line":6,"column":96}},"type":"if","locations":[{"start":{"line":5,"column":2},"end":{"line":6,"column":96}},{"start":{},"end":{}}],"line":5},"2":{"loc":{"start":{"line":8,"column":2},"end":{"line":8,"column":62}},"type":"if","locations":[{"start":{"line":8,"column":2},"end":{"line":8,"column":62}},{"start":{},"end":{}}],"line":8},"3":{"loc":{"start":{"line":12,"column":23},"end":{"line":12,"column":33}},"type":"default-arg","locations":[{"start":{"line":12,"column":32},"end":{"line":12,"column":33}}],"line":12},"4":{"loc":{"start":{"line":16,"column":25},"end":{"line":16,"column":36}},"type":"default-arg","locations":[{"start":{"line":16,"column":34},"end":{"line":16,"column":36}}],"line":16},"5":{"loc":{"start":{"line":21,"column":23},"end":{"line":21,"column":34}},"type":"default-arg","locations":[{"start":{"line":21,"column":32},"end":{"line":21,"column":34}}],"line":21}},"s":{"0":2,"1":3,"2":1,"3":2,"4":0,"5":0,"6":2,"7":2072,"8":2,"9":1,"10":1,"11":8791,"12":4395,"13":4395,"14":0,"15":2},"f":{"0":3,"1":0,"2":2072,"3":8791,"4":4395,"5":0},"b":{"0":[1,2],"1":[0,2],"2":[1,1],"3":[0],"4":[0],"5":[0]},"_coverageSchema":"1a1c01bbd47fc00a2c39e90264f33305004495a9","hash":"0c54b12859136c86d5f92c49287ac58df74d0659"}
,"/home/aarcon/Desktop/Personal/Lumi/luminescent-team/plugins/pokedex-data-plugin/dex/moves.js": {"path":"/home/aarcon/Desktop/Personal/Lumi/luminescent-team/plugins/pokedex-data-plugin/dex/moves.js","statementMap":{"0":{"start":{"line":12,"column":4},"end":{"line":12,"column":21}},"1":{"start":{"line":13,"column":29},"end":{"line":13,"column":46}},"2":{"start":{"line":15,"column":22},"end":{"line":15,"column":27}},"3":{"start":{"line":22,"column":2},"end":{"line":24,"column":3}},"4":{"start":{"line":23,"column":4},"end":{"line":23,"column":46}},"5":{"start":{"line":26,"column":2},"end":{"line":28,"column":3}},"6":{"start":{"line":27,"column":4},"end":{"line":27,"column":37}},"7":{"start":{"line":30,"column":22},"end":{"line":33,"column":4}},"8":{"start":{"line":31,"column":4},"end":{"line":31,"column":42}},"9":{"start":{"line":31,"column":21},"end":{"line":31,"column":42}},"10":{"start":{"line":32,"column":4},"end":{"line":32,"column":38}},"11":{"start":{"line":35,"column":16},"end":{"line":35,"column":71}},"12":{"start":{"line":37,"column":2},"end":{"line":42,"column":4}},"13":{"start":{"line":46,"column":2},"end":{"line":46,"column":99}},"14":{"start":{"line":46,"column":53},"end":{"line":46,"column":99}},"15":{"start":{"line":47,"column":2},"end":{"line":47,"column":104}},"16":{"start":{"line":47,"column":50},"end":{"line":47,"column":102}},"17":{"start":{"line":51,"column":2},"end":{"line":51,"column":91}},"18":{"start":{"line":51,"column":49},"end":{"line":51,"column":91}},"19":{"start":{"line":52,"column":13},"end":{"line":52,"column":61}},"20":{"start":{"line":52,"column":39},"end":{"line":52,"column":60}},"21":{"start":{"line":53,"column":2},"end":{"line":53,"column":59}},"22":{"start":{"line":53,"column":17},"end":{"line":53,"column":59}},"23":{"start":{"line":54,"column":2},"end":{"line":54,"column":12}},"24":{"start":{"line":58,"column":2},"end":{"line":58,"column":88}},"25":{"start":{"line":58,"column":39},"end":{"line":58,"column":88}},"26":{"start":{"line":60,"column":14},"end":{"line":60,"column":26}},"27":{"start":{"line":61,"column":2},"end":{"line":63,"column":3}},"28":{"start":{"line":62,"column":4},"end":{"line":62,"column":78}},"29":{"start":{"line":65,"column":2},"end":{"line":65,"column":13}},"30":{"start":{"line":69,"column":15},"end":{"line":69,"column":38}},"31":{"start":{"line":70,"column":15},"end":{"line":70,"column":24}},"32":{"start":{"line":71,"column":21},"end":{"line":71,"column":36}},"33":{"start":{"line":72,"column":16},"end":{"line":72,"column":26}},"34":{"start":{"line":73,"column":17},"end":{"line":73,"column":28}},"35":{"start":{"line":74,"column":17},"end":{"line":74,"column":28}},"36":{"start":{"line":76,"column":18},"end":{"line":76,"column":29}},"37":{"start":{"line":77,"column":28},"end":{"line":77,"column":31}},"38":{"start":{"line":78,"column":16},"end":{"line":78,"column":43}},"39":{"start":{"line":80,"column":2},"end":{"line":89,"column":4}},"40":{"start":{"line":93,"column":2},"end":{"line":93,"column":89}},"41":{"start":{"line":93,"column":79},"end":{"line":93,"column":89}},"42":{"start":{"line":94,"column":21},"end":{"line":94,"column":50}},"43":{"start":{"line":95,"column":17},"end":{"line":95,"column":48}},"44":{"start":{"line":96,"column":19},"end":{"line":96,"column":103}},"45":{"start":{"line":96,"column":50},"end":{"line":96,"column":88}},"46":{"start":{"line":97,"column":2},"end":{"line":100,"column":6}},"47":{"start":{"line":97,"column":35},"end":{"line":100,"column":3}},"48":{"start":{"line":104,"column":19},"end":{"line":104,"column":64}},"49":{"start":{"line":105,"column":22},"end":{"line":107,"column":8}},"50":{"start":{"line":106,"column":4},"end":{"line":106,"column":53}},"51":{"start":{"line":108,"column":2},"end":{"line":108,"column":28}},"52":{"start":{"line":112,"column":19},"end":{"line":120,"column":32}},"53":{"start":{"line":120,"column":20},"end":{"line":120,"column":31}},"54":{"start":{"line":122,"column":19},"end":{"line":122,"column":21}},"55":{"start":{"line":123,"column":2},"end":{"line":128,"column":3}},"56":{"start":{"line":123,"column":15},"end":{"line":123,"column":16}},"57":{"start":{"line":124,"column":4},"end":{"line":124,"column":36}},"58":{"start":{"line":124,"column":27},"end":{"line":124,"column":36}},"59":{"start":{"line":126,"column":15},"end":{"line":126,"column":39}},"60":{"start":{"line":127,"column":4},"end":{"line":127,"column":71}},"61":{"start":{"line":130,"column":2},"end":{"line":130,"column":18}},"62":{"start":{"line":134,"column":2},"end":{"line":134,"column":63}},"63":{"start":{"line":134,"column":53},"end":{"line":134,"column":63}},"64":{"start":{"line":135,"column":2},"end":{"line":135,"column":53}},"65":{"start":{"line":139,"column":19},"end":{"line":139,"column":48}},"66":{"start":{"line":141,"column":19},"end":{"line":141,"column":21}},"67":{"start":{"line":142,"column":2},"end":{"line":144,"column":3}},"68":{"start":{"line":142,"column":15},"end":{"line":142,"column":16}},"69":{"start":{"line":143,"column":4},"end":{"line":143,"column":84}},"70":{"start":{"line":146,"column":2},"end":{"line":146,"column":18}},"71":{"start":{"line":150,"column":2},"end":{"line":150,"column":82}},"72":{"start":{"line":154,"column":2},"end":{"line":154,"column":29}},"73":{"start":{"line":154,"column":19},"end":{"line":154,"column":29}},"74":{"start":{"line":155,"column":2},"end":{"line":155,"column":51}},"75":{"start":{"line":155,"column":41},"end":{"line":155,"column":51}},"76":{"start":{"line":156,"column":2},"end":{"line":156,"column":59}},"77":{"start":{"line":156,"column":49},"end":{"line":156,"column":59}},"78":{"start":{"line":157,"column":18},"end":{"line":157,"column":44}},"79":{"start":{"line":158,"column":19},"end":{"line":161,"column":5}},"80":{"start":{"line":158,"column":42},"end":{"line":161,"column":3}},"81":{"start":{"line":163,"column":2},"end":{"line":163,"column":18}},"82":{"start":{"line":166,"column":0},"end":{"line":178,"column":2}}},"fnMap":{"0":{"name":"generateMovesViaLearnset","decl":{"start":{"line":17,"column":9},"end":{"line":17,"column":33}},"loc":{"start":{"line":17,"column":49},"end":{"line":43,"column":1}},"line":17},"1":{"name":"(anonymous_1)","decl":{"start":{"line":30,"column":66},"end":{"line":30,"column":67}},"loc":{"start":{"line":30,"column":93},"end":{"line":33,"column":3}},"line":30},"2":{"name":"isMoveNameSmogonCompatible","decl":{"start":{"line":45,"column":9},"end":{"line":45,"column":35}},"loc":{"start":{"line":45,"column":48},"end":{"line":48,"column":1}},"line":45},"3":{"name":"(anonymous_3)","decl":{"start":{"line":47,"column":26},"end":{"line":47,"column":27}},"loc":{"start":{"line":47,"column":50},"end":{"line":47,"column":102}},"line":47},"4":{"name":"getMoveId","decl":{"start":{"line":50,"column":9},"end":{"line":50,"column":18}},"loc":{"start":{"line":50,"column":29},"end":{"line":55,"column":1}},"line":50},"5":{"name":"(anonymous_5)","decl":{"start":{"line":52,"column":32},"end":{"line":52,"column":33}},"loc":{"start":{"line":52,"column":39},"end":{"line":52,"column":60}},"line":52},"6":{"name":"getMoveString","decl":{"start":{"line":57,"column":9},"end":{"line":57,"column":22}},"loc":{"start":{"line":57,"column":31},"end":{"line":66,"column":1}},"line":57},"7":{"name":"getMoveProperties","decl":{"start":{"line":68,"column":9},"end":{"line":68,"column":26}},"loc":{"start":{"line":68,"column":39},"end":{"line":90,"column":1}},"line":68},"8":{"name":"getEggMoves","decl":{"start":{"line":92,"column":9},"end":{"line":92,"column":20}},"loc":{"start":{"line":92,"column":32},"end":{"line":101,"column":1}},"line":92},"9":{"name":"(anonymous_9)","decl":{"start":{"line":96,"column":43},"end":{"line":96,"column":44}},"loc":{"start":{"line":96,"column":50},"end":{"line":96,"column":88}},"line":96},"10":{"name":"(anonymous_10)","decl":{"start":{"line":97,"column":22},"end":{"line":97,"column":23}},"loc":{"start":{"line":97,"column":35},"end":{"line":100,"column":3}},"line":97},"11":{"name":"getMoveDescription","decl":{"start":{"line":103,"column":9},"end":{"line":103,"column":27}},"loc":{"start":{"line":103,"column":40},"end":{"line":109,"column":1}},"line":103},"12":{"name":"(anonymous_12)","decl":{"start":{"line":105,"column":38},"end":{"line":105,"column":39}},"loc":{"start":{"line":105,"column":74},"end":{"line":107,"column":3}},"line":105},"13":{"name":"getTechMachineLearnset","decl":{"start":{"line":111,"column":9},"end":{"line":111,"column":31}},"loc":{"start":{"line":111,"column":48},"end":{"line":131,"column":1}},"line":111},"14":{"name":"(anonymous_14)","decl":{"start":{"line":120,"column":13},"end":{"line":120,"column":14}},"loc":{"start":{"line":120,"column":20},"end":{"line":120,"column":31}},"line":120},"15":{"name":"getPokemonLearnset","decl":{"start":{"line":133,"column":9},"end":{"line":133,"column":27}},"loc":{"start":{"line":133,"column":43},"end":{"line":136,"column":1}},"line":133},"16":{"name":"getLevelLearnset","decl":{"start":{"line":138,"column":9},"end":{"line":138,"column":25}},"loc":{"start":{"line":138,"column":41},"end":{"line":147,"column":1}},"line":138},"17":{"name":"parseTmLearnsetSection","decl":{"start":{"line":149,"column":9},"end":{"line":149,"column":31}},"loc":{"start":{"line":149,"column":41},"end":{"line":151,"column":1}},"line":149},"18":{"name":"getTutorMoves","decl":{"start":{"line":153,"column":9},"end":{"line":153,"column":22}},"loc":{"start":{"line":153,"column":47},"end":{"line":164,"column":1}},"line":153},"19":{"name":"(anonymous_19)","decl":{"start":{"line":158,"column":31},"end":{"line":158,"column":32}},"loc":{"start":{"line":158,"column":42},"end":{"line":161,"column":3}},"line":158}},"branchMap":{"0":{"loc":{"start":{"line":22,"column":2},"end":{"line":24,"column":3}},"type":"if","locations":[{"start":{"line":22,"column":2},"end":{"line":24,"column":3}},{"start":{},"end":{}}],"line":22},"1":{"loc":{"start":{"line":22,"column":6},"end":{"line":22,"column":80}},"type":"binary-expr","locations":[{"start":{"line":22,"column":6},"end":{"line":22,"column":31}},{"start":{"line":22,"column":35},"end":{"line":22,"column":45}},{"start":{"line":22,"column":49},"end":{"line":22,"column":80}}],"line":22},"2":{"loc":{"start":{"line":26,"column":2},"end":{"line":28,"column":3}},"type":"if","locations":[{"start":{"line":26,"column":2},"end":{"line":28,"column":3}},{"start":{},"end":{}}],"line":26},"3":{"loc":{"start":{"line":26,"column":6},"end":{"line":26,"column":43}},"type":"binary-expr","locations":[{"start":{"line":26,"column":6},"end":{"line":26,"column":30}},{"start":{"line":26,"column":34},"end":{"line":26,"column":43}}],"line":26},"4":{"loc":{"start":{"line":31,"column":4},"end":{"line":31,"column":42}},"type":"if","locations":[{"start":{"line":31,"column":4},"end":{"line":31,"column":42}},{"start":{},"end":{}}],"line":31},"5":{"loc":{"start":{"line":46,"column":2},"end":{"line":46,"column":99}},"type":"if","locations":[{"start":{"line":46,"column":2},"end":{"line":46,"column":99}},{"start":{},"end":{}}],"line":46},"6":{"loc":{"start":{"line":46,"column":6},"end":{"line":46,"column":51}},"type":"binary-expr","locations":[{"start":{"line":46,"column":6},"end":{"line":46,"column":36}},{"start":{"line":46,"column":40},"end":{"line":46,"column":51}}],"line":46},"7":{"loc":{"start":{"line":51,"column":2},"end":{"line":51,"column":91}},"type":"if","locations":[{"start":{"line":51,"column":2},"end":{"line":51,"column":91}},{"start":{},"end":{}}],"line":51},"8":{"loc":{"start":{"line":51,"column":6},"end":{"line":51,"column":47}},"type":"binary-expr","locations":[{"start":{"line":51,"column":6},"end":{"line":51,"column":34}},{"start":{"line":51,"column":38},"end":{"line":51,"column":47}}],"line":51},"9":{"loc":{"start":{"line":53,"column":2},"end":{"line":53,"column":59}},"type":"if","locations":[{"start":{"line":53,"column":2},"end":{"line":53,"column":59}},{"start":{},"end":{}}],"line":53},"10":{"loc":{"start":{"line":57,"column":23},"end":{"line":57,"column":29}},"type":"default-arg","locations":[{"start":{"line":57,"column":28},"end":{"line":57,"column":29}}],"line":57},"11":{"loc":{"start":{"line":58,"column":2},"end":{"line":58,"column":88}},"type":"if","locations":[{"start":{"line":58,"column":2},"end":{"line":58,"column":88}},{"start":{},"end":{}}],"line":58},"12":{"loc":{"start":{"line":58,"column":6},"end":{"line":58,"column":37}},"type":"binary-expr","locations":[{"start":{"line":58,"column":6},"end":{"line":58,"column":27}},{"start":{"line":58,"column":31},"end":{"line":58,"column":37}}],"line":58},"13":{"loc":{"start":{"line":61,"column":2},"end":{"line":63,"column":3}},"type":"if","locations":[{"start":{"line":61,"column":2},"end":{"line":63,"column":3}},{"start":{},"end":{}}],"line":61},"14":{"loc":{"start":{"line":61,"column":6},"end":{"line":61,"column":65}},"type":"binary-expr","locations":[{"start":{"line":61,"column":6},"end":{"line":61,"column":29}},{"start":{"line":61,"column":33},"end":{"line":61,"column":65}}],"line":61},"15":{"loc":{"start":{"line":68,"column":27},"end":{"line":68,"column":37}},"type":"default-arg","locations":[{"start":{"line":68,"column":36},"end":{"line":68,"column":37}}],"line":68},"16":{"loc":{"start":{"line":76,"column":18},"end":{"line":76,"column":29}},"type":"binary-expr","locations":[{"start":{"line":76,"column":18},"end":{"line":76,"column":24}},{"start":{"line":76,"column":28},"end":{"line":76,"column":29}}],"line":76},"17":{"loc":{"start":{"line":82,"column":10},"end":{"line":82,"column":74}},"type":"binary-expr","locations":[{"start":{"line":82,"column":10},"end":{"line":82,"column":64}},{"start":{"line":82,"column":68},"end":{"line":82,"column":74}}],"line":82},"18":{"loc":{"start":{"line":92,"column":21},"end":{"line":92,"column":30}},"type":"default-arg","locations":[{"start":{"line":92,"column":29},"end":{"line":92,"column":30}}],"line":92},"19":{"loc":{"start":{"line":93,"column":2},"end":{"line":93,"column":89}},"type":"if","locations":[{"start":{"line":93,"column":2},"end":{"line":93,"column":89}},{"start":{},"end":{}}],"line":93},"20":{"loc":{"start":{"line":93,"column":6},"end":{"line":93,"column":77}},"type":"binary-expr","locations":[{"start":{"line":93,"column":6},"end":{"line":93,"column":30}},{"start":{"line":93,"column":34},"end":{"line":93,"column":77}}],"line":93},"21":{"loc":{"start":{"line":96,"column":19},"end":{"line":96,"column":103}},"type":"binary-expr","locations":[{"start":{"line":96,"column":19},"end":{"line":96,"column":97}},{"start":{"line":96,"column":101},"end":{"line":96,"column":103}}],"line":96},"22":{"loc":{"start":{"line":96,"column":50},"end":{"line":96,"column":88}},"type":"binary-expr","locations":[{"start":{"line":96,"column":50},"end":{"line":96,"column":65}},{"start":{"line":96,"column":69},"end":{"line":96,"column":88}}],"line":96},"23":{"loc":{"start":{"line":103,"column":28},"end":{"line":103,"column":38}},"type":"default-arg","locations":[{"start":{"line":103,"column":37},"end":{"line":103,"column":38}}],"line":103},"24":{"loc":{"start":{"line":124,"column":4},"end":{"line":124,"column":36}},"type":"if","locations":[{"start":{"line":124,"column":4},"end":{"line":124,"column":36}},{"start":{},"end":{}}],"line":124},"25":{"loc":{"start":{"line":133,"column":28},"end":{"line":133,"column":41}},"type":"default-arg","locations":[{"start":{"line":133,"column":40},"end":{"line":133,"column":41}}],"line":133},"26":{"loc":{"start":{"line":134,"column":2},"end":{"line":134,"column":63}},"type":"if","locations":[{"start":{"line":134,"column":2},"end":{"line":134,"column":63}},{"start":{},"end":{}}],"line":134},"27":{"loc":{"start":{"line":134,"column":6},"end":{"line":134,"column":51}},"type":"binary-expr","locations":[{"start":{"line":134,"column":6},"end":{"line":134,"column":34}},{"start":{"line":134,"column":38},"end":{"line":134,"column":51}}],"line":134},"28":{"loc":{"start":{"line":135,"column":9},"end":{"line":135,"column":52}},"type":"binary-expr","locations":[{"start":{"line":135,"column":9},"end":{"line":135,"column":46}},{"start":{"line":135,"column":50},"end":{"line":135,"column":52}}],"line":135},"29":{"loc":{"start":{"line":138,"column":26},"end":{"line":138,"column":39}},"type":"default-arg","locations":[{"start":{"line":138,"column":38},"end":{"line":138,"column":39}}],"line":138},"30":{"loc":{"start":{"line":153,"column":23},"end":{"line":153,"column":33}},"type":"default-arg","locations":[{"start":{"line":153,"column":32},"end":{"line":153,"column":33}}],"line":153},"31":{"loc":{"start":{"line":153,"column":35},"end":{"line":153,"column":45}},"type":"default-arg","locations":[{"start":{"line":153,"column":44},"end":{"line":153,"column":45}}],"line":153},"32":{"loc":{"start":{"line":154,"column":2},"end":{"line":154,"column":29}},"type":"if","locations":[{"start":{"line":154,"column":2},"end":{"line":154,"column":29}},{"start":{},"end":{}}],"line":154},"33":{"loc":{"start":{"line":155,"column":2},"end":{"line":155,"column":51}},"type":"if","locations":[{"start":{"line":155,"column":2},"end":{"line":155,"column":51}},{"start":{},"end":{}}],"line":155},"34":{"loc":{"start":{"line":156,"column":2},"end":{"line":156,"column":59}},"type":"if","locations":[{"start":{"line":156,"column":2},"end":{"line":156,"column":59}},{"start":{},"end":{}}],"line":156}},"s":{"0":3,"1":3,"2":3,"3":8,"4":3,"5":5,"6":2,"7":3,"8":63,"9":30,"10":33,"11":3,"12":3,"13":22,"14":4,"15":18,"16":66,"17":6,"18":2,"19":4,"20":1074,"21":4,"22":1,"23":3,"24":17,"25":1,"26":16,"27":16,"28":1,"29":15,"30":203422,"31":203422,"32":203422,"33":203422,"34":203422,"35":203422,"36":203422,"37":203422,"38":203422,"39":203422,"40":1469,"41":1,"42":1468,"43":1468,"44":1468,"45":1075316,"46":1468,"47":3108,"48":203422,"49":203422,"50":454548,"51":203422,"52":2933,"53":375424,"54":2933,"55":2933,"56":2933,"57":375424,"58":208571,"59":166853,"60":166853,"61":2933,"62":1473,"63":3,"64":1470,"65":1466,"66":1466,"67":1466,"68":1466,"69":26331,"70":1466,"71":11736,"72":1470,"73":2,"74":1468,"75":773,"76":695,"77":158,"78":537,"79":537,"80":7126,"81":537,"82":3},"f":{"0":8,"1":63,"2":22,"3":66,"4":6,"5":1074,"6":17,"7":203422,"8":1469,"9":1075316,"10":3108,"11":203422,"12":454548,"13":2933,"14":375424,"15":1473,"16":1466,"17":11736,"18":1470,"19":7126},"b":{"0":[3,5],"1":[8,7,6],"2":[2,3],"3":[5,4],"4":[30,33],"5":[4,18],"6":[22,19],"7":[2,4],"8":[6,4],"9":[1,3],"10":[0],"11":[1,16],"12":[17,16],"13":[1,15],"14":[16,15],"15":[1],"16":[203422,0],"17":[203422,0],"18":[0],"19":[1,1468],"20":[1469,1469],"21":[1468,0],"22":[1075316,5045],"23":[0],"24":[208571,166853],"25":[1],"26":[3,1470],"27":[1473,1471],"28":[1470,0],"29":[0],"30":[0],"31":[2],"32":[2,1468],"33":[773,695],"34":[158,537]},"_coverageSchema":"1a1c01bbd47fc00a2c39e90264f33305004495a9","hash":"46488aec39cab23f92f2469a02e187873fa230ed"}
,"/home/aarcon/Desktop/Personal/Lumi/luminescent-team/plugins/pokedex-data-plugin/dex/name.js": {"path":"/home/aarcon/Desktop/Personal/Lumi/luminescent-team/plugins/pokedex-data-plugin/dex/name.js","statementMap":{"0":{"start":{"line":1,"column":62},"end":{"line":1,"column":79}},"1":{"start":{"line":2,"column":21},"end":{"line":2,"column":43}},"2":{"start":{"line":4,"column":25},"end":{"line":4,"column":76}},"3":{"start":{"line":6,"column":2},"end":{"line":25,"column":3}},"4":{"start":{"line":7,"column":19},"end":{"line":7,"column":33}},"5":{"start":{"line":9,"column":25},"end":{"line":9,"column":83}},"6":{"start":{"line":10,"column":4},"end":{"line":13,"column":5}},"7":{"start":{"line":11,"column":6},"end":{"line":11,"column":40}},"8":{"start":{"line":12,"column":6},"end":{"line":12,"column":28}},"9":{"start":{"line":15,"column":30},"end":{"line":15,"column":88}},"10":{"start":{"line":16,"column":4},"end":{"line":19,"column":5}},"11":{"start":{"line":17,"column":6},"end":{"line":17,"column":45}},"12":{"start":{"line":18,"column":6},"end":{"line":18,"column":28}},"13":{"start":{"line":21,"column":4},"end":{"line":21,"column":61}},"14":{"start":{"line":22,"column":4},"end":{"line":22,"column":26}},"15":{"start":{"line":24,"column":4},"end":{"line":24,"column":47}},"16":{"start":{"line":29,"column":2},"end":{"line":29,"column":30}},"17":{"start":{"line":33,"column":2},"end":{"line":33,"column":37}},"18":{"start":{"line":37,"column":13},"end":{"line":37,"column":73}},"19":{"start":{"line":37,"column":62},"end":{"line":37,"column":72}},"20":{"start":{"line":38,"column":2},"end":{"line":38,"column":28}},"21":{"start":{"line":42,"column":2},"end":{"line":57,"column":3}},"22":{"start":{"line":44,"column":6},"end":{"line":44,"column":28}},"23":{"start":{"line":46,"column":6},"end":{"line":46,"column":26}},"24":{"start":{"line":48,"column":6},"end":{"line":48,"column":34}},"25":{"start":{"line":50,"column":6},"end":{"line":50,"column":26}},"26":{"start":{"line":52,"column":6},"end":{"line":52,"column":29}},"27":{"start":{"line":54,"column":6},"end":{"line":54,"column":28}},"28":{"start":{"line":56,"column":6},"end":{"line":56,"column":61}},"29":{"start":{"line":61,"column":2},"end":{"line":61,"column":30}},"30":{"start":{"line":61,"column":20},"end":{"line":61,"column":30}},"31":{"start":{"line":62,"column":2},"end":{"line":62,"column":98}},"32":{"start":{"line":62,"column":58},"end":{"line":62,"column":96}},"33":{"start":{"line":66,"column":2},"end":{"line":66,"column":50}},"34":{"start":{"line":66,"column":40},"end":{"line":66,"column":50}},"35":{"start":{"line":67,"column":2},"end":{"line":67,"column":57}},"36":{"start":{"line":71,"column":2},"end":{"line":71,"column":60}},"37":{"start":{"line":71,"column":44},"end":{"line":71,"column":52}},"38":{"start":{"line":75,"column":2},"end":{"line":75,"column":68}},"39":{"start":{"line":79,"column":20},"end":{"line":79,"column":53}},"40":{"start":{"line":80,"column":16},"end":{"line":80,"column":51}},"41":{"start":{"line":81,"column":1},"end":{"line":81,"column":25}},"42":{"start":{"line":84,"column":0},"end":{"line":96,"column":2}}},"fnMap":{"0":{"name":"createPokemonMap","decl":{"start":{"line":5,"column":9},"end":{"line":5,"column":25}},"loc":{"start":{"line":5,"column":58},"end":{"line":26,"column":1}},"line":5},"1":{"name":"getFormName","decl":{"start":{"line":28,"column":9},"end":{"line":28,"column":20}},"loc":{"start":{"line":28,"column":29},"end":{"line":30,"column":1}},"line":28},"2":{"name":"getPokemonName","decl":{"start":{"line":32,"column":9},"end":{"line":32,"column":23}},"loc":{"start":{"line":32,"column":39},"end":{"line":34,"column":1}},"line":32},"3":{"name":"getPokemonIdFromName","decl":{"start":{"line":36,"column":9},"end":{"line":36,"column":29}},"loc":{"start":{"line":36,"column":44},"end":{"line":39,"column":1}},"line":36},"4":{"name":"(anonymous_4)","decl":{"start":{"line":37,"column":55},"end":{"line":37,"column":56}},"loc":{"start":{"line":37,"column":62},"end":{"line":37,"column":72}},"line":37},"5":{"name":"getFormNameOfProblematicPokemon","decl":{"start":{"line":41,"column":9},"end":{"line":41,"column":40}},"loc":{"start":{"line":41,"column":49},"end":{"line":58,"column":1}},"line":41},"6":{"name":"getPokemonMonsnoFromName","decl":{"start":{"line":60,"column":9},"end":{"line":60,"column":33}},"loc":{"start":{"line":60,"column":47},"end":{"line":63,"column":1}},"line":60},"7":{"name":"(anonymous_7)","decl":{"start":{"line":62,"column":51},"end":{"line":62,"column":52}},"loc":{"start":{"line":62,"column":58},"end":{"line":62,"column":96}},"line":62},"8":{"name":"getPokemonNames","decl":{"start":{"line":65,"column":9},"end":{"line":65,"column":24}},"loc":{"start":{"line":65,"column":39},"end":{"line":68,"column":1}},"line":65},"9":{"name":"getPokemonFormId","decl":{"start":{"line":70,"column":9},"end":{"line":70,"column":25}},"loc":{"start":{"line":70,"column":42},"end":{"line":72,"column":1}},"line":70},"10":{"name":"(anonymous_10)","decl":{"start":{"line":71,"column":37},"end":{"line":71,"column":38}},"loc":{"start":{"line":71,"column":44},"end":{"line":71,"column":52}},"line":71},"11":{"name":"normalizePokemonName","decl":{"start":{"line":74,"column":9},"end":{"line":74,"column":29}},"loc":{"start":{"line":74,"column":36},"end":{"line":76,"column":1}},"line":74},"12":{"name":"getPokemonMonsNoAndFormNoFromPokemonId","decl":{"start":{"line":78,"column":9},"end":{"line":78,"column":47}},"loc":{"start":{"line":78,"column":63},"end":{"line":82,"column":1}},"line":78}},"branchMap":{"0":{"loc":{"start":{"line":10,"column":4},"end":{"line":13,"column":5}},"type":"if","locations":[{"start":{"line":10,"column":4},"end":{"line":13,"column":5}},{"start":{},"end":{}}],"line":10},"1":{"loc":{"start":{"line":10,"column":8},"end":{"line":10,"column":67}},"type":"binary-expr","locations":[{"start":{"line":10,"column":8},"end":{"line":10,"column":40}},{"start":{"line":10,"column":44},"end":{"line":10,"column":67}}],"line":10},"2":{"loc":{"start":{"line":16,"column":4},"end":{"line":19,"column":5}},"type":"if","locations":[{"start":{"line":16,"column":4},"end":{"line":19,"column":5}},{"start":{},"end":{}}],"line":16},"3":{"loc":{"start":{"line":16,"column":8},"end":{"line":16,"column":77}},"type":"binary-expr","locations":[{"start":{"line":16,"column":8},"end":{"line":16,"column":45}},{"start":{"line":16,"column":49},"end":{"line":16,"column":77}}],"line":16},"4":{"loc":{"start":{"line":28,"column":21},"end":{"line":28,"column":27}},"type":"default-arg","locations":[{"start":{"line":28,"column":26},"end":{"line":28,"column":27}}],"line":28},"5":{"loc":{"start":{"line":32,"column":24},"end":{"line":32,"column":37}},"type":"default-arg","locations":[{"start":{"line":32,"column":36},"end":{"line":32,"column":37}}],"line":32},"6":{"loc":{"start":{"line":36,"column":30},"end":{"line":36,"column":42}},"type":"default-arg","locations":[{"start":{"line":36,"column":37},"end":{"line":36,"column":42}}],"line":36},"7":{"loc":{"start":{"line":38,"column":9},"end":{"line":38,"column":27}},"type":"cond-expr","locations":[{"start":{"line":38,"column":21},"end":{"line":38,"column":22}},{"start":{"line":38,"column":25},"end":{"line":38,"column":27}}],"line":38},"8":{"loc":{"start":{"line":41,"column":41},"end":{"line":41,"column":47}},"type":"default-arg","locations":[{"start":{"line":41,"column":46},"end":{"line":41,"column":47}}],"line":41},"9":{"loc":{"start":{"line":42,"column":2},"end":{"line":57,"column":3}},"type":"switch","locations":[{"start":{"line":43,"column":4},"end":{"line":44,"column":28}},{"start":{"line":45,"column":4},"end":{"line":46,"column":26}},{"start":{"line":47,"column":4},"end":{"line":48,"column":34}},{"start":{"line":49,"column":4},"end":{"line":50,"column":26}},{"start":{"line":51,"column":4},"end":{"line":52,"column":29}},{"start":{"line":53,"column":4},"end":{"line":54,"column":28}},{"start":{"line":55,"column":4},"end":{"line":56,"column":61}}],"line":42},"10":{"loc":{"start":{"line":61,"column":2},"end":{"line":61,"column":30}},"type":"if","locations":[{"start":{"line":61,"column":2},"end":{"line":61,"column":30}},{"start":{},"end":{}}],"line":61},"11":{"loc":{"start":{"line":65,"column":29},"end":{"line":65,"column":37}},"type":"default-arg","locations":[{"start":{"line":65,"column":36},"end":{"line":65,"column":37}}],"line":65},"12":{"loc":{"start":{"line":66,"column":2},"end":{"line":66,"column":50}},"type":"if","locations":[{"start":{"line":66,"column":2},"end":{"line":66,"column":50}},{"start":{},"end":{}}],"line":66},"13":{"loc":{"start":{"line":66,"column":6},"end":{"line":66,"column":38}},"type":"binary-expr","locations":[{"start":{"line":66,"column":6},"end":{"line":66,"column":28}},{"start":{"line":66,"column":32},"end":{"line":66,"column":38}}],"line":66},"14":{"loc":{"start":{"line":70,"column":26},"end":{"line":70,"column":36}},"type":"default-arg","locations":[{"start":{"line":70,"column":35},"end":{"line":70,"column":36}}],"line":70},"15":{"loc":{"start":{"line":71,"column":9},"end":{"line":71,"column":59}},"type":"binary-expr","locations":[{"start":{"line":71,"column":9},"end":{"line":71,"column":53}},{"start":{"line":71,"column":57},"end":{"line":71,"column":59}}],"line":71},"16":{"loc":{"start":{"line":78,"column":48},"end":{"line":78,"column":61}},"type":"default-arg","locations":[{"start":{"line":78,"column":60},"end":{"line":78,"column":61}}],"line":78}},"s":{"0":4,"1":4,"2":4,"3":5868,"4":5868,"5":5868,"6":5868,"7":4047,"8":4047,"9":1821,"10":1821,"11":1796,"12":1796,"13":25,"14":24,"15":1,"16":2,"17":11552,"18":5,"19":1507,"20":5,"21":32,"22":5,"23":5,"24":5,"25":5,"26":5,"27":5,"28":2,"29":7,"30":2,"31":5,"32":2055,"33":4,"34":2,"35":2,"36":1475,"37":5075,"38":0,"39":1466,"40":1466,"41":1466,"42":4},"f":{"0":5868,"1":2,"2":11552,"3":5,"4":1507,"5":32,"6":7,"7":2055,"8":4,"9":1475,"10":5075,"11":0,"12":1466},"b":{"0":[4047,1821],"1":[5868,4047],"2":[1796,25],"3":[1821,1820],"4":[0],"5":[0],"6":[0],"7":[1,4],"8":[0],"9":[5,5,5,5,5,5,2],"10":[2,5],"11":[4],"12":[2,2],"13":[4,3],"14":[0],"15":[1475,1],"16":[0]},"_coverageSchema":"1a1c01bbd47fc00a2c39e90264f33305004495a9","hash":"9dcac62ef34bdabaca4a58f0707c7274b8d4374a"}
,"/home/aarcon/Desktop/Personal/Lumi/luminescent-team/plugins/pokedex-data-plugin/dex/nature.js": {"path":"/home/aarcon/Desktop/Personal/Lumi/luminescent-team/plugins/pokedex-data-plugin/dex/nature.js","statementMap":{"0":{"start":{"line":1,"column":24},"end":{"line":1,"column":41}},"1":{"start":{"line":4,"column":2},"end":{"line":4,"column":70}},"2":{"start":{"line":4,"column":21},"end":{"line":4,"column":70}},"3":{"start":{"line":5,"column":16},"end":{"line":5,"column":100}},"4":{"start":{"line":5,"column":60},"end":{"line":5,"column":99}},"5":{"start":{"line":6,"column":2},"end":{"line":6,"column":69}},"6":{"start":{"line":6,"column":20},"end":{"line":6,"column":69}},"7":{"start":{"line":7,"column":2},"end":{"line":7,"column":15}},"8":{"start":{"line":11,"column":2},"end":{"line":11,"column":67}},"9":{"start":{"line":14,"column":0},"end":{"line":14,"column":48}}},"fnMap":{"0":{"name":"getNatureId","decl":{"start":{"line":3,"column":9},"end":{"line":3,"column":20}},"loc":{"start":{"line":3,"column":35},"end":{"line":8,"column":1}},"line":3},"1":{"name":"(anonymous_1)","decl":{"start":{"line":5,"column":53},"end":{"line":5,"column":54}},"loc":{"start":{"line":5,"column":60},"end":{"line":5,"column":99}},"line":5},"2":{"name":"getNatureName","decl":{"start":{"line":10,"column":9},"end":{"line":10,"column":22}},"loc":{"start":{"line":10,"column":37},"end":{"line":12,"column":1}},"line":10}},"branchMap":{"0":{"loc":{"start":{"line":4,"column":2},"end":{"line":4,"column":70}},"type":"if","locations":[{"start":{"line":4,"column":2},"end":{"line":4,"column":70}},{"start":{},"end":{}}],"line":4},"1":{"loc":{"start":{"line":6,"column":2},"end":{"line":6,"column":69}},"type":"if","locations":[{"start":{"line":6,"column":2},"end":{"line":6,"column":69}},{"start":{},"end":{}}],"line":6},"2":{"loc":{"start":{"line":10,"column":23},"end":{"line":10,"column":35}},"type":"default-arg","locations":[{"start":{"line":10,"column":34},"end":{"line":10,"column":35}}],"line":10}},"s":{"0":1,"1":3,"2":1,"3":2,"4":26,"5":2,"6":1,"7":1,"8":1,"9":1},"f":{"0":3,"1":26,"2":1},"b":{"0":[1,2],"1":[1,1],"2":[0]},"_coverageSchema":"1a1c01bbd47fc00a2c39e90264f33305004495a9","hash":"ae5bc4be88e1ddf23764c85afa47464e20dbb485"}
,"/home/aarcon/Desktop/Personal/Lumi/luminescent-team/plugins/pokedex-data-plugin/dex/pokemon.js": {"path":"/home/aarcon/Desktop/Personal/Lumi/luminescent-team/plugins/pokedex-data-plugin/dex/pokemon.js","statementMap":{"0":{"start":{"line":1,"column":26},"end":{"line":1,"column":43}},"1":{"start":{"line":2,"column":29},"end":{"line":2,"column":49}},"2":{"start":{"line":3,"column":81},"end":{"line":3,"column":99}},"3":{"start":{"line":4,"column":67},"end":{"line":4,"column":84}},"4":{"start":{"line":5,"column":24},"end":{"line":5,"column":42}},"5":{"start":{"line":6,"column":84},"end":{"line":6,"column":106}},"6":{"start":{"line":7,"column":57},"end":{"line":7,"column":78}},"7":{"start":{"line":8,"column":26},"end":{"line":8,"column":43}},"8":{"start":{"line":11,"column":12},"end":{"line":11,"column":45}},"9":{"start":{"line":12,"column":13},"end":{"line":12,"column":17}},"10":{"start":{"line":13,"column":17},"end":{"line":13,"column":25}},"11":{"start":{"line":14,"column":22},"end":{"line":14,"column":66}},"12":{"start":{"line":15,"column":15},"end":{"line":15,"column":35}},"13":{"start":{"line":16,"column":20},"end":{"line":23,"column":3}},"14":{"start":{"line":24,"column":25},"end":{"line":24,"column":90}},"15":{"start":{"line":24,"column":74},"end":{"line":24,"column":86}},"16":{"start":{"line":25,"column":17},"end":{"line":25,"column":30}},"17":{"start":{"line":26,"column":17},"end":{"line":26,"column":31}},"18":{"start":{"line":27,"column":16},"end":{"line":27,"column":36}},"19":{"start":{"line":28,"column":16},"end":{"line":28,"column":36}},"20":{"start":{"line":29,"column":18},"end":{"line":29,"column":25}},"21":{"start":{"line":30,"column":18},"end":{"line":30,"column":25}},"22":{"start":{"line":31,"column":29},"end":{"line":31,"column":34}},"23":{"start":{"line":32,"column":19},"end":{"line":32,"column":78}},"24":{"start":{"line":33,"column":25},"end":{"line":33,"column":50}},"25":{"start":{"line":35,"column":19},"end":{"line":35,"column":47}},"26":{"start":{"line":36,"column":19},"end":{"line":36,"column":47}},"27":{"start":{"line":37,"column":19},"end":{"line":37,"column":47}},"28":{"start":{"line":39,"column":19},"end":{"line":44,"column":3}},"29":{"start":{"line":45,"column":24},"end":{"line":45,"column":96}},"30":{"start":{"line":45,"column":69},"end":{"line":45,"column":95}},"31":{"start":{"line":46,"column":16},"end":{"line":51,"column":4}},"32":{"start":{"line":47,"column":4},"end":{"line":50,"column":6}},"33":{"start":{"line":53,"column":18},"end":{"line":53,"column":36}},"34":{"start":{"line":54,"column":21},"end":{"line":54,"column":39}},"35":{"start":{"line":56,"column":16},"end":{"line":56,"column":38}},"36":{"start":{"line":57,"column":16},"end":{"line":57,"column":38}},"37":{"start":{"line":58,"column":16},"end":{"line":58,"column":38}},"38":{"start":{"line":60,"column":2},"end":{"line":86,"column":4}},"39":{"start":{"line":89,"column":0},"end":{"line":89,"column":32}}},"fnMap":{"0":{"name":"getPokemon","decl":{"start":{"line":10,"column":9},"end":{"line":10,"column":19}},"loc":{"start":{"line":10,"column":31},"end":{"line":87,"column":1}},"line":10},"1":{"name":"(anonymous_1)","decl":{"start":{"line":24,"column":57},"end":{"line":24,"column":58}},"loc":{"start":{"line":24,"column":74},"end":{"line":24,"column":86}},"line":24},"2":{"name":"(anonymous_2)","decl":{"start":{"line":45,"column":58},"end":{"line":45,"column":59}},"loc":{"start":{"line":45,"column":69},"end":{"line":45,"column":95}},"line":45},"3":{"name":"(anonymous_3)","decl":{"start":{"line":46,"column":48},"end":{"line":46,"column":49}},"loc":{"start":{"line":46,"column":60},"end":{"line":51,"column":3}},"line":46}},"branchMap":{},"s":{"0":1,"1":1,"2":1,"3":1,"4":1,"5":1,"6":1,"7":1,"8":1466,"9":1466,"10":1466,"11":1466,"12":1466,"13":1466,"14":1466,"15":8796,"16":1466,"17":1466,"18":1466,"19":1466,"20":1466,"21":1466,"22":1466,"23":1466,"24":1466,"25":1466,"26":1466,"27":1466,"28":1466,"29":1466,"30":1922,"31":1466,"32":8620,"33":1466,"34":1466,"35":1466,"36":1466,"37":1466,"38":1466,"39":1},"f":{"0":1466,"1":8796,"2":1922,"3":8620},"b":{},"_coverageSchema":"1a1c01bbd47fc00a2c39e90264f33305004495a9","hash":"56639a50bb7128fbc5d69df07dc13d28ae69cd05"}
,"/home/aarcon/Desktop/Personal/Lumi/luminescent-team/plugins/pokedex-data-plugin/dex/types.js": {"path":"/home/aarcon/Desktop/Personal/Lumi/luminescent-team/plugins/pokedex-data-plugin/dex/types.js","statementMap":{"0":{"start":{"line":1,"column":21},"end":{"line":1,"column":38}},"1":{"start":{"line":4,"column":15},"end":{"line":4,"column":69}},"2":{"start":{"line":5,"column":2},"end":{"line":5,"column":50}},"3":{"start":{"line":5,"column":13},"end":{"line":5,"column":50}},"4":{"start":{"line":6,"column":2},"end":{"line":6,"column":14}},"5":{"start":{"line":10,"column":2},"end":{"line":12,"column":75}},"6":{"start":{"line":15,"column":0},"end":{"line":15,"column":43}}},"fnMap":{"0":{"name":"getTypeName","decl":{"start":{"line":3,"column":9},"end":{"line":3,"column":20}},"loc":{"start":{"line":3,"column":33},"end":{"line":7,"column":1}},"line":3},"1":{"name":"getTypes","decl":{"start":{"line":9,"column":9},"end":{"line":9,"column":17}},"loc":{"start":{"line":9,"column":33},"end":{"line":13,"column":1}},"line":9}},"branchMap":{"0":{"loc":{"start":{"line":3,"column":21},"end":{"line":3,"column":31}},"type":"default-arg","locations":[{"start":{"line":3,"column":30},"end":{"line":3,"column":31}}],"line":3},"1":{"loc":{"start":{"line":5,"column":2},"end":{"line":5,"column":50}},"type":"if","locations":[{"start":{"line":5,"column":2},"end":{"line":5,"column":50}},{"start":{},"end":{}}],"line":5},"2":{"loc":{"start":{"line":10,"column":9},"end":{"line":12,"column":74}},"type":"cond-expr","locations":[{"start":{"line":11,"column":6},"end":{"line":11,"column":40}},{"start":{"line":12,"column":6},"end":{"line":12,"column":74}}],"line":10}},"s":{"0":3,"1":5866,"2":5866,"3":0,"4":5866,"5":2,"6":3},"f":{"0":5866,"1":2},"b":{"0":[0],"1":[0,5866],"2":[1,1]},"_coverageSchema":"1a1c01bbd47fc00a2c39e90264f33305004495a9","hash":"b0f54cd2820fd27594111d7d9345cabc3bc21628"}
,"/home/aarcon/Desktop/Personal/Lumi/luminescent-team/src/components/Pokedex/PokemonAbilities.jsx": {"path":"/home/aarcon/Desktop/Personal/Lumi/luminescent-team/src/components/Pokedex/PokemonAbilities.jsx","statementMap":{"0":{"start":{"line":5,"column":32},"end":{"line":43,"column":1}},"1":{"start":{"line":6,"column":31},"end":{"line":6,"column":98}},"2":{"start":{"line":7,"column":35},"end":{"line":7,"column":102}},"3":{"start":{"line":8,"column":32},"end":{"line":8,"column":104}},"4":{"start":{"line":10,"column":2},"end":{"line":16,"column":3}},"5":{"start":{"line":11,"column":4},"end":{"line":15,"column":6}},"6":{"start":{"line":18,"column":2},"end":{"line":25,"column":3}},"7":{"start":{"line":19,"column":4},"end":{"line":24,"column":6}},"8":{"start":{"line":27,"column":2},"end":{"line":34,"column":3}},"9":{"start":{"line":28,"column":4},"end":{"line":33,"column":6}},"10":{"start":{"line":36,"column":2},"end":{"line":42,"column":4}},"11":{"start":{"line":45,"column":30},"end":{"line":53,"column":1}},"12":{"start":{"line":46,"column":2},"end":{"line":52,"column":4}}},"fnMap":{"0":{"name":"(anonymous_0)","decl":{"start":{"line":5,"column":32},"end":{"line":5,"column":33}},"loc":{"start":{"line":5,"column":87},"end":{"line":43,"column":1}},"line":5},"1":{"name":"(anonymous_1)","decl":{"start":{"line":45,"column":30},"end":{"line":45,"column":31}},"loc":{"start":{"line":45,"column":82},"end":{"line":53,"column":1}},"line":45}},"branchMap":{"0":{"loc":{"start":{"line":6,"column":31},"end":{"line":6,"column":98}},"type":"binary-expr","locations":[{"start":{"line":6,"column":31},"end":{"line":6,"column":60}},{"start":{"line":6,"column":64},"end":{"line":6,"column":98}}],"line":6},"1":{"loc":{"start":{"line":7,"column":35},"end":{"line":7,"column":102}},"type":"binary-expr","locations":[{"start":{"line":7,"column":35},"end":{"line":7,"column":64}},{"start":{"line":7,"column":68},"end":{"line":7,"column":102}}],"line":7},"2":{"loc":{"start":{"line":8,"column":32},"end":{"line":8,"column":104}},"type":"binary-expr","locations":[{"start":{"line":8,"column":32},"end":{"line":8,"column":66}},{"start":{"line":8,"column":70},"end":{"line":8,"column":104}}],"line":8},"3":{"loc":{"start":{"line":10,"column":2},"end":{"line":16,"column":3}},"type":"if","locations":[{"start":{"line":10,"column":2},"end":{"line":16,"column":3}},{"start":{},"end":{}}],"line":10},"4":{"loc":{"start":{"line":18,"column":2},"end":{"line":25,"column":3}},"type":"if","locations":[{"start":{"line":18,"column":2},"end":{"line":25,"column":3}},{"start":{},"end":{}}],"line":18},"5":{"loc":{"start":{"line":27,"column":2},"end":{"line":34,"column":3}},"type":"if","locations":[{"start":{"line":27,"column":2},"end":{"line":34,"column":3}},{"start":{},"end":{}}],"line":27},"6":{"loc":{"start":{"line":47,"column":84},"end":{"line":47,"column":105}},"type":"binary-expr","locations":[{"start":{"line":47,"column":84},"end":{"line":47,"column":96}},{"start":{"line":47,"column":100},"end":{"line":47,"column":105}}],"line":47},"7":{"loc":{"start":{"line":49,"column":7},"end":{"line":49,"column":32}},"type":"binary-expr","locations":[{"start":{"line":49,"column":7},"end":{"line":49,"column":22}},{"start":{"line":49,"column":26},"end":{"line":49,"column":32}}],"line":49},"8":{"loc":{"start":{"line":50,"column":7},"end":{"line":50,"column":26}},"type":"binary-expr","locations":[{"start":{"line":50,"column":7},"end":{"line":50,"column":19}},{"start":{"line":50,"column":23},"end":{"line":50,"column":26}}],"line":50}},"s":{"0":1,"1":5,"2":5,"3":5,"4":5,"5":1,"6":4,"7":1,"8":3,"9":2,"10":1,"11":1,"12":10},"f":{"0":5,"1":10},"b":{"0":[5,2],"1":[5,2],"2":[5,2],"3":[1,4],"4":[1,3],"5":[2,1],"6":[10,5],"7":[10,2],"8":[10,5]},"_coverageSchema":"1a1c01bbd47fc00a2c39e90264f33305004495a9","hash":"202974060cc793f0933ed1e3870ea70b3d976a38"}
,"/home/aarcon/Desktop/Personal/Lumi/luminescent-team/src/components/Pokedex2/PokemonAbilities.jsx": {"path":"/home/aarcon/Desktop/Personal/Lumi/luminescent-team/src/components/Pokedex2/PokemonAbilities.jsx","statementMap":{"0":{"start":{"line":6,"column":32},"end":{"line":44,"column":1}},"1":{"start":{"line":7,"column":31},"end":{"line":7,"column":98}},"2":{"start":{"line":8,"column":35},"end":{"line":8,"column":102}},"3":{"start":{"line":9,"column":32},"end":{"line":9,"column":104}},"4":{"start":{"line":11,"column":2},"end":{"line":17,"column":3}},"5":{"start":{"line":12,"column":4},"end":{"line":16,"column":6}},"6":{"start":{"line":19,"column":2},"end":{"line":26,"column":3}},"7":{"start":{"line":20,"column":4},"end":{"line":25,"column":6}},"8":{"start":{"line":28,"column":2},"end":{"line":35,"column":3}},"9":{"start":{"line":29,"column":4},"end":{"line":34,"column":6}},"10":{"start":{"line":37,"column":2},"end":{"line":43,"column":4}},"11":{"start":{"line":46,"column":30},"end":{"line":85,"column":1}},"12":{"start":{"line":47,"column":26},"end":{"line":47,"column":41}},"13":{"start":{"line":49,"column":21},"end":{"line":51,"column":3}},"14":{"start":{"line":50,"column":4},"end":{"line":50,"column":18}},"15":{"start":{"line":53,"column":22},"end":{"line":55,"column":3}},"16":{"start":{"line":54,"column":4},"end":{"line":54,"column":19}},"17":{"start":{"line":56,"column":2},"end":{"line":84,"column":4}}},"fnMap":{"0":{"name":"(anonymous_0)","decl":{"start":{"line":6,"column":32},"end":{"line":6,"column":33}},"loc":{"start":{"line":6,"column":87},"end":{"line":44,"column":1}},"line":6},"1":{"name":"(anonymous_1)","decl":{"start":{"line":46,"column":30},"end":{"line":46,"column":31}},"loc":{"start":{"line":46,"column":82},"end":{"line":85,"column":1}},"line":46},"2":{"name":"(anonymous_2)","decl":{"start":{"line":49,"column":21},"end":{"line":49,"column":22}},"loc":{"start":{"line":49,"column":27},"end":{"line":51,"column":3}},"line":49},"3":{"name":"(anonymous_3)","decl":{"start":{"line":53,"column":22},"end":{"line":53,"column":23}},"loc":{"start":{"line":53,"column":28},"end":{"line":55,"column":3}},"line":53}},"branchMap":{"0":{"loc":{"start":{"line":7,"column":31},"end":{"line":7,"column":98}},"type":"binary-expr","locations":[{"start":{"line":7,"column":31},"end":{"line":7,"column":60}},{"start":{"line":7,"column":64},"end":{"line":7,"column":98}}],"line":7},"1":{"loc":{"start":{"line":8,"column":35},"end":{"line":8,"column":102}},"type":"binary-expr","locations":[{"start":{"line":8,"column":35},"end":{"line":8,"column":64}},{"start":{"line":8,"column":68},"end":{"line":8,"column":102}}],"line":8},"2":{"loc":{"start":{"line":9,"column":32},"end":{"line":9,"column":104}},"type":"binary-expr","locations":[{"start":{"line":9,"column":32},"end":{"line":9,"column":66}},{"start":{"line":9,"column":70},"end":{"line":9,"column":104}}],"line":9},"3":{"loc":{"start":{"line":11,"column":2},"end":{"line":17,"column":3}},"type":"if","locations":[{"start":{"line":11,"column":2},"end":{"line":17,"column":3}},{"start":{},"end":{}}],"line":11},"4":{"loc":{"start":{"line":19,"column":2},"end":{"line":26,"column":3}},"type":"if","locations":[{"start":{"line":19,"column":2},"end":{"line":26,"column":3}},{"start":{},"end":{}}],"line":19},"5":{"loc":{"start":{"line":28,"column":2},"end":{"line":35,"column":3}},"type":"if","locations":[{"start":{"line":28,"column":2},"end":{"line":35,"column":3}},{"start":{},"end":{}}],"line":28},"6":{"loc":{"start":{"line":59,"column":76},"end":{"line":59,"column":97}},"type":"binary-expr","locations":[{"start":{"line":59,"column":76},"end":{"line":59,"column":88}},{"start":{"line":59,"column":92},"end":{"line":59,"column":97}}],"line":59},"7":{"loc":{"start":{"line":63,"column":9},"end":{"line":63,"column":34}},"type":"binary-expr","locations":[{"start":{"line":63,"column":9},"end":{"line":63,"column":24}},{"start":{"line":63,"column":28},"end":{"line":63,"column":34}}],"line":63},"8":{"loc":{"start":{"line":64,"column":9},"end":{"line":64,"column":28}},"type":"binary-expr","locations":[{"start":{"line":64,"column":9},"end":{"line":64,"column":21}},{"start":{"line":64,"column":25},"end":{"line":64,"column":28}}],"line":64}},"s":{"0":1,"1":5,"2":5,"3":5,"4":5,"5":1,"6":4,"7":1,"8":3,"9":2,"10":1,"11":1,"12":10,"13":10,"14":0,"15":10,"16":0,"17":10},"f":{"0":5,"1":10,"2":0,"3":0},"b":{"0":[5,2],"1":[5,2],"2":[5,2],"3":[1,4],"4":[1,3],"5":[2,1],"6":[10,5],"7":[10,2],"8":[10,5]},"_coverageSchema":"1a1c01bbd47fc00a2c39e90264f33305004495a9","hash":"d53486af10e01ebd21e309434bf3739ecfb0e76d"}
,"/home/aarcon/Desktop/Personal/Lumi/luminescent-team/src/core/genderRatioConverter.js": {"path":"/home/aarcon/Desktop/Personal/Lumi/luminescent-team/src/core/genderRatioConverter.js","statementMap":{"0":{"start":{"line":1,"column":45},"end":{"line":21,"column":1}},"1":{"start":{"line":2,"column":2},"end":{"line":4,"column":3}},"2":{"start":{"line":3,"column":4},"end":{"line":3,"column":40}},"3":{"start":{"line":5,"column":2},"end":{"line":16,"column":3}},"4":{"start":{"line":6,"column":22},"end":{"line":6,"column":36}},"5":{"start":{"line":7,"column":23},"end":{"line":7,"column":36}},"6":{"start":{"line":8,"column":22},"end":{"line":8,"column":36}},"7":{"start":{"line":9,"column":19},"end":{"line":9,"column":51}},"8":{"start":{"line":10,"column":22},"end":{"line":10,"column":32}},"9":{"start":{"line":11,"column":17},"end":{"line":11,"column":49}},"10":{"start":{"line":12,"column":4},"end":{"line":15,"column":6}},"11":{"start":{"line":17,"column":2},"end":{"line":19,"column":3}},"12":{"start":{"line":18,"column":4},"end":{"line":18,"column":38}},"13":{"start":{"line":20,"column":2},"end":{"line":20,"column":36}}},"fnMap":{"0":{"name":"(anonymous_0)","decl":{"start":{"line":1,"column":45},"end":{"line":1,"column":46}},"loc":{"start":{"line":1,"column":63},"end":{"line":21,"column":1}},"line":1}},"branchMap":{"0":{"loc":{"start":{"line":2,"column":2},"end":{"line":4,"column":3}},"type":"if","locations":[{"start":{"line":2,"column":2},"end":{"line":4,"column":3}},{"start":{},"end":{}}],"line":2},"1":{"loc":{"start":{"line":5,"column":2},"end":{"line":16,"column":3}},"type":"if","locations":[{"start":{"line":5,"column":2},"end":{"line":16,"column":3}},{"start":{},"end":{}}],"line":5},"2":{"loc":{"start":{"line":17,"column":2},"end":{"line":19,"column":3}},"type":"if","locations":[{"start":{"line":17,"column":2},"end":{"line":19,"column":3}},{"start":{},"end":{}}],"line":17}},"s":{"0":1,"1":7,"2":1,"3":6,"4":5,"5":5,"6":5,"7":5,"8":5,"9":5,"10":5,"11":1,"12":1,"13":0},"f":{"0":7},"b":{"0":[1,6],"1":[5,1],"2":[1,0]},"_coverageSchema":"1a1c01bbd47fc00a2c39e90264f33305004495a9","hash":"50849d13293634582aa5d97d492d557a17268c79"}
[...]
"column":91}},"type":"if","locations":[{"start":{"line":50,"column":2},"end":{"line":50,"column":91}},{"start":{},"end":{}}],"line":50},"13":{"loc":{"start":{"line":50,"column":6},"end":{"line":50,"column":47}},"type":"binary-expr","locations":[{"start":{"line":50,"column":6},"end":{"line":50,"column":34}},{"start":{"line":50,"column":38},"end":{"line":50,"column":47}}],"line":50},"14":{"loc":{"start":{"line":52,"column":2},"end":{"line":52,"column":59}},"type":"if","locations":[{"start":{"line":52,"column":2},"end":{"line":52,"column":59}},{"start":{},"end":{}}],"line":52},"15":{"loc":{"start":{"line":56,"column":23},"end":{"line":56,"column":29}},"type":"default-arg","locations":[{"start":{"line":56,"column":28},"end":{"line":56,"column":29}}],"line":56},"16":{"loc":{"start":{"line":57,"column":2},"end":{"line":57,"column":88}},"type":"if","locations":[{"start":{"line":57,"column":2},"end":{"line":57,"column":88}},{"start":{},"end":{}}],"line":57},"17":{"loc":{"start":{"line":57,"column":6},"end":{"line":57,"column":37}},"type":"binary-expr","locations":[{"start":{"line":57,"column":6},"end":{"line":57,"column":27}},{"start":{"line":57,"column":31},"end":{"line":57,"column":37}}],"line":57},"18":{"loc":{"start":{"line":60,"column":2},"end":{"line":62,"column":3}},"type":"if","locations":[{"start":{"line":60,"column":2},"end":{"line":62,"column":3}},{"start":{},"end":{}}],"line":60},"19":{"loc":{"start":{"line":60,"column":6},"end":{"line":60,"column":65}},"type":"binary-expr","locations":[{"start":{"line":60,"column":6},"end":{"line":60,"column":29}},{"start":{"line":60,"column":33},"end":{"line":60,"column":65}}],"line":60},"20":{"loc":{"start":{"line":67,"column":27},"end":{"line":67,"column":37}},"type":"default-arg","locations":[{"start":{"line":67,"column":36},"end":{"line":67,"column":37}}],"line":67},"21":{"loc":{"start":{"line":75,"column":18},"end":{"line":75,"column":29}},"type":"binary-expr","locations":[{"start":{"line":75,"column":18},"end":{"line":75,"column":24}},{"start":{"line":75,"column":28},"end":{"line":75,"column":29}}],"line":75},"22":{"loc":{"start":{"line":80,"column":10},"end":{"line":80,"column":74}},"type":"binary-expr","locations":[{"start":{"line":80,"column":10},"end":{"line":80,"column":64}},{"start":{"line":80,"column":68},"end":{"line":80,"column":74}}],"line":80},"23":{"loc":{"start":{"line":90,"column":21},"end":{"line":90,"column":30}},"type":"default-arg","locations":[{"start":{"line":90,"column":29},"end":{"line":90,"column":30}}],"line":90},"24":{"loc":{"start":{"line":91,"column":2},"end":{"line":91,"column":89}},"type":"if","locations":[{"start":{"line":91,"column":2},"end":{"line":91,"column":89}},{"start":{},"end":{}}],"line":91},"25":{"loc":{"start":{"line":91,"column":6},"end":{"line":91,"column":77}},"type":"binary-expr","locations":[{"start":{"line":91,"column":6},"end":{"line":91,"column":30}},{"start":{"line":91,"column":34},"end":{"line":91,"column":77}}],"line":91},"26":{"loc":{"start":{"line":94,"column":19},"end":{"line":94,"column":103}},"type":"binary-expr","locations":[{"start":{"line":94,"column":19},"end":{"line":94,"column":97}},{"start":{"line":94,"column":101},"end":{"line":94,"column":103}}],"line":94},"27":{"loc":{"start":{"line":94,"column":50},"end":{"line":94,"column":88}},"type":"binary-expr","locations":[{"start":{"line":94,"column":50},"end":{"line":94,"column":65}},{"start":{"line":94,"column":69},"end":{"line":94,"column":88}}],"line":94},"28":{"loc":{"start":{"line":101,"column":28},"end":{"line":101,"column":38}},"type":"default-arg","locations":[{"start":{"line":101,"column":37},"end":{"line":101,"column":38}}],"line":101},"29":{"loc":{"start":{"line":109,"column":28},"end":{"line":109,"column":41}},"type":"default-arg","locations":[{"start":{"line":109,"column":40},"end":{"line":109,"column":41}}],"line":109},"30":{"loc":{"start":{"line":129,"column":32},"end":{"line":129,"column":45}},"type":"default-arg","locations":[{"start":{"line":129,"column":44},"end":{"line":129,"column":45}}],"line":129},"31":{"loc":{"start":{"line":139,"column":4},"end":{"line":141,"column":5}},"type":"if","locations":[{"start":{"line":139,"column":4},"end":{"line":141,"column":5}},{"start":{},"end":{}}],"line":139},"32":{"loc":{"start":{"line":147,"column":28},"end":{"line":147,"column":41}},"type":"default-arg","locations":[{"start":{"line":147,"column":40},"end":{"line":147,"column":41}}],"line":147},"33":{"loc":{"start":{"line":148,"column":2},"end":{"line":148,"column":63}},"type":"if","locations":[{"start":{"line":148,"column":2},"end":{"line":148,"column":63}},{"start":{},"end":{}}],"line":148},"34":{"loc":{"start":{"line":148,"column":6},"end":{"line":148,"column":51}},"type":"binary-expr","locations":[{"start":{"line":148,"column":6},"end":{"line":148,"column":34}},{"start":{"line":148,"column":38},"end":{"line":148,"column":51}}],"line":148},"35":{"loc":{"start":{"line":149,"column":9},"end":{"line":149,"column":52}},"type":"binary-expr","locations":[{"start":{"line":149,"column":9},"end":{"line":149,"column":46}},{"start":{"line":149,"column":50},"end":{"line":149,"column":52}}],"line":149}},"s":{"0":2,"1":2,"2":8,"3":3,"4":5,"5":2,"6":3,"7":63,"8":30,"9":33,"10":3,"11":0,"12":3,"13":3,"14":3,"15":22,"16":4,"17":18,"18":66,"19":6,"20":2,"21":4,"22":1074,"23":4,"24":1,"25":3,"26":17,"27":1,"28":16,"29":16,"30":1,"31":15,"32":70,"33":70,"34":70,"35":70,"36":70,"37":70,"38":70,"39":70,"40":70,"41":70,"42":3,"43":1,"44":2,"45":2,"46":2,"47":5,"48":2,"49":14,"50":70,"51":70,"52":154,"53":70,"54":5,"55":5,"56":5,"57":5,"58":160,"59":5,"60":5,"61":160,"62":5,"63":5,"64":160,"65":5,"66":5,"67":160,"68":5,"69":3,"70":3,"71":3,"72":3,"73":315,"74":315,"75":315,"76":315,"77":66,"78":3,"79":7,"80":3,"81":4},"f":{"0":8,"1":63,"2":22,"3":66,"4":6,"5":1074,"6":17,"7":70,"8":3,"9":5,"10":14,"11":70,"12":154,"13":5,"14":3,"15":7},"b":{"0":[3,5],"1":[8,7,6],"2":[2,3],"3":[5,4],"4":[30,33],"5":[0,3],"6":[3,0],"7":[3,0],"8":[3,0],"9":[3,0],"10":[4,18],"11":[22,19],"12":[2,4],"13":[6,4],"14":[1,3],"15":[0],"16":[1,16],"17":[17,16],"18":[1,15],"19":[16,15],"20":[1],"21":[70,0],"22":[70,0],"23":[0],"24":[1,2],"25":[3,3],"26":[2,0],"27":[5,2],"28":[0],"29":[0],"30":[0],"31":[66,249],"32":[1],"33":[3,4],"34":[7,5],"35":[4,0]},"_coverageSchema":"1a1c01bbd47fc00a2c39e90264f33305004495a9","hash":"79eabf7cc18766f76bc82654ac9004930514c576"}
,"/home/aarcon/Desktop/Personal/Lumi/luminescent-team/src/utils/dex/name.js": {"path":"/home/aarcon/Desktop/Personal/Lumi/luminescent-team/src/utils/dex/name.js","statementMap":{"0":{"start":{"line":4,"column":25},"end":{"line":4,"column":76}},"1":{"start":{"line":5,"column":26},"end":{"line":5,"column":57}},"2":{"start":{"line":7,"column":2},"end":{"line":26,"column":3}},"3":{"start":{"line":8,"column":19},"end":{"line":8,"column":33}},"4":{"start":{"line":10,"column":25},"end":{"line":10,"column":83}},"5":{"start":{"line":11,"column":4},"end":{"line":14,"column":5}},"6":{"start":{"line":12,"column":6},"end":{"line":12,"column":40}},"7":{"start":{"line":13,"column":6},"end":{"line":13,"column":28}},"8":{"start":{"line":16,"column":30},"end":{"line":16,"column":88}},"9":{"start":{"line":17,"column":4},"end":{"line":20,"column":5}},"10":{"start":{"line":18,"column":6},"end":{"line":18,"column":45}},"11":{"start":{"line":19,"column":6},"end":{"line":19,"column":28}},"12":{"start":{"line":22,"column":4},"end":{"line":22,"column":61}},"13":{"start":{"line":23,"column":4},"end":{"line":23,"column":26}},"14":{"start":{"line":25,"column":4},"end":{"line":25,"column":47}},"15":{"start":{"line":30,"column":2},"end":{"line":30,"column":30}},"16":{"start":{"line":34,"column":2},"end":{"line":34,"column":37}},"17":{"start":{"line":38,"column":13},"end":{"line":38,"column":73}},"18":{"start":{"line":38,"column":62},"end":{"line":38,"column":72}},"19":{"start":{"line":39,"column":2},"end":{"line":39,"column":28}},"20":{"start":{"line":43,"column":2},"end":{"line":58,"column":3}},"21":{"start":{"line":45,"column":6},"end":{"line":45,"column":28}},"22":{"start":{"line":47,"column":6},"end":{"line":47,"column":26}},"23":{"start":{"line":49,"column":6},"end":{"line":49,"column":34}},"24":{"start":{"line":51,"column":6},"end":{"line":51,"column":26}},"25":{"start":{"line":53,"column":6},"end":{"line":53,"column":29}},"26":{"start":{"line":55,"column":6},"end":{"line":55,"column":28}},"27":{"start":{"line":57,"column":6},"end":{"line":57,"column":61}},"28":{"start":{"line":62,"column":2},"end":{"line":62,"column":30}},"29":{"start":{"line":62,"column":20},"end":{"line":62,"column":30}},"30":{"start":{"line":63,"column":2},"end":{"line":63,"column":98}},"31":{"start":{"line":63,"column":58},"end":{"line":63,"column":96}},"32":{"start":{"line":67,"column":2},"end":{"line":67,"column":50}},"33":{"start":{"line":67,"column":40},"end":{"line":67,"column":50}},"34":{"start":{"line":68,"column":2},"end":{"line":68,"column":43}},"35":{"start":{"line":72,"column":2},"end":{"line":72,"column":60}},"36":{"start":{"line":72,"column":44},"end":{"line":72,"column":52}},"37":{"start":{"line":76,"column":20},"end":{"line":76,"column":53}},"38":{"start":{"line":77,"column":16},"end":{"line":77,"column":51}},"39":{"start":{"line":78,"column":1},"end":{"line":78,"column":25}}},"fnMap":{"0":{"name":"createPokemonMap","decl":{"start":{"line":6,"column":9},"end":{"line":6,"column":25}},"loc":{"start":{"line":6,"column":58},"end":{"line":27,"column":1}},"line":6},"1":{"name":"getFormName","decl":{"start":{"line":29,"column":9},"end":{"line":29,"column":20}},"loc":{"start":{"line":29,"column":29},"end":{"line":31,"column":1}},"line":29},"2":{"name":"getPokemonName","decl":{"start":{"line":33,"column":9},"end":{"line":33,"column":23}},"loc":{"start":{"line":33,"column":39},"end":{"line":35,"column":1}},"line":33},"3":{"name":"getPokemonIdFromName","decl":{"start":{"line":37,"column":9},"end":{"line":37,"column":29}},"loc":{"start":{"line":37,"column":44},"end":{"line":40,"column":1}},"line":37},"4":{"name":"(anonymous_4)","decl":{"start":{"line":38,"column":55},"end":{"line":38,"column":56}},"loc":{"start":{"line":38,"column":62},"end":{"line":38,"column":72}},"line":38},"5":{"name":"getFormNameOfProblematicPokemon","decl":{"start":{"line":42,"column":9},"end":{"line":42,"column":40}},"loc":{"start":{"line":42,"column":49},"end":{"line":59,"column":1}},"line":42},"6":{"name":"getPokemonMonsnoFromName","decl":{"start":{"line":61,"column":9},"end":{"line":61,"column":33}},"loc":{"start":{"line":61,"column":47},"end":{"line":64,"column":1}},"line":61},"7":{"name":"(anonymous_7)","decl":{"start":{"line":63,"column":51},"end":{"line":63,"column":52}},"loc":{"start":{"line":63,"column":58},"end":{"line":63,"column":96}},"line":63},"8":{"name":"getPokemonNames","decl":{"start":{"line":66,"column":9},"end":{"line":66,"column":24}},"loc":{"start":{"line":66,"column":39},"end":{"line":69,"column":1}},"line":66},"9":{"name":"getPokemonFormId","decl":{"start":{"line":71,"column":9},"end":{"line":71,"column":25}},"loc":{"start":{"line":71,"column":42},"end":{"line":73,"column":1}},"line":71},"10":{"name":"(anonymous_10)","decl":{"start":{"line":72,"column":37},"end":{"line":72,"column":38}},"loc":{"start":{"line":72,"column":44},"end":{"line":72,"column":52}},"line":72},"11":{"name":"getPokemonMonsNoAndFormNoFromPokemonId","decl":{"start":{"line":75,"column":9},"end":{"line":75,"column":47}},"loc":{"start":{"line":75,"column":63},"end":{"line":79,"column":1}},"line":75}},"branchMap":{"0":{"loc":{"start":{"line":11,"column":4},"end":{"line":14,"column":5}},"type":"if","locations":[{"start":{"line":11,"column":4},"end":{"line":14,"column":5}},{"start":{},"end":{}}],"line":11},"1":{"loc":{"start":{"line":11,"column":8},"end":{"line":11,"column":67}},"type":"binary-expr","locations":[{"start":{"line":11,"column":8},"end":{"line":11,"column":40}},{"start":{"line":11,"column":44},"end":{"line":11,"column":67}}],"line":11},"2":{"loc":{"start":{"line":17,"column":4},"end":{"line":20,"column":5}},"type":"if","locations":[{"start":{"line":17,"column":4},"end":{"line":20,"column":5}},{"start":{},"end":{}}],"line":17},"3":{"loc":{"start":{"line":17,"column":8},"end":{"line":17,"column":77}},"type":"binary-expr","locations":[{"start":{"line":17,"column":8},"end":{"line":17,"column":45}},{"start":{"line":17,"column":49},"end":{"line":17,"column":77}}],"line":17},"4":{"loc":{"start":{"line":29,"column":21},"end":{"line":29,"column":27}},"type":"default-arg","locations":[{"start":{"line":29,"column":26},"end":{"line":29,"column":27}}],"line":29},"5":{"loc":{"start":{"line":33,"column":24},"end":{"line":33,"column":37}},"type":"default-arg","locations":[{"start":{"line":33,"column":36},"end":{"line":33,"column":37}}],"line":33},"6":{"loc":{"start":{"line":37,"column":30},"end":{"line":37,"column":42}},"type":"default-arg","locations":[{"start":{"line":37,"column":37},"end":{"line":37,"column":42}}],"line":37},"7":{"loc":{"start":{"line":39,"column":9},"end":{"line":39,"column":27}},"type":"cond-expr","locations":[{"start":{"line":39,"column":21},"end":{"line":39,"column":22}},{"start":{"line":39,"column":25},"end":{"line":39,"column":27}}],"line":39},"8":{"loc":{"start":{"line":42,"column":41},"end":{"line":42,"column":47}},"type":"default-arg","locations":[{"start":{"line":42,"column":46},"end":{"line":42,"column":47}}],"line":42},"9":{"loc":{"start":{"line":43,"column":2},"end":{"line":58,"column":3}},"type":"switch","locations":[{"start":{"line":44,"column":4},"end":{"line":45,"column":28}},{"start":{"line":46,"column":4},"end":{"line":47,"column":26}},{"start":{"line":48,"column":4},"end":{"line":49,"column":34}},{"start":{"line":50,"column":4},"end":{"line":51,"column":26}},{"start":{"line":52,"column":4},"end":{"line":53,"column":29}},{"start":{"line":54,"column":4},"end":{"line":55,"column":28}},{"start":{"line":56,"column":4},"end":{"line":57,"column":61}}],"line":43},"10":{"loc":{"start":{"line":62,"column":2},"end":{"line":62,"column":30}},"type":"if","locations":[{"start":{"line":62,"column":2},"end":{"line":62,"column":30}},{"start":{},"end":{}}],"line":62},"11":{"loc":{"start":{"line":66,"column":29},"end":{"line":66,"column":37}},"type":"default-arg","locations":[{"start":{"line":66,"column":36},"end":{"line":66,"column":37}}],"line":66},"12":{"loc":{"start":{"line":67,"column":2},"end":{"line":67,"column":50}},"type":"if","locations":[{"start":{"line":67,"column":2},"end":{"line":67,"column":50}},{"start":{},"end":{}}],"line":67},"13":{"loc":{"start":{"line":67,"column":6},"end":{"line":67,"column":38}},"type":"binary-expr","locations":[{"start":{"line":67,"column":6},"end":{"line":67,"column":28}},{"start":{"line":67,"column":32},"end":{"line":67,"column":38}}],"line":67},"14":{"loc":{"start":{"line":71,"column":26},"end":{"line":71,"column":36}},"type":"default-arg","locations":[{"start":{"line":71,"column":35},"end":{"line":71,"column":36}}],"line":71},"15":{"loc":{"start":{"line":72,"column":9},"end":{"line":72,"column":59}},"type":"binary-expr","locations":[{"start":{"line":72,"column":9},"end":{"line":72,"column":53}},{"start":{"line":72,"column":57},"end":{"line":72,"column":59}}],"line":72},"16":{"loc":{"start":{"line":75,"column":48},"end":{"line":75,"column":61}},"type":"default-arg","locations":[{"start":{"line":75,"column":60},"end":{"line":75,"column":61}}],"line":75}},"s":{"0":3,"1":3,"2":4402,"3":4402,"4":4402,"5":4402,"6":3036,"7":3036,"8":1366,"9":1366,"10":1347,"11":1347,"12":19,"13":18,"14":1,"15":2,"16":2,"17":5,"18":1507,"19":5,"20":26,"21":4,"22":4,"23":4,"24":4,"25":4,"26":4,"27":2,"28":7,"29":2,"30":5,"31":2055,"32":4,"33":2,"34":2,"35":10,"36":35,"37":0,"38":0,"39":0},"f":{"0":4402,"1":2,"2":2,"3":5,"4":1507,"5":26,"6":7,"7":2055,"8":4,"9":10,"10":35,"11":0},"b":{"0":[3036,1366],"1":[4402,3036],"2":[1347,19],"3":[1366,1365],"4":[0],"5":[0],"6":[0],"7":[1,4],"8":[0],"9":[4,4,4,4,4,4,2],"10":[2,5],"11":[4],"12":[2,2],"13":[4,3],"14":[0],"15":[10,1],"16":[0]},"_coverageSchema":"1a1c01bbd47fc00a2c39e90264f33305004495a9","hash":"a0aedb48b676600fa0aaac3f200156ad59288f14"}
,"/home/aarcon/Desktop/Personal/Lumi/luminescent-team/src/utils/dex/nature.js": {"path":"/home/aarcon/Desktop/Personal/Lumi/luminescent-team/src/utils/dex/nature.js","statementMap":{"0":{"start":{"line":1,"column":24},"end":{"line":1,"column":54}},"1":{"start":{"line":4,"column":2},"end":{"line":4,"column":70}},"2":{"start":{"line":4,"column":21},"end":{"line":4,"column":70}},"3":{"start":{"line":5,"column":16},"end":{"line":5,"column":100}},"4":{"start":{"line":5,"column":60},"end":{"line":5,"column":99}},"5":{"start":{"line":6,"column":2},"end":{"line":6,"column":69}},"6":{"start":{"line":6,"column":20},"end":{"line":6,"column":69}},"7":{"start":{"line":7,"column":2},"end":{"line":7,"column":15}},"8":{"start":{"line":11,"column":2},"end":{"line":11,"column":67}}},"fnMap":{"0":{"name":"getNatureId","decl":{"start":{"line":3,"column":9},"end":{"line":3,"column":20}},"loc":{"start":{"line":3,"column":35},"end":{"line":8,"column":1}},"line":3},"1":{"name":"(anonymous_1)","decl":{"start":{"line":5,"column":53},"end":{"line":5,"column":54}},"loc":{"start":{"line":5,"column":60},"end":{"line":5,"column":99}},"line":5},"2":{"name":"getNatureName","decl":{"start":{"line":10,"column":9},"end":{"line":10,"column":22}},"loc":{"start":{"line":10,"column":37},"end":{"line":12,"column":1}},"line":10}},"branchMap":{"0":{"loc":{"start":{"line":4,"column":2},"end":{"line":4,"column":70}},"type":"if","locations":[{"start":{"line":4,"column":2},"end":{"line":4,"column":70}},{"start":{},"end":{}}],"line":4},"1":{"loc":{"start":{"line":6,"column":2},"end":{"line":6,"column":69}},"type":"if","locations":[{"start":{"line":6,"column":2},"end":{"line":6,"column":69}},{"start":{},"end":{}}],"line":6},"2":{"loc":{"start":{"line":10,"column":23},"end":{"line":10,"column":35}},"type":"default-arg","locations":[{"start":{"line":10,"column":34},"end":{"line":10,"column":35}}],"line":10}},"s":{"0":1,"1":3,"2":1,"3":2,"4":26,"5":2,"6":1,"7":1,"8":1},"f":{"0":3,"1":26,"2":1},"b":{"0":[1,2],"1":[1,1],"2":[0]},"_coverageSchema":"1a1c01bbd47fc00a2c39e90264f33305004495a9","hash":"56f8ccf33038f75e11c5bb5ade022668c4026c0e"}
,"/home/aarcon/Desktop/Personal/Lumi/luminescent-team/src/utils/dex/types.js": {"path":"/home/aarcon/Desktop/Personal/Lumi/luminescent-team/src/utils/dex/types.js","statementMap":{"0":{"start":{"line":1,"column":21},"end":{"line":1,"column":51}},"1":{"start":{"line":4,"column":15},"end":{"line":4,"column":69}},"2":{"start":{"line":5,"column":2},"end":{"line":5,"column":50}},"3":{"start":{"line":5,"column":13},"end":{"line":5,"column":50}},"4":{"start":{"line":6,"column":2},"end":{"line":6,"column":14}},"5":{"start":{"line":10,"column":2},"end":{"line":12,"column":75}}},"fnMap":{"0":{"name":"getTypeName","decl":{"start":{"line":3,"column":9},"end":{"line":3,"column":20}},"loc":{"start":{"line":3,"column":33},"end":{"line":7,"column":1}},"line":3},"1":{"name":"getTypes","decl":{"start":{"line":9,"column":9},"end":{"line":9,"column":17}},"loc":{"start":{"line":9,"column":33},"end":{"line":13,"column":1}},"line":9}},"branchMap":{"0":{"loc":{"start":{"line":3,"column":21},"end":{"line":3,"column":31}},"type":"default-arg","locations":[{"start":{"line":3,"column":30},"end":{"line":3,"column":31}}],"line":3},"1":{"loc":{"start":{"line":5,"column":2},"end":{"line":5,"column":50}},"type":"if","locations":[{"start":{"line":5,"column":2},"end":{"line":5,"column":50}},{"start":{},"end":{}}],"line":5},"2":{"loc":{"start":{"line":10,"column":9},"end":{"line":12,"column":74}},"type":"cond-expr","locations":[{"start":{"line":11,"column":6},"end":{"line":11,"column":40}},{"start":{"line":12,"column":6},"end":{"line":12,"column":74}}],"line":10}},"s":{"0":2,"1":6,"2":6,"3":0,"4":6,"5":2},"f":{"0":6,"1":2},"b":{"0":[0],"1":[0,6],"2":[1,1]},"_coverageSchema":"1a1c01bbd47fc00a2c39e90264f33305004495a9","hash":"7e5a951c4e6d2513eb36c65127b47642f87dec02"}
}
