TN:
SF:plugins/pokedex-data-plugin/dex/ability.js
FN:4,makeSmogonAbilityObject
FN:11,getAbilityIdFromAbilityName
FN:15,(anonymous_2)
FN:21,getAbilityString
FN:28,getAbilityInfo
FN:32,(anonymous_5)
FNF:6
FNH:6
FNDA:2,makeSmogonAbilityObject
FNDA:2,getAbilityIdFromAbilityName
FNDA:270,(anonymous_2)
FNDA:26951,getAbilityString
FNDA:2,getAbilityInfo
FNDA:2,(anonymous_5)
DA:1,4
DA:2,4
DA:5,2
DA:6,2
DA:7,2
DA:8,1
DA:12,2
DA:13,2
DA:15,270
DA:17,2
DA:18,1
DA:22,26951
DA:23,26951
DA:24,26951
DA:25,26950
DA:29,2
DA:30,2
DA:31,2
DA:32,1
DA:33,2
DA:36,1
DA:39,4
LF:22
LH:22
BRDA:4,0,0,0
BRDA:4,1,0,2
BRDA:5,2,0,2
BRDA:5,2,1,0
BRDA:6,3,0,2
BRDA:6,3,1,1
BRDA:7,4,0,1
BRDA:7,4,1,1
BRDA:7,5,0,2
BRDA:7,5,1,1
BRDA:11,6,0,2
BRDA:12,7,0,0
BRDA:12,7,1,2
BRDA:13,8,0,2
BRDA:13,8,1,0
BRDA:17,9,0,1
BRDA:17,9,1,1
BRDA:21,10,0,0
BRDA:21,11,0,2
BRDA:22,12,0,13193
BRDA:22,12,1,13758
BRDA:23,13,0,26951
BRDA:23,13,1,1
BRDA:24,14,0,1
BRDA:24,14,1,26950
BRDA:24,15,0,26951
BRDA:24,15,1,26950
BRDA:28,16,0,2
BRDA:29,17,0,2
BRDA:29,17,1,0
BRDA:31,18,0,1
BRDA:31,18,1,1
BRDA:31,19,0,2
BRDA:31,19,1,2
BRDA:31,19,2,1
BRF:35
BRH:29
end_of_record
TN:
SF:plugins/pokedex-data-plugin/dex/data.js
FNF:0
FNH:0
DA:2,10
DA:3,10
DA:4,10
DA:5,10
DA:6,10
DA:7,10
DA:8,10
DA:11,10
DA:12,10
DA:13,10
DA:14,10
DA:15,10
DA:16,10
DA:19,10
DA:20,10
DA:21,10
DA:22,10
DA:23,10
DA:24,10
DA:25,10
DA:28,10
DA:29,10
DA:30,10
DA:32,10
LF:24
LH:24
BRF:0
BRH:0
end_of_record
TN:
SF:plugins/pokedex-data-plugin/dex/data3.js
FNF:0
FNH:0
DA:2,8
DA:3,8
DA:4,8
DA:5,8
DA:6,8
DA:7,8
DA:8,8
DA:11,8
DA:12,8
DA:13,8
DA:14,8
DA:15,8
DA:16,8
DA:19,8
DA:20,8
DA:21,8
DA:22,8
DA:23,8
DA:24,8
DA:25,8
DA:28,8
DA:29,8
DA:30,8
DA:32,8
LF:24
LH:24
BRF:0
BRH:0
end_of_record
TN:
SF:plugins/pokedex-data-plugin/dex/details.js
FN:8,getHeight
FN:23,getWeight
FNF:2
FNH:2
FNDA:2,getHeight
FNDA:2,getWeight
DA:1,2
DA:2,2
DA:4,2
DA:5,2
DA:6,2
DA:9,2
DA:10,2
DA:12,2
DA:14,1
DA:15,1
DA:16,1
DA:18,1
DA:19,1
DA:20,1
DA:24,2
DA:25,2
DA:27,2
DA:29,1
DA:30,1
DA:32,1
DA:33,1
DA:36,2
LF:22
LH:22
BRDA:8,0,0,0
BRDA:8,1,0,2
BRDA:9,2,0,2
BRDA:9,2,1,0
BRDA:10,3,0,2
BRDA:10,3,1,1
BRDA:12,4,0,1
BRDA:12,4,1,1
BRDA:23,5,0,0
BRDA:23,6,0,2
BRDA:24,7,0,2
BRDA:24,7,1,0
BRDA:25,8,0,2
BRDA:25,8,1,1
BRDA:27,9,0,1
BRDA:27,9,1,1
BRF:16
BRH:12
end_of_record
TN:
SF:plugins/pokedex-data-plugin/dex/egggroup.js
FN:23,(anonymous_0)
FN:26,(anonymous_1)
FN:32,getEggGroupViaPokemonId
FN:43,getEggGroupNameById
FN:49,createPokemonByEggGroupMap
FN:64,getPokemonIdsInEggGroup
FNF:6
FNH:6
FNDA:5864,(anonymous_0)
FNDA:6116,(anonymous_1)
FNDA:8990,getEggGroupViaPokemonId
FNDA:11608,getEggGroupNameById
FNDA:11980,createPokemonByEggGroupMap
FNDA:12,getPokemonIdsInEggGroup
DA:1,4
DA:2,4
DA:4,4
DA:23,4
DA:24,5864
DA:26,4
DA:27,6116
DA:30,4
DA:33,8990
DA:34,8990
DA:35,2
DA:37,8988
DA:38,8988
DA:39,8988
DA:40,8988
DA:44,11608
DA:45,7
DA:46,11601
DA:51,11980
DA:52,92
DA:55,11980
DA:56,32
DA:59,11980
DA:60,11980
DA:61,11980
DA:65,12
DA:66,6
DA:67,6
DA:68,6
DA:71,4
LF:30
LH:30
BRDA:32,0,0,0
BRDA:32,1,0,7
BRDA:33,2,0,4404
BRDA:33,2,1,4586
BRDA:34,3,0,2
BRDA:34,3,1,8988
BRDA:34,4,0,8990
BRDA:34,4,1,8989
BRDA:34,4,2,8988
BRDA:40,5,0,6375
BRDA:40,5,1,2613
BRDA:43,6,0,0
BRDA:44,7,0,7
BRDA:44,7,1,11601
BRDA:44,8,0,11608
BRDA:44,8,1,11606
BRDA:44,8,2,11604
BRDA:51,9,0,92
BRDA:51,9,1,11888
BRDA:55,10,0,32
BRDA:55,10,1,11948
BRDA:64,11,0,0
BRDA:64,12,0,6
BRDA:65,13,0,6
BRDA:65,13,1,6
BRDA:65,14,0,12
BRDA:65,14,1,10
BRDA:65,14,2,8
BRDA:67,15,0,3
BRDA:67,15,1,3
BRF:30
BRH:27
end_of_record
TN:
SF:plugins/pokedex-data-plugin/dex/evolution.js
FN:7,getEvolutionMethodDetail
FN:62,getEvolutionTree
FN:81,(anonymous_2)
FN:86,checkEvolutionPath
FN:90,comparePath
FN:96,getEvolutionDetails
FNF:6
FNH:4
FNDA:916,getEvolutionMethodDetail
FNDA:22710,getEvolutionTree
FNDA:11567,(anonymous_2)
FNDA:0,checkEvolutionPath
FNDA:0,comparePath
FNDA:22710,getEvolutionDetails
DA:1,3
DA:2,3
DA:3,3
DA:4,3
DA:5,3
DA:8,916
DA:9,0
DA:11,916
DA:12,0
DA:14,916
DA:15,916
DA:16,916
DA:17,916
DA:18,577
DA:19,577
DA:21,339
DA:22,339
DA:24,0
DA:27,339
DA:28,38
DA:29,38
DA:30,4
DA:36,38
DA:37,3
DA:42,35
DA:43,31
DA:49,4
DA:56,301
DA:59,916
DA:63,22710
DA:64,0
DA:67,22710
DA:69,22710
DA:70,22710
DA:71,0
DA:74,22710
DA:76,22710
DA:78,22710
DA:81,11567
DA:83,22710
DA:87,0
DA:88,0
DA:93,0
DA:97,22710
DA:98,22710
DA:100,22710
DA:101,0
DA:104,22710
DA:105,38418
DA:106,38418
DA:107,38418
DA:108,38418
DA:109,38418
DA:110,38418
DA:112,38418
DA:113,71481
DA:114,71481
DA:115,71481
DA:116,71481
DA:117,71481
DA:119,71481
DA:120,71481
DA:121,13146
DA:122,13146
DA:123,13146
DA:124,13146
DA:125,13146
DA:128,38418
DA:129,12413
DA:138,10297
DA:141,3
LF:71
LH:62
BRDA:7,0,0,0
BRDA:7,1,0,0
BRDA:7,2,0,0
BRDA:8,3,0,0
BRDA:8,3,1,916
BRDA:11,4,0,0
BRDA:11,4,1,916
BRDA:17,5,0,577
BRDA:17,5,1,339
BRDA:27,6,0,38
BRDA:27,6,1,301
BRDA:29,7,0,4
BRDA:29,7,1,34
BRDA:36,8,0,3
BRDA:36,8,1,35
BRDA:42,9,0,31
BRDA:42,9,1,4
BRDA:62,10,0,0
BRDA:62,11,0,0
BRDA:62,12,0,0
BRDA:63,13,0,0
BRDA:63,13,1,22710
BRDA:63,14,0,22710
BRDA:63,14,1,22710
BRDA:67,15,0,10005
BRDA:67,15,1,12705
BRDA:70,16,0,0
BRDA:70,16,1,22710
BRDA:74,17,0,8983
BRDA:74,17,1,13727
BRDA:86,18,0,0
BRDA:87,19,0,0
BRDA:87,19,1,0
BRDA:96,20,0,0
BRDA:97,21,0,10005
BRDA:97,21,1,12705
BRDA:100,22,0,0
BRDA:100,22,1,22710
BRDA:120,23,0,13146
BRDA:120,23,1,58335
BRDA:128,24,0,12413
BRDA:128,24,1,26005
BRF:42
BRH:27
end_of_record
TN:
SF:plugins/pokedex-data-plugin/dex/evolutionConstants.js
FNF:0
FNH:0
DA:1,3
DA:2,3
DA:3,3
DA:4,3
DA:5,3
DA:7,3
DA:9,3
DA:372,3
LF:8
LH:8
BRF:0
BRH:0
end_of_record
TN:
SF:plugins/pokedex-data-plugin/dex/functions.js
FN:8,createFormMap
FN:17,getPokemonIdFromFormMap
FN:22,(anonymous_2)
FN:24,(anonymous_3)
FN:27,(anonymous_4)
FN:32,getGender
FN:39,getImage
FN:45,formatBaseStats
FN:49,getGrassKnotPower
FN:58,getPokemonIdFromMonsNoAndForm
FN:61,(anonymous_10)
FN:64,doNothing
FN:68,getDexDescription
FN:71,(anonymous_13)
FNF:14
FNH:14
FNDA:14977,createFormMap
FNDA:5,getPokemonIdFromFormMap
FNDA:63711,(anonymous_2)
FNDA:1020180,(anonymous_3)
FNDA:8983,(anonymous_4)
FNDA:4,getGender
FNDA:63716,getImage
FNDA:1,formatBaseStats
FNDA:8999,getGrassKnotPower
FNDA:71485,getPokemonIdFromMonsNoAndForm
FNDA:65144619,(anonymous_10)
FNDA:73,doNothing
FNDA:8983,getDexDescription
FNDA:23005,(anonymous_13)
DA:1,5
DA:2,5
DA:5,5
DA:6,5
DA:9,14977
DA:10,10186
DA:13,14977
DA:14,14977
DA:18,5
DA:19,5
DA:22,5
DA:23,63711
DA:24,1020180
DA:27,5
DA:28,8983
DA:29,8983
DA:33,4
DA:34,3
DA:35,2
DA:36,1
DA:40,63716
DA:41,63716
DA:42,63716
DA:46,1
DA:50,8999
DA:51,8064
DA:52,7257
DA:53,5688
DA:54,4176
DA:55,2733
DA:59,71485
DA:60,71485
DA:61,65144619
DA:65,73
DA:69,8983
DA:70,8983
DA:71,23005
DA:72,8983
DA:75,5
LF:39
LH:39
BRDA:9,0,0,10186
BRDA:9,0,1,4791
BRDA:17,1,0,0
BRDA:17,2,0,0
BRDA:17,3,0,3
BRDA:18,4,0,3
BRDA:18,4,1,2
BRDA:19,5,0,5
BRDA:19,5,1,1
BRDA:22,6,0,0
BRDA:23,7,0,30888
BRDA:23,7,1,32823
BRDA:27,8,0,0
BRDA:28,9,0,4397
BRDA:28,9,1,4586
BRDA:33,10,0,1
BRDA:33,10,1,3
BRDA:34,11,0,1
BRDA:34,11,1,2
BRDA:35,12,0,1
BRDA:35,12,1,1
BRDA:39,13,0,1
BRDA:39,14,0,3
BRDA:50,15,0,935
BRDA:50,15,1,8064
BRDA:51,16,0,807
BRDA:51,16,1,7257
BRDA:52,17,0,1569
BRDA:52,17,1,5688
BRDA:53,18,0,1512
BRDA:53,18,1,4176
BRDA:54,19,0,1443
BRDA:54,19,1,2733
BRDA:58,20,0,3
BRDA:59,21,0,23783
BRDA:59,21,1,47702
BRDA:60,22,0,23783
BRDA:60,22,1,47702
BRDA:61,23,0,65144619
BRDA:61,23,1,444473
BRDA:68,24,0,0
BRDA:69,25,0,4397
BRDA:69,25,1,4586
BRF:43
BRH:38
end_of_record
TN:
SF:plugins/pokedex-data-plugin/dex/info.js
FN:12,getPokemonInfo
FNF:1
FNH:0
FNDA:0,getPokemonInfo
DA:1,1
DA:2,1
DA:3,1
DA:4,1
DA:5,1
DA:6,1
DA:7,1
DA:9,1
DA:10,1
DA:13,0
DA:14,0
DA:15,0
DA:17,0
DA:47,1
LF:14
LH:10
BRDA:12,0,0,0
BRDA:12,1,0,0
BRDA:12,2,0,0
BRDA:13,3,0,0
BRDA:13,3,1,0
BRF:5
BRH:0
end_of_record
TN:
SF:plugins/pokedex-data-plugin/dex/item.js
FN:4,getItemIdFromItemName
FN:8,(anonymous_1)
FN:9,(anonymous_2)
FN:14,getItemString
FN:28,getItemImageUrl
FN:33,getTMImageUrl
FNF:6
FNH:4
FNDA:3,getItemIdFromItemName
FNDA:0,(anonymous_1)
FNDA:2072,(anonymous_2)
FNDA:27392,getItemString
FNDA:1239,getItemImageUrl
FNDA:0,getTMImageUrl
DA:1,3
DA:2,3
DA:5,3
DA:6,2
DA:7,2
DA:8,0
DA:9,2072
DA:10,2
DA:11,1
DA:15,27392
DA:16,27392
DA:17,0
DA:19,27392
DA:20,27392
DA:21,27392
DA:23,0
DA:25,27392
DA:29,1239
DA:30,1239
DA:34,0
DA:36,3
LF:21
LH:17
BRDA:4,0,0,3
BRDA:5,1,0,1
BRDA:5,1,1,2
BRDA:6,2,0,2
BRDA:6,2,1,0
BRDA:7,3,0,0
BRDA:7,3,1,2
BRDA:10,4,0,1
BRDA:10,4,1,1
BRDA:14,5,0,0
BRDA:14,6,0,1
BRDA:15,7,0,13330
BRDA:15,7,1,14062
BRDA:16,8,0,0
BRDA:16,8,1,27392
BRDA:28,9,0,0
BRDA:33,10,0,0
BRF:17
BRH:11
end_of_record
TN:
SF:plugins/pokedex-data-plugin/dex/moves.js
FN:28,generateMovesViaLearnset
FN:42,(anonymous_1)
FN:56,isMoveNameSmogonCompatible
FN:58,(anonymous_3)
FN:61,getMoveId
FN:80,findWazaNoByMachineNo
FN:93,getMoveString
FN:115,getMoveProperties
FN:141,getEggMoves
FN:147,(anonymous_9)
FN:148,(anonymous_10)
FN:154,getMoveDescription
FN:157,(anonymous_12)
FN:163,getTMCompatibility
FN:199,getTechMachineLearnset
FN:226,(anonymous_15)
FN:231,convertListToBinaryArray
FN:238,(anonymous_17)
FN:254,createMoveIdLearnset
FN:275,decimalToBinaryArray
FN:291,getPokemonLearnset
FN:297,getMoveLevelLearned
FN:300,(anonymous_22)
FN:309,getLevelLearnset
FN:320,getTutorMoves
FN:326,(anonymous_25)
FNF:26
FNH:26
FNDA:8,generateMovesViaLearnset
FNDA:63,(anonymous_1)
FNDA:64,isMoveNameSmogonCompatible
FNDA:290,(anonymous_3)
FNDA:44,getMoveId
FNDA:123708,findWazaNoByMachineNo
FNDA:59,getMoveString
FNDA:625031,getMoveProperties
FNDA:8986,getEggMoves
FNDA:6734991,(anonymous_9)
FNDA:20240,(anonymous_10)
FNDA:625031,getMoveDescription
FNDA:1405462,(anonymous_12)
FNDA:8981,getTMCompatibility
FNDA:8986,getTechMachineLearnset
FNDA:123708,(anonymous_15)
FNDA:4584,convertListToBinaryArray
FNDA:18336,(anonymous_17)
FNDA:4584,createMoveIdLearnset
FNDA:18336,decimalToBinaryArray
FNDA:8990,getPokemonLearnset
FNDA:38,getMoveLevelLearned
FNDA:950,(anonymous_22)
FNDA:8983,getLevelLearnset
FNDA:8987,getTutorMoves
FNDA:42746,(anonymous_25)
DA:12,4
DA:22,4
DA:23,4
DA:25,4
DA:26,4
DA:33,8
DA:34,3
DA:37,5
DA:38,2
DA:40,3
DA:42,3
DA:43,63
DA:44,33
DA:46,3
DA:47,0
DA:49,3
DA:51,3
DA:53,3
DA:57,64
DA:58,290
DA:62,44
DA:64,44
DA:65,1
DA:68,43
DA:69,17764
DA:70,17764
DA:71,17764
DA:72,17764
DA:73,41
DA:77,2
DA:81,123708
DA:82,123708
DA:84,123708
DA:85,5814525
DA:86,123708
DA:90,0
DA:94,59
DA:95,59
DA:96,1
DA:98,58
DA:99,1
DA:101,57
DA:102,57
DA:104,57
DA:105,0
DA:108,57
DA:109,0
DA:112,57
DA:116,625031
DA:117,625031
DA:118,625031
DA:119,625031
DA:120,625031
DA:121,625031
DA:122,625031
DA:123,625031
DA:125,625031
DA:126,625031
DA:127,625031
DA:129,625031
DA:142,8986
DA:143,8986
DA:144,8986
DA:145,8985
DA:146,8985
DA:147,6734991
DA:148,20240
DA:155,625031
DA:156,625031
DA:157,625031
DA:158,1405462
DA:160,625031
DA:164,8981
DA:165,0
DA:167,8981
DA:169,8981
DA:170,4397
DA:171,4397
DA:173,4397
DA:174,140704
DA:176,4397
DA:177,140704
DA:179,4397
DA:180,140704
DA:182,4397
DA:183,140704
DA:186,4397
DA:188,4584
DA:190,4584
DA:191,4584
DA:192,4584
DA:193,4584
DA:195,4584
DA:200,8986
DA:201,5
DA:203,8981
DA:205,8981
DA:206,4397
DA:208,4397
DA:209,4397
DA:210,461685
DA:212,461685
DA:213,461685
DA:215,461685
DA:216,278673
DA:220,4397
DA:222,4584
DA:223,0
DA:226,123708
DA:227,4584
DA:232,4584
DA:233,0
DA:236,4584
DA:238,4584
DA:239,18336
DA:240,0
DA:243,18336
DA:247,4584
DA:248,0
DA:251,4584
DA:255,4584
DA:257,4584
DA:258,585192
DA:260,585192
DA:261,461316
DA:264,123876
DA:265,168
DA:268,123708
DA:269,123708
DA:272,4584
DA:276,18336
DA:277,0
DA:280,18336
DA:281,18336
DA:284,18336
DA:285,186453
DA:288,18336
DA:292,8990
DA:293,8990
DA:294,8987
DA:298,38
DA:299,38
DA:300,950
DA:301,38
DA:302,4
DA:303,4
DA:305,34
DA:306,34
DA:310,8983
DA:312,8983
DA:313,8983
DA:314,159660
DA:317,8983
DA:321,8987
DA:322,8987
DA:323,8982
DA:324,4184
DA:325,3217
DA:326,42746
DA:331,3217
DA:334,4
LF:161
LH:151
BRDA:28,0,0,8
BRDA:33,1,0,3
BRDA:33,1,1,5
BRDA:33,2,0,8
BRDA:33,2,1,7
BRDA:33,2,2,6
BRDA:37,3,0,2
BRDA:37,3,1,3
BRDA:37,4,0,5
BRDA:37,4,1,4
BRDA:40,5,0,3
BRDA:40,5,1,0
BRDA:43,6,0,30
BRDA:43,6,1,33
BRDA:46,7,0,0
BRDA:46,7,1,3
BRDA:51,8,0,3
BRDA:51,8,1,0
BRDA:51,9,0,3
BRDA:51,9,1,0
BRDA:51,10,0,3
BRDA:51,10,1,0
BRDA:51,11,0,3
BRDA:51,11,1,0
BRDA:57,12,0,4
BRDA:57,12,1,60
BRDA:57,13,0,64
BRDA:57,13,1,61
BRDA:62,14,0,0
BRDA:62,14,1,44
BRDA:64,15,0,1
BRDA:64,15,1,43
BRDA:72,16,0,41
BRDA:72,16,1,17723
BRDA:72,17,0,17764
BRDA:72,17,1,17723
BRDA:81,18,0,0
BRDA:81,18,1,123708
BRDA:85,19,0,123708
BRDA:85,19,1,5690817
BRDA:93,20,0,0
BRDA:94,21,0,12
BRDA:94,21,1,47
BRDA:95,22,0,1
BRDA:95,22,1,58
BRDA:98,23,0,1
BRDA:98,23,1,57
BRDA:102,24,0,57
BRDA:102,24,1,0
BRDA:104,25,0,0
BRDA:104,25,1,57
BRDA:108,26,0,0
BRDA:108,26,1,57
BRDA:115,27,0,1
BRDA:115,28,0,4
BRDA:116,29,0,388445
BRDA:116,29,1,236586
BRDA:117,30,0,388445
BRDA:117,30,1,236586
BRDA:125,31,0,625031
BRDA:125,31,1,0
BRDA:131,32,0,625031
BRDA:131,32,1,0
BRDA:141,33,0,0
BRDA:141,34,0,3
BRDA:142,35,0,4400
BRDA:142,35,1,4586
BRDA:143,36,0,4400
BRDA:143,36,1,4586
BRDA:144,37,0,1
BRDA:144,37,1,8985
BRDA:144,38,0,8986
BRDA:144,38,1,8986
BRDA:147,39,0,8985
BRDA:147,39,1,0
BRDA:147,40,0,6734991
BRDA:147,40,1,30777
BRDA:154,41,0,0
BRDA:154,42,0,0
BRDA:155,43,0,388445
BRDA:155,43,1,236586
BRDA:163,44,0,0
BRDA:163,45,0,0
BRDA:164,46,0,0
BRDA:164,46,1,8981
BRDA:167,47,0,4397
BRDA:167,47,1,4584
BRDA:169,48,0,4397
BRDA:169,48,1,4584
BRDA:188,49,0,0
BRDA:188,49,1,4584
BRDA:199,50,0,0
BRDA:199,51,0,2
BRDA:200,52,0,5
BRDA:200,52,1,8981
BRDA:205,53,0,4397
BRDA:205,53,1,4584
BRDA:206,54,0,4397
BRDA:206,54,1,0
BRDA:215,55,0,278673
BRDA:215,55,1,183012
BRDA:222,56,0,0
BRDA:222,56,1,4584
BRDA:232,57,0,0
BRDA:232,57,1,4584
BRDA:239,58,0,0
BRDA:239,58,1,18336
BRDA:239,59,0,18336
BRDA:239,59,1,18336
BRDA:260,60,0,461316
BRDA:260,60,1,123876
BRDA:264,61,0,168
BRDA:264,61,1,123708
BRDA:276,62,0,0
BRDA:276,62,1,18336
BRDA:276,63,0,18336
BRDA:276,63,1,18336
BRDA:291,64,0,1
BRDA:291,65,0,7
BRDA:292,66,0,4404
BRDA:292,66,1,4586
BRDA:293,67,0,3
BRDA:293,67,1,8987
BRDA:293,68,0,8990
BRDA:293,68,1,8988
BRDA:294,69,0,8987
BRDA:294,69,1,0
BRDA:297,70,0,0
BRDA:297,71,0,0
BRDA:297,72,0,0
BRDA:298,73,0,12
BRDA:298,73,1,26
BRDA:299,74,0,0
BRDA:299,74,1,38
BRDA:299,75,0,38
BRDA:299,75,1,38
BRDA:301,76,0,4
BRDA:301,76,1,34
BRDA:309,77,0,0
BRDA:309,78,0,0
BRDA:320,79,0,0
BRDA:320,80,0,2
BRDA:320,81,0,4
BRDA:321,82,0,4401
BRDA:321,82,1,4586
BRDA:322,83,0,5
BRDA:322,83,1,8982
BRDA:323,84,0,4798
BRDA:323,84,1,4184
BRDA:324,85,0,967
BRDA:324,85,1,3217
BRF:151
BRH:115
end_of_record
TN:
SF:plugins/pokedex-data-plugin/dex/name.js
FN:6,(anonymous_0)
FN:9,(anonymous_1)
FN:13,createPokemonMap
FN:64,getFormName
FN:68,getPokemonName
FN:72,getPokemonIdFromName
FN:74,(anonymous_6)
FN:78,getFormNameOfProblematicPokemon
FN:116,getPokemonMonsnoFromName
FN:119,(anonymous_9)
FN:122,getPokemonNames
FN:128,getPokemonFormId
FN:130,(anonymous_12)
FN:133,normalizePokemonName
FN:175,getPokemonMonsNoAndFormNoFromPokemonId
FNF:15
FNH:14
FNDA:7330,(anonymous_0)
FNDA:7645,(anonymous_1)
FNDA:14979,createPokemonMap
FNDA:2,getFormName
FNDA:61781,getPokemonName
FNDA:5,getPokemonIdFromName
FNDA:1507,(anonymous_6)
FNDA:64,getFormNameOfProblematicPokemon
FNDA:7,getPokemonMonsnoFromName
FNDA:2055,(anonymous_9)
FNDA:5,getPokemonNames
FNDA:8995,getPokemonFormId
FNDA:30813,(anonymous_12)
FNDA:0,normalizePokemonName
FNDA:13774,getPokemonMonsNoAndFormNoFromPokemonId
DA:1,5
DA:2,5
DA:3,5
DA:4,5
DA:6,5
DA:7,7330
DA:9,5
DA:10,7645
DA:14,14979
DA:15,14979
DA:17,14979
DA:18,14979
DA:19,14979
DA:20,10189
DA:21,10189
DA:22,10189
DA:23,10188
DA:27,591
DA:28,65
DA:29,65
DA:31,526
DA:32,526
DA:34,9597
DA:35,9597
DA:39,4791
DA:40,4790
DA:41,4790
DA:43,4790
DA:47,4790
DA:48,4790
DA:49,4740
DA:50,2570
DA:51,2570
DA:53,2170
DA:54,2170
DA:57,50
DA:58,50
DA:60,1
DA:65,2
DA:69,61781
DA:73,5
DA:74,1507
DA:75,5
DA:79,64
DA:80,37
DA:82,6
DA:84,6
DA:86,6
DA:88,6
DA:90,6
DA:92,6
DA:94,1
DA:97,27
DA:99,1
DA:101,6
DA:103,1
DA:105,6
DA:107,6
DA:109,6
DA:111,1
DA:117,7
DA:118,5
DA:119,2055
DA:123,5
DA:124,3
DA:125,3
DA:129,8995
DA:130,30813
DA:136,0
DA:137,0
DA:141,0
DA:143,0
DA:144,0
DA:147,0
DA:149,0
DA:150,0
DA:151,0
DA:155,0
DA:156,0
DA:157,0
DA:158,0
DA:162,0
DA:165,0
DA:167,0
DA:168,0
DA:172,0
DA:176,13774
DA:177,13774
DA:179,13774
DA:180,13773
DA:181,13773
DA:184,5
LF:92
LH:74
BRDA:13,0,0,4
BRDA:14,1,0,7334
BRDA:14,1,1,7645
BRDA:15,2,0,7334
BRDA:15,2,1,7645
BRDA:19,3,0,10189
BRDA:19,3,1,4790
BRDA:22,4,0,10188
BRDA:22,4,1,1
BRDA:22,5,0,10189
BRDA:22,5,1,10188
BRDA:23,6,0,591
BRDA:23,6,1,9597
BRDA:24,7,0,10188
BRDA:24,7,1,10188
BRDA:27,8,0,65
BRDA:27,8,1,526
BRDA:43,9,0,2555
BRDA:43,9,1,2235
BRDA:43,10,0,4790
BRDA:43,10,1,2720
BRDA:48,11,0,4740
BRDA:48,11,1,50
BRDA:48,12,0,4790
BRDA:48,12,1,4790
BRDA:49,13,0,2570
BRDA:49,13,1,2170
BRDA:64,14,0,0
BRDA:64,15,0,2
BRDA:65,16,0,2
BRDA:65,16,1,0
BRDA:68,17,0,0
BRDA:68,18,0,6
BRDA:69,19,0,30332
BRDA:69,19,1,31449
BRDA:72,20,0,0
BRDA:72,21,0,5
BRDA:73,22,0,5
BRDA:73,22,1,0
BRDA:75,23,0,1
BRDA:75,23,1,4
BRDA:78,24,0,0
BRDA:78,25,0,7
BRDA:79,26,0,37
BRDA:79,26,1,27
BRDA:80,27,0,6
BRDA:80,27,1,6
BRDA:80,27,2,6
BRDA:80,27,3,6
BRDA:80,27,4,6
BRDA:80,27,5,6
BRDA:80,27,6,1
BRDA:97,28,0,1
BRDA:97,28,1,6
BRDA:97,28,2,1
BRDA:97,28,3,6
BRDA:97,28,4,6
BRDA:97,28,5,6
BRDA:97,28,6,1
BRDA:116,29,0,7
BRDA:117,30,0,2
BRDA:117,30,1,5
BRDA:118,31,0,5
BRDA:118,31,1,0
BRDA:122,32,0,4
BRDA:122,33,0,4
BRDA:123,34,0,2
BRDA:123,34,1,3
BRDA:123,35,0,5
BRDA:123,35,1,4
BRDA:124,36,0,2
BRDA:124,36,1,1
BRDA:128,37,0,0
BRDA:128,38,0,7
BRDA:129,39,0,4406
BRDA:129,39,1,4589
BRDA:130,40,0,8995
BRDA:130,40,1,1
BRDA:133,41,0,0
BRDA:143,42,0,0
BRDA:143,42,1,0
BRDA:147,43,0,0
BRDA:147,43,1,0
BRDA:147,44,0,0
BRDA:147,44,1,0
BRDA:150,45,0,0
BRDA:150,45,1,0
BRDA:157,46,0,0
BRDA:157,46,1,0
BRDA:165,47,0,0
BRDA:165,47,1,0
BRDA:165,48,0,0
BRDA:165,48,1,0
BRDA:175,49,0,0
BRDA:175,50,0,0
BRDA:176,51,0,6673
BRDA:176,51,1,7101
BRDA:177,52,0,6673
BRDA:177,52,1,7101
BRF:99
BRH:74
end_of_record
TN:
SF:plugins/pokedex-data-plugin/dex/nameConstants.js
FNF:0
FNH:0
DA:1,5
DA:21,5
DA:37,5
DA:59,5
LF:4
LH:4
BRF:0
BRH:0
end_of_record
TN:
SF:plugins/pokedex-data-plugin/dex/nature.js
FN:3,getNatureId
FN:5,(anonymous_1)
FN:10,getNatureName
FNF:3
FNH:3
FNDA:3,getNatureId
FNDA:26,(anonymous_1)
FNDA:1,getNatureName
DA:1,1
DA:4,3
DA:5,26
DA:6,2
DA:7,1
DA:11,1
DA:14,1
LF:7
LH:7
BRDA:4,0,0,1
BRDA:4,0,1,2
BRDA:6,1,0,1
BRDA:6,1,1,1
BRDA:10,2,0,0
BRF:5
BRH:4
end_of_record
TN:
SF:plugins/pokedex-data-plugin/dex/pokemon.js
FN:12,getPokemon
FN:28,(anonymous_1)
FN:51,(anonymous_2)
FN:52,(anonymous_3)
FNF:4
FNH:4
FNDA:8983,getPokemon
FNDA:53898,(anonymous_1)
FNDA:11593,(anonymous_2)
FNDA:52567,(anonymous_3)
DA:1,3
DA:2,3
DA:3,3
DA:4,3
DA:5,3
DA:6,3
DA:7,3
DA:8,3
DA:9,3
DA:10,3
DA:13,8983
DA:14,8983
DA:15,8983
DA:16,8983
DA:17,8983
DA:18,8983
DA:19,8983
DA:20,8983
DA:28,53898
DA:29,8983
DA:30,8983
DA:31,8983
DA:32,8983
DA:33,8983
DA:34,8983
DA:35,8983
DA:36,8983
DA:37,8983
DA:39,8983
DA:40,8983
DA:41,8983
DA:43,8983
DA:45,8983
DA:51,11593
DA:52,8983
DA:53,52567
DA:59,8983
DA:60,8983
DA:62,8983
DA:63,8983
DA:64,8983
DA:66,8983
DA:98,3
LF:43
LH:43
BRDA:12,0,0,0
BRDA:13,1,0,4397
BRDA:13,1,1,4586
BRF:3
BRH:2
end_of_record
TN:
SF:plugins/pokedex-data-plugin/dex/types.js
FN:3,getTypeName
FN:9,getTypes
FNF:2
FNH:2
FNDA:17975,getTypeName
FNDA:2,getTypes
DA:1,4
DA:4,17975
DA:5,17975
DA:6,17975
DA:10,2
DA:15,4
LF:6
LH:6
BRDA:3,0,0,0
BRDA:5,1,0,0
BRDA:5,1,1,17975
BRDA:10,2,0,1
BRDA:10,2,1,1
BRF:5
BRH:3
end_of_record
TN:
SF:src/components/Pokedex/PokemonAbilities.jsx
FN:5,(anonymous_0)
FN:45,(anonymous_1)
FNF:2
FNH:2
FNDA:5,(anonymous_0)
FNDA:10,(anonymous_1)
DA:5,1
DA:6,5
DA:7,5
DA:8,5
DA:10,5
DA:11,1
DA:18,4
DA:19,1
DA:27,3
DA:28,2
DA:36,1
DA:45,1
DA:46,10
LF:13
LH:13
BRDA:6,0,0,5
BRDA:6,0,1,2
BRDA:7,1,0,5
BRDA:7,1,1,2
BRDA:8,2,0,5
BRDA:8,2,1,2
BRDA:10,3,0,1
BRDA:10,3,1,4
BRDA:18,4,0,1
BRDA:18,4,1,3
BRDA:27,5,0,2
BRDA:27,5,1,1
BRDA:47,6,0,10
BRDA:47,6,1,5
BRDA:49,7,0,10
BRDA:49,7,1,2
BRDA:50,8,0,10
BRDA:50,8,1,5
BRF:18
BRH:18
end_of_record
TN:
SF:src/components/Pokedex2/PokemonAbilities.jsx
FN:7,(anonymous_0)
FN:47,(anonymous_1)
FN:51,(anonymous_2)
FN:55,(anonymous_3)
FNF:4
FNH:2
FNDA:5,(anonymous_0)
FNDA:10,(anonymous_1)
FNDA:0,(anonymous_2)
FNDA:0,(anonymous_3)
DA:7,1
DA:8,5
DA:9,5
DA:10,5
DA:12,5
DA:13,1
DA:20,4
DA:21,1
DA:29,3
DA:30,2
DA:38,1
DA:47,1
DA:48,10
DA:49,10
DA:51,10
DA:52,0
DA:55,10
DA:56,0
DA:58,10
LF:19
LH:17
BRDA:8,0,0,5
BRDA:8,0,1,2
BRDA:9,1,0,5
BRDA:9,1,1,2
BRDA:10,2,0,5
BRDA:10,2,1,2
BRDA:12,3,0,1
BRDA:12,3,1,4
BRDA:20,4,0,1
BRDA:20,4,1,3
BRDA:29,5,0,2
BRDA:29,5,1,1
BRDA:61,6,0,10
BRDA:61,6,1,5
BRDA:65,7,0,10
BRDA:65,7,1,2
BRDA:66,8,0,10
BRDA:66,8,1,5
BRF:18
BRH:18
end_of_record
TN:
SF:src/components/common/GlobalState.jsx
FN:5,(anonymous_0)
FN:6,(anonymous_1)
FN:12,(anonymous_2)
FN:17,(anonymous_3)
FN:19,(anonymous_4)
FN:33,(anonymous_5)
FNF:6
FNH:4
FNDA:5,(anonymous_0)
FNDA:5,(anonymous_1)
FNDA:5,(anonymous_2)
FNDA:0,(anonymous_3)
FNDA:0,(anonymous_4)
FNDA:10,(anonymous_5)
DA:3,1
DA:5,1
DA:6,5
DA:8,5
DA:9,5
DA:12,5
DA:14,5
DA:17,5
DA:18,0
DA:19,0
DA:26,5
DA:33,1
DA:34,10
DA:35,10
DA:36,0
DA:38,10
LF:16
LH:13
BRDA:8,0,0,5
BRDA:8,0,1,0
BRDA:9,1,0,5
BRDA:9,1,1,1
BRDA:18,2,0,0
BRDA:18,2,1,0
BRDA:18,3,0,0
BRDA:18,3,1,0
BRDA:35,4,0,0
BRDA:35,4,1,10
BRF:10
BRH:4
end_of_record
TN:
SF:src/core/genderRatioConverter.js
FN:1,(anonymous_0)
FNF:1
FNH:1
FNDA:7,(anonymous_0)
DA:1,1
DA:2,7
DA:3,1
DA:5,6
DA:6,5
DA:7,5
DA:8,5
DA:9,5
DA:10,5
DA:11,5
DA:12,5
DA:17,1
DA:18,1
DA:20,0
LF:14
LH:13
BRDA:2,0,0,1
BRDA:2,0,1,6
BRDA:5,1,0,5
BRDA:5,1,1,1
BRDA:17,2,0,1
BRDA:17,2,1,0
BRF:6
BRH:5
end_of_record
TN:
SF:src/core/pokemonFormSelector.js
FN:6,(anonymous_0)
FN:18,(anonymous_1)
FN:30,(anonymous_2)
FN:32,(anonymous_3)
FN:35,(anonymous_4)
FNF:5
FNH:5
FNDA:1466,(anonymous_0)
FNDA:1529,(anonymous_1)
FNDA:6,(anonymous_2)
FNDA:32,(anonymous_3)
FNDA:7,(anonymous_4)
DA:4,1
DA:6,1
DA:7,1466
DA:8,1011
DA:11,1466
DA:12,1466
DA:13,1466
DA:15,1466
DA:18,1
DA:19,1529
DA:20,1026
DA:23,1529
DA:24,1529
DA:25,1529
DA:27,1529
DA:30,1
DA:31,6
DA:32,32
DA:35,1
DA:36,7
DA:37,7
DA:38,7
LF:22
LH:22
BRDA:7,0,0,1011
BRDA:7,0,1,455
BRDA:11,1,0,1466
BRDA:11,1,1,455
BRDA:12,2,0,1466
BRDA:12,2,1,6
BRDA:19,3,0,1026
BRDA:19,3,1,503
BRDA:23,4,0,1529
BRDA:23,4,1,503
BRDA:24,5,0,1529
BRDA:24,5,1,4
BRDA:30,6,0,6
BRDA:31,7,0,6
BRDA:31,7,1,0
BRDA:35,8,0,0
BRF:16
BRH:14
end_of_record
TN:
SF:src/core/pokemonStatCalculation.js
FN:17,(anonymous_0)
FN:33,(anonymous_1)
FN:37,(anonymous_2)
FN:41,(anonymous_3)
FN:45,(anonymous_4)
FNF:5
FNH:5
FNDA:16,(anonymous_0)
FNDA:4,(anonymous_1)
FNDA:4,(anonymous_2)
FNDA:4,(anonymous_3)
FNDA:4,(anonymous_4)
DA:1,1
DA:7,1
DA:12,1
DA:17,1
DA:18,16
DA:19,8
DA:20,8
DA:24,8
DA:26,8
DA:27,8
DA:30,8
DA:33,1
DA:34,4
DA:37,1
DA:38,4
DA:41,1
DA:42,4
DA:45,1
DA:46,4
LF:19
LH:19
BRDA:17,0,0,0
BRDA:17,1,0,0
BRDA:18,2,0,8
BRDA:18,2,1,8
BRDA:19,3,0,0
BRDA:19,3,1,8
BRDA:26,4,0,8
BRDA:26,4,1,0
BRDA:26,5,0,8
BRDA:26,5,1,8
BRF:10
BRH:6
end_of_record
TN:
SF:src/utils/dex/ability.js
FN:4,makeSmogonAbilityObject
FN:11,getAbilityIdFromAbilityName
FN:15,(anonymous_2)
FN:21,getAbilityString
FN:28,getAbilityInfo
FN:32,(anonymous_5)
FNF:6
FNH:6
FNDA:2,makeSmogonAbilityObject
FNDA:12,getAbilityIdFromAbilityName
FNDA:679,(anonymous_2)
FNDA:2,getAbilityString
FNDA:12,getAbilityInfo
FNDA:22,(anonymous_5)
DA:1,2
DA:2,2
DA:5,2
DA:6,2
DA:7,2
DA:8,1
DA:12,12
DA:13,12
DA:15,679
DA:17,12
DA:18,11
DA:22,2
DA:23,2
DA:24,2
DA:25,1
DA:29,12
DA:30,12
DA:31,12
DA:32,11
DA:33,22
DA:36,11
LF:21
LH:21
BRDA:4,0,0,0
BRDA:4,1,0,2
BRDA:5,2,0,2
BRDA:5,2,1,0
BRDA:6,3,0,2
BRDA:6,3,1,1
BRDA:7,4,0,1
BRDA:7,4,1,1
BRDA:7,5,0,2
BRDA:7,5,1,1
BRDA:11,6,0,2
BRDA:12,7,0,0
BRDA:12,7,1,12
BRDA:13,8,0,2
BRDA:13,8,1,10
BRDA:17,9,0,1
BRDA:17,9,1,11
BRDA:21,10,0,0
BRDA:21,11,0,2
BRDA:22,12,0,2
BRDA:22,12,1,0
BRDA:23,13,0,2
BRDA:23,13,1,1
BRDA:24,14,0,1
BRDA:24,14,1,1
BRDA:24,15,0,2
BRDA:24,15,1,1
BRDA:28,16,0,2
BRDA:29,17,0,2
BRDA:29,17,1,10
BRDA:31,18,0,1
BRDA:31,18,1,11
BRDA:31,19,0,12
BRDA:31,19,1,12
BRDA:31,19,2,11
BRF:35
BRH:30
end_of_record
TN:
SF:src/utils/dex/data.js
FNF:0
FNH:0
DA:2,13
DA:3,13
DA:4,13
DA:5,13
DA:6,13
DA:7,13
DA:8,13
DA:11,13
DA:12,13
DA:13,13
DA:14,13
DA:15,13
DA:16,13
DA:19,13
DA:20,13
DA:21,13
DA:22,13
DA:23,13
DA:24,13
DA:25,13
DA:28,13
DA:29,13
DA:30,13
DA:32,13
LF:24
LH:24
BRF:0
BRH:0
end_of_record
TN:
SF:src/utils/dex/data3.js
FNF:0
FNH:0
DA:2,11
DA:3,11
DA:4,11
DA:5,11
DA:6,11
DA:7,11
DA:8,11
DA:11,11
DA:12,11
DA:13,11
DA:14,11
DA:15,11
DA:16,11
DA:19,11
DA:20,11
DA:21,11
DA:22,11
DA:23,11
DA:24,11
DA:25,11
DA:28,11
DA:29,11
DA:30,11
DA:32,11
LF:24
LH:24
BRF:0
BRH:0
end_of_record
TN:
SF:src/utils/dex/details.js
FN:8,getHeight
FN:23,getWeight
FNF:2
FNH:2
FNDA:2,getHeight
FNDA:2,getWeight
DA:4,1
DA:5,1
DA:6,1
DA:9,2
DA:10,2
DA:12,2
DA:14,1
DA:15,1
DA:16,1
DA:18,1
DA:19,1
DA:20,1
DA:24,2
DA:25,2
DA:27,2
DA:29,1
DA:30,1
DA:32,1
DA:33,1
LF:19
LH:19
BRDA:8,0,0,0
BRDA:8,1,0,2
BRDA:9,2,0,2
BRDA:9,2,1,0
BRDA:10,3,0,2
BRDA:10,3,1,1
BRDA:12,4,0,1
BRDA:12,4,1,1
BRDA:23,5,0,0
BRDA:23,6,0,2
BRDA:24,7,0,2
BRDA:24,7,1,0
BRDA:25,8,0,2
BRDA:25,8,1,1
BRDA:27,9,0,1
BRDA:27,9,1,1
BRF:16
BRH:12
end_of_record
TN:
SF:src/utils/dex/egggroup.js
FN:27,getEggGroupViaPokemonId
FN:38,getEggGroupNameById
FN:44,createPokemonByEggGroupMap
FN:59,getPokemonIdsInEggGroup
FNF:4
FNH:4
FNDA:7,getEggGroupViaPokemonId
FNDA:15,getEggGroupNameById
FNDA:2995,createPokemonByEggGroupMap
FNDA:12,getPokemonIdsInEggGroup
DA:4,1
DA:23,1
DA:24,1
DA:25,1
DA:28,7
DA:29,2
DA:31,5
DA:32,5
DA:33,5
DA:34,5
DA:35,5
DA:39,15
DA:40,7
DA:41,8
DA:46,2995
DA:47,23
DA:50,2995
DA:51,8
DA:54,2995
DA:55,2995
DA:56,2995
DA:60,12
DA:61,6
DA:62,6
DA:63,6
LF:25
LH:25
BRDA:27,0,0,0
BRDA:27,1,0,7
BRDA:28,2,0,2
BRDA:28,2,1,5
BRDA:28,3,0,7
BRDA:28,3,1,6
BRDA:28,3,2,5
BRDA:31,4,0,5
BRDA:31,4,1,0
BRDA:35,5,0,2
BRDA:35,5,1,3
BRDA:38,6,0,0
BRDA:39,7,0,7
BRDA:39,7,1,8
BRDA:39,8,0,15
BRDA:39,8,1,13
BRDA:39,8,2,11
BRDA:46,9,0,23
BRDA:46,9,1,2972
BRDA:50,10,0,8
BRDA:50,10,1,2987
BRDA:59,11,0,0
BRDA:59,12,0,6
BRDA:60,13,0,6
BRDA:60,13,1,6
BRDA:60,14,0,12
BRDA:60,14,1,10
BRDA:60,14,2,8
BRDA:62,15,0,3
BRDA:62,15,1,3
BRF:30
BRH:26
end_of_record
TN:
SF:src/utils/dex/evolution.js
FN:7,getEvolutionMethodDetail
FN:25,getEvolutionTree
FN:44,(anonymous_2)
FN:49,checkEvolutionPath
FN:53,comparePath
FN:59,getEvolutionDetails
FNF:6
FNH:4
FNDA:3,getEvolutionMethodDetail
FNDA:276,getEvolutionTree
FNDA:210,(anonymous_2)
FNDA:0,checkEvolutionPath
FNDA:0,comparePath
FNDA:274,getEvolutionDetails
DA:8,3
DA:9,0
DA:11,3
DA:12,2
DA:13,2
DA:14,2
DA:15,2
DA:16,0
DA:17,0
DA:18,2
DA:19,1
DA:20,1
DA:22,2
DA:26,276
DA:27,2
DA:30,274
DA:32,274
DA:33,274
DA:34,0
DA:37,274
DA:39,274
DA:41,274
DA:44,210
DA:46,274
DA:50,0
DA:51,0
DA:56,0
DA:60,274
DA:61,274
DA:63,274
DA:64,0
DA:67,274
DA:68,539
DA:69,539
DA:70,539
DA:71,539
DA:72,539
DA:73,539
DA:75,539
DA:76,1500
DA:77,1500
DA:78,1500
DA:79,1500
DA:80,1500
DA:82,1500
DA:83,1500
DA:84,256
DA:85,256
DA:86,256
DA:87,256
DA:88,256
DA:91,539
DA:92,210
DA:101,64
LF:54
LH:46
BRDA:7,0,0,2
BRDA:8,1,0,0
BRDA:8,1,1,3
BRDA:11,2,0,1
BRDA:11,2,1,2
BRDA:11,3,0,3
BRDA:11,3,1,2
BRDA:11,3,2,2
BRDA:15,4,0,0
BRDA:15,4,1,2
BRDA:18,5,0,1
BRDA:18,5,1,1
BRDA:25,6,0,0
BRDA:25,7,0,55
BRDA:25,8,0,55
BRDA:26,9,0,2
BRDA:26,9,1,274
BRDA:26,10,0,276
BRDA:26,10,1,274
BRDA:30,11,0,232
BRDA:30,11,1,42
BRDA:33,12,0,0
BRDA:33,12,1,274
BRDA:37,13,0,64
BRDA:37,13,1,210
BRDA:49,14,0,0
BRDA:50,15,0,0
BRDA:50,15,1,0
BRDA:59,16,0,0
BRDA:60,17,0,232
BRDA:60,17,1,42
BRDA:63,18,0,0
BRDA:63,18,1,274
BRDA:83,19,0,256
BRDA:83,19,1,1244
BRDA:91,20,0,210
BRDA:91,20,1,329
BRF:37
BRH:28
end_of_record
TN:
SF:src/utils/dex/evolutionConstants.js
FNF:0
FNH:0
DA:7,1
DA:9,1
LF:2
LH:2
BRF:0
BRH:0
end_of_record
TN:
SF:src/utils/dex/functions.js
FN:8,createFormMap
FN:17,getPokemonIdFromFormMap
FN:22,(anonymous_2)
FN:24,(anonymous_3)
FN:27,getGender
FN:34,getImage
FN:40,formatBaseStats
FN:44,getGrassKnotPower
FN:53,getPokemonIdFromMonsNoAndForm
FN:56,(anonymous_9)
FN:59,doNothing
FN:63,getDexDescription
FN:66,(anonymous_12)
FNF:13
FNH:8
FNDA:11982,createFormMap
FNDA:5,getPokemonIdFromFormMap
FNDA:0,(anonymous_2)
FNDA:0,(anonymous_3)
FNDA:4,getGender
FNDA:5,getImage
FNDA:1,formatBaseStats
FNDA:16,getGrassKnotPower
FNDA:1504,getPokemonIdFromMonsNoAndForm
FNDA:545296,(anonymous_9)
FNDA:0,doNothing
FNDA:0,getDexDescription
FNDA:0,(anonymous_12)
DA:5,4
DA:6,4
DA:9,11982
DA:10,8149
DA:13,11982
DA:14,11982
DA:18,5
DA:19,5
DA:22,4
DA:23,0
DA:24,0
DA:28,4
DA:29,3
DA:30,2
DA:31,1
DA:35,5
DA:36,5
DA:37,5
DA:41,1
DA:45,16
DA:46,14
DA:47,11
DA:48,8
DA:49,5
DA:50,2
DA:54,1504
DA:55,1504
DA:56,545296
DA:60,0
DA:64,0
DA:65,0
DA:66,0
DA:67,0
LF:33
LH:26
BRDA:9,0,0,8149
BRDA:9,0,1,3833
BRDA:17,1,0,0
BRDA:17,2,0,0
BRDA:17,3,0,3
BRDA:18,4,0,3
BRDA:18,4,1,2
BRDA:19,5,0,5
BRDA:19,5,1,1
BRDA:22,6,0,0
BRDA:23,7,0,0
BRDA:23,7,1,0
BRDA:28,8,0,1
BRDA:28,8,1,3
BRDA:29,9,0,1
BRDA:29,9,1,2
BRDA:30,10,0,1
BRDA:30,10,1,1
BRDA:34,11,0,1
BRDA:34,12,0,3
BRDA:45,13,0,2
BRDA:45,13,1,14
BRDA:46,14,0,3
BRDA:46,14,1,11
BRDA:47,15,0,3
BRDA:47,15,1,8
BRDA:48,16,0,3
BRDA:48,16,1,5
BRDA:49,17,0,3
BRDA:49,17,1,2
BRDA:53,18,0,3
BRDA:54,19,0,1401
BRDA:54,19,1,103
BRDA:55,20,0,1401
BRDA:55,20,1,103
BRDA:56,21,0,545296
BRDA:56,21,1,1581
BRDA:63,22,0,0
BRDA:64,23,0,0
BRDA:64,23,1,0
BRF:40
BRH:32
end_of_record
TN:
SF:src/utils/dex/item.js
FN:4,getItemIdFromItemName
FN:8,(anonymous_1)
FN:9,(anonymous_2)
FN:14,getItemString
FNF:4
FNH:3
FNDA:3,getItemIdFromItemName
FNDA:0,(anonymous_1)
FNDA:2072,(anonymous_2)
FNDA:3,getItemString
DA:1,2
DA:2,2
DA:5,3
DA:6,2
DA:7,2
DA:8,0
DA:9,2072
DA:10,2
DA:11,1
DA:15,3
DA:16,3
LF:11
LH:10
BRDA:4,0,0,3
BRDA:5,1,0,1
BRDA:5,1,1,2
BRDA:6,2,0,2
BRDA:6,2,1,0
BRDA:7,3,0,0
BRDA:7,3,1,2
BRDA:10,4,0,1
BRDA:10,4,1,1
BRDA:14,5,0,0
BRDA:14,6,0,3
BRDA:15,7,0,3
BRDA:15,7,1,0
BRF:13
BRH:9
end_of_record
TN:
SF:src/utils/dex/moves.js
FN:28,generateMovesViaLearnset
FN:42,(anonymous_1)
FN:56,isMoveNameSmogonCompatible
FN:58,(anonymous_3)
FN:61,getMoveString
FN:83,getMoveId
FN:102,findWazaNoByMachineNo
FN:115,getMoveProperties
FN:141,getEggMoves
FN:147,(anonymous_9)
FN:148,(anonymous_10)
FN:154,getMoveDescription
FN:157,(anonymous_12)
FN:163,getTMCompatibility
FN:199,getTechMachineLearnset
FN:223,(anonymous_15)
FN:228,convertListToBinaryArray
FN:235,(anonymous_17)
FN:251,createMoveIdLearnset
FN:272,decimalToBinaryArray
FN:288,getPokemonLearnset
FN:294,getLevelLearnset
FN:305,getTutorMoves
FN:311,(anonymous_23)
FNF:24
FNH:15
FNDA:8,generateMovesViaLearnset
FNDA:63,(anonymous_1)
FNDA:22,isMoveNameSmogonCompatible
FNDA:66,(anonymous_3)
FNDA:17,getMoveString
FNDA:6,getMoveId
FNDA:0,findWazaNoByMachineNo
FNDA:70,getMoveProperties
FNDA:3,getEggMoves
FNDA:5,(anonymous_9)
FNDA:14,(anonymous_10)
FNDA:70,getMoveDescription
FNDA:154,(anonymous_12)
FNDA:5,getTMCompatibility
FNDA:3,getTechMachineLearnset
FNDA:0,(anonymous_15)
FNDA:0,convertListToBinaryArray
FNDA:0,(anonymous_17)
FNDA:0,createMoveIdLearnset
FNDA:0,decimalToBinaryArray
FNDA:7,getPokemonLearnset
FNDA:0,getLevelLearnset
FNDA:0,getTutorMoves
FNDA:0,(anonymous_23)
DA:25,2
DA:26,2
DA:33,8
DA:34,3
DA:37,5
DA:38,2
DA:40,3
DA:42,3
DA:43,63
DA:44,33
DA:46,3
DA:47,0
DA:49,3
DA:51,3
DA:53,3
DA:57,22
DA:58,66
DA:62,17
DA:63,17
DA:64,1
DA:66,16
DA:67,1
DA:69,15
DA:70,15
DA:72,15
DA:73,0
DA:76,15
DA:77,0
DA:80,15
DA:84,6
DA:86,6
DA:87,1
DA:90,5
DA:91,2087
DA:92,2087
DA:93,2087
DA:94,2087
DA:95,3
DA:99,2
DA:103,0
DA:104,0
DA:106,0
DA:107,0
DA:108,0
DA:112,0
DA:116,70
DA:117,70
DA:118,70
DA:119,70
DA:120,70
DA:121,70
DA:122,70
DA:123,70
DA:125,70
DA:126,70
DA:127,70
DA:129,70
DA:142,3
DA:143,3
DA:144,3
DA:145,2
DA:146,2
DA:147,5
DA:148,14
DA:155,70
DA:156,70
DA:157,70
DA:158,154
DA:160,70
DA:164,5
DA:165,1
DA:167,4
DA:169,4
DA:170,4
DA:171,4
DA:173,4
DA:174,128
DA:176,4
DA:177,128
DA:179,4
DA:180,128
DA:182,4
DA:183,128
DA:186,4
DA:188,0
DA:190,0
DA:191,0
DA:192,0
DA:193,0
DA:195,0
DA:200,3
DA:202,3
DA:203,3
DA:205,3
DA:206,3
DA:207,315
DA:209,315
DA:210,315
DA:212,315
DA:213,66
DA:217,3
DA:219,0
DA:220,0
DA:223,0
DA:224,0
DA:229,0
DA:230,0
DA:233,0
DA:235,0
DA:236,0
DA:237,0
DA:240,0
DA:244,0
DA:245,0
DA:248,0
DA:252,0
DA:254,0
DA:255,0
DA:257,0
DA:258,0
DA:261,0
DA:262,0
DA:265,0
DA:266,0
DA:269,0
DA:273,0
DA:274,0
DA:277,0
DA:278,0
DA:281,0
DA:282,0
DA:285,0
DA:289,7
DA:290,7
DA:291,4
DA:295,0
DA:297,0
DA:298,0
DA:299,0
DA:302,0
DA:306,0
DA:307,0
DA:308,0
DA:309,0
DA:310,0
DA:311,0
DA:316,0
LF:147
LH:89
BRDA:28,0,0,8
BRDA:33,1,0,3
BRDA:33,1,1,5
BRDA:33,2,0,8
BRDA:33,2,1,7
BRDA:33,2,2,6
BRDA:37,3,0,2
BRDA:37,3,1,3
BRDA:37,4,0,5
BRDA:37,4,1,4
BRDA:40,5,0,3
BRDA:40,5,1,0
BRDA:43,6,0,30
BRDA:43,6,1,33
BRDA:46,7,0,0
BRDA:46,7,1,3
BRDA:51,8,0,3
BRDA:51,8,1,0
BRDA:51,9,0,3
BRDA:51,9,1,0
BRDA:51,10,0,3
BRDA:51,10,1,0
BRDA:51,11,0,3
BRDA:51,11,1,0
BRDA:57,12,0,4
BRDA:57,12,1,18
BRDA:57,13,0,22
BRDA:57,13,1,19
BRDA:61,14,0,0
BRDA:62,15,0,0
BRDA:62,15,1,17
BRDA:63,16,0,1
BRDA:63,16,1,16
BRDA:66,17,0,1
BRDA:66,17,1,15
BRDA:70,18,0,15
BRDA:70,18,1,0
BRDA:72,19,0,0
BRDA:72,19,1,15
BRDA:76,20,0,0
BRDA:76,20,1,15
BRDA:84,21,0,0
BRDA:84,21,1,6
BRDA:86,22,0,1
BRDA:86,22,1,5
BRDA:94,23,0,3
BRDA:94,23,1,2084
BRDA:94,24,0,2087
BRDA:94,24,1,2084
BRDA:103,25,0,0
BRDA:103,25,1,0
BRDA:107,26,0,0
BRDA:107,26,1,0
BRDA:115,27,0,1
BRDA:115,28,0,4
BRDA:116,29,0,70
BRDA:116,29,1,0
BRDA:117,30,0,70
BRDA:117,30,1,0
BRDA:125,31,0,70
BRDA:125,31,1,0
BRDA:131,32,0,70
BRDA:131,32,1,0
BRDA:141,33,0,0
BRDA:141,34,0,3
BRDA:142,35,0,3
BRDA:142,35,1,0
BRDA:143,36,0,3
BRDA:143,36,1,0
BRDA:144,37,0,1
BRDA:144,37,1,2
BRDA:144,38,0,3
BRDA:144,38,1,3
BRDA:147,39,0,2
BRDA:147,39,1,0
BRDA:147,40,0,5
BRDA:147,40,1,2
BRDA:154,41,0,0
BRDA:154,42,0,0
BRDA:155,43,0,70
BRDA:155,43,1,0
BRDA:163,44,0,0
BRDA:163,45,0,2
BRDA:164,46,0,1
BRDA:164,46,1,4
BRDA:167,47,0,4
BRDA:167,47,1,0
BRDA:169,48,0,4
BRDA:169,48,1,0
BRDA:188,49,0,0
BRDA:188,49,1,0
BRDA:199,50,0,0
BRDA:199,51,0,3
BRDA:202,52,0,3
BRDA:202,52,1,0
BRDA:203,53,0,3
BRDA:203,53,1,0
BRDA:212,54,0,66
BRDA:212,54,1,249
BRDA:219,55,0,0
BRDA:219,55,1,0
BRDA:229,56,0,0
BRDA:229,56,1,0
BRDA:236,57,0,0
BRDA:236,57,1,0
BRDA:236,58,0,0
BRDA:236,58,1,0
BRDA:257,59,0,0
BRDA:257,59,1,0
BRDA:261,60,0,0
BRDA:261,60,1,0
BRDA:273,61,0,0
BRDA:273,61,1,0
BRDA:273,62,0,0
BRDA:273,62,1,0
BRDA:288,63,0,1
BRDA:288,64,0,7
BRDA:289,65,0,7
BRDA:289,65,1,0
BRDA:290,66,0,3
BRDA:290,66,1,4
BRDA:290,67,0,7
BRDA:290,67,1,5
BRDA:291,68,0,4
BRDA:291,68,1,0
BRDA:294,69,0,0
BRDA:294,70,0,0
BRDA:305,71,0,0
BRDA:305,72,0,0
BRDA:305,73,0,0
BRDA:306,74,0,0
BRDA:306,74,1,0
BRDA:307,75,0,0
BRDA:307,75,1,0
BRDA:308,76,0,0
BRDA:308,76,1,0
BRDA:309,77,0,0
BRDA:309,77,1,0
BRF:138
BRH:72
end_of_record
TN:
SF:src/utils/dex/name.js
FN:9,createPokemonMap
FN:35,getFormName
FN:39,getPokemonName
FN:43,getPokemonIdFromName
FN:45,(anonymous_4)
FN:49,getFormNameOfProblematicPokemon
FN:87,getPokemonMonsnoFromName
FN:90,(anonymous_7)
FN:93,getPokemonNames
FN:99,getPokemonFormId
FN:101,(anonymous_10)
FN:104,getPokemonMonsNoAndFormNoFromPokemonId
FNF:12
FNH:11
FNDA:8989,createPokemonMap
FNDA:2,getFormName
FNDA:2,getPokemonName
FNDA:5,getPokemonIdFromName
FNDA:1507,(anonymous_4)
FNDA:30,getFormNameOfProblematicPokemon
FNDA:7,getPokemonMonsnoFromName
FNDA:2055,(anonymous_7)
FNDA:5,getPokemonNames
FNDA:13,getPokemonFormId
FNDA:41,(anonymous_10)
FNDA:0,getPokemonMonsNoAndFormNoFromPokemonId
DA:5,3
DA:6,3
DA:7,3
DA:8,3
DA:10,8989
DA:11,8989
DA:13,8989
DA:14,8989
DA:16,8989
DA:17,8989
DA:18,6159
DA:19,6159
DA:22,2830
DA:23,2830
DA:24,2814
DA:25,2814
DA:28,16
DA:29,15
DA:31,1
DA:36,2
DA:40,2
DA:44,5
DA:45,1507
DA:46,5
DA:50,30
DA:51,8
DA:53,1
DA:55,1
DA:57,1
DA:59,1
DA:61,1
DA:63,1
DA:65,2
DA:68,22
DA:70,1
DA:72,7
DA:74,1
DA:76,4
DA:78,4
DA:80,4
DA:82,1
DA:88,7
DA:89,5
DA:90,2055
DA:94,5
DA:95,3
DA:96,3
DA:100,13
DA:101,41
DA:105,0
DA:106,0
DA:108,0
DA:109,0
DA:110,0
LF:54
LH:49
BRDA:9,0,0,4
BRDA:10,1,0,4
BRDA:10,1,1,8985
BRDA:11,2,0,4
BRDA:11,2,1,8985
BRDA:17,3,0,6159
BRDA:17,3,1,2830
BRDA:17,4,0,8989
BRDA:17,4,1,6159
BRDA:23,5,0,2814
BRDA:23,5,1,16
BRDA:23,6,0,2830
BRDA:23,6,1,2829
BRDA:35,7,0,0
BRDA:35,8,0,2
BRDA:36,9,0,2
BRDA:36,9,1,0
BRDA:39,10,0,0
BRDA:39,11,0,2
BRDA:40,12,0,2
BRDA:40,12,1,0
BRDA:43,13,0,0
BRDA:43,14,0,5
BRDA:44,15,0,5
BRDA:44,15,1,0
BRDA:46,16,0,1
BRDA:46,16,1,4
BRDA:49,17,0,0
BRDA:49,18,0,7
BRDA:50,19,0,8
BRDA:50,19,1,22
BRDA:51,20,0,1
BRDA:51,20,1,1
BRDA:51,20,2,1
BRDA:51,20,3,1
BRDA:51,20,4,1
BRDA:51,20,5,1
BRDA:51,20,6,2
BRDA:68,21,0,1
BRDA:68,21,1,7
BRDA:68,21,2,1
BRDA:68,21,3,4
BRDA:68,21,4,4
BRDA:68,21,5,4
BRDA:68,21,6,1
BRDA:87,22,0,7
BRDA:88,23,0,2
BRDA:88,23,1,5
BRDA:89,24,0,5
BRDA:89,24,1,0
BRDA:93,25,0,4
BRDA:93,26,0,4
BRDA:94,27,0,2
BRDA:94,27,1,3
BRDA:94,28,0,5
BRDA:94,28,1,4
BRDA:95,29,0,2
BRDA:95,29,1,1
BRDA:99,30,0,0
BRDA:99,31,0,8
BRDA:100,32,0,10
BRDA:100,32,1,3
BRDA:101,33,0,13
BRDA:101,33,1,1
BRDA:104,34,0,0
BRDA:104,35,0,0
BRDA:105,36,0,0
BRDA:105,36,1,0
BRDA:106,37,0,0
BRDA:106,37,1,0
BRF:70
BRH:55
end_of_record
TN:
SF:src/utils/dex/nature.js
FN:3,getNatureId
FN:5,(anonymous_1)
FN:10,getNatureName
FNF:3
FNH:3
FNDA:3,getNatureId
FNDA:26,(anonymous_1)
FNDA:1,getNatureName
DA:1,1
DA:4,3
DA:5,26
DA:6,2
DA:7,1
DA:11,1
LF:6
LH:6
BRDA:4,0,0,1
BRDA:4,0,1,2
BRDA:6,1,0,1
BRDA:6,1,1,1
BRDA:10,2,0,0
BRF:5
BRH:4
end_of_record
TN:
SF:src/utils/dex/types.js
FN:3,getTypeName
FN:9,getTypes
FNF:2
FNH:2
FNDA:6,getTypeName
FNDA:2,getTypes
DA:1,2
DA:4,6
DA:5,6
DA:6,6
DA:10,2
LF:5
LH:5
BRDA:3,0,0,0
BRDA:5,1,0,0
BRDA:5,1,1,6
BRDA:10,2,0,1
BRDA:10,2,1,1
BRF:5
BRH:3
end_of_record
