TN:
SF:__gamedata/index.js
FNF:0
FNH:0
LF:0
LH:0
BRF:0
BRH:0
end_of_record
TN:
SF:plugins/pokedex-data-plugin/dex/ability.js
FN:3,makeSmogonAbilityObject
FN:9,getAbilityIdFromAbilityName
FN:12,(anonymous_2)
FN:18,getAbilityString
FN:24,getAbilityInfo
FN:27,(anonymous_5)
FNF:6
FNH:6
FNDA:2,makeSmogonAbilityObject
FNDA:2,getAbilityIdFromAbilityName
FNDA:270,(anonymous_2)
FNDA:8792,getAbilityString
FNDA:2,getAbilityInfo
FNDA:2,(anonymous_5)
DA:1,3
DA:4,2
DA:5,2
DA:6,1
DA:10,2
DA:12,270
DA:14,2
DA:15,1
DA:19,8792
DA:20,8792
DA:21,8791
DA:25,2
DA:26,2
DA:27,1
DA:28,2
DA:31,1
DA:34,3
LF:17
LH:17
BRDA:3,0,0,0
BRDA:4,1,0,2
BRDA:4,1,1,1
BRDA:5,2,0,1
BRDA:5,2,1,1
BRDA:5,3,0,2
BRDA:5,3,1,1
BRDA:10,4,0,0
BRDA:10,4,1,2
BRDA:14,5,0,1
BRDA:14,5,1,1
BRDA:18,6,0,0
BRDA:19,7,0,8792
BRDA:19,7,1,1
BRDA:20,8,0,1
BRDA:20,8,1,8791
BRDA:20,9,0,8792
BRDA:20,9,1,8791
BRDA:26,10,0,1
BRDA:26,10,1,1
BRDA:26,11,0,2
BRDA:26,11,1,2
BRDA:26,11,2,1
BRF:23
BRH:20
end_of_record
TN:
SF:plugins/pokedex-data-plugin/dex/data.js
FNF:0
FNH:0
DA:2,9
DA:3,9
DA:4,9
DA:5,9
DA:6,9
DA:7,9
DA:10,9
DA:11,9
DA:12,9
DA:13,9
DA:14,9
DA:15,9
DA:18,9
DA:19,9
DA:20,9
DA:21,9
DA:22,9
DA:23,9
DA:24,9
DA:27,9
DA:28,9
DA:29,9
DA:31,9
LF:23
LH:23
BRF:0
BRH:0
end_of_record
TN:
SF:plugins/pokedex-data-plugin/dex/details.js
FN:7,getHeight
FN:21,getWeight
FNF:2
FNH:2
FNDA:1466,getHeight
FNDA:1466,getWeight
DA:1,2
DA:3,2
DA:4,2
DA:5,2
DA:8,1466
DA:10,1466
DA:12,1465
DA:13,1465
DA:14,1465
DA:16,1465
DA:17,1465
DA:18,1465
DA:22,1466
DA:24,1466
DA:26,1465
DA:27,1465
DA:29,1465
DA:30,1465
DA:33,2
LF:19
LH:19
BRDA:7,0,0,0
BRDA:8,1,0,1466
BRDA:8,1,1,1
BRDA:10,2,0,1
BRDA:10,2,1,1465
BRDA:21,3,0,0
BRDA:22,4,0,1466
BRDA:22,4,1,1
BRDA:24,5,0,1
BRDA:24,5,1,1465
BRF:10
BRH:8
end_of_record
TN:
SF:plugins/pokedex-data-plugin/dex/egggroup.js
FN:25,getEggGroupViaPokemonId
FN:35,getEggGroupNameById
FN:41,createPokemonByEggGroupMap
FN:56,getPokemonIdsInEggGroup
FNF:4
FNH:4
FNDA:1473,getEggGroupViaPokemonId
FNDA:1937,getEggGroupNameById
FNDA:2932,createPokemonByEggGroupMap
FNDA:6,getPokemonIdsInEggGroup
DA:1,2
DA:3,2
DA:22,2
DA:23,2
DA:26,1473
DA:27,2
DA:29,1471
DA:30,1471
DA:31,1471
DA:32,1471
DA:36,1937
DA:37,7
DA:38,1930
DA:43,2932
DA:44,24
DA:47,2932
DA:48,8
DA:51,2932
DA:52,2932
DA:53,2932
DA:57,6
DA:58,3
DA:59,3
DA:62,2
LF:24
LH:24
BRDA:25,0,0,0
BRDA:26,1,0,2
BRDA:26,1,1,1471
BRDA:26,2,0,1473
BRDA:26,2,1,1472
BRDA:26,2,2,1471
BRDA:32,3,0,1012
BRDA:32,3,1,459
BRDA:35,4,0,0
BRDA:36,5,0,7
BRDA:36,5,1,1930
BRDA:36,6,0,1937
BRDA:36,6,1,1935
BRDA:36,6,2,1933
BRDA:43,7,0,24
BRDA:43,7,1,2908
BRDA:47,8,0,8
BRDA:47,8,1,2924
BRDA:56,9,0,0
BRDA:57,10,0,3
BRDA:57,10,1,3
BRDA:57,11,0,6
BRDA:57,11,1,5
BRDA:57,11,2,4
BRF:24
BRH:21
end_of_record
TN:
SF:plugins/pokedex-data-plugin/dex/functions.js
FN:6,createFormMap
FN:15,getPokemonIdFromFormMap
FN:19,(anonymous_2)
FN:20,(anonymous_3)
FN:23,(anonymous_4)
FN:27,getGender
FN:34,getImage
FN:40,formatBaseStats
FN:44,getGrassKnotPower
FN:53,getPokemonIdFromMonsNoAndForm
FN:54,(anonymous_10)
FNF:11
FNH:11
FNDA:5866,createFormMap
FNDA:3,getPokemonIdFromFormMap
FNDA:12182,(anonymous_2)
FNDA:171185,(anonymous_3)
FNDA:1466,(anonymous_4)
FNDA:4,getGender
FNDA:12187,getImage
FNDA:1465,formatBaseStats
FNDA:2946,getGrassKnotPower
FNDA:3,getPokemonIdFromMonsNoAndForm
FNDA:2686,(anonymous_10)
DA:1,4
DA:4,4
DA:7,5866
DA:8,4045
DA:11,5866
DA:12,5866
DA:16,3
DA:19,4
DA:20,171185
DA:23,4
DA:24,1466
DA:28,4
DA:29,3
DA:30,2
DA:31,1
DA:35,12187
DA:36,12187
DA:37,12187
DA:41,1465
DA:45,2946
DA:46,2696
DA:47,2438
DA:48,1850
DA:49,1380
DA:50,914
DA:54,2686
DA:57,4
LF:27
LH:27
BRDA:7,0,0,4045
BRDA:7,0,1,1821
BRDA:15,1,0,0
BRDA:15,2,0,0
BRDA:16,3,0,3
BRDA:16,3,1,1
BRDA:28,4,0,1
BRDA:28,4,1,3
BRDA:29,5,0,1
BRDA:29,5,1,2
BRDA:30,6,0,1
BRDA:30,6,1,1
BRDA:34,7,0,1
BRDA:34,8,0,3
BRDA:45,9,0,250
BRDA:45,9,1,2696
BRDA:46,10,0,258
BRDA:46,10,1,2438
BRDA:47,11,0,588
BRDA:47,11,1,1850
BRDA:48,12,0,470
BRDA:48,12,1,1380
BRDA:49,13,0,466
BRDA:49,13,1,914
BRDA:54,14,0,2686
BRDA:54,14,1,3
BRF:26
BRH:24
end_of_record
TN:
SF:plugins/pokedex-data-plugin/dex/info.js
FN:11,getPokemonInfo
FNF:1
FNH:1
FNDA:1464,getPokemonInfo
DA:1,1
DA:2,1
DA:3,1
DA:4,1
DA:5,1
DA:6,1
DA:7,1
DA:9,1
DA:12,1464
DA:13,1464
DA:15,1464
DA:45,1
LF:12
LH:12
BRDA:11,0,0,0
BRDA:11,1,0,0
BRF:2
BRH:0
end_of_record
TN:
SF:plugins/pokedex-data-plugin/dex/item.js
FN:3,getItemIdFromItemName
FN:6,(anonymous_1)
FN:7,(anonymous_2)
FN:12,getItemString
FN:16,getItemImageUrl
FN:21,getTMImageUrl
FNF:6
FNH:4
FNDA:3,getItemIdFromItemName
FNDA:0,(anonymous_1)
FNDA:2072,(anonymous_2)
FNDA:8791,getItemString
FNDA:4395,getItemImageUrl
FNDA:0,getTMImageUrl
DA:1,2
DA:4,3
DA:5,2
DA:6,0
DA:7,2072
DA:8,2
DA:9,1
DA:13,8791
DA:17,4395
DA:18,4395
DA:22,0
DA:24,2
LF:12
LH:10
BRDA:4,0,0,1
BRDA:4,0,1,2
BRDA:5,1,0,0
BRDA:5,1,1,2
BRDA:8,2,0,1
BRDA:8,2,1,1
BRDA:12,3,0,0
BRDA:16,4,0,0
BRDA:21,5,0,0
BRF:9
BRH:5
end_of_record
TN:
SF:plugins/pokedex-data-plugin/dex/moves.js
FN:17,generateMovesViaLearnset
FN:30,(anonymous_1)
FN:45,isMoveNameSmogonCompatible
FN:47,(anonymous_3)
FN:50,getMoveId
FN:52,(anonymous_5)
FN:57,getMoveString
FN:68,getMoveProperties
FN:92,getEggMoves
FN:96,(anonymous_9)
FN:97,(anonymous_10)
FN:103,getMoveDescription
FN:105,(anonymous_12)
FN:111,getTechMachineLearnset
FN:120,(anonymous_14)
FN:133,getPokemonLearnset
FN:138,getLevelLearnset
FN:149,parseTmLearnsetSection
FN:153,getTutorMoves
FN:158,(anonymous_19)
FNF:20
FNH:20
FNDA:8,generateMovesViaLearnset
FNDA:63,(anonymous_1)
FNDA:22,isMoveNameSmogonCompatible
FNDA:66,(anonymous_3)
FNDA:6,getMoveId
FNDA:1074,(anonymous_5)
FNDA:17,getMoveString
FNDA:203422,getMoveProperties
FNDA:1469,getEggMoves
FNDA:1075316,(anonymous_9)
FNDA:3108,(anonymous_10)
FNDA:203422,getMoveDescription
FNDA:454548,(anonymous_12)
FNDA:2933,getTechMachineLearnset
FNDA:375424,(anonymous_14)
FNDA:1473,getPokemonLearnset
FNDA:1466,getLevelLearnset
FNDA:11736,parseTmLearnsetSection
FNDA:1470,getTutorMoves
FNDA:7126,(anonymous_19)
DA:12,3
DA:13,3
DA:15,3
DA:22,8
DA:23,3
DA:26,5
DA:27,2
DA:30,3
DA:31,63
DA:32,33
DA:35,3
DA:37,3
DA:46,22
DA:47,66
DA:51,6
DA:52,1074
DA:53,4
DA:54,3
DA:58,17
DA:60,16
DA:61,16
DA:62,1
DA:65,15
DA:69,203422
DA:70,203422
DA:71,203422
DA:72,203422
DA:73,203422
DA:74,203422
DA:76,203422
DA:77,203422
DA:78,203422
DA:80,203422
DA:93,1469
DA:94,1468
DA:95,1468
DA:96,1075316
DA:97,3108
DA:104,203422
DA:105,203422
DA:106,454548
DA:108,203422
DA:112,2933
DA:120,375424
DA:122,2933
DA:123,2933
DA:124,375424
DA:126,166853
DA:127,166853
DA:130,2933
DA:134,1473
DA:135,1470
DA:139,1466
DA:141,1466
DA:142,1466
DA:143,26331
DA:146,1466
DA:150,11736
DA:154,1470
DA:155,1468
DA:156,695
DA:157,537
DA:158,7126
DA:163,537
DA:166,3
LF:65
LH:65
BRDA:22,0,0,3
BRDA:22,0,1,5
BRDA:22,1,0,8
BRDA:22,1,1,7
BRDA:22,1,2,6
BRDA:26,2,0,2
BRDA:26,2,1,3
BRDA:26,3,0,5
BRDA:26,3,1,4
BRDA:31,4,0,30
BRDA:31,4,1,33
BRDA:46,5,0,4
BRDA:46,5,1,18
BRDA:46,6,0,22
BRDA:46,6,1,19
BRDA:51,7,0,2
BRDA:51,7,1,4
BRDA:51,8,0,6
BRDA:51,8,1,4
BRDA:53,9,0,1
BRDA:53,9,1,3
BRDA:57,10,0,0
BRDA:58,11,0,1
BRDA:58,11,1,16
BRDA:58,12,0,17
BRDA:58,12,1,16
BRDA:61,13,0,1
BRDA:61,13,1,15
BRDA:61,14,0,16
BRDA:61,14,1,15
BRDA:68,15,0,1
BRDA:76,16,0,203422
BRDA:76,16,1,0
BRDA:82,17,0,203422
BRDA:82,17,1,0
BRDA:92,18,0,0
BRDA:93,19,0,1
BRDA:93,19,1,1468
BRDA:93,20,0,1469
BRDA:93,20,1,1469
BRDA:96,21,0,1468
BRDA:96,21,1,0
BRDA:96,22,0,1075316
BRDA:96,22,1,5045
BRDA:103,23,0,0
BRDA:124,24,0,208571
BRDA:124,24,1,166853
BRDA:133,25,0,1
BRDA:134,26,0,3
BRDA:134,26,1,1470
BRDA:134,27,0,1473
BRDA:134,27,1,1471
BRDA:135,28,0,1470
BRDA:135,28,1,0
BRDA:138,29,0,0
BRDA:153,30,0,0
BRDA:153,31,0,2
BRDA:154,32,0,2
BRDA:154,32,1,1468
BRDA:155,33,0,773
BRDA:155,33,1,695
BRDA:156,34,0,158
BRDA:156,34,1,537
BRF:63
BRH:54
end_of_record
TN:
SF:plugins/pokedex-data-plugin/dex/name.js
FN:5,createPokemonMap
FN:28,getFormName
FN:32,getPokemonName
FN:36,getPokemonIdFromName
FN:37,(anonymous_4)
FN:41,getFormNameOfProblematicPokemon
FN:60,getPokemonMonsnoFromName
FN:62,(anonymous_7)
FN:65,getPokemonNames
FN:70,getPokemonFormId
FN:71,(anonymous_10)
FN:74,normalizePokemonName
FN:78,getPokemonMonsNoAndFormNoFromPokemonId
FNF:13
FNH:12
FNDA:5868,createPokemonMap
FNDA:2,getFormName
FNDA:11552,getPokemonName
FNDA:5,getPokemonIdFromName
FNDA:1507,(anonymous_4)
FNDA:32,getFormNameOfProblematicPokemon
FNDA:7,getPokemonMonsnoFromName
FNDA:2055,(anonymous_7)
FNDA:4,getPokemonNames
FNDA:1475,getPokemonFormId
FNDA:5075,(anonymous_10)
FNDA:0,normalizePokemonName
FNDA:1466,getPokemonMonsNoAndFormNoFromPokemonId
DA:1,4
DA:2,4
DA:4,4
DA:6,5868
DA:7,5868
DA:9,5868
DA:10,5868
DA:11,4047
DA:12,4047
DA:15,1821
DA:16,1821
DA:17,1796
DA:18,1796
DA:21,25
DA:22,24
DA:24,1
DA:29,2
DA:33,11552
DA:37,1507
DA:38,5
DA:42,32
DA:44,5
DA:46,5
DA:48,5
DA:50,5
DA:52,5
DA:54,5
DA:56,2
DA:61,7
DA:62,2055
DA:66,4
DA:67,2
DA:71,5075
DA:75,0
DA:79,1466
DA:80,1466
DA:81,1466
DA:84,4
LF:38
LH:37
BRDA:10,0,0,4047
BRDA:10,0,1,1821
BRDA:10,1,0,5868
BRDA:10,1,1,4047
BRDA:16,2,0,1796
BRDA:16,2,1,25
BRDA:16,3,0,1821
BRDA:16,3,1,1820
BRDA:28,4,0,0
BRDA:32,5,0,0
BRDA:36,6,0,0
BRDA:38,7,0,1
BRDA:38,7,1,4
BRDA:41,8,0,0
BRDA:42,9,0,5
BRDA:42,9,1,5
BRDA:42,9,2,5
BRDA:42,9,3,5
BRDA:42,9,4,5
BRDA:42,9,5,5
BRDA:42,9,6,2
BRDA:61,10,0,2
BRDA:61,10,1,5
BRDA:65,11,0,4
BRDA:66,12,0,2
BRDA:66,12,1,2
BRDA:66,13,0,4
BRDA:66,13,1,3
BRDA:70,14,0,0
BRDA:71,15,0,1475
BRDA:71,15,1,1
BRDA:78,16,0,0
BRF:32
BRH:26
end_of_record
TN:
SF:plugins/pokedex-data-plugin/dex/nature.js
FN:3,getNatureId
FN:5,(anonymous_1)
FN:10,getNatureName
FNF:3
FNH:3
FNDA:3,getNatureId
FNDA:26,(anonymous_1)
FNDA:1,getNatureName
DA:1,1
DA:4,3
DA:5,26
DA:6,2
DA:7,1
DA:11,1
DA:14,1
LF:7
LH:7
BRDA:4,0,0,1
BRDA:4,0,1,2
BRDA:6,1,0,1
BRDA:6,1,1,1
BRDA:10,2,0,0
BRF:5
BRH:4
end_of_record
TN:
SF:plugins/pokedex-data-plugin/dex/pokemon.js
FN:10,getPokemon
FN:24,(anonymous_1)
FN:45,(anonymous_2)
FN:46,(anonymous_3)
FNF:4
FNH:4
FNDA:1466,getPokemon
FNDA:8796,(anonymous_1)
FNDA:1922,(anonymous_2)
FNDA:8620,(anonymous_3)
DA:1,1
DA:2,1
DA:3,1
DA:4,1
DA:5,1
DA:6,1
DA:7,1
DA:8,1
DA:11,1466
DA:12,1466
DA:13,1466
DA:14,1466
DA:15,1466
DA:16,1466
DA:24,8796
DA:25,1466
DA:26,1466
DA:27,1466
DA:28,1466
DA:29,1466
DA:30,1466
DA:31,1466
DA:32,1466
DA:33,1466
DA:35,1466
DA:36,1466
DA:37,1466
DA:39,1466
DA:45,1922
DA:46,1466
DA:47,8620
DA:53,1466
DA:54,1466
DA:56,1466
DA:57,1466
DA:58,1466
DA:60,1466
DA:89,1
LF:38
LH:38
BRF:0
BRH:0
end_of_record
TN:
SF:plugins/pokedex-data-plugin/dex/types.js
FN:3,getTypeName
FN:9,getTypes
FNF:2
FNH:2
FNDA:5866,getTypeName
FNDA:2,getTypes
DA:1,3
DA:4,5866
DA:5,5866
DA:6,5866
DA:10,2
DA:15,3
LF:6
LH:6
BRDA:3,0,0,0
BRDA:5,1,0,0
BRDA:5,1,1,5866
BRDA:10,2,0,1
BRDA:10,2,1,1
BRF:5
BRH:3
end_of_record
TN:
SF:src/components/Pokedex/PokemonAbilities.jsx
FN:5,(anonymous_0)
FN:45,(anonymous_1)
FNF:2
FNH:2
FNDA:5,(anonymous_0)
FNDA:10,(anonymous_1)
DA:5,1
DA:6,5
DA:7,5
DA:8,5
DA:10,5
DA:11,1
DA:18,4
DA:19,1
DA:27,3
DA:28,2
DA:36,1
DA:45,1
DA:46,10
LF:13
LH:13
BRDA:6,0,0,5
BRDA:6,0,1,2
BRDA:7,1,0,5
BRDA:7,1,1,2
BRDA:8,2,0,5
BRDA:8,2,1,2
BRDA:10,3,0,1
BRDA:10,3,1,4
BRDA:18,4,0,1
BRDA:18,4,1,3
BRDA:27,5,0,2
BRDA:27,5,1,1
BRDA:47,6,0,10
BRDA:47,6,1,5
BRDA:49,7,0,10
BRDA:49,7,1,2
BRDA:50,8,0,10
BRDA:50,8,1,5
BRF:18
BRH:18
end_of_record
TN:
SF:src/components/Pokedex2/PokemonAbilities.jsx
FN:6,(anonymous_0)
FN:46,(anonymous_1)
FN:49,(anonymous_2)
FN:53,(anonymous_3)
FNF:4
FNH:2
FNDA:5,(anonymous_0)
FNDA:10,(anonymous_1)
FNDA:0,(anonymous_2)
FNDA:0,(anonymous_3)
DA:6,1
DA:7,5
DA:8,5
DA:9,5
DA:11,5
DA:12,1
DA:19,4
DA:20,1
DA:28,3
DA:29,2
DA:37,1
DA:46,1
DA:47,10
DA:49,10
DA:50,0
DA:53,10
DA:54,0
DA:56,10
LF:18
LH:16
BRDA:7,0,0,5
BRDA:7,0,1,2
BRDA:8,1,0,5
BRDA:8,1,1,2
BRDA:9,2,0,5
BRDA:9,2,1,2
BRDA:11,3,0,1
BRDA:11,3,1,4
BRDA:19,4,0,1
BRDA:19,4,1,3
BRDA:28,5,0,2
BRDA:28,5,1,1
BRDA:59,6,0,10
BRDA:59,6,1,5
BRDA:63,7,0,10
BRDA:63,7,1,2
BRDA:64,8,0,10
BRDA:64,8,1,5
BRF:18
BRH:18
end_of_record
TN:
SF:src/core/genderRatioConverter.js
FN:1,(anonymous_0)
FNF:1
FNH:1
FNDA:7,(anonymous_0)
DA:1,1
DA:2,7
DA:3,1
DA:5,6
DA:6,5
DA:7,5
DA:8,5
DA:9,5
DA:10,5
DA:11,5
DA:12,5
DA:17,1
DA:18,1
DA:20,0
LF:14
LH:13
BRDA:2,0,0,1
BRDA:2,0,1,6
BRDA:5,1,0,5
BRDA:5,1,1,1
BRDA:17,2,0,1
BRDA:17,2,1,0
BRF:6
BRH:5
end_of_record
TN:
SF:src/core/pokemonFormSelector.js
FN:5,(anonymous_0)
FN:17,(anonymous_1)
FN:18,(anonymous_2)
FN:21,(anonymous_3)
FNF:4
FNH:4
FNDA:1466,(anonymous_0)
FNDA:1472,(anonymous_1)
FNDA:5075,(anonymous_2)
FNDA:1473,(anonymous_3)
DA:3,1
DA:5,1
DA:6,1466
DA:7,1011
DA:10,1466
DA:11,1466
DA:12,1466
DA:14,1466
DA:17,1
DA:18,5075
DA:21,1
DA:22,1473
DA:23,1473
DA:24,1473
LF:14
LH:14
BRDA:6,0,0,1011
BRDA:6,0,1,455
BRDA:10,1,0,1466
BRDA:10,1,1,455
BRDA:11,2,0,1466
BRDA:11,2,1,6
BRDA:21,3,0,0
BRF:7
BRH:6
end_of_record
TN:
SF:src/core/pokemonStatCalculation.js
FN:17,(anonymous_0)
FN:33,(anonymous_1)
FN:37,(anonymous_2)
FN:41,(anonymous_3)
FN:45,(anonymous_4)
FNF:5
FNH:5
FNDA:16,(anonymous_0)
FNDA:4,(anonymous_1)
FNDA:4,(anonymous_2)
FNDA:4,(anonymous_3)
FNDA:4,(anonymous_4)
DA:1,1
DA:7,1
DA:12,1
DA:17,1
DA:18,16
DA:19,8
DA:20,8
DA:24,8
DA:26,8
DA:27,8
DA:30,8
DA:33,1
DA:34,4
DA:37,1
DA:38,4
DA:41,1
DA:42,4
DA:45,1
DA:46,4
LF:19
LH:19
BRDA:17,0,0,0
BRDA:17,1,0,0
BRDA:18,2,0,8
BRDA:18,2,1,8
BRDA:19,3,0,0
BRDA:19,3,1,8
BRDA:26,4,0,8
BRDA:26,4,1,0
BRDA:26,5,0,8
BRDA:26,5,1,8
BRF:10
BRH:6
end_of_record
TN:
SF:src/utils/dex/ability.js
FN:3,makeSmogonAbilityObject
FN:9,getAbilityIdFromAbilityName
FN:12,(anonymous_2)
FN:18,getAbilityString
FN:24,getAbilityInfo
FN:27,(anonymous_5)
FNF:6
FNH:6
FNDA:2,makeSmogonAbilityObject
FNDA:12,getAbilityIdFromAbilityName
FNDA:679,(anonymous_2)
FNDA:2,getAbilityString
FNDA:12,getAbilityInfo
FNDA:22,(anonymous_5)
DA:1,2
DA:4,2
DA:5,2
DA:6,1
DA:10,12
DA:12,679
DA:14,12
DA:15,11
DA:19,2
DA:20,2
DA:21,1
DA:25,12
DA:26,12
DA:27,11
DA:28,22
DA:31,11
LF:16
LH:16
BRDA:3,0,0,0
BRDA:4,1,0,2
BRDA:4,1,1,1
BRDA:5,2,0,1
BRDA:5,2,1,1
BRDA:5,3,0,2
BRDA:5,3,1,1
BRDA:10,4,0,0
BRDA:10,4,1,12
BRDA:14,5,0,1
BRDA:14,5,1,11
BRDA:18,6,0,0
BRDA:19,7,0,2
BRDA:19,7,1,1
BRDA:20,8,0,1
BRDA:20,8,1,1
BRDA:20,9,0,2
BRDA:20,9,1,1
BRDA:26,10,0,1
BRDA:26,10,1,11
BRDA:26,11,0,12
BRDA:26,11,1,12
BRDA:26,11,2,11
BRF:23
BRH:20
end_of_record
TN:
SF:src/utils/dex/details.js
FN:7,getHeight
FN:21,getWeight
FNF:2
FNH:2
FNDA:2,getHeight
FNDA:2,getWeight
DA:3,1
DA:4,1
DA:5,1
DA:8,2
DA:10,2
DA:12,1
DA:13,1
DA:14,1
DA:16,1
DA:17,1
DA:18,1
DA:22,2
DA:24,2
DA:26,1
DA:27,1
DA:29,1
DA:30,1
LF:17
LH:17
BRDA:7,0,0,0
BRDA:8,1,0,2
BRDA:8,1,1,1
BRDA:10,2,0,1
BRDA:10,2,1,1
BRDA:21,3,0,0
BRDA:22,4,0,2
BRDA:22,4,1,1
BRDA:24,5,0,1
BRDA:24,5,1,1
BRF:10
BRH:8
end_of_record
TN:
SF:src/utils/dex/egggroup.js
FN:25,getEggGroupViaPokemonId
FN:35,getEggGroupNameById
FN:41,createPokemonByEggGroupMap
FN:56,getPokemonIdsInEggGroup
FNF:4
FNH:4
FNDA:7,getEggGroupViaPokemonId
FNDA:15,getEggGroupNameById
FNDA:1466,createPokemonByEggGroupMap
FNDA:6,getPokemonIdsInEggGroup
DA:3,1
DA:22,1
DA:23,1
DA:26,7
DA:27,2
DA:29,5
DA:30,5
DA:31,5
DA:32,5
DA:36,15
DA:37,7
DA:38,8
DA:43,1466
DA:44,12
DA:47,1466
DA:48,4
DA:51,1466
DA:52,1466
DA:53,1466
DA:57,6
DA:58,3
DA:59,3
LF:22
LH:22
BRDA:25,0,0,0
BRDA:26,1,0,2
BRDA:26,1,1,5
BRDA:26,2,0,7
BRDA:26,2,1,6
BRDA:26,2,2,5
BRDA:32,3,0,2
BRDA:32,3,1,3
BRDA:35,4,0,0
BRDA:36,5,0,7
BRDA:36,5,1,8
BRDA:36,6,0,15
BRDA:36,6,1,13
BRDA:36,6,2,11
BRDA:43,7,0,12
BRDA:43,7,1,1454
BRDA:47,8,0,4
BRDA:47,8,1,1462
BRDA:56,9,0,0
BRDA:57,10,0,3
BRDA:57,10,1,3
BRDA:57,11,0,6
BRDA:57,11,1,5
BRDA:57,11,2,4
BRF:24
BRH:21
end_of_record
TN:
SF:src/utils/dex/evolution.js
FN:6,getEvolutionMethodDetail
FN:24,getEvolutionTree
FN:41,(anonymous_2)
FN:46,checkEvolutionPath
FN:49,comparePath
FN:55,getEvolutionDetails
FNF:6
FNH:4
FNDA:3,getEvolutionMethodDetail
FNDA:218,getEvolutionTree
FNDA:167,(anonymous_2)
FNDA:0,checkEvolutionPath
FNDA:0,comparePath
FNDA:216,getEvolutionDetails
DA:7,3
DA:8,0
DA:10,3
DA:11,2
DA:12,2
DA:13,2
DA:14,2
DA:15,0
DA:16,0
DA:18,2
DA:19,2
DA:21,2
DA:25,218
DA:26,2
DA:29,216
DA:30,216
DA:31,0
DA:34,216
DA:36,216
DA:38,216
DA:41,167
DA:43,216
DA:47,0
DA:52,0
DA:56,216
DA:58,216
DA:59,0
DA:62,216
DA:63,416
DA:64,416
DA:65,416
DA:66,416
DA:67,416
DA:68,416
DA:70,416
DA:71,1358
DA:72,1358
DA:73,1358
DA:74,1358
DA:75,1358
DA:77,1358
DA:78,1358
DA:79,213
DA:80,213
DA:81,213
DA:82,213
DA:83,213
DA:86,416
DA:87,167
DA:96,49
LF:50
LH:43
BRDA:6,0,0,2
BRDA:7,1,0,0
BRDA:7,1,1,3
BRDA:10,2,0,1
BRDA:10,2,1,2
BRDA:10,3,0,3
BRDA:10,3,1,2
BRDA:10,3,2,2
BRDA:14,4,0,0
BRDA:14,4,1,2
BRDA:24,5,0,0
BRDA:24,6,0,51
BRDA:25,7,0,2
BRDA:25,7,1,216
BRDA:25,8,0,218
BRDA:25,8,1,216
BRDA:30,9,0,0
BRDA:30,9,1,216
BRDA:34,10,0,49
BRDA:34,10,1,167
BRDA:58,11,0,0
BRDA:58,11,1,216
BRDA:78,12,0,213
BRDA:78,12,1,1145
BRDA:86,13,0,167
BRDA:86,13,1,249
BRF:26
BRH:21
end_of_record
TN:
SF:src/utils/dex/evolutionConstants.js
FNF:0
FNH:0
DA:7,1
DA:9,1
LF:2
LH:2
BRF:0
BRH:0
end_of_record
TN:
SF:src/utils/dex/functions.js
FN:7,createFormMap
FN:16,getPokemonIdFromFormMap
FN:20,getGender
FN:27,getImage
FN:33,formatBaseStats
FN:37,getGrassKnotPower
FN:46,getPokemonIdFromMonsNoAndForm
FN:47,(anonymous_7)
FN:50,doNothing
FN:54,getDexDescription
FN:56,(anonymous_10)
FNF:11
FNH:9
FNDA:5866,createFormMap
FNDA:3,getPokemonIdFromFormMap
FNDA:4,getGender
FNDA:5,getImage
FNDA:1,formatBaseStats
FNDA:16,getGrassKnotPower
FNDA:1361,getPokemonIdFromMonsNoAndForm
FNDA:460267,(anonymous_7)
FNDA:2,doNothing
FNDA:0,getDexDescription
FNDA:0,(anonymous_10)
DA:5,4
DA:8,5866
DA:9,4045
DA:12,5866
DA:13,5866
DA:17,3
DA:21,4
DA:22,3
DA:23,2
DA:24,1
DA:28,5
DA:29,5
DA:30,5
DA:34,1
DA:38,16
DA:39,14
DA:40,11
DA:41,8
DA:42,5
DA:43,2
DA:47,460267
DA:51,2
DA:55,0
DA:56,0
DA:57,0
LF:25
LH:22
BRDA:8,0,0,4045
BRDA:8,0,1,1821
BRDA:16,1,0,0
BRDA:16,2,0,0
BRDA:17,3,0,3
BRDA:17,3,1,1
BRDA:21,4,0,1
BRDA:21,4,1,3
BRDA:22,5,0,1
BRDA:22,5,1,2
BRDA:23,6,0,1
BRDA:23,6,1,1
BRDA:27,7,0,1
BRDA:27,8,0,3
BRDA:38,9,0,2
BRDA:38,9,1,14
BRDA:39,10,0,3
BRDA:39,10,1,11
BRDA:40,11,0,3
BRDA:40,11,1,8
BRDA:41,12,0,3
BRDA:41,12,1,5
BRDA:42,13,0,3
BRDA:42,13,1,2
BRDA:47,14,0,460267
BRDA:47,14,1,1399
BRF:26
BRH:24
end_of_record
TN:
SF:src/utils/dex/item.js
FN:3,getItemIdFromItemName
FN:6,(anonymous_1)
FN:7,(anonymous_2)
FN:12,getItemString
FNF:4
FNH:3
FNDA:3,getItemIdFromItemName
FNDA:0,(anonymous_1)
FNDA:2072,(anonymous_2)
FNDA:3,getItemString
DA:1,2
DA:4,3
DA:5,2
DA:6,0
DA:7,2072
DA:8,2
DA:9,1
DA:13,3
LF:8
LH:7
BRDA:4,0,0,1
BRDA:4,0,1,2
BRDA:5,1,0,0
BRDA:5,1,1,2
BRDA:8,2,0,1
BRDA:8,2,1,1
BRDA:12,3,0,0
BRF:7
BRH:5
end_of_record
TN:
SF:src/utils/dex/moves.js
FN:17,generateMovesViaLearnset
FN:30,(anonymous_1)
FN:44,isMoveNameSmogonCompatible
FN:46,(anonymous_3)
FN:49,getMoveId
FN:51,(anonymous_5)
FN:56,getMoveString
FN:67,getMoveProperties
FN:90,getEggMoves
FN:94,(anonymous_9)
FN:95,(anonymous_10)
FN:101,getMoveDescription
FN:103,(anonymous_12)
FN:109,getTMCompatibility
FN:129,getTechMachineLearnset
FN:147,getPokemonLearnset
FNF:16
FNH:16
FNDA:8,generateMovesViaLearnset
FNDA:63,(anonymous_1)
FNDA:22,isMoveNameSmogonCompatible
FNDA:66,(anonymous_3)
FNDA:6,getMoveId
FNDA:1074,(anonymous_5)
FNDA:17,getMoveString
FNDA:70,getMoveProperties
FNDA:3,getEggMoves
FNDA:5,(anonymous_9)
FNDA:14,(anonymous_10)
FNDA:70,getMoveDescription
FNDA:154,(anonymous_12)
FNDA:5,getTMCompatibility
FNDA:3,getTechMachineLearnset
FNDA:7,getPokemonLearnset
DA:14,2
DA:15,2
DA:22,8
DA:23,3
DA:26,5
DA:27,2
DA:30,3
DA:31,63
DA:32,33
DA:34,3
DA:35,0
DA:37,3
DA:39,3
DA:41,3
DA:45,22
DA:46,66
DA:50,6
DA:51,1074
DA:52,4
DA:53,3
DA:57,17
DA:59,16
DA:60,16
DA:61,1
DA:64,15
DA:68,70
DA:69,70
DA:70,70
DA:71,70
DA:72,70
DA:73,70
DA:75,70
DA:76,70
DA:77,70
DA:79,70
DA:91,3
DA:92,2
DA:93,2
DA:94,5
DA:95,14
DA:102,70
DA:103,70
DA:104,154
DA:106,70
DA:110,5
DA:111,5
DA:113,5
DA:114,160
DA:116,5
DA:117,160
DA:119,5
DA:120,160
DA:122,5
DA:123,160
DA:126,5
DA:130,3
DA:132,3
DA:133,3
DA:134,315
DA:136,315
DA:137,315
DA:139,315
DA:140,66
DA:144,3
DA:148,7
DA:149,4
LF:66
LH:65
BRDA:22,0,0,3
BRDA:22,0,1,5
BRDA:22,1,0,8
BRDA:22,1,1,7
BRDA:22,1,2,6
BRDA:26,2,0,2
BRDA:26,2,1,3
BRDA:26,3,0,5
BRDA:26,3,1,4
BRDA:31,4,0,30
BRDA:31,4,1,33
BRDA:34,5,0,0
BRDA:34,5,1,3
BRDA:39,6,0,3
BRDA:39,6,1,0
BRDA:39,7,0,3
BRDA:39,7,1,0
BRDA:39,8,0,3
BRDA:39,8,1,0
BRDA:39,9,0,3
BRDA:39,9,1,0
BRDA:45,10,0,4
BRDA:45,10,1,18
BRDA:45,11,0,22
BRDA:45,11,1,19
BRDA:50,12,0,2
BRDA:50,12,1,4
BRDA:50,13,0,6
BRDA:50,13,1,4
BRDA:52,14,0,1
BRDA:52,14,1,3
BRDA:56,15,0,0
BRDA:57,16,0,1
BRDA:57,16,1,16
BRDA:57,17,0,17
BRDA:57,17,1,16
BRDA:60,18,0,1
BRDA:60,18,1,15
BRDA:60,19,0,16
BRDA:60,19,1,15
BRDA:67,20,0,1
BRDA:75,21,0,70
BRDA:75,21,1,0
BRDA:80,22,0,70
BRDA:80,22,1,0
BRDA:90,23,0,0
BRDA:91,24,0,1
BRDA:91,24,1,2
BRDA:91,25,0,3
BRDA:91,25,1,3
BRDA:94,26,0,2
BRDA:94,26,1,0
BRDA:94,27,0,5
BRDA:94,27,1,2
BRDA:101,28,0,0
BRDA:109,29,0,0
BRDA:129,30,0,0
BRDA:139,31,0,66
BRDA:139,31,1,249
BRDA:147,32,0,1
BRDA:148,33,0,3
BRDA:148,33,1,4
BRDA:148,34,0,7
BRDA:148,34,1,5
BRDA:149,35,0,4
BRDA:149,35,1,0
BRF:66
BRH:52
end_of_record
TN:
SF:src/utils/dex/name.js
FN:6,createPokemonMap
FN:29,getFormName
FN:33,getPokemonName
FN:37,getPokemonIdFromName
FN:38,(anonymous_4)
FN:42,getFormNameOfProblematicPokemon
FN:61,getPokemonMonsnoFromName
FN:63,(anonymous_7)
FN:66,getPokemonNames
FN:71,getPokemonFormId
FN:72,(anonymous_10)
FN:75,getPokemonMonsNoAndFormNoFromPokemonId
FNF:12
FNH:11
FNDA:4402,createPokemonMap
FNDA:2,getFormName
FNDA:2,getPokemonName
FNDA:5,getPokemonIdFromName
FNDA:1507,(anonymous_4)
FNDA:26,getFormNameOfProblematicPokemon
FNDA:7,getPokemonMonsnoFromName
FNDA:2055,(anonymous_7)
FNDA:4,getPokemonNames
FNDA:10,getPokemonFormId
FNDA:35,(anonymous_10)
FNDA:0,getPokemonMonsNoAndFormNoFromPokemonId
DA:4,3
DA:5,3
DA:7,4402
DA:8,4402
DA:10,4402
DA:11,4402
DA:12,3036
DA:13,3036
DA:16,1366
DA:17,1366
DA:18,1347
DA:19,1347
DA:22,19
DA:23,18
DA:25,1
DA:30,2
DA:34,2
DA:38,1507
DA:39,5
DA:43,26
DA:45,4
DA:47,4
DA:49,4
DA:51,4
DA:53,4
DA:55,4
DA:57,2
DA:62,7
DA:63,2055
DA:67,4
DA:68,2
DA:72,35
DA:76,0
DA:77,0
DA:78,0
LF:35
LH:32
BRDA:11,0,0,3036
BRDA:11,0,1,1366
BRDA:11,1,0,4402
BRDA:11,1,1,3036
BRDA:17,2,0,1347
BRDA:17,2,1,19
BRDA:17,3,0,1366
BRDA:17,3,1,1365
BRDA:29,4,0,0
BRDA:33,5,0,0
BRDA:37,6,0,0
BRDA:39,7,0,1
BRDA:39,7,1,4
BRDA:42,8,0,0
BRDA:43,9,0,4
BRDA:43,9,1,4
BRDA:43,9,2,4
BRDA:43,9,3,4
BRDA:43,9,4,4
BRDA:43,9,5,4
BRDA:43,9,6,2
BRDA:62,10,0,2
BRDA:62,10,1,5
BRDA:66,11,0,4
BRDA:67,12,0,2
BRDA:67,12,1,2
BRDA:67,13,0,4
BRDA:67,13,1,3
BRDA:71,14,0,0
BRDA:72,15,0,10
BRDA:72,15,1,1
BRDA:75,16,0,0
BRF:32
BRH:26
end_of_record
TN:
SF:src/utils/dex/nature.js
FN:3,getNatureId
FN:5,(anonymous_1)
FN:10,getNatureName
FNF:3
FNH:3
FNDA:3,getNatureId
FNDA:26,(anonymous_1)
FNDA:1,getNatureName
DA:1,1
DA:4,3
DA:5,26
DA:6,2
DA:7,1
DA:11,1
LF:6
LH:6
BRDA:4,0,0,1
BRDA:4,0,1,2
BRDA:6,1,0,1
BRDA:6,1,1,1
BRDA:10,2,0,0
BRF:5
BRH:4
end_of_record
TN:
SF:src/utils/dex/types.js
FN:3,getTypeName
FN:9,getTypes
FNF:2
FNH:2
FNDA:6,getTypeName
FNDA:2,getTypes
DA:1,2
DA:4,6
DA:5,6
DA:6,6
DA:10,2
LF:5
LH:5
BRDA:3,0,0,0
BRDA:5,1,0,0
BRDA:5,1,1,6
BRDA:10,2,0,1
BRDA:10,2,1,1
BRF:5
BRH:3
end_of_record
